Time[ps]      Etot[eV]     Epot[eV]     Ekin[eV]    T[K]
0.0000        -1530.263    -1533.783        3.520   283.7
0.0010        -1530.348    -1533.935        3.587   289.1
0.0020        -1530.372    -1534.046        3.674   296.1
0.0030        -1530.366    -1534.113        3.746   301.9
0.0040        -1530.394    -1534.140        3.745   301.8
0.0050        -1530.443    -1534.176        3.732   300.8
0.0060        -1530.347    -1534.252        3.906   314.7
0.0070        -1530.376    -1534.395        4.019   323.9
0.0080        -1530.398    -1534.602        4.204   338.8
0.0090        -1530.391    -1534.827        4.436   357.5
0.0100        -1530.304    -1535.010        4.705   379.2
0.0110        -1530.282    -1535.079        4.797   386.6
0.0120        -1530.237    -1534.995        4.758   383.4
0.0130        -1530.268    -1534.788        4.520   364.3
0.0140        -1530.311    -1534.533        4.222   340.2
0.0150        -1530.355    -1534.320        3.965   319.5
0.0160        -1530.371    -1534.236        3.866   311.5
0.0170        -1530.247    -1534.280        4.033   325.0
0.0180        -1530.271    -1534.429        4.158   335.1
0.0190        -1530.235    -1534.631        4.396   354.2
0.0200        -1530.312    -1534.801        4.489   361.7
0.0210        -1530.328    -1534.870        4.542   366.0
0.0220        -1530.228    -1534.785        4.557   367.2
0.0230        -1530.376    -1534.576        4.201   338.5
0.0240        -1530.367    -1534.299        3.933   316.9
0.0250        -1530.327    -1534.042        3.715   299.4
0.0260        -1530.278    -1533.863        3.586   289.0
0.0270        -1530.268    -1533.774        3.507   282.6
0.0280        -1530.306    -1533.741        3.435   276.8
0.0290        -1530.262    -1533.736        3.475   280.0
0.0300        -1530.265    -1533.733        3.468   279.5
0.0310        -1530.294    -1533.715        3.421   275.7
0.0320        -1530.402    -1533.704        3.301   266.0
0.0330        -1530.424    -1533.690        3.266   263.2
0.0340        -1530.413    -1533.693        3.279   264.3
0.0350        -1530.361    -1533.760        3.399   273.9
0.0360        -1530.278    -1533.913        3.635   292.9
0.0370        -1530.331    -1534.160        3.829   308.6
0.0380        -1530.366    -1534.474        4.108   331.0
0.0390        -1530.363    -1534.803        4.440   357.8
0.0400        -1530.403    -1535.053        4.650   374.7
0.0410        -1530.468    -1535.177        4.709   379.5
0.0420        -1530.436    -1535.163        4.727   380.9
0.0430        -1530.519    -1535.045        4.526   364.7
0.0440        -1530.467    -1534.871        4.405   355.0
0.0450        -1530.474    -1534.695        4.221   340.1
0.0460        -1530.489    -1534.562        4.073   328.2
0.0470        -1530.527    -1534.440        3.913   315.3
0.0480        -1530.593    -1534.349        3.756   302.6
0.0490        -1530.594    -1534.259        3.664   295.3
0.0500        -1530.556    -1534.180        3.623   292.0
0.0510        -1530.528    -1534.114        3.586   289.0
0.0520        -1530.543    -1534.039        3.496   281.7
0.0530        -1530.617    -1533.993        3.376   272.1
0.0540        -1530.452    -1533.992        3.540   285.3
0.0550        -1530.378    -1534.026        3.648   294.0
0.0560        -1530.337    -1534.099        3.762   303.1
0.0570        -1530.256    -1534.173        3.916   315.6
0.0580        -1530.244    -1534.185        3.941   317.6
0.0590        -1530.315    -1534.157        3.842   309.6
0.0600        -1530.310    -1534.135        3.826   308.3
0.0610        -1530.341    -1534.141        3.799   306.2
0.0620        -1530.331    -1534.203        3.871   312.0
0.0630        -1530.300    -1534.332        4.031   324.9
0.0640        -1530.356    -1534.499        4.143   333.9
0.0650        -1530.312    -1534.659        4.347   350.3
0.0660        -1530.425    -1534.715        4.289   345.7
0.0670        -1530.485    -1534.664        4.179   336.8
0.0680        -1530.471    -1534.507        4.036   325.3
0.0690        -1530.398    -1534.295        3.896   314.0
0.0700        -1530.308    -1534.088        3.780   304.6
0.0710        -1530.271    -1533.966        3.695   297.8
0.0720        -1530.361    -1533.966        3.606   290.6
0.0730        -1530.393    -1534.105        3.712   299.2
0.0740        -1530.272    -1534.347        4.075   328.4
0.0750        -1530.242    -1534.596        4.355   350.9
0.0760        -1530.264    -1534.780        4.516   363.9
0.0770        -1530.344    -1534.857        4.513   363.7
0.0780        -1530.360    -1534.828        4.468   360.1
0.0790        -1530.320    -1534.719        4.399   354.5
0.0800        -1530.334    -1534.575        4.240   341.7
0.0810        -1530.444    -1534.396        3.952   318.5
0.0820        -1530.426    -1534.222        3.796   305.9
0.0830        -1530.419    -1534.099        3.680   296.5
0.0840        -1530.484    -1534.031        3.546   285.8
0.0850        -1530.504    -1534.026        3.522   283.8
0.0860        -1530.337    -1534.059        3.722   299.9
0.0870        -1530.327    -1534.084        3.757   302.8
0.0880        -1530.333    -1534.064        3.731   300.7
0.0890        -1530.297    -1534.011        3.714   299.3
0.0900        -1530.312    -1533.971        3.659   294.9
0.0910        -1530.268    -1533.952        3.684   296.9
0.0920        -1530.266    -1533.968        3.702   298.3
0.0930        -1530.221    -1534.022        3.801   306.3
0.0940        -1530.272    -1534.091        3.819   307.8
0.0950        -1530.279    -1534.161        3.882   312.8
0.0960        -1530.352    -1534.210        3.857   310.8
0.0970        -1530.280    -1534.247        3.966   319.6
0.0980        -1530.278    -1534.271        3.992   321.7
0.0990        -1530.401    -1534.252        3.851   310.4
0.1000        -1530.468    -1534.219        3.751   302.3
0.1010        -1530.420    -1534.202        3.781   304.7
0.1020        -1530.416    -1534.175        3.758   302.9
0.1030        -1530.538    -1534.146        3.609   290.8
0.1040        -1530.515    -1534.142        3.627   292.3
0.1050        -1530.514    -1534.168        3.654   294.5
0.1060        -1530.502    -1534.219        3.717   299.5
0.1070        -1530.526    -1534.300        3.774   304.1
0.1080        -1530.463    -1534.395        3.932   316.9
0.1090        -1530.381    -1534.471        4.090   329.6
0.1100        -1530.498    -1534.504        4.006   322.9
0.1110        -1530.564    -1534.525        3.961   319.2
0.1120        -1530.519    -1534.501        3.982   320.9
0.1130        -1530.457    -1534.433        3.976   320.4
0.1140        -1530.490    -1534.357        3.867   311.6
0.1150        -1530.386    -1534.310        3.924   316.3
0.1160        -1530.492    -1534.304        3.812   307.2
0.1170        -1530.490    -1534.321        3.831   308.7
0.1180        -1530.502    -1534.383        3.881   312.8
0.1190        -1530.503    -1534.503        4.000   322.4
0.1200        -1530.532    -1534.634        4.103   330.6
0.1210        -1530.500    -1534.762        4.261   343.4
0.1220        -1530.446    -1534.830        4.385   353.4
0.1230        -1530.533    -1534.813        4.280   344.9
0.1240        -1530.546    -1534.733        4.187   337.4
0.1250        -1530.521    -1534.644        4.123   332.3
0.1260        -1530.639    -1534.593        3.954   318.6
0.1270        -1530.587    -1534.581        3.994   321.8
0.1280        -1530.600    -1534.624        4.024   324.3
0.1290        -1530.474    -1534.686        4.213   339.5
0.1300        -1530.544    -1534.743        4.199   338.4
0.1310        -1530.508    -1534.778        4.270   344.1
0.1320        -1530.388    -1534.802        4.414   355.7
0.1330        -1530.480    -1534.795        4.315   347.7
0.1340        -1530.508    -1534.754        4.247   342.2
0.1350        -1530.514    -1534.681        4.168   335.9
0.1360        -1530.455    -1534.590        4.135   333.2
0.1370        -1530.522    -1534.483        3.962   319.2
0.1380        -1530.472    -1534.365        3.893   313.7
0.1390        -1530.496    -1534.253        3.758   302.8
0.1400        -1530.510    -1534.174        3.664   295.3
0.1410        -1530.607    -1534.126        3.520   283.6
0.1420        -1530.585    -1534.127        3.543   285.5
0.1430        -1530.543    -1534.156        3.613   291.2
0.1440        -1530.491    -1534.199        3.708   298.8
0.1450        -1530.518    -1534.256        3.737   301.2
0.1460        -1530.572    -1534.299        3.726   300.3
0.1470        -1530.631    -1534.304        3.673   296.0
0.1480        -1530.743    -1534.293        3.550   286.1
0.1490        -1530.779    -1534.261        3.482   280.6
0.1500        -1530.748    -1534.243        3.495   281.6
0.1510        -1530.702    -1534.254        3.552   286.3
0.1520        -1530.610    -1534.269        3.659   294.9
0.1530        -1530.499    -1534.283        3.784   304.9
0.1540        -1530.496    -1534.270        3.773   304.1
0.1550        -1530.440    -1534.255        3.815   307.5
0.1560        -1530.404    -1534.235        3.831   308.7
0.1570        -1530.395    -1534.220        3.824   308.2
0.1580        -1530.311    -1534.263        3.952   318.5
0.1590        -1530.465    -1534.346        3.881   312.7
0.1600        -1530.478    -1534.449        3.971   320.0
0.1610        -1530.472    -1534.562        4.090   329.6
0.1620        -1530.445    -1534.631        4.186   337.3
0.1630        -1530.578    -1534.635        4.056   326.9
0.1640        -1530.512    -1534.578        4.066   327.7
0.1650        -1530.652    -1534.501        3.849   310.2
0.1660        -1530.647    -1534.426        3.778   304.5
0.1670        -1530.609    -1534.378        3.769   303.7
0.1680        -1530.593    -1534.358        3.764   303.3
0.1690        -1530.579    -1534.360        3.781   304.7
0.1700        -1530.555    -1534.356        3.802   306.4
0.1710        -1530.462    -1534.326        3.864   311.4
0.1720        -1530.456    -1534.272        3.816   307.5
0.1730        -1530.426    -1534.205        3.778   304.5
0.1740        -1530.382    -1534.153        3.771   303.9
0.1750        -1530.355    -1534.155        3.800   306.2
0.1760        -1530.330    -1534.217        3.888   313.3
0.1770        -1530.289    -1534.327        4.037   325.4
0.1780        -1530.243    -1534.450        4.207   339.1
0.1790        -1530.171    -1534.559        4.389   353.7
0.1800        -1530.117    -1534.613        4.496   362.3
0.1810        -1530.207    -1534.606        4.399   354.5
0.1820        -1530.152    -1534.546        4.393   354.0
0.1830        -1530.233    -1534.452        4.219   340.0
0.1840        -1530.282    -1534.319        4.037   325.3
0.1850        -1530.293    -1534.203        3.910   315.1
0.1860        -1530.314    -1534.156        3.841   309.6
0.1870        -1530.399    -1534.203        3.804   306.6
0.1880        -1530.380    -1534.344        3.964   319.4
0.1890        -1530.417    -1534.558        4.141   333.7
0.1900        -1530.430    -1534.794        4.364   351.7
0.1910        -1530.387    -1534.987        4.599   370.7
0.1920        -1530.321    -1535.088        4.767   384.1
0.1930        -1530.311    -1535.090        4.779   385.1
0.1940        -1530.289    -1534.998        4.709   379.5
0.1950        -1530.264    -1534.841        4.577   368.9
0.1960        -1530.245    -1534.648        4.403   354.8
0.1970        -1530.172    -1534.444        4.272   344.3
0.1980        -1530.120    -1534.260        4.141   333.7
0.1990        -1530.187    -1534.143        3.956   318.8
0.2000        -1530.138    -1534.111        3.974   320.2
0.2010        -1530.189    -1534.130        3.940   317.5
0.2020        -1530.219    -1534.175        3.956   318.8
0.2030        -1530.214    -1534.226        4.012   323.3
0.2040        -1530.156    -1534.271        4.115   331.6
0.2050        -1530.198    -1534.284        4.085   329.2
0.2060        -1530.146    -1534.244        4.098   330.3
0.2070        -1530.225    -1534.167        3.942   317.7
0.2080        -1530.281    -1534.089        3.808   306.9
0.2090        -1530.243    -1534.040        3.798   306.0
0.2100        -1530.035    -1534.042        4.007   322.9
0.2110        -1529.941    -1534.077        4.136   333.3
0.2120        -1530.073    -1534.123        4.050   326.4
0.2130        -1530.035    -1534.146        4.111   331.3
0.2140        -1530.124    -1534.138        4.014   323.5
0.2150        -1530.175    -1534.086        3.911   315.2
0.2160        -1530.027    -1533.988        3.961   319.2
0.2170        -1529.966    -1533.836        3.870   311.9
0.2180        -1529.832    -1533.666        3.834   309.0
0.2190        -1529.887    -1533.533        3.646   293.8
0.2200        -1529.892    -1533.483        3.592   289.5
0.2210        -1529.930    -1533.510        3.580   288.5
0.2220        -1529.881    -1533.622        3.741   301.5
0.2230        -1529.705    -1533.774        4.069   327.9
0.2240        -1529.766    -1533.936        4.170   336.0
0.2250        -1529.833    -1534.073        4.239   341.6
0.2260        -1529.969    -1534.163        4.194   337.9
0.2270        -1529.857    -1534.189        4.332   349.1
0.2280        -1529.870    -1534.177        4.307   347.1
0.2290        -1529.911    -1534.101        4.190   337.6
0.2300        -1530.052    -1533.984        3.932   316.8
0.2310        -1530.014    -1533.866        3.852   310.4
0.2320        -1529.989    -1533.778        3.789   305.4
0.2330        -1529.988    -1533.756        3.768   303.6
0.2340        -1530.112    -1533.791        3.679   296.5
0.2350        -1530.175    -1533.870        3.695   297.8
0.2360        -1530.057    -1533.960        3.903   314.5
0.2370        -1530.000    -1534.032        4.032   324.9
0.2380        -1529.976    -1534.079        4.103   330.6
0.2390        -1529.898    -1534.113        4.215   339.7
0.2400        -1529.949    -1534.115        4.166   335.7
0.2410        -1529.876    -1534.114        4.239   341.6
0.2420        -1529.783    -1534.117        4.334   349.3
0.2430        -1529.731    -1534.133        4.402   354.8
0.2440        -1529.689    -1534.147        4.458   359.2
0.2450        -1529.695    -1534.172        4.477   360.8
0.2460        -1529.745    -1534.215        4.470   360.2
0.2470        -1529.837    -1534.258        4.421   356.3
0.2480        -1529.858    -1534.324        4.465   359.8
0.2490        -1529.919    -1534.416        4.497   362.4
0.2500        -1529.896    -1534.481        4.585   369.5
0.2510        -1529.846    -1534.471        4.626   372.8
0.2520        -1529.870    -1534.396        4.527   364.8
0.2530        -1529.912    -1534.261        4.348   350.4
0.2540        -1529.966    -1534.083        4.117   331.8
0.2550        -1529.902    -1533.886        3.984   321.0
0.2560        -1529.992    -1533.703        3.711   299.1
0.2570        -1529.906    -1533.587        3.681   296.7
0.2580        -1529.807    -1533.573        3.766   303.5
0.2590        -1529.831    -1533.640        3.809   306.9
0.2600        -1529.746    -1533.745        3.999   322.3
0.2610        -1529.755    -1533.857        4.102   330.5
0.2620        -1529.819    -1533.952        4.134   333.1
0.2630        -1529.780    -1534.042        4.262   343.4
0.2640        -1529.765    -1534.105        4.339   349.7
0.2650        -1529.842    -1534.112        4.270   344.1
0.2660        -1529.853    -1534.095        4.242   341.9
0.2670        -1529.723    -1534.058        4.335   349.3
0.2680        -1529.738    -1534.028        4.290   345.7
0.2690        -1529.704    -1534.023        4.320   348.1
0.2700        -1529.779    -1534.041        4.261   343.4
0.2710        -1529.800    -1534.100        4.300   346.5
0.2720        -1529.873    -1534.184        4.311   347.4
0.2730        -1529.927    -1534.270        4.343   350.0
0.2740        -1529.948    -1534.341        4.393   354.0
0.2750        -1529.884    -1534.363        4.479   361.0
0.2760        -1529.815    -1534.349        4.534   365.3
0.2770        -1529.835    -1534.308        4.474   360.5
0.2780        -1529.825    -1534.261        4.437   357.5
0.2790        -1529.859    -1534.188        4.329   348.8
0.2800        -1529.840    -1534.115        4.276   344.6
0.2810        -1529.965    -1534.044        4.078   328.6
0.2820        -1529.984    -1533.989        4.006   322.8
0.2830        -1529.953    -1533.951        3.997   322.1
0.2840        -1529.889    -1533.936        4.048   326.2
0.2850        -1529.938    -1533.962        4.024   324.3
0.2860        -1529.925    -1534.023        4.098   330.2
0.2870        -1529.913    -1534.101        4.188   337.5
0.2880        -1529.952    -1534.179        4.227   340.7
0.2890        -1529.945    -1534.216        4.270   344.1
0.2900        -1530.100    -1534.213        4.113   331.4
0.2910        -1530.077    -1534.197        4.120   332.0
0.2920        -1529.950    -1534.187        4.237   341.5
0.2930        -1529.884    -1534.183        4.300   346.5
0.2940        -1529.835    -1534.192        4.357   351.1
0.2950        -1529.879    -1534.183        4.305   346.9
0.2960        -1529.842    -1534.149        4.306   347.0
0.2970        -1529.857    -1534.085        4.228   340.8
0.2980        -1529.895    -1534.001        4.106   330.9
0.2990        -1529.933    -1533.912        3.979   320.6
0.3000        -1529.923    -1533.847        3.924   316.2
0.3010        -1529.864    -1533.865        4.001   322.4
0.3020        -1530.003    -1533.973        3.969   319.9
0.3030        -1530.144    -1534.169        4.025   324.4
0.3040        -1530.033    -1534.424        4.391   353.8
0.3050        -1530.044    -1534.664        4.620   372.3
0.3060        -1530.058    -1534.832        4.773   384.7
0.3070        -1530.120    -1534.899        4.779   385.1
0.3080        -1530.014    -1534.866        4.852   391.0
0.3090        -1530.057    -1534.721        4.664   375.8
0.3100        -1530.063    -1534.516        4.453   358.9
0.3110        -1530.145    -1534.306        4.162   335.4
0.3120        -1530.151    -1534.144        3.993   321.8
0.3130        -1530.209    -1534.090        3.881   312.8
0.3140        -1530.226    -1534.159        3.933   316.9
0.3150        -1530.284    -1534.297        4.013   323.4
0.3160        -1530.125    -1534.455        4.331   349.0
0.3170        -1530.108    -1534.565        4.457   359.2
0.3180        -1530.070    -1534.581        4.511   363.6
0.3190        -1530.145    -1534.483        4.338   349.6
0.3200        -1530.171    -1534.276        4.105   330.8
0.3210        -1530.154    -1534.033        3.879   312.6
0.3220        -1530.170    -1533.822        3.652   294.3
0.3230        -1530.233    -1533.739        3.506   282.5
0.3240        -1530.211    -1533.813        3.602   290.3
0.3250        -1530.176    -1534.004        3.828   308.5
0.3260        -1530.213    -1534.239        4.026   324.5
0.3270        -1530.352    -1534.459        4.108   331.0
0.3280        -1530.379    -1534.614        4.235   341.3
0.3290        -1530.390    -1534.654        4.264   343.6
0.3300        -1530.386    -1534.562        4.176   336.5
0.3310        -1530.400    -1534.380        3.980   320.7
0.3320        -1530.432    -1534.162        3.730   300.6
0.3330        -1530.501    -1533.978        3.477   280.2
0.3340        -1530.514    -1533.863        3.349   269.9
0.3350        -1530.533    -1533.857        3.323   267.8
0.3360        -1530.570    -1533.962        3.391   273.3
0.3370        -1530.553    -1534.141        3.588   289.2
0.3380        -1530.647    -1534.330        3.683   296.8
0.3390        -1530.675    -1534.482        3.807   306.8
0.3400        -1530.650    -1534.550        3.900   314.3
0.3410        -1530.705    -1534.555        3.850   310.2
0.3420        -1530.593    -1534.503        3.910   315.1
0.3430        -1530.553    -1534.402        3.849   310.2
0.3440        -1530.544    -1534.288        3.744   301.7
0.3450        -1530.512    -1534.176        3.664   295.3
0.3460        -1530.418    -1534.092        3.674   296.1
0.3470        -1530.468    -1534.055        3.587   289.1
0.3480        -1530.491    -1534.061        3.570   287.7
0.3490        -1530.579    -1534.110        3.531   284.5
0.3500        -1530.698    -1534.177        3.479   280.4
0.3510        -1530.686    -1534.247        3.561   287.0
0.3520        -1530.753    -1534.292        3.539   285.2
0.3530        -1530.775    -1534.321        3.546   285.7
0.3540        -1530.743    -1534.345        3.602   290.3
0.3550        -1530.745    -1534.384        3.639   293.3
0.3560        -1530.697    -1534.444        3.748   302.0
0.3570        -1530.809    -1534.524        3.714   299.3
0.3580        -1530.882    -1534.604        3.722   299.9
0.3590        -1530.748    -1534.667        3.919   315.8
0.3600        -1530.803    -1534.700        3.896   314.0
0.3610        -1530.772    -1534.695        3.924   316.2
0.3620        -1530.794    -1534.656        3.862   311.3
0.3630        -1530.709    -1534.566        3.856   310.8
0.3640        -1530.698    -1534.431        3.733   300.8
0.3650        -1530.520    -1534.251        3.731   300.7
0.3660        -1530.520    -1534.048        3.528   284.3
0.3670        -1530.396    -1533.870        3.474   279.9
0.3680        -1530.427    -1533.766        3.339   269.1
0.3690        -1530.375    -1533.778        3.403   274.3
0.3700        -1530.422    -1533.902        3.481   280.5
0.3710        -1530.467    -1534.100        3.633   292.8
0.3720        -1530.523    -1534.298        3.776   304.3
0.3730        -1530.451    -1534.457        4.006   322.8
0.3740        -1530.396    -1534.552        4.156   334.9
0.3750        -1530.314    -1534.575        4.262   343.4
0.3760        -1530.190    -1534.518        4.328   348.8
0.3770        -1530.119    -1534.431        4.313   347.5
0.3780        -1530.085    -1534.364        4.279   344.8
0.3790        -1530.159    -1534.328        4.169   335.9
0.3800        -1530.154    -1534.307        4.153   334.7
0.3810        -1530.141    -1534.260        4.119   332.0
0.3820        -1530.126    -1534.173        4.047   326.2
0.3830        -1530.144    -1534.068        3.924   316.2
0.3840        -1530.096    -1533.943        3.847   310.0
0.3850        -1530.130    -1533.799        3.669   295.7
0.3860        -1530.123    -1533.708        3.585   288.9
0.3870        -1530.079    -1533.700        3.621   291.8
0.3880        -1530.094    -1533.775        3.681   296.6
0.3890        -1529.980    -1533.911        3.931   316.8
0.3900        -1529.947    -1534.077        4.129   332.8
0.3910        -1529.954    -1534.199        4.245   342.1
0.3920        -1529.941    -1534.252        4.311   347.4
0.3930        -1529.963    -1534.220        4.257   343.1
0.3940        -1529.980    -1534.101        4.121   332.1
0.3950        -1530.127    -1533.970        3.843   309.7
0.3960        -1530.102    -1533.868        3.766   303.5
0.3970        -1530.137    -1533.819        3.682   296.7
0.3980        -1530.124    -1533.834        3.710   299.0
0.3990        -1530.028    -1533.894        3.866   311.6
0.4000        -1530.089    -1533.966        3.877   312.4
0.4010        -1529.967    -1534.041        4.073   328.2
0.4020        -1529.992    -1534.088        4.097   330.1
0.4030        -1530.088    -1534.083        3.995   321.9
0.4040        -1530.169    -1534.048        3.879   312.6
0.4050        -1530.250    -1534.032        3.783   304.8
0.4060        -1530.201    -1534.043        3.843   309.7
0.4070        -1530.162    -1534.092        3.930   316.7
0.4080        -1530.111    -1534.182        4.071   328.0
0.4090        -1530.173    -1534.277        4.104   330.8
0.4100        -1530.210    -1534.362        4.151   334.6
0.4110        -1530.166    -1534.419        4.253   342.7
0.4120        -1530.200    -1534.437        4.237   341.4
0.4130        -1530.082    -1534.417        4.335   349.4
0.4140        -1530.085    -1534.374        4.290   345.7
0.4150        -1530.054    -1534.354        4.300   346.5
0.4160        -1529.959    -1534.354        4.395   354.2
0.4170        -1529.990    -1534.373        4.383   353.2
0.4180        -1529.959    -1534.390        4.430   357.0
0.4190        -1530.037    -1534.410        4.373   352.4
0.4200        -1530.117    -1534.404        4.287   345.5
0.4210        -1530.152    -1534.367        4.215   339.7
0.4220        -1530.243    -1534.328        4.085   329.2
0.4230        -1530.167    -1534.288        4.121   332.1
0.4240        -1530.283    -1534.292        4.009   323.0
0.4250        -1530.287    -1534.338        4.051   326.5
0.4260        -1530.232    -1534.407        4.175   336.4
0.4270        -1530.295    -1534.476        4.182   337.0
0.4280        -1530.251    -1534.519        4.268   343.9
0.4290        -1530.267    -1534.509        4.241   341.8
0.4300        -1530.156    -1534.440        4.284   345.3
0.4310        -1530.097    -1534.326        4.229   340.8
0.4320        -1530.116    -1534.199        4.083   329.1
0.4330        -1530.091    -1534.088        3.997   322.1
0.4340        -1530.090    -1534.027        3.936   317.2
0.4350        -1530.032    -1534.029        3.996   322.1
0.4360        -1529.956    -1534.047        4.090   329.6
0.4370        -1529.991    -1534.042        4.051   326.4
0.4380        -1529.987    -1534.024        4.037   325.4
0.4390        -1529.919    -1533.991        4.071   328.1
0.4400        -1529.834    -1533.943        4.109   331.1
0.4410        -1529.922    -1533.881        3.959   319.1
0.4420        -1529.916    -1533.830        3.914   315.4
0.4430        -1530.015    -1533.799        3.785   305.0
0.4440        -1529.896    -1533.823        3.927   316.4
0.4450        -1529.935    -1533.862        3.927   316.4
0.4460        -1529.876    -1533.897        4.021   324.1
0.4470        -1529.783    -1533.920        4.137   333.4
0.4480        -1529.928    -1533.921        3.993   321.8
0.4490        -1529.974    -1533.932        3.958   319.0
0.4500        -1529.898    -1533.985        4.087   329.3
0.4510        -1529.897    -1534.099        4.202   338.6
0.4520        -1529.871    -1534.243        4.373   352.4
0.4530        -1529.806    -1534.368        4.562   367.7
0.4540        -1529.888    -1534.460        4.572   368.4
0.4550        -1529.903    -1534.484        4.581   369.1
0.4560        -1529.890    -1534.425        4.536   365.5
0.4570        -1529.964    -1534.313        4.348   350.4
0.4580        -1529.978    -1534.194        4.215   339.7
0.4590        -1529.978    -1534.113        4.135   333.2
0.4600        -1530.035    -1534.076        4.041   325.7
0.4610        -1530.152    -1534.084        3.931   316.8
0.4620        -1530.049    -1534.098        4.049   326.3
0.4630        -1530.153    -1534.120        3.967   319.7
0.4640        -1530.263    -1534.141        3.878   312.5
0.4650        -1530.289    -1534.154        3.865   311.5
0.4660        -1530.523    -1534.146        3.623   292.0
0.4670        -1530.547    -1534.155        3.608   290.8
0.4680        -1530.635    -1534.175        3.540   285.2
0.4690        -1530.606    -1534.227        3.621   291.8
0.4700        -1530.723    -1534.312        3.589   289.3
0.4710        -1530.753    -1534.410        3.657   294.7
0.4720        -1530.833    -1534.519        3.686   297.0
0.4730        -1530.911    -1534.618        3.707   298.7
0.4740        -1530.840    -1534.671        3.831   308.7
0.4750        -1530.814    -1534.713        3.899   314.2
0.4760        -1530.793    -1534.759        3.966   319.6
0.4770        -1530.791    -1534.806        4.016   323.6
0.4780        -1530.801    -1534.859        4.058   327.0
0.4790        -1530.799    -1534.896        4.098   330.2
0.4800        -1530.899    -1534.911        4.011   323.3
0.4810        -1530.921    -1534.877        3.956   318.8
0.4820        -1530.837    -1534.777        3.940   317.5
0.4830        -1530.769    -1534.634        3.865   311.5
0.4840        -1530.763    -1534.483        3.719   299.7
0.4850        -1530.726    -1534.333        3.606   290.6
0.4860        -1530.693    -1534.224        3.531   284.6
0.4870        -1530.661    -1534.197        3.536   285.0
0.4880        -1530.717    -1534.247        3.530   284.5
0.4890        -1530.709    -1534.336        3.628   292.4
0.4900        -1530.686    -1534.446        3.760   303.0
0.4910        -1530.755    -1534.553        3.798   306.0
0.4920        -1530.825    -1534.638        3.813   307.2
0.4930        -1530.844    -1534.686        3.841   309.6
0.4940        -1530.921    -1534.674        3.753   302.4
0.4950        -1530.920    -1534.590        3.670   295.7
0.4960        -1530.918    -1534.438        3.520   283.6
0.4970        -1530.923    -1534.253        3.331   268.4
0.4980        -1530.862    -1534.095        3.233   260.6
0.4990        -1530.873    -1534.017        3.144   253.4
0.5000        -1530.870    -1534.058        3.188   256.9
0.5010        -1530.788    -1534.217        3.429   276.4
0.5020        -1530.818    -1534.446        3.628   292.3
0.5030        -1530.759    -1534.646        3.887   313.2
0.5040        -1530.880    -1534.762        3.882   312.8
0.5050        -1530.881    -1534.772        3.891   313.6
0.5060        -1530.918    -1534.692        3.775   304.2
0.5070        -1531.007    -1534.559        3.552   286.3
0.5080        -1530.993    -1534.449        3.456   278.5
0.5090        -1530.934    -1534.410        3.476   280.1
0.5100        -1530.913    -1534.464        3.551   286.2
0.5110        -1530.948    -1534.589        3.641   293.4
0.5120        -1531.044    -1534.741        3.696   297.9
0.5130        -1531.112    -1534.885        3.773   304.1
0.5140        -1531.063    -1535.003        3.940   317.5
0.5150        -1531.046    -1535.049        4.003   322.6
0.5160        -1531.028    -1535.027        3.999   322.2
0.5170        -1531.031    -1534.942        3.911   315.2
0.5180        -1530.938    -1534.815        3.877   312.4
0.5190        -1531.004    -1534.667        3.663   295.2
0.5200        -1531.106    -1534.559        3.453   278.3
0.5210        -1531.124    -1534.513        3.389   273.1
0.5220        -1531.145    -1534.546        3.401   274.1
0.5230        -1531.198    -1534.663        3.466   279.3
0.5240        -1531.199    -1534.843        3.644   293.6
0.5250        -1531.153    -1535.016        3.863   311.3
0.5260        -1531.106    -1535.122        4.016   323.6
0.5270        -1531.084    -1535.127        4.043   325.8
0.5280        -1531.153    -1535.012        3.859   311.0
0.5290        -1531.154    -1534.829        3.675   296.1
0.5300        -1531.111    -1534.649        3.538   285.1
0.5310        -1531.118    -1534.527        3.409   274.7
0.5320        -1531.095    -1534.499        3.404   274.3
0.5330        -1531.145    -1534.556        3.412   274.9
0.5340        -1531.113    -1534.649        3.536   285.0
0.5350        -1531.132    -1534.740        3.609   290.8
0.5360        -1531.221    -1534.808        3.586   289.0
0.5370        -1531.233    -1534.822        3.589   289.2
0.5380        -1531.238    -1534.785        3.546   285.8
0.5390        -1531.241    -1534.740        3.498   281.9
0.5400        -1531.213    -1534.717        3.504   282.4
0.5410        -1531.206    -1534.701        3.495   281.6
0.5420        -1531.234    -1534.722        3.488   281.1
0.5430        -1531.239    -1534.755        3.516   283.4
0.5440        -1531.285    -1534.792        3.507   282.6
0.5450        -1531.267    -1534.813        3.546   285.8
0.5460        -1531.320    -1534.789        3.470   279.6
0.5470        -1531.315    -1534.718        3.403   274.2
0.5480        -1531.283    -1534.619        3.337   268.9
0.5490        -1531.191    -1534.523        3.332   268.5
0.5500        -1531.155    -1534.447        3.292   265.3
0.5510        -1531.159    -1534.415        3.256   262.4
0.5520        -1531.087    -1534.432        3.345   269.6
0.5530        -1530.931    -1534.494        3.563   287.2
0.5540        -1530.850    -1534.591        3.742   301.5
0.5550        -1530.958    -1534.675        3.718   299.6
0.5560        -1530.923    -1534.758        3.836   309.1
0.5570        -1530.894    -1534.828        3.934   317.0
0.5580        -1530.938    -1534.864        3.926   316.4
0.5590        -1530.897    -1534.874        3.977   320.5
0.5600        -1530.824    -1534.861        4.037   325.3
0.5610        -1530.784    -1534.829        4.045   326.0
0.5620        -1530.708    -1534.763        4.055   326.8
0.5630        -1530.746    -1534.664        3.918   315.7
0.5640        -1530.806    -1534.570        3.764   303.3
0.5650        -1530.801    -1534.535        3.734   300.9
0.5660        -1530.775    -1534.532        3.757   302.8
0.5670        -1530.836    -1534.554        3.718   299.6
0.5680        -1530.979    -1534.606        3.627   292.3
0.5690        -1530.918    -1534.677        3.759   303.0
0.5700        -1531.011    -1534.738        3.727   300.4
0.5710        -1530.980    -1534.774        3.794   305.7
0.5720        -1530.893    -1534.776        3.883   313.0
0.5730        -1530.918    -1534.713        3.795   305.8
0.5740        -1531.002    -1534.613        3.611   291.0
0.5750        -1531.046    -1534.490        3.443   277.5
0.5760        -1531.055    -1534.382        3.327   268.1
0.5770        -1531.081    -1534.335        3.255   262.3
0.5780        -1531.113    -1534.360        3.247   261.7
0.5790        -1530.971    -1534.454        3.483   280.7
0.5800        -1530.917    -1534.580        3.663   295.2
0.5810        -1530.971    -1534.689        3.719   299.7
0.5820        -1530.961    -1534.740        3.779   304.6
0.5830        -1531.040    -1534.738        3.699   298.1
0.5840        -1530.944    -1534.688        3.744   301.7
0.5850        -1530.925    -1534.606        3.682   296.7
0.5860        -1530.942    -1534.527        3.585   288.9
0.5870        -1530.917    -1534.497        3.580   288.5
0.5880        -1530.860    -1534.533        3.673   296.0
0.5890        -1530.872    -1534.627        3.755   302.6
0.5900        -1530.889    -1534.740        3.852   310.4
0.5910        -1530.914    -1534.818        3.904   314.6
0.5920        -1530.901    -1534.832        3.932   316.8
0.5930        -1530.973    -1534.769        3.797   306.0
0.5940        -1530.909    -1534.660        3.751   302.3
0.5950        -1530.888    -1534.550        3.662   295.1
0.5960        -1530.849    -1534.467        3.618   291.6
0.5970        -1530.848    -1534.442        3.594   289.6
0.5980        -1530.860    -1534.470        3.609   290.9
0.5990        -1530.827    -1534.504        3.677   296.3
0.6000        -1530.750    -1534.517        3.767   303.6
0.6010        -1530.773    -1534.518        3.745   301.8
0.6020        -1530.874    -1534.524        3.650   294.1
0.6030        -1530.894    -1534.545        3.651   294.2
0.6040        -1530.979    -1534.600        3.621   291.8
0.6050        -1530.959    -1534.691        3.733   300.8
0.6060        -1531.010    -1534.772        3.762   303.2
0.6070        -1531.190    -1534.835        3.645   293.7
0.6080        -1531.283    -1534.885        3.602   290.3
0.6090        -1531.281    -1534.898        3.617   291.5
0.6100        -1531.287    -1534.898        3.612   291.0
0.6110        -1531.227    -1534.874        3.646   293.8
0.6120        -1531.307    -1534.822        3.515   283.3
0.6130        -1531.366    -1534.790        3.423   275.9
0.6140        -1531.360    -1534.793        3.433   276.7
0.6150        -1531.308    -1534.830        3.521   283.8
0.6160        -1531.297    -1534.872        3.575   288.1
0.6170        -1531.264    -1534.897        3.633   292.8
0.6180        -1531.334    -1534.896        3.562   287.0
0.6190        -1531.296    -1534.890        3.593   289.6
0.6200        -1531.191    -1534.863        3.673   296.0
0.6210        -1531.253    -1534.829        3.576   288.2
0.6220        -1531.274    -1534.810        3.537   285.0
0.6230        -1531.174    -1534.809        3.635   292.9
0.6240        -1531.047    -1534.818        3.771   303.9
0.6250        -1531.045    -1534.833        3.788   305.3
0.6260        -1531.002    -1534.833        3.831   308.7
0.6270        -1530.967    -1534.796        3.829   308.6
0.6280        -1530.970    -1534.731        3.761   303.1
0.6290        -1530.990    -1534.649        3.659   294.9
0.6300        -1530.932    -1534.570        3.638   293.2
0.6310        -1530.984    -1534.526        3.542   285.5
0.6320        -1530.872    -1534.537        3.665   295.3
0.6330        -1530.838    -1534.615        3.777   304.3
0.6340        -1530.881    -1534.722        3.841   309.5
0.6350        -1530.848    -1534.823        3.975   320.3
0.6360        -1530.801    -1534.888        4.087   329.3
0.6370        -1530.813    -1534.871        4.058   327.0
0.6380        -1530.790    -1534.757        3.966   319.6
0.6390        -1530.757    -1534.559        3.802   306.4
0.6400        -1530.791    -1534.324        3.533   284.7
0.6410        -1530.814    -1534.120        3.305   266.4
0.6420        -1530.827    -1534.000        3.172   255.6
0.6430        -1530.750    -1534.005        3.255   262.3
0.6440        -1530.800    -1534.107        3.307   266.5
0.6450        -1530.784    -1534.258        3.474   280.0
0.6460        -1530.765    -1534.420        3.655   294.6
0.6470        -1530.912    -1534.550        3.639   293.2
0.6480        -1530.954    -1534.622        3.668   295.6
0.6490        -1530.958    -1534.634        3.676   296.3
0.6500        -1530.986    -1534.604        3.617   291.5
0.6510        -1530.971    -1534.575        3.604   290.4
0.6520        -1530.816    -1534.545        3.729   300.5
0.6530        -1530.794    -1534.497        3.703   298.4
0.6540        -1530.808    -1534.470        3.662   295.1
0.6550        -1530.824    -1534.460        3.635   293.0
0.6560        -1530.937    -1534.467        3.530   284.4
0.6570        -1531.073    -1534.476        3.403   274.3
0.6580        -1531.155    -1534.499        3.345   269.5
0.6590        -1531.100    -1534.525        3.425   276.0
0.6600        -1531.133    -1534.555        3.421   275.7
0.6610        -1531.156    -1534.607        3.451   278.1
0.6620        -1531.216    -1534.699        3.483   280.7
0.6630        -1531.204    -1534.814        3.611   291.0
0.6640        -1531.250    -1534.897        3.647   293.9
0.6650        -1531.180    -1534.897        3.717   299.6
0.6660        -1531.262    -1534.828        3.566   287.4
0.6670        -1531.304    -1534.707        3.403   274.3
0.6680        -1531.202    -1534.579        3.377   272.2
0.6690        -1531.244    -1534.482        3.238   260.9
0.6700        -1531.300    -1534.430        3.130   252.2
0.6710        -1531.289    -1534.459        3.170   255.4
0.6720        -1531.364    -1534.536        3.171   255.6
0.6730        -1531.368    -1534.628        3.259   262.7
0.6740        -1531.328    -1534.717        3.388   273.1
0.6750        -1531.230    -1534.810        3.580   288.5
0.6760        -1531.330    -1534.903        3.573   287.9
0.6770        -1531.377    -1535.001        3.624   292.0
0.6780        -1531.356    -1535.091        3.735   301.0
0.6790        -1531.261    -1535.130        3.869   311.8
0.6800        -1531.218    -1535.081        3.863   311.3
0.6810        -1531.197    -1534.970        3.773   304.1
0.6820        -1531.298    -1534.833        3.535   284.9
0.6830        -1531.321    -1534.705        3.385   272.8
0.6840        -1531.283    -1534.592        3.309   266.6
0.6850        -1531.259    -1534.506        3.246   261.6
0.6860        -1531.253    -1534.451        3.198   257.7
0.6870        -1531.211    -1534.404        3.193   257.3
0.6880        -1531.222    -1534.373        3.151   253.9
0.6890        -1531.266    -1534.362        3.096   249.5
0.6900        -1531.221    -1534.388        3.168   255.3
0.6910        -1531.192    -1534.469        3.277   264.1
0.6920        -1531.272    -1534.593        3.321   267.6
0.6930        -1531.300    -1534.725        3.426   276.1
0.6940        -1531.309    -1534.850        3.541   285.4
0.6950        -1531.299    -1534.939        3.640   293.3
0.6960        -1531.356    -1534.971        3.615   291.3
0.6970        -1531.269    -1534.966        3.697   297.9
0.6980        -1531.346    -1534.936        3.590   289.3
0.6990        -1531.303    -1534.883        3.580   288.5
0.7000        -1531.335    -1534.821        3.486   281.0
0.7010        -1531.323    -1534.773        3.451   278.1
0.7020        -1531.261    -1534.730        3.469   279.5
0.7030        -1531.263    -1534.677        3.415   275.2
0.7040        -1531.262    -1534.603        3.342   269.3
0.7050        -1531.218    -1534.515        3.298   265.7
0.7060        -1531.178    -1534.454        3.276   264.0
0.7070        -1531.164    -1534.426        3.262   262.9
0.7080        -1531.168    -1534.444        3.277   264.0
0.7090        -1531.202    -1534.488        3.287   264.9
0.7100        -1531.243    -1534.536        3.294   265.4
0.7110        -1531.220    -1534.564        3.344   269.5
0.7120        -1531.305    -1534.606        3.301   266.1
0.7130        -1531.329    -1534.654        3.325   268.0
0.7140        -1531.328    -1534.688        3.360   270.8
0.7150        -1531.337    -1534.720        3.383   272.6
0.7160        -1531.407    -1534.775        3.368   271.5
0.7170        -1531.400    -1534.856        3.456   278.5
0.7180        -1531.342    -1534.956        3.614   291.2
0.7190        -1531.384    -1535.051        3.667   295.5
0.7200        -1531.378    -1535.110        3.732   300.8
0.7210        -1531.291    -1535.116        3.824   308.2
0.7220        -1531.352    -1535.072        3.720   299.8
0.7230        -1531.486    -1534.994        3.509   282.8
0.7240        -1531.488    -1534.904        3.416   275.3
0.7250        -1531.406    -1534.821        3.415   275.2
0.7260        -1531.535    -1534.749        3.214   259.0
0.7270        -1531.585    -1534.717        3.132   252.4
0.7280        -1531.441    -1534.710        3.268   263.4
0.7290        -1531.428    -1534.705        3.278   264.1
0.7300        -1531.427    -1534.681        3.254   262.2
0.7310        -1531.407    -1534.622        3.215   259.1
0.7320        -1531.467    -1534.580        3.114   250.9
0.7330        -1531.375    -1534.571        3.196   257.6
0.7340        -1531.324    -1534.613        3.289   265.1
0.7350        -1531.250    -1534.727        3.477   280.2
0.7360        -1531.361    -1534.873        3.511   283.0
0.7370        -1531.365    -1535.005        3.640   293.4
0.7380        -1531.351    -1535.098        3.747   302.0
0.7390        -1531.338    -1535.132        3.794   305.8
0.7400        -1531.327    -1535.107        3.780   304.7
0.7410        -1531.231    -1535.017        3.786   305.1
0.7420        -1531.282    -1534.877        3.595   289.7
0.7430        -1531.284    -1534.723        3.439   277.1
0.7440        -1531.338    -1534.572        3.234   260.6
0.7450        -1531.402    -1534.471        3.069   247.3
0.7460        -1531.326    -1534.403        3.078   248.0
0.7470        -1531.369    -1534.401        3.032   244.3
0.7480        -1531.401    -1534.453        3.052   246.0
0.7490        -1531.425    -1534.537        3.112   250.8
0.7500        -1531.430    -1534.624        3.194   257.4
0.7510        -1531.456    -1534.709        3.253   262.1
0.7520        -1531.431    -1534.776        3.344   269.5
0.7530        -1531.478    -1534.830        3.352   270.1
0.7540        -1531.401    -1534.871        3.471   279.7
0.7550        -1531.304    -1534.886        3.582   288.6
0.7560        -1531.386    -1534.894        3.509   282.8
0.7570        -1531.434    -1534.911        3.476   280.1
0.7580        -1531.528    -1534.947        3.419   275.6
0.7590        -1531.570    -1535.015        3.445   277.6
0.7600        -1531.512    -1535.101        3.589   289.2
0.7610        -1531.543    -1535.170        3.627   292.3
0.7620        -1531.538    -1535.200        3.662   295.1
0.7630        -1531.559    -1535.175        3.616   291.4
0.7640        -1531.603    -1535.100        3.497   281.8
0.7650        -1531.599    -1534.995        3.395   273.6
0.7660        -1531.537    -1534.879        3.342   269.3
0.7670        -1531.595    -1534.776        3.181   256.3
0.7680        -1531.656    -1534.703        3.047   245.5
0.7690        -1531.637    -1534.680        3.043   245.2
0.7700        -1531.567    -1534.703        3.136   252.7
0.7710        -1531.572    -1534.744        3.173   255.7
0.7720        -1531.497    -1534.783        3.286   264.8
0.7730        -1531.416    -1534.799        3.383   272.6
0.7740        -1531.467    -1534.783        3.316   267.2
0.7750        -1531.488    -1534.738        3.250   261.9
0.7760        -1531.400    -1534.680        3.281   264.4
0.7770        -1531.371    -1534.612        3.241   261.2
0.7780        -1531.426    -1534.536        3.110   250.6
0.7790        -1531.365    -1534.494        3.130   252.2
0.7800        -1531.367    -1534.505        3.137   252.8
0.7810        -1531.416    -1534.560        3.145   253.4
0.7820        -1531.437    -1534.627        3.191   257.1
0.7830        -1531.460    -1534.705        3.245   261.5
0.7840        -1531.383    -1534.779        3.396   273.7
0.7850        -1531.431    -1534.822        3.392   273.3
0.7860        -1531.353    -1534.830        3.477   280.2
0.7870        -1531.449    -1534.806        3.356   270.5
0.7880        -1531.354    -1534.770        3.416   275.3
0.7890        -1531.362    -1534.718        3.355   270.4
0.7900        -1531.401    -1534.675        3.275   263.9
0.7910        -1531.311    -1534.683        3.372   271.7
0.7920        -1531.318    -1534.717        3.399   273.9
0.7930        -1531.276    -1534.761        3.485   280.8
0.7940        -1531.369    -1534.752        3.383   272.6
0.7950        -1531.332    -1534.686        3.354   270.3
0.7960        -1531.350    -1534.598        3.247   261.7
0.7970        -1531.284    -1534.500        3.216   259.2
0.7980        -1531.286    -1534.429        3.143   253.3
0.7990        -1531.288    -1534.421        3.133   252.5
0.8000        -1531.186    -1534.493        3.306   266.5
0.8010        -1531.215    -1534.609        3.394   273.5
0.8020        -1531.127    -1534.775        3.648   294.0
0.8030        -1531.103    -1534.920        3.817   307.6
0.8040        -1531.132    -1535.002        3.870   311.9
0.8050        -1531.138    -1535.025        3.887   313.2
0.8060        -1531.040    -1534.979        3.938   317.4
0.8070        -1530.952    -1534.872        3.920   315.9
0.8080        -1530.985    -1534.726        3.741   301.5
0.8090        -1530.994    -1534.588        3.594   289.6
0.8100        -1530.984    -1534.500        3.516   283.3
0.8110        -1531.019    -1534.462        3.443   277.5
0.8120        -1531.052    -1534.485        3.433   276.6
0.8130        -1531.025    -1534.559        3.534   284.8
0.8140        -1531.000    -1534.642        3.641   293.4
0.8150        -1531.017    -1534.720        3.703   298.4
0.8160        -1531.022    -1534.794        3.772   304.0
0.8170        -1531.075    -1534.842        3.767   303.5
0.8180        -1531.021    -1534.846        3.825   308.2
0.8190        -1531.015    -1534.802        3.788   305.2
0.8200        -1530.955    -1534.731        3.776   304.3
0.8210        -1530.932    -1534.643        3.711   299.0
0.8220        -1531.009    -1534.551        3.541   285.4
0.8230        -1531.037    -1534.484        3.447   277.8
0.8240        -1531.035    -1534.453        3.418   275.4
0.8250        -1531.030    -1534.452        3.422   275.8
0.8260        -1531.054    -1534.491        3.437   277.0
0.8270        -1530.994    -1534.578        3.584   288.8
0.8280        -1530.903    -1534.672        3.770   303.8
0.8290        -1531.041    -1534.756        3.715   299.4
0.8300        -1531.007    -1534.819        3.813   307.3
0.8310        -1530.934    -1534.855        3.921   316.0
0.8320        -1531.024    -1534.830        3.806   306.7
0.8330        -1531.047    -1534.777        3.730   300.6
0.8340        -1531.078    -1534.725        3.647   293.9
0.8350        -1531.073    -1534.676        3.603   290.3
0.8360        -1531.047    -1534.650        3.604   290.4
0.8370        -1531.106    -1534.632        3.526   284.1
0.8380        -1531.091    -1534.619        3.529   284.4
0.8390        -1531.133    -1534.597        3.464   279.2
0.8400        -1531.165    -1534.551        3.387   272.9
0.8410        -1531.129    -1534.490        3.362   270.9
0.8420        -1531.186    -1534.446        3.260   262.7
0.8430        -1531.192    -1534.450        3.258   262.6
0.8440        -1531.114    -1534.531        3.417   275.4
0.8450        -1531.113    -1534.653        3.541   285.3
0.8460        -1531.140    -1534.762        3.622   291.9
0.8470        -1531.139    -1534.814        3.676   296.2
0.8480        -1531.102    -1534.779        3.677   296.3
0.8490        -1531.080    -1534.672        3.592   289.4
0.8500        -1531.101    -1534.528        3.427   276.1
0.8510        -1531.074    -1534.409        3.335   268.8
0.8520        -1531.081    -1534.358        3.276   264.0
0.8530        -1531.129    -1534.411        3.282   264.5
0.8540        -1531.068    -1534.553        3.485   280.8
0.8550        -1531.019    -1534.707        3.688   297.2
0.8560        -1531.096    -1534.851        3.755   302.6
0.8570        -1531.102    -1534.927        3.825   308.3
0.8580        -1531.152    -1534.919        3.767   303.6
0.8590        -1531.033    -1534.813        3.780   304.6
0.8600        -1530.929    -1534.637        3.708   298.8
0.8610        -1530.919    -1534.436        3.516   283.4
0.8620        -1530.951    -1534.273        3.321   267.7
0.8630        -1530.938    -1534.198        3.260   262.7
0.8640        -1530.982    -1534.232        3.251   262.0
0.8650        -1530.997    -1534.356        3.359   270.7
0.8660        -1530.967    -1534.539        3.572   287.9
0.8670        -1530.937    -1534.700        3.763   303.2
0.8680        -1530.906    -1534.781        3.874   312.2
0.8690        -1530.813    -1534.774        3.961   319.2
0.8700        -1530.894    -1534.700        3.805   306.7
0.8710        -1530.918    -1534.584        3.665   295.4
0.8720        -1530.938    -1534.505        3.567   287.5
0.8730        -1531.028    -1534.504        3.476   280.1
0.8740        -1530.993    -1534.550        3.558   286.7
0.8750        -1530.967    -1534.609        3.641   293.4
0.8760        -1530.934    -1534.647        3.712   299.2
0.8770        -1531.036    -1534.647        3.611   291.0
0.8780        -1531.057    -1534.602        3.545   285.7
0.8790        -1531.127    -1534.548        3.421   275.7
0.8800        -1531.038    -1534.511        3.473   279.9
0.8810        -1531.019    -1534.514        3.495   281.6
0.8820        -1530.980    -1534.554        3.574   288.0
0.8830        -1530.996    -1534.644        3.649   294.0
0.8840        -1530.935    -1534.739        3.804   306.6
0.8850        -1531.006    -1534.813        3.806   306.8
0.8860        -1531.034    -1534.838        3.804   306.5
0.8870        -1531.032    -1534.820        3.788   305.2
0.8880        -1530.997    -1534.759        3.761   303.1
0.8890        -1531.011    -1534.669        3.658   294.8
0.8900        -1531.049    -1534.577        3.528   284.3
0.8910        -1531.143    -1534.490        3.347   269.7
0.8920        -1530.983    -1534.469        3.486   280.9
0.8930        -1530.955    -1534.511        3.555   286.5
0.8940        -1530.988    -1534.581        3.593   289.6
0.8950        -1530.943    -1534.661        3.718   299.6
0.8960        -1530.916    -1534.707        3.790   305.5
0.8970        -1530.941    -1534.725        3.784   304.9
0.8980        -1530.868    -1534.702        3.834   308.9
0.8990        -1530.861    -1534.653        3.792   305.6
0.9000        -1530.742    -1534.580        3.838   309.3
0.9010        -1530.787    -1534.502        3.715   299.4
0.9020        -1530.762    -1534.457        3.694   297.7
0.9030        -1530.799    -1534.469        3.670   295.7
0.9040        -1530.811    -1534.533        3.722   300.0
0.9050        -1530.790    -1534.583        3.793   305.7
0.9060        -1530.787    -1534.624        3.837   309.2
0.9070        -1530.764    -1534.631        3.867   311.6
0.9080        -1530.759    -1534.608        3.848   310.1
0.9090        -1530.789    -1534.571        3.782   304.8
0.9100        -1530.919    -1534.524        3.605   290.5
0.9110        -1530.964    -1534.457        3.494   281.6
0.9120        -1530.875    -1534.397        3.522   283.8
0.9130        -1530.808    -1534.338        3.530   284.4
0.9140        -1530.866    -1534.311        3.445   277.7
0.9150        -1530.855    -1534.335        3.480   280.5
0.9160        -1530.862    -1534.414        3.552   286.3
0.9170        -1530.937    -1534.509        3.571   287.8
0.9180        -1530.919    -1534.602        3.683   296.8
0.9190        -1530.770    -1534.672        3.902   314.4
0.9200        -1530.801    -1534.668        3.867   311.6
0.9210        -1530.957    -1534.584        3.627   292.2
0.9220        -1530.950    -1534.444        3.494   281.6
0.9230        -1531.054    -1534.293        3.239   261.0
0.9240        -1531.035    -1534.163        3.128   252.1
0.9250        -1530.914    -1534.085        3.171   255.6
0.9260        -1530.949    -1534.071        3.122   251.6
0.9270        -1530.826    -1534.153        3.327   268.1
0.9280        -1530.799    -1534.294        3.495   281.6
0.9290        -1530.780    -1534.443        3.663   295.2
0.9300        -1530.825    -1534.564        3.739   301.4
0.9310        -1530.837    -1534.618        3.780   304.7
0.9320        -1530.959    -1534.613        3.654   294.4
0.9330        -1530.984    -1534.566        3.582   288.7
0.9340        -1531.061    -1534.516        3.456   278.5
0.9350        -1531.010    -1534.496        3.486   281.0
0.9360        -1530.972    -1534.522        3.549   286.0
0.9370        -1531.071    -1534.597        3.525   284.1
0.9380        -1531.066    -1534.688        3.622   291.9
0.9390        -1531.003    -1534.797        3.793   305.7
0.9400        -1531.078    -1534.870        3.792   305.6
0.9410        -1531.064    -1534.878        3.815   307.4
0.9420        -1531.128    -1534.817        3.689   297.3
0.9430        -1531.124    -1534.698        3.574   288.0
0.9440        -1531.065    -1534.566        3.502   282.2
0.9450        -1530.914    -1534.461        3.547   285.8
0.9460        -1530.950    -1534.424        3.474   279.9
0.9470        -1530.973    -1534.488        3.515   283.3
0.9480        -1530.939    -1534.645        3.706   298.6
0.9490        -1531.001    -1534.839        3.838   309.3
0.9500        -1531.026    -1535.006        3.980   320.7
0.9510        -1531.009    -1535.090        4.081   328.9
0.9520        -1531.127    -1535.087        3.960   319.1
0.9530        -1531.125    -1535.012        3.887   313.3
0.9540        -1531.178    -1534.895        3.717   299.5
0.9550        -1531.278    -1534.783        3.505   282.4
0.9560        -1531.215    -1534.728        3.513   283.1
0.9570        -1531.145    -1534.748        3.603   290.4
0.9580        -1531.248    -1534.834        3.586   289.0
0.9590        -1531.293    -1534.948        3.655   294.5
0.9600        -1531.279    -1535.039        3.760   303.0
0.9610        -1531.310    -1535.076        3.766   303.5
0.9620        -1531.291    -1535.074        3.782   304.8
0.9630        -1531.368    -1535.021        3.653   294.4
0.9640        -1531.381    -1534.934        3.554   286.4
0.9650        -1531.513    -1534.847        3.334   268.7
0.9660        -1531.438    -1534.784        3.346   269.6
0.9670        -1531.441    -1534.759        3.317   267.3
0.9680        -1531.495    -1534.769        3.274   263.8
0.9690        -1531.469    -1534.794        3.324   267.9
0.9700        -1531.427    -1534.820        3.393   273.4
0.9710        -1531.437    -1534.820        3.384   272.7
0.9720        -1531.347    -1534.846        3.500   282.0
0.9730        -1531.373    -1534.897        3.524   284.0
0.9740        -1531.271    -1534.950        3.679   296.5
0.9750        -1531.317    -1534.991        3.674   296.1
0.9760        -1531.335    -1534.999        3.664   295.3
0.9770        -1531.338    -1534.963        3.625   292.1
0.9780        -1531.255    -1534.887        3.632   292.7
0.9790        -1531.167    -1534.797        3.630   292.6
0.9800        -1531.123    -1534.700        3.577   288.3
0.9810        -1531.122    -1534.599        3.476   280.1
0.9820        -1531.123    -1534.483        3.359   270.7
0.9830        -1531.166    -1534.385        3.219   259.4
0.9840        -1531.218    -1534.321        3.103   250.0
0.9850        -1531.234    -1534.280        3.047   245.5
0.9860        -1531.352    -1534.266        2.914   234.8
0.9870        -1531.377    -1534.293        2.916   235.0
0.9880        -1531.375    -1534.385        3.010   242.6
0.9890        -1531.371    -1534.518        3.147   253.6
0.9900        -1531.396    -1534.680        3.284   264.6
0.9910        -1531.411    -1534.878        3.467   279.4
0.9920        -1531.469    -1535.090        3.621   291.8
0.9930        -1531.478    -1535.287        3.808   306.9
0.9940        -1531.457    -1535.431        3.974   320.2
0.9950        -1531.370    -1535.481        4.111   331.3
0.9960        -1531.304    -1535.421        4.117   331.8
0.9970        -1531.318    -1535.260        3.942   317.6
0.9980        -1531.305    -1535.029        3.725   300.2
0.9990        -1531.351    -1534.781        3.430   276.4
1.0000        -1531.383    -1534.572        3.189   257.0
