Time[ps]      Etot[eV]     Epot[eV]     Ekin[eV]    T[K]
0.0000        -1526.878    -1533.783        6.905   556.5
0.0010        -1526.819    -1533.310        6.491   523.1
0.0020        -1526.749    -1532.639        5.890   474.7
0.0030        -1526.573    -1531.962        5.389   434.3
0.0040        -1526.466    -1531.485        5.019   404.5
0.0050        -1526.288    -1531.309        5.021   404.6
0.0060        -1526.232    -1531.429        5.198   418.9
0.0070        -1526.285    -1531.762        5.477   441.4
0.0080        -1526.239    -1532.177        5.937   478.5
0.0090        -1526.374    -1532.589        6.215   500.9
0.0100        -1526.477    -1532.908        6.431   518.3
0.0110        -1526.515    -1533.075        6.560   528.6
0.0120        -1526.446    -1533.088        6.642   535.2
0.0130        -1526.651    -1532.986        6.335   510.5
0.0140        -1526.627    -1532.800        6.173   497.5
0.0150        -1526.666    -1532.605        5.939   478.6
0.0160        -1526.469    -1532.477        6.008   484.2
0.0170        -1526.617    -1532.449        5.832   470.0
0.0180        -1526.538    -1532.546        6.007   484.1
0.0190        -1526.375    -1532.734        6.360   512.5
0.0200        -1526.305    -1532.958        6.654   536.2
0.0210        -1526.417    -1533.101        6.684   538.6
0.0220        -1526.510    -1533.131        6.621   533.6
0.0230        -1526.606    -1532.982        6.377   513.9
0.0240        -1526.543    -1532.634        6.091   490.8
0.0250        -1526.495    -1532.174        5.679   457.6
0.0260        -1526.321    -1531.679        5.358   431.8
0.0270        -1526.199    -1531.262        5.063   408.0
0.0280        -1526.245    -1531.074        4.829   389.1
0.0290        -1526.146    -1531.122        4.976   401.0
0.0300        -1526.104    -1531.428        5.324   429.1
0.0310        -1525.940    -1531.858        5.919   477.0
0.0320        -1525.903    -1532.219        6.316   509.0
0.0330        -1525.806    -1532.400        6.594   531.4
0.0340        -1525.771    -1532.296        6.525   525.8
0.0350        -1525.591    -1531.972        6.381   514.2
0.0360        -1525.523    -1531.584        6.061   488.4
0.0370        -1525.377    -1531.281        5.904   475.8
0.0380        -1525.291    -1531.144        5.853   471.7
0.0390        -1525.214    -1531.268        6.054   487.9
0.0400        -1525.194    -1531.671        6.477   521.9
0.0410        -1525.594    -1532.209        6.615   533.1
0.0420        -1525.720    -1532.711        6.991   563.4
0.0430        -1525.691    -1533.043        7.352   592.5
0.0440        -1525.690    -1533.119        7.429   598.7
0.0450        -1525.560    -1532.959        7.399   596.3
0.0460        -1525.383    -1532.589        7.205   580.7
0.0470        -1524.899    -1532.128        7.229   582.6
0.0480        -1524.846    -1531.701        6.856   552.5
0.0490        -1524.910    -1531.409        6.499   523.7
0.0500        -1524.840    -1531.313        6.473   521.7
0.0510        -1524.873    -1531.338        6.466   521.0
0.0520        -1524.832    -1531.370        6.538   526.9
0.0530        -1524.762    -1531.321        6.559   528.6
0.0540        -1524.617    -1531.195        6.577   530.1
0.0550        -1524.679    -1531.033        6.353   512.0
0.0560        -1524.607    -1530.840        6.233   502.3
0.0570        -1524.531    -1530.692        6.161   496.5
0.0580        -1524.550    -1530.672        6.122   493.4
0.0590        -1524.430    -1530.778        6.347   511.5
0.0600        -1524.231    -1530.998        6.767   545.4
0.0610        -1524.204    -1531.292        7.087   571.2
0.0620        -1524.288    -1531.565        7.277   586.5
0.0630        -1524.062    -1531.743        7.681   619.0
0.0640        -1524.014    -1531.772        7.759   625.2
0.0650        -1523.825    -1531.572        7.747   624.3
0.0660        -1523.838    -1531.199        7.361   593.2
0.0670        -1523.651    -1530.781        7.130   574.6
0.0680        -1523.613    -1530.370        6.757   544.5
0.0690        -1523.671    -1530.021        6.350   511.8
0.0700        -1523.892    -1529.798        5.906   476.0
0.0710        -1523.860    -1529.774        5.915   476.6
0.0720        -1523.814    -1529.909        6.095   491.2
0.0730        -1523.644    -1530.183        6.539   527.0
0.0740        -1523.507    -1530.500        6.994   563.6
0.0750        -1523.371    -1530.818        7.447   600.1
0.0760        -1523.362    -1531.079        7.718   621.9
0.0770        -1523.458    -1531.221        7.763   625.6
0.0780        -1523.539    -1531.270        7.731   623.0
0.0790        -1523.534    -1531.226        7.692   619.9
0.0800        -1523.514    -1531.072        7.558   609.1
0.0810        -1523.425    -1530.828        7.403   596.6
0.0820        -1523.467    -1530.566        7.099   572.1
0.0830        -1523.579    -1530.377        6.798   547.8
0.0840        -1523.642    -1530.384        6.742   543.3
0.0850        -1523.653    -1530.558        6.904   556.4
0.0860        -1523.690    -1530.816        7.126   574.2
0.0870        -1523.703    -1531.087        7.383   595.0
0.0880        -1523.672    -1531.298        7.626   614.6
0.0890        -1523.683    -1531.360        7.676   618.6
0.0900        -1523.820    -1531.288        7.468   601.9
0.0910        -1523.725    -1531.157        7.432   598.9
0.0920        -1523.749    -1531.027        7.278   586.5
0.0930        -1523.866    -1530.948        7.082   570.7
0.0940        -1523.836    -1530.955        7.118   573.7
0.0950        -1523.685    -1531.032        7.347   592.0
0.0960        -1523.630    -1531.096        7.465   601.6
0.0970        -1523.558    -1531.141        7.583   611.1
0.0980        -1523.620    -1531.107        7.488   603.4
0.0990        -1523.531    -1530.956        7.425   598.4
0.1000        -1523.344    -1530.721        7.377   594.5
0.1010        -1523.297    -1530.482        7.185   579.0
0.1020        -1523.292    -1530.332        7.040   567.4
0.1030        -1523.343    -1530.310        6.967   561.4
0.1040        -1523.225    -1530.397        7.173   578.0
0.1050        -1523.170    -1530.523        7.353   592.5
0.1060        -1523.421    -1530.622        7.201   580.3
0.1070        -1523.346    -1530.675        7.329   590.7
0.1080        -1523.250    -1530.693        7.443   599.8
0.1090        -1523.302    -1530.642        7.340   591.5
0.1100        -1523.325    -1530.540        7.215   581.4
0.1110        -1523.431    -1530.487        7.056   568.6
0.1120        -1523.254    -1530.526        7.272   586.0
0.1130        -1523.140    -1530.589        7.449   600.3
0.1140        -1522.996    -1530.672        7.677   618.6
0.1150        -1522.998    -1530.760        7.762   625.5
0.1160        -1522.959    -1530.831        7.872   634.3
0.1170        -1522.947    -1530.840        7.893   636.1
0.1180        -1522.850    -1530.739        7.889   635.7
0.1190        -1523.042    -1530.626        7.584   611.2
0.1200        -1522.977    -1530.575        7.598   612.3
0.1210        -1523.047    -1530.589        7.542   607.8
0.1220        -1523.033    -1530.729        7.696   620.2
0.1230        -1523.193    -1530.952        7.759   625.3
0.1240        -1523.144    -1531.249        8.106   653.2
0.1250        -1523.147    -1531.570        8.424   678.8
0.1260        -1523.099    -1531.798        8.699   701.0
0.1270        -1523.126    -1531.882        8.757   705.7
0.1280        -1523.304    -1531.816        8.512   686.0
0.1290        -1523.402    -1531.604        8.202   660.9
0.1300        -1523.330    -1531.281        7.951   640.7
0.1310        -1523.153    -1530.928        7.775   626.6
0.1320        -1523.226    -1530.604        7.377   594.5
0.1330        -1523.344    -1530.425        7.082   570.7
0.1340        -1523.381    -1530.413        7.032   566.7
0.1350        -1523.253    -1530.518        7.265   585.5
0.1360        -1523.177    -1530.634        7.457   601.0
0.1370        -1523.333    -1530.700        7.367   593.7
0.1380        -1523.437    -1530.636        7.199   580.2
0.1390        -1523.281    -1530.444        7.163   577.3
0.1400        -1523.172    -1530.189        7.018   565.6
0.1410        -1523.151    -1530.021        6.870   553.7
0.1420        -1523.144    -1530.018        6.875   554.0
0.1430        -1523.365    -1530.198        6.833   550.6
0.1440        -1523.329    -1530.489        7.160   577.0
0.1450        -1523.328    -1530.838        7.510   605.2
0.1460        -1523.429    -1531.174        7.745   624.2
0.1470        -1523.442    -1531.425        7.983   643.4
0.1480        -1523.397    -1531.550        8.153   657.0
0.1490        -1523.586    -1531.519        7.933   639.3
0.1500        -1523.652    -1531.390        7.738   623.5
0.1510        -1523.633    -1531.260        7.626   614.6
0.1520        -1523.949    -1531.145        7.196   579.9
0.1530        -1523.690    -1531.113        7.423   598.2
0.1540        -1523.746    -1531.102        7.356   592.8
0.1550        -1523.687    -1531.106        7.419   597.9
0.1560        -1523.348    -1531.097        7.749   624.4
0.1570        -1523.315    -1531.020        7.705   620.9
0.1580        -1523.217    -1530.875        7.658   617.2
0.1590        -1523.152    -1530.738        7.585   611.3
0.1600        -1523.299    -1530.689        7.391   595.6
0.1610        -1523.355    -1530.740        7.386   595.2
0.1620        -1523.251    -1530.852        7.601   612.5
0.1630        -1523.049    -1530.963        7.913   637.7
0.1640        -1523.216    -1531.034        7.818   630.0
0.1650        -1523.478    -1531.099        7.622   614.2
0.1660        -1523.395    -1531.129        7.734   623.3
0.1670        -1523.392    -1531.107        7.715   621.7
0.1680        -1523.040    -1531.020        7.980   643.0
0.1690        -1523.162    -1530.826        7.665   617.7
0.1700        -1523.035    -1530.571        7.536   607.3
0.1710        -1522.919    -1530.245        7.326   590.4
0.1720        -1522.954    -1529.949        6.995   563.7
0.1730        -1522.923    -1529.700        6.778   546.2
0.1740        -1522.969    -1529.565        6.596   531.6
0.1750        -1523.009    -1529.589        6.580   530.3
0.1760        -1522.881    -1529.744        6.862   553.0
0.1770        -1522.956    -1530.015        7.059   568.8
0.1780        -1522.940    -1530.378        7.438   599.4
0.1790        -1522.927    -1530.746        7.819   630.1
0.1800        -1522.974    -1531.039        8.065   649.9
0.1810        -1523.001    -1531.167        8.165   658.0
0.1820        -1523.096    -1531.136        8.040   648.0
0.1830        -1523.215    -1531.020        7.805   629.0
0.1840        -1523.070    -1530.868        7.798   628.4
0.1850        -1523.047    -1530.705        7.658   617.1
0.1860        -1523.163    -1530.581        7.418   597.8
0.1870        -1523.200    -1530.518        7.318   589.7
0.1880        -1523.088    -1530.546        7.458   601.0
0.1890        -1522.998    -1530.629        7.631   615.0
0.1900        -1523.284    -1530.722        7.438   599.4
0.1910        -1523.207    -1530.788        7.581   611.0
0.1920        -1523.399    -1530.812        7.413   597.4
0.1930        -1523.357    -1530.848        7.490   603.6
0.1940        -1523.389    -1530.921        7.532   606.9
0.1950        -1523.462    -1530.991        7.529   606.8
0.1960        -1523.217    -1531.062        7.844   632.2
0.1970        -1523.056    -1531.108        8.053   648.9
0.1980        -1523.044    -1531.121        8.077   650.9
0.1990        -1522.999    -1531.052        8.053   649.0
0.2000        -1523.103    -1530.844        7.741   623.8
0.2010        -1523.182    -1530.532        7.350   592.3
0.2020        -1523.198    -1530.180        6.982   562.7
0.2030        -1522.956    -1529.880        6.924   558.0
0.2040        -1522.958    -1529.681        6.723   541.8
0.2050        -1522.922    -1529.640        6.718   541.4
0.2060        -1522.814    -1529.747        6.932   558.7
0.2070        -1522.656    -1529.938        7.282   586.8
0.2080        -1522.414    -1530.177        7.763   625.6
0.2090        -1522.437    -1530.379        7.942   640.0
0.2100        -1522.339    -1530.479        8.140   656.0
0.2110        -1522.452    -1530.436        7.984   643.4
0.2120        -1522.569    -1530.338        7.769   626.1
0.2130        -1522.617    -1530.270        7.652   616.7
0.2140        -1522.438    -1530.266        7.828   630.8
0.2150        -1522.309    -1530.326        8.018   646.1
0.2160        -1522.192    -1530.468        8.276   666.9
0.2170        -1522.182    -1530.695        8.513   686.1
0.2180        -1522.222    -1530.868        8.646   696.7
0.2190        -1522.206    -1530.881        8.675   699.1
0.2200        -1522.217    -1530.766        8.549   688.9
0.2210        -1522.382    -1530.538        8.155   657.2
0.2220        -1522.524    -1530.324        7.801   628.6
0.2230        -1522.215    -1530.259        8.044   648.3
0.2240        -1521.891    -1530.345        8.454   681.3
0.2250        -1522.179    -1530.440        8.261   665.7
0.2260        -1522.313    -1530.407        8.094   652.3
0.2270        -1522.118    -1530.310        8.193   660.2
0.2280        -1522.111    -1530.131        8.020   646.3
0.2290        -1522.256    -1529.923        7.666   617.8
0.2300        -1522.092    -1529.716        7.623   614.4
0.2310        -1521.889    -1529.536        7.647   616.2
0.2320        -1522.022    -1529.423        7.400   596.4
0.2330        -1522.030    -1529.405        7.374   594.3
0.2340        -1522.016    -1529.446        7.430   598.7
0.2350        -1522.022    -1529.507        7.486   603.3
0.2360        -1521.925    -1529.536        7.611   613.3
0.2370        -1521.806    -1529.496        7.689   619.7
0.2380        -1521.703    -1529.380        7.677   618.7
0.2390        -1521.528    -1529.227        7.699   620.4
0.2400        -1521.430    -1529.120        7.690   619.7
0.2410        -1521.406    -1529.082        7.677   618.6
0.2420        -1521.367    -1529.214        7.846   632.3
0.2430        -1521.395    -1529.444        8.048   648.6
0.2440        -1521.336    -1529.707        8.372   674.6
0.2450        -1521.515    -1529.970        8.455   681.3
0.2460        -1521.856    -1530.214        8.359   673.6
0.2470        -1522.017    -1530.445        8.428   679.2
0.2480        -1522.090    -1530.740        8.649   697.0
0.2490        -1522.220    -1531.070        8.851   713.2
0.2500        -1522.023    -1531.358        9.335   752.3
0.2510        -1521.987    -1531.465        9.478   763.8
0.2520        -1522.009    -1531.365        9.357   754.0
0.2530        -1522.140    -1531.038        8.898   717.1
0.2540        -1522.161    -1530.559        8.398   676.7
0.2550        -1522.104    -1530.061        7.958   641.3
0.2560        -1522.263    -1529.667        7.404   596.7
0.2570        -1522.336    -1529.486        7.150   576.2
0.2580        -1522.481    -1529.540        7.059   568.9
0.2590        -1522.536    -1529.805        7.269   585.8
0.2600        -1522.432    -1530.145        7.712   621.5
0.2610        -1522.588    -1530.440        7.852   632.7
0.2620        -1522.581    -1530.647        8.067   650.1
0.2630        -1522.704    -1530.730        8.027   646.9
0.2640        -1522.686    -1530.684        7.998   644.5
0.2650        -1522.774    -1530.566        7.792   628.0
0.2660        -1522.957    -1530.489        7.531   606.9
0.2670        -1522.917    -1530.526        7.609   613.2
0.2680        -1523.038    -1530.635        7.597   612.2
0.2690        -1523.006    -1530.819        7.813   629.6
0.2700        -1522.923    -1530.983        8.059   649.5
0.2710        -1522.849    -1531.052        8.203   661.0
0.2720        -1522.794    -1530.960        8.166   658.1
0.2730        -1522.715    -1530.732        8.017   646.1
0.2740        -1522.720    -1530.479        7.760   625.4
0.2750        -1522.758    -1530.332        7.574   610.4
0.2760        -1522.703    -1530.292        7.589   611.5
0.2770        -1522.779    -1530.392        7.612   613.5
0.2780        -1522.653    -1530.538        7.886   635.5
0.2790        -1522.923    -1530.650        7.726   622.6
0.2800        -1522.784    -1530.709        7.925   638.6
0.2810        -1522.892    -1530.670        7.779   626.9
0.2820        -1523.116    -1530.573        7.457   600.9
0.2830        -1523.100    -1530.428        7.329   590.6
0.2840        -1523.083    -1530.324        7.241   583.5
0.2850        -1523.226    -1530.341        7.115   573.4
0.2860        -1523.154    -1530.459        7.305   588.7
0.2870        -1523.326    -1530.592        7.267   585.6
0.2880        -1523.469    -1530.630        7.161   577.1
0.2890        -1523.437    -1530.534        7.096   571.9
0.2900        -1523.382    -1530.335        6.952   560.3
0.2910        -1523.338    -1530.129        6.791   547.2
0.2920        -1523.368    -1529.998        6.630   534.3
0.2930        -1523.400    -1529.909        6.509   524.5
0.2940        -1523.323    -1530.003        6.680   538.3
0.2950        -1523.322    -1530.270        6.948   559.9
0.2960        -1523.386    -1530.670        7.283   586.9
0.2970        -1523.365    -1531.130        7.765   625.8
0.2980        -1523.467    -1531.543        8.076   650.8
0.2990        -1523.323    -1531.814        8.491   684.3
0.3000        -1523.649    -1531.925        8.276   666.9
0.3010        -1523.725    -1531.942        8.217   662.2
0.3020        -1523.779    -1531.849        8.070   650.4
0.3030        -1523.727    -1531.699        7.972   642.4
0.3040        -1523.708    -1531.574        7.866   633.9
0.3050        -1523.922    -1531.424        7.502   604.6
0.3060        -1523.953    -1531.192        7.239   583.3
0.3070        -1523.690    -1530.846        7.156   576.7
0.3080        -1523.538    -1530.455        6.916   557.4
0.3090        -1523.237    -1530.103        6.866   553.3
0.3100        -1523.272    -1529.889        6.617   533.2
0.3110        -1523.091    -1529.807        6.715   541.2
0.3120        -1523.098    -1529.920        6.822   549.8
0.3130        -1523.221    -1530.236        7.015   565.3
0.3140        -1523.057    -1530.668        7.611   613.3
0.3150        -1523.018    -1531.051        8.034   647.4
0.3160        -1522.982    -1531.287        8.305   669.3
0.3170        -1522.977    -1531.273        8.296   668.5
0.3180        -1523.137    -1530.997        7.860   633.4
0.3190        -1523.246    -1530.588        7.342   591.6
0.3200        -1523.326    -1530.247        6.921   557.7
0.3210        -1523.286    -1530.112        6.825   550.0
0.3220        -1523.205    -1530.231        7.027   566.3
0.3230        -1523.093    -1530.513        7.420   597.9
0.3240        -1522.994    -1530.812        7.818   630.0
0.3250        -1522.941    -1531.034        8.093   652.2
0.3260        -1523.029    -1531.084        8.055   649.1
0.3270        -1523.164    -1530.954        7.790   627.8
0.3280        -1523.069    -1530.736        7.667   617.8
0.3290        -1523.167    -1530.524        7.357   592.9
0.3300        -1523.212    -1530.411        7.199   580.1
0.3310        -1523.060    -1530.411        7.351   592.4
0.3320        -1523.221    -1530.531        7.310   589.1
0.3330        -1523.258    -1530.722        7.464   601.5
0.3340        -1523.225    -1530.814        7.590   611.6
0.3350        -1523.256    -1530.789        7.533   607.1
0.3360        -1523.080    -1530.702        7.621   614.2
0.3370        -1523.173    -1530.599        7.426   598.4
0.3380        -1523.248    -1530.502        7.254   584.6
0.3390        -1523.258    -1530.489        7.232   582.8
0.3400        -1523.502    -1530.620        7.118   573.6
0.3410        -1523.524    -1530.949        7.425   598.4
0.3420        -1523.460    -1531.389        7.929   639.0
0.3430        -1523.432    -1531.815        8.383   675.5
0.3440        -1523.271    -1532.103        8.832   711.7
0.3450        -1523.367    -1532.202        8.835   712.0
0.3460        -1523.601    -1532.077        8.476   683.1
0.3470        -1523.654    -1531.793        8.139   655.9
0.3480        -1523.546    -1531.454        7.908   637.3
0.3490        -1523.527    -1531.100        7.573   610.2
0.3500        -1523.542    -1530.785        7.243   583.7
0.3510        -1523.681    -1530.606        6.925   558.1
0.3520        -1523.556    -1530.541        6.985   562.9
0.3530        -1523.497    -1530.581        7.083   570.8
0.3540        -1523.431    -1530.706        7.275   586.3
0.3550        -1523.446    -1530.859        7.413   597.4
0.3560        -1523.711    -1530.938        7.226   582.3
0.3570        -1523.594    -1530.961        7.367   593.7
0.3580        -1523.652    -1530.906        7.254   584.6
0.3590        -1523.839    -1530.791        6.952   560.2
0.3600        -1523.934    -1530.663        6.729   542.3
0.3610        -1523.983    -1530.596        6.612   532.9
0.3620        -1523.892    -1530.583        6.691   539.2
0.3630        -1523.833    -1530.627        6.794   547.5
0.3640        -1524.019    -1530.728        6.710   540.7
0.3650        -1524.017    -1530.871        6.854   552.3
0.3660        -1524.107    -1531.036        6.930   558.4
0.3670        -1524.222    -1531.222        6.999   564.1
0.3680        -1524.180    -1531.345        7.165   577.4
0.3690        -1524.109    -1531.387        7.278   586.5
0.3700        -1524.282    -1531.379        7.098   572.0
0.3710        -1524.340    -1531.331        6.991   563.4
0.3720        -1524.411    -1531.304        6.893   555.5
0.3730        -1524.303    -1531.290        6.987   563.1
0.3740        -1524.307    -1531.283        6.976   562.2
0.3750        -1524.302    -1531.297        6.996   563.8
0.3760        -1524.121    -1531.302        7.181   578.7
0.3770        -1524.091    -1531.315        7.224   582.2
0.3780        -1524.007    -1531.335        7.329   590.6
0.3790        -1523.961    -1531.344        7.383   595.0
0.3800        -1524.175    -1531.272        7.097   571.9
0.3810        -1524.090    -1531.129        7.040   567.3
0.3820        -1524.023    -1530.985        6.961   561.0
0.3830        -1524.016    -1530.869        6.853   552.3
0.3840        -1523.993    -1530.856        6.862   553.0
0.3850        -1524.013    -1530.972        6.959   560.8
0.3860        -1524.219    -1531.230        7.011   565.0
0.3870        -1524.207    -1531.550        7.344   591.8
0.3880        -1524.049    -1531.865        7.816   629.8
0.3890        -1523.968    -1532.081        8.113   653.8
0.3900        -1523.900    -1532.094        8.194   660.3
0.3910        -1523.777    -1531.883        8.106   653.3
0.3920        -1523.782    -1531.477        7.694   620.0
0.3930        -1523.734    -1530.995        7.261   585.1
0.3940        -1523.752    -1530.566        6.814   549.1
0.3950        -1523.665    -1530.319        6.654   536.3
0.3960        -1523.505    -1530.338        6.833   550.7
0.3970        -1523.601    -1530.588        6.987   563.1
0.3980        -1523.671    -1530.929        7.258   584.9
0.3990        -1523.758    -1531.220        7.462   601.3
0.4000        -1523.949    -1531.394        7.445   600.0
0.4010        -1524.057    -1531.357        7.300   588.3
0.4020        -1524.076    -1531.141        7.065   569.3
0.4030        -1524.124    -1530.814        6.691   539.2
0.4040        -1524.062    -1530.486        6.424   517.7
0.4050        -1524.063    -1530.240        6.176   497.7
0.4060        -1523.889    -1530.166        6.276   505.8
0.4070        -1523.855    -1530.310        6.455   520.2
0.4080        -1523.781    -1530.605        6.824   549.9
0.4090        -1524.065    -1530.945        6.881   554.5
0.4100        -1524.105    -1531.231        7.126   574.3
0.4110        -1524.143    -1531.384        7.241   583.5
0.4120        -1524.294    -1531.381        7.087   571.1
0.4130        -1524.357    -1531.246        6.889   555.2
0.4140        -1524.256    -1531.051        6.795   547.6
0.4150        -1524.234    -1530.832        6.598   531.7
0.4160        -1524.323    -1530.658        6.335   510.5
0.4170        -1524.230    -1530.586        6.355   512.2
0.4180        -1524.194    -1530.651        6.456   520.3
0.4190        -1524.087    -1530.856        6.769   545.5
0.4200        -1524.172    -1531.139        6.967   561.5
0.4210        -1524.507    -1531.367        6.860   552.8
0.4220        -1524.359    -1531.537        7.178   578.5
0.4230        -1524.289    -1531.585        7.296   588.0
0.4240        -1524.418    -1531.538        7.120   573.8
0.4250        -1524.533    -1531.387        6.855   552.4
0.4260        -1524.433    -1531.224        6.791   547.3
0.4270        -1524.301    -1531.091        6.790   547.2
0.4280        -1524.306    -1531.062        6.756   544.5
0.4290        -1524.271    -1531.157        6.886   554.9
0.4300        -1524.468    -1531.349        6.881   554.5
0.4310        -1524.450    -1531.572        7.122   573.9
0.4320        -1524.314    -1531.760        7.445   600.0
0.4330        -1524.408    -1531.860        7.452   600.5
0.4340        -1524.151    -1531.805        7.654   616.8
0.4350        -1524.148    -1531.601        7.453   600.6
0.4360        -1524.000    -1531.308        7.307   588.9
0.4370        -1524.034    -1530.981        6.947   559.8
0.4380        -1523.807    -1530.642        6.835   550.8
0.4390        -1523.761    -1530.302        6.541   527.1
0.4400        -1523.693    -1530.039        6.345   511.4
0.4410        -1523.851    -1529.895        6.044   487.1
0.4420        -1523.816    -1529.983        6.166   496.9
0.4430        -1523.919    -1530.291        6.372   513.5
0.4440        -1523.771    -1530.717        6.945   559.7
0.4450        -1523.661    -1531.133        7.472   602.1
0.4460        -1523.510    -1531.396        7.887   635.6
0.4470        -1523.367    -1531.469        8.102   652.9
0.4480        -1523.274    -1531.363        8.089   651.9
0.4490        -1523.265    -1531.094        7.828   630.9
0.4500        -1523.203    -1530.795        7.592   611.8
0.4510        -1523.178    -1530.521        7.343   591.7
0.4520        -1522.924    -1530.327        7.403   596.6
0.4530        -1522.932    -1530.270        7.338   591.4
0.4540        -1523.067    -1530.305        7.238   583.3
0.4550        -1522.947    -1530.422        7.475   602.4
0.4560        -1523.026    -1530.544        7.518   605.8
0.4570        -1523.132    -1530.618        7.485   603.2
0.4580        -1523.311    -1530.631        7.320   589.9
0.4590        -1523.284    -1530.583        7.298   588.2
0.4600        -1523.262    -1530.507        7.245   583.8
0.4610        -1523.284    -1530.435        7.151   576.3
0.4620        -1523.252    -1530.404        7.152   576.4
0.4630        -1523.234    -1530.444        7.210   581.0
0.4640        -1523.302    -1530.584        7.282   586.8
0.4650        -1523.336    -1530.814        7.478   602.6
0.4660        -1523.369    -1531.118        7.748   624.4
0.4670        -1523.613    -1531.386        7.773   626.4
0.4680        -1523.476    -1531.562        8.087   651.7
0.4690        -1523.455    -1531.640        8.184   659.6
0.4700        -1523.436    -1531.583        8.147   656.6
0.4710        -1523.474    -1531.423        7.949   640.6
0.4720        -1523.488    -1531.220        7.732   623.1
0.4730        -1523.385    -1530.980        7.595   612.1
0.4740        -1523.201    -1530.755        7.554   608.7
0.4750        -1523.125    -1530.515        7.390   595.5
0.4760        -1522.975    -1530.297        7.322   590.1
0.4770        -1522.859    -1530.200        7.341   591.6
0.4780        -1522.756    -1530.218        7.462   601.3
0.4790        -1522.642    -1530.335        7.693   620.0
0.4800        -1522.406    -1530.478        8.072   650.5
0.4810        -1522.378    -1530.556        8.178   659.1
0.4820        -1522.311    -1530.499        8.187   659.8
0.4830        -1522.249    -1530.278        8.029   647.0
0.4840        -1522.203    -1529.888        7.685   619.3
0.4850        -1522.043    -1529.492        7.449   600.3
0.4860        -1521.970    -1529.175        7.205   580.6
0.4870        -1522.033    -1529.005        6.972   561.9
0.4880        -1522.453    -1529.011        6.558   528.5
0.4890        -1522.537    -1529.212        6.675   537.9
0.4900        -1522.555    -1529.600        7.044   567.7
0.4910        -1522.559    -1530.161        7.602   612.6
0.4920        -1522.652    -1530.735        8.083   651.4
0.4930        -1522.601    -1531.228        8.627   695.2
0.4940        -1522.643    -1531.516        8.874   715.1
0.4950        -1522.530    -1531.585        9.055   729.7
0.4960        -1522.555    -1531.447        8.892   716.6
0.4970        -1522.622    -1531.162        8.539   688.2
0.4980        -1522.836    -1530.820        7.984   643.4
0.4990        -1522.846    -1530.499        7.654   616.8
0.5000        -1522.784    -1530.252        7.468   601.8
0.5010        -1522.767    -1530.116        7.349   592.2
0.5020        -1522.694    -1530.091        7.398   596.1
0.5030        -1522.571    -1530.114        7.542   607.8
0.5040        -1522.657    -1530.124        7.467   601.7
0.5050        -1522.556    -1530.061        7.505   604.8
0.5060        -1522.412    -1529.916        7.504   604.7
0.5070        -1522.513    -1529.722        7.209   580.9
0.5080        -1522.336    -1529.530        7.195   579.8
0.5090        -1522.174    -1529.344        7.171   577.9
0.5100        -1522.268    -1529.273        7.005   564.5
0.5110        -1522.196    -1529.407        7.210   581.1
0.5120        -1522.207    -1529.701        7.494   603.9
0.5130        -1522.123    -1530.086        7.963   641.7
0.5140        -1522.245    -1530.497        8.252   665.0
0.5150        -1522.128    -1530.799        8.671   698.8
0.5160        -1522.240    -1530.963        8.723   703.0
0.5170        -1522.196    -1530.937        8.741   704.4
0.5180        -1522.144    -1530.733        8.589   692.2
0.5190        -1522.011    -1530.415        8.404   677.3
0.5200        -1522.000    -1530.110        8.111   653.6
0.5210        -1521.924    -1529.893        7.968   642.1
0.5220        -1521.829    -1529.788        7.959   641.4
0.5230        -1521.778    -1529.768        7.990   643.9
0.5240        -1521.681    -1529.759        8.078   651.0
0.5250        -1521.476    -1529.749        8.273   666.7
0.5260        -1521.480    -1529.686        8.206   661.3
0.5270        -1521.575    -1529.605        8.030   647.1
0.5280        -1521.589    -1529.603        8.014   645.8
0.5290        -1521.492    -1529.733        8.242   664.2
0.5300        -1521.375    -1529.955        8.580   691.5
0.5310        -1521.253    -1530.151        8.898   717.1
0.5320        -1521.334    -1530.251        8.917   718.6
0.5330        -1521.159    -1530.184        9.025   727.3
0.5340        -1521.222    -1529.938        8.716   702.4
0.5350        -1521.161    -1529.634        8.473   682.8
0.5360        -1521.179    -1529.404        8.225   662.9
0.5370        -1521.258    -1529.279        8.022   646.4
0.5380        -1520.971    -1529.275        8.304   669.2
0.5390        -1521.173    -1529.386        8.213   661.9
0.5400        -1521.260    -1529.497        8.238   663.8
0.5410        -1521.117    -1529.555        8.439   680.0
0.5420        -1520.999    -1529.538        8.539   688.2
0.5430        -1521.040    -1529.550        8.510   685.8
0.5440        -1521.161    -1529.633        8.473   682.8
0.5450        -1521.163    -1529.771        8.607   693.6
0.5460        -1521.194    -1529.934        8.740   704.3
0.5470        -1521.119    -1530.070        8.952   721.4
0.5480        -1521.013    -1530.105        9.093   732.7
0.5490        -1521.144    -1530.001        8.857   713.8
0.5500        -1521.195    -1529.768        8.573   690.9
0.5510        -1521.337    -1529.527        8.191   660.1
0.5520        -1521.254    -1529.404        8.150   656.8
0.5530        -1521.403    -1529.424        8.021   646.4
0.5540        -1521.465    -1529.591        8.126   654.9
0.5550        -1521.621    -1529.886        8.265   666.0
0.5560        -1521.637    -1530.175        8.538   688.0
0.5570        -1521.707    -1530.397        8.690   700.3
0.5580        -1521.688    -1530.486        8.797   709.0
0.5590        -1522.043    -1530.393        8.349   672.8
0.5600        -1522.262    -1530.147        7.885   635.4
0.5610        -1522.212    -1529.820        7.608   613.1
0.5620        -1522.162    -1529.489        7.327   590.5
0.5630        -1521.992    -1529.270        7.278   586.5
0.5640        -1521.895    -1529.264        7.369   593.9
0.5650        -1521.739    -1529.446        7.708   621.2
0.5660        -1521.897    -1529.743        7.846   632.3
0.5670        -1521.877    -1530.090        8.212   661.8
0.5680        -1521.768    -1530.407        8.639   696.2
0.5690        -1521.652    -1530.582        8.930   719.6
0.5700        -1521.714    -1530.627        8.913   718.2
0.5710        -1521.948    -1530.559        8.610   693.9
0.5720        -1521.923    -1530.383        8.460   681.8
0.5730        -1521.964    -1530.195        8.232   663.4
0.5740        -1522.159    -1530.042        7.882   635.2
0.5750        -1522.409    -1529.985        7.576   610.5
0.5760        -1522.453    -1530.034        7.581   610.9
0.5770        -1522.558    -1530.157        7.599   612.4
0.5780        -1522.537    -1530.320        7.783   627.2
0.5790        -1522.604    -1530.467        7.863   633.7
0.5800        -1522.357    -1530.540        8.182   659.4
0.5810        -1522.509    -1530.523        8.013   645.8
0.5820        -1522.417    -1530.506        8.088   651.8
0.5830        -1522.619    -1530.485        7.867   634.0
0.5840        -1522.762    -1530.495        7.733   623.2
0.5850        -1522.717    -1530.534        7.817   630.0
0.5860        -1522.672    -1530.687        8.015   645.9
0.5870        -1522.492    -1530.930        8.438   680.0
0.5880        -1522.498    -1531.173        8.675   699.1
0.5890        -1522.479    -1531.301        8.821   710.9
0.5900        -1522.475    -1531.198        8.723   703.0
0.5910        -1522.690    -1530.841        8.151   656.8
0.5920        -1522.673    -1530.338        7.665   617.7
0.5930        -1522.699    -1529.773        7.074   570.1
0.5940        -1522.632    -1529.279        6.648   535.7
0.5950        -1522.560    -1528.981        6.421   517.4
0.5960        -1522.589    -1528.948        6.359   512.4
0.5970        -1522.769    -1529.176        6.407   516.3
0.5980        -1522.685    -1529.607        6.922   557.8
0.5990        -1522.657    -1530.103        7.446   600.1
0.6000        -1522.825    -1530.543        7.718   621.9
0.6010        -1522.842    -1530.900        8.058   649.3
0.6020        -1522.909    -1531.145        8.236   663.7
0.6030        -1523.003    -1531.218        8.215   662.0
0.6040        -1522.989    -1531.147        8.158   657.4
0.6050        -1523.114    -1531.003        7.889   635.8
0.6060        -1523.129    -1530.830        7.701   620.6
0.6070        -1523.110    -1530.641        7.531   606.9
0.6080        -1523.240    -1530.514        7.274   586.2
0.6090        -1523.292    -1530.476        7.184   578.9
0.6100        -1523.239    -1530.514        7.274   586.2
0.6110        -1523.111    -1530.612        7.501   604.4
0.6120        -1523.073    -1530.725        7.651   616.6
0.6130        -1522.907    -1530.785        7.879   634.9
0.6140        -1522.983    -1530.801        7.818   630.0
0.6150        -1522.764    -1530.734        7.970   642.3
0.6160        -1522.857    -1530.597        7.740   623.8
0.6170        -1522.822    -1530.437        7.615   613.7
0.6180        -1522.964    -1530.328        7.364   593.4
0.6190        -1522.928    -1530.349        7.421   598.1
0.6200        -1522.910    -1530.496        7.586   611.3
0.6210        -1523.016    -1530.725        7.708   621.2
0.6220        -1522.966    -1530.970        8.004   645.0
0.6230        -1522.816    -1531.155        8.339   672.0
0.6240        -1522.902    -1531.243        8.340   672.1
0.6250        -1522.870    -1531.264        8.394   676.4
0.6260        -1522.926    -1531.210        8.283   667.5
0.6270        -1522.960    -1531.087        8.127   654.9
0.6280        -1522.912    -1530.948        8.036   647.6
0.6290        -1523.142    -1530.819        7.677   618.6
0.6300        -1523.246    -1530.725        7.479   602.7
0.6310        -1523.220    -1530.647        7.427   598.5
0.6320        -1523.112    -1530.562        7.450   600.4
0.6330        -1523.105    -1530.510        7.405   596.8
0.6340        -1523.142    -1530.575        7.433   599.0
0.6350        -1522.942    -1530.754        7.811   629.5
0.6360        -1522.740    -1530.951        8.211   661.7
0.6370        -1522.912    -1531.104        8.192   660.2
0.6380        -1522.963    -1531.091        8.128   655.0
0.6390        -1523.137    -1530.905        7.767   625.9
0.6400        -1523.190    -1530.596        7.405   596.8
0.6410        -1523.287    -1530.258        6.972   561.8
0.6420        -1523.278    -1530.041        6.764   545.1
0.6430        -1523.397    -1530.052        6.655   536.3
0.6440        -1523.372    -1530.309        6.937   559.0
0.6450        -1523.358    -1530.698        7.340   591.5
0.6460        -1523.278    -1531.095        7.817   629.9
0.6470        -1523.529    -1531.388        7.860   633.4
0.6480        -1523.527    -1531.459        7.933   639.3
0.6490        -1523.691    -1531.299        7.607   613.1
0.6500        -1523.636    -1530.991        7.356   592.8
0.6510        -1523.527    -1530.631        7.104   572.5
0.6520        -1523.405    -1530.358        6.953   560.3
0.6530        -1523.296    -1530.273        6.977   562.3
0.6540        -1523.266    -1530.417        7.150   576.2
0.6550        -1523.457    -1530.674        7.217   581.6
0.6560        -1523.431    -1530.986        7.556   608.9
0.6570        -1523.452    -1531.234        7.783   627.2
0.6580        -1523.380    -1531.359        7.979   643.0
0.6590        -1523.234    -1531.299        8.066   650.0
0.6600        -1523.304    -1531.061        7.757   625.1
0.6610        -1523.548    -1530.757        7.208   580.9
0.6620        -1523.421    -1530.530        7.109   572.9
0.6630        -1523.395    -1530.447        7.051   568.2
0.6640        -1523.482    -1530.466        6.984   562.8
0.6650        -1523.534    -1530.578        7.043   567.6
0.6660        -1523.569    -1530.745        7.175   578.2
0.6670        -1523.680    -1530.911        7.231   582.7
0.6680        -1523.872    -1531.087        7.214   581.4
0.6690        -1523.855    -1531.204        7.348   592.2
0.6700        -1523.759    -1531.288        7.530   606.8
0.6710        -1523.796    -1531.313        7.517   605.8
0.6720        -1523.744    -1531.311        7.568   609.9
0.6730        -1523.891    -1531.328        7.437   599.3
0.6740        -1523.926    -1531.366        7.440   599.5
0.6750        -1523.811    -1531.418        7.606   613.0
0.6760        -1523.923    -1531.403        7.480   602.8
0.6770        -1523.928    -1531.308        7.380   594.7
0.6780        -1523.833    -1531.150        7.318   589.7
0.6790        -1523.997    -1530.911        6.914   557.2
0.6800        -1524.086    -1530.748        6.662   536.9
0.6810        -1524.016    -1530.699        6.684   538.6
0.6820        -1523.867    -1530.791        6.924   558.0
0.6830        -1523.973    -1530.967        6.994   563.7
0.6840        -1524.030    -1531.154        7.124   574.1
0.6850        -1524.170    -1531.279        7.110   572.9
0.6860        -1524.250    -1531.334        7.085   570.9
0.6870        -1524.044    -1531.283        7.239   583.3
0.6880        -1524.041    -1531.126        7.085   571.0
0.6890        -1524.221    -1530.933        6.712   540.9
0.6900        -1524.314    -1530.729        6.415   516.9
0.6910        -1524.348    -1530.538        6.190   498.8
0.6920        -1524.243    -1530.445        6.202   499.8
0.6930        -1524.135    -1530.513        6.378   513.9
0.6940        -1524.218    -1530.743        6.525   525.9
0.6950        -1524.155    -1531.090        6.936   558.9
0.6960        -1524.021    -1531.432        7.411   597.2
0.6970        -1524.017    -1531.706        7.689   619.6
0.6980        -1523.984    -1531.833        7.849   632.5
0.6990        -1524.021    -1531.801        7.780   626.9
0.7000        -1523.737    -1531.610        7.873   634.5
0.7010        -1523.755    -1531.324        7.570   610.0
0.7020        -1523.757    -1530.973        7.216   581.5
0.7030        -1523.672    -1530.693        7.021   565.8
0.7040        -1523.731    -1530.562        6.831   550.5
0.7050        -1523.785    -1530.584        6.799   547.9
0.7060        -1523.935    -1530.718        6.783   546.6
0.7070        -1523.923    -1530.872        6.949   560.0
0.7080        -1523.996    -1531.022        7.026   566.2
0.7090        -1524.007    -1531.144        7.138   575.2
0.7100        -1524.034    -1531.252        7.218   581.7
0.7110        -1523.932    -1531.361        7.429   598.7
0.7120        -1524.153    -1531.460        7.307   588.9
0.7130        -1524.245    -1531.597        7.352   592.4
0.7140        -1524.351    -1531.680        7.329   590.6
0.7150        -1524.466    -1531.684        7.218   581.7
0.7160        -1524.563    -1531.656        7.093   571.6
0.7170        -1524.586    -1531.638        7.052   568.3
0.7180        -1524.619    -1531.654        7.035   567.0
0.7190        -1524.547    -1531.664        7.117   573.5
0.7200        -1524.755    -1531.574        6.820   549.6
0.7210        -1524.694    -1531.426        6.733   542.6
0.7220        -1524.493    -1531.228        6.735   542.7
0.7230        -1524.533    -1530.951        6.418   517.2
0.7240        -1524.452    -1530.639        6.186   498.5
0.7250        -1524.194    -1530.376        6.183   498.2
0.7260        -1524.207    -1530.231        6.025   485.5
0.7270        -1524.137    -1530.253        6.116   492.9
0.7280        -1524.228    -1530.436        6.208   500.3
0.7290        -1524.190    -1530.769        6.579   530.2
0.7300        -1524.150    -1531.144        6.994   563.6
0.7310        -1524.238    -1531.478        7.240   583.4
0.7320        -1524.367    -1531.726        7.358   593.0
0.7330        -1524.347    -1531.827        7.480   602.8
0.7340        -1524.424    -1531.816        7.391   595.7
0.7350        -1524.338    -1531.723        7.385   595.1
0.7360        -1524.439    -1531.617        7.179   578.5
0.7370        -1524.558    -1531.551        6.993   563.5
0.7380        -1524.394    -1531.482        7.088   571.2
0.7390        -1524.487    -1531.368        6.881   554.6
0.7400        -1524.520    -1531.203        6.683   538.6
0.7410        -1524.568    -1531.003        6.435   518.6
0.7420        -1524.458    -1530.853        6.395   515.3
0.7430        -1524.364    -1530.750        6.386   514.7
0.7440        -1524.288    -1530.677        6.388   514.8
0.7450        -1524.128    -1530.695        6.567   529.2
0.7460        -1524.038    -1530.780        6.742   543.3
0.7470        -1524.225    -1530.883        6.658   536.6
0.7480        -1524.129    -1531.007        6.878   554.3
0.7490        -1524.091    -1531.154        7.063   569.2
0.7500        -1524.011    -1531.284        7.273   586.1
0.7510        -1524.006    -1531.391        7.385   595.2
0.7520        -1523.927    -1531.484        7.558   609.0
0.7530        -1524.061    -1531.585        7.523   606.3
0.7540        -1523.905    -1531.633        7.728   622.7
0.7550        -1524.059    -1531.590        7.531   606.9
0.7560        -1523.922    -1531.449        7.527   606.6
0.7570        -1523.816    -1531.217        7.401   596.4
0.7580        -1523.714    -1530.923        7.210   581.0
0.7590        -1523.688    -1530.624        6.936   558.9
0.7600        -1523.602    -1530.439        6.838   551.0
0.7610        -1523.509    -1530.397        6.888   555.1
0.7620        -1523.592    -1530.470        6.879   554.3
0.7630        -1523.725    -1530.649        6.924   558.0
0.7640        -1523.649    -1530.860        7.211   581.1
0.7650        -1523.657    -1531.044        7.387   595.3
0.7660        -1523.654    -1531.180        7.526   606.5
0.7670        -1523.491    -1531.232        7.741   623.8
0.7680        -1523.521    -1531.185        7.664   617.6
0.7690        -1523.668    -1531.084        7.416   597.6
0.7700        -1523.525    -1530.992        7.468   601.8
0.7710        -1523.441    -1530.959        7.518   605.8
0.7720        -1523.361    -1530.986        7.625   614.5
0.7730        -1523.574    -1531.063        7.489   603.5
0.7740        -1523.474    -1531.161        7.687   619.5
0.7750        -1523.554    -1531.214        7.660   617.3
0.7760        -1523.398    -1531.234        7.836   631.5
0.7770        -1523.336    -1531.205        7.869   634.2
0.7780        -1523.547    -1531.093        7.546   608.1
0.7790        -1523.571    -1530.982        7.411   597.2
0.7800        -1523.483    -1530.920        7.436   599.3
0.7810        -1523.468    -1530.855        7.387   595.3
0.7820        -1523.453    -1530.791        7.337   591.3
0.7830        -1523.596    -1530.740        7.144   575.8
0.7840        -1523.542    -1530.719        7.177   578.4
0.7850        -1523.474    -1530.742        7.268   585.7
0.7860        -1523.552    -1530.822        7.270   585.9
0.7870        -1523.465    -1530.965        7.500   604.4
0.7880        -1523.660    -1531.216        7.556   608.9
0.7890        -1523.767    -1531.565        7.799   628.5
0.7900        -1523.817    -1531.892        8.075   650.7
0.7910        -1523.952    -1532.062        8.110   653.6
0.7920        -1524.094    -1532.069        7.976   642.7
0.7930        -1524.157    -1531.928        7.771   626.2
0.7940        -1524.099    -1531.723        7.624   614.4
0.7950        -1523.900    -1531.491        7.591   611.8
0.7960        -1524.075    -1531.266        7.192   579.5
0.7970        -1524.046    -1531.083        7.037   567.1
0.7980        -1523.824    -1530.979        7.155   576.6
0.7990        -1523.793    -1530.943        7.151   576.2
0.8000        -1523.916    -1530.961        7.045   567.8
0.8010        -1523.827    -1530.999        7.172   578.0
0.8020        -1523.911    -1531.043        7.132   574.7
0.8030        -1523.783    -1531.081        7.298   588.1
0.8040        -1523.686    -1531.096        7.410   597.1
0.8050        -1523.910    -1531.066        7.156   576.7
0.8060        -1524.090    -1530.969        6.879   554.4
0.8070        -1523.830    -1530.836        7.006   564.6
0.8080        -1523.765    -1530.686        6.921   557.8
0.8090        -1523.873    -1530.538        6.666   537.2
0.8100        -1524.045    -1530.449        6.404   516.1
0.8110        -1524.166    -1530.439        6.274   505.6
0.8120        -1523.746    -1530.484        6.737   542.9
0.8130        -1523.856    -1530.579        6.722   541.7
0.8140        -1524.055    -1530.661        6.606   532.4
0.8150        -1524.076    -1530.733        6.657   536.5
0.8160        -1524.168    -1530.766        6.598   531.7
0.8170        -1524.187    -1530.767        6.581   530.3
0.8180        -1524.221    -1530.835        6.614   533.0
0.8190        -1524.176    -1530.942        6.766   545.2
0.8200        -1524.102    -1531.041        6.939   559.2
0.8210        -1523.793    -1531.128        7.336   591.2
0.8220        -1523.944    -1531.228        7.284   587.0
0.8230        -1524.074    -1531.295        7.221   581.9
0.8240        -1524.004    -1531.333        7.329   590.6
0.8250        -1524.061    -1531.302        7.241   583.5
0.8260        -1524.108    -1531.216        7.107   572.7
0.8270        -1524.094    -1531.079        6.986   563.0
0.8280        -1523.942    -1530.941        6.999   564.0
0.8290        -1524.177    -1530.829        6.652   536.0
0.8300        -1524.198    -1530.760        6.561   528.7
0.8310        -1524.096    -1530.815        6.719   541.5
0.8320        -1524.058    -1530.955        6.897   555.8
0.8330        -1524.126    -1531.142        7.015   565.3
0.8340        -1524.081    -1531.349        7.268   585.7
0.8350        -1524.207    -1531.502        7.295   587.9
0.8360        -1524.340    -1531.552        7.212   581.2
0.8370        -1524.389    -1531.494        7.105   572.6
0.8380        -1524.494    -1531.399        6.904   556.4
0.8390        -1524.607    -1531.370        6.763   545.0
0.8400        -1524.746    -1531.463        6.717   541.3
0.8410        -1524.969    -1531.624        6.655   536.3
0.8420        -1525.092    -1531.840        6.747   543.7
0.8430        -1525.054    -1532.105        7.051   568.2
0.8440        -1525.147    -1532.322        7.175   578.2
0.8450        -1525.152    -1532.443        7.291   587.6
0.8460        -1525.077    -1532.458        7.381   594.8
0.8470        -1525.078    -1532.374        7.296   587.9
0.8480        -1525.144    -1532.200        7.057   568.7
0.8490        -1525.138    -1532.011        6.873   553.9
0.8500        -1525.080    -1531.860        6.780   546.4
0.8510        -1525.009    -1531.819        6.810   548.8
0.8520        -1525.142    -1531.931        6.789   547.1
0.8530        -1525.120    -1532.117        6.997   563.8
0.8540        -1525.065    -1532.292        7.228   582.5
0.8550        -1525.288    -1532.394        7.106   572.7
0.8560        -1525.263    -1532.389        7.126   574.3
0.8570        -1524.921    -1532.235        7.314   589.4
0.8580        -1525.070    -1531.941        6.871   553.7
0.8590        -1525.060    -1531.559        6.499   523.7
0.8600        -1524.996    -1531.146        6.150   495.6
0.8610        -1524.862    -1530.805        5.942   478.9
0.8620        -1524.690    -1530.611        5.921   477.2
0.8630        -1524.884    -1530.592        5.709   460.0
0.8640        -1524.885    -1530.709        5.824   469.4
0.8650        -1524.711    -1530.918        6.207   500.2
0.8660        -1524.868    -1531.162        6.294   507.2
0.8670        -1524.712    -1531.360        6.648   535.8
0.8680        -1524.691    -1531.516        6.825   550.0
0.8690        -1524.693    -1531.593        6.900   556.0
0.8700        -1524.831    -1531.610        6.779   546.3
0.8710        -1524.815    -1531.596        6.782   546.5
0.8720        -1525.010    -1531.515        6.505   524.2
0.8730        -1525.137    -1531.356        6.220   501.2
0.8740        -1525.253    -1531.199        5.947   479.2
0.8750        -1525.166    -1531.114        5.948   479.3
0.8760        -1525.369    -1531.094        5.726   461.4
0.8770        -1525.335    -1531.157        5.821   469.1
0.8780        -1525.279    -1531.262        5.983   482.1
0.8790        -1525.239    -1531.379        6.140   494.8
0.8800        -1525.348    -1531.456        6.108   492.2
0.8810        -1525.259    -1531.440        6.181   498.1
0.8820        -1525.287    -1531.364        6.077   489.7
0.8830        -1525.318    -1531.244        5.926   477.6
0.8840        -1525.403    -1531.111        5.707   459.9
0.8850        -1525.266    -1531.014        5.747   463.2
0.8860        -1525.022    -1530.992        5.970   481.1
0.8870        -1524.920    -1531.040        6.120   493.2
0.8880        -1524.883    -1531.140        6.257   504.2
0.8890        -1524.946    -1531.242        6.296   507.4
0.8900        -1524.987    -1531.345        6.357   512.3
0.8910        -1524.831    -1531.425        6.594   531.4
0.8920        -1524.679    -1531.538        6.859   552.8
0.8930        -1524.840    -1531.708        6.868   553.5
0.8940        -1524.783    -1531.945        7.162   577.1
0.8950        -1525.005    -1532.224        7.220   581.8
0.8960        -1525.211    -1532.521        7.310   589.1
0.8970        -1525.261    -1532.778        7.517   605.7
0.8980        -1525.235    -1532.956        7.721   622.2
0.8990        -1525.428    -1532.973        7.545   608.1
0.9000        -1525.421    -1532.802        7.380   594.8
0.9010        -1525.251    -1532.466        7.215   581.4
0.9020        -1525.401    -1532.009        6.608   532.5
0.9030        -1525.310    -1531.609        6.300   507.7
0.9040        -1525.379    -1531.355        5.975   481.5
0.9050        -1525.442    -1531.346        5.904   475.8
0.9060        -1525.346    -1531.554        6.208   500.2
0.9070        -1525.280    -1531.921        6.641   535.2
0.9080        -1525.293    -1532.354        7.061   569.0
0.9090        -1525.301    -1532.673        7.372   594.1
0.9100        -1525.167    -1532.791        7.624   614.4
0.9110        -1525.082    -1532.659        7.577   610.6
0.9120        -1525.119    -1532.318        7.199   580.2
0.9130        -1525.037    -1531.889        6.852   552.2
0.9140        -1525.129    -1531.505        6.375   513.8
0.9150        -1525.201    -1531.298        6.097   491.4
0.9160        -1525.261    -1531.326        6.065   488.8
0.9170        -1525.444    -1531.530        6.085   490.4
0.9180        -1525.346    -1531.839        6.493   523.3
0.9190        -1525.251    -1532.136        6.886   554.9
0.9200        -1525.423    -1532.314        6.891   555.3
0.9210        -1525.412    -1532.326        6.914   557.2
0.9220        -1525.525    -1532.170        6.645   535.5
0.9230        -1525.401    -1531.904        6.503   524.1
0.9240        -1525.302    -1531.632        6.330   510.1
0.9250        -1525.191    -1531.453        6.262   504.6
0.9260        -1525.097    -1531.439        6.342   511.1
0.9270        -1524.957    -1531.577        6.620   533.5
0.9280        -1524.813    -1531.763        6.950   560.1
0.9290        -1524.806    -1531.888        7.082   570.7
0.9300        -1524.970    -1531.924        6.954   560.4
0.9310        -1524.897    -1531.823        6.925   558.1
0.9320        -1525.020    -1531.630        6.610   532.7
0.9330        -1525.026    -1531.383        6.357   512.3
0.9340        -1524.914    -1531.100        6.186   498.5
0.9350        -1524.890    -1530.885        5.995   483.1
0.9360        -1524.819    -1530.745        5.925   477.5
0.9370        -1524.870    -1530.740        5.870   473.1
0.9380        -1524.740    -1530.904        6.164   496.7
0.9390        -1524.631    -1531.166        6.535   526.6
0.9400        -1524.593    -1531.471        6.878   554.3
0.9410        -1524.611    -1531.763        7.151   576.3
0.9420        -1524.667    -1531.943        7.276   586.3
0.9430        -1524.792    -1531.977        7.185   579.0
0.9440        -1524.783    -1531.870        7.087   571.1
0.9450        -1524.740    -1531.657        6.918   557.5
0.9460        -1524.642    -1531.463        6.821   549.7
0.9470        -1524.500    -1531.271        6.772   545.7
0.9480        -1524.721    -1531.097        6.375   513.8
0.9490        -1524.802    -1530.991        6.189   498.8
0.9500        -1524.801    -1530.998        6.197   499.4
0.9510        -1524.374    -1531.111        6.737   542.9
0.9520        -1524.596    -1531.308        6.711   540.8
0.9530        -1524.488    -1531.509        7.021   565.8
0.9540        -1524.517    -1531.687        7.170   577.8
0.9550        -1524.406    -1531.785        7.379   594.6
0.9560        -1524.234    -1531.714        7.479   602.7
0.9570        -1524.181    -1531.485        7.305   588.7
0.9580        -1524.086    -1531.144        7.058   568.8
0.9590        -1524.029    -1530.794        6.765   545.2
0.9600        -1524.097    -1530.544        6.447   519.5
0.9610        -1524.126    -1530.438        6.312   508.7
0.9620        -1523.968    -1530.538        6.570   529.5
0.9630        -1524.054    -1530.780        6.726   542.0
0.9640        -1523.956    -1531.030        7.075   570.1
0.9650        -1524.059    -1531.183        7.124   574.1
0.9660        -1524.131    -1531.187        7.056   568.6
0.9670        -1524.190    -1531.067        6.877   554.2
0.9680        -1524.104    -1530.890        6.786   546.9
0.9690        -1523.977    -1530.791        6.814   549.1
0.9700        -1524.010    -1530.851        6.840   551.2
0.9710        -1524.009    -1531.088        7.079   570.5
0.9720        -1523.889    -1531.414        7.525   606.4
0.9730        -1523.827    -1531.733        7.906   637.1
0.9740        -1523.977    -1531.929        7.952   640.8
0.9750        -1524.007    -1531.934        7.927   638.8
0.9760        -1523.715    -1531.750        8.035   647.5
0.9770        -1523.766    -1531.406        7.640   615.7
0.9780        -1523.666    -1530.970        7.305   588.7
0.9790        -1523.583    -1530.537        6.954   560.4
0.9800        -1523.618    -1530.240        6.622   533.6
0.9810        -1523.572    -1530.130        6.557   528.4
0.9820        -1523.660    -1530.213        6.553   528.1
0.9830        -1523.861    -1530.454        6.593   531.3
0.9840        -1523.836    -1530.808        6.972   561.8
0.9850        -1523.952    -1531.221        7.269   585.8
0.9860        -1524.053    -1531.595        7.542   607.8
0.9870        -1524.036    -1531.914        7.878   634.8
0.9880        -1523.884    -1532.076        8.191   660.1
0.9890        -1523.856    -1532.057        8.201   660.9
0.9900        -1524.141    -1531.901        7.760   625.3
0.9910        -1524.535    -1531.681        7.146   575.9
0.9920        -1524.468    -1531.478        7.010   564.9
0.9930        -1524.367    -1531.351        6.984   562.9
0.9940        -1524.207    -1531.327        7.120   573.7
0.9950        -1524.030    -1531.355        7.325   590.3
0.9960        -1524.023    -1531.378        7.354   592.7
0.9970        -1524.063    -1531.317        7.254   584.6
0.9980        -1524.063    -1531.135        7.072   569.9
0.9990        -1523.929    -1530.871        6.943   559.5
1.0000        -1524.040    -1530.588        6.549   527.7
