Time[ps]      Etot[eV]     Epot[eV]     Ekin[eV]    T[K]
0.0000        -1531.500    -1533.783        2.283   184.0
0.0010        -1531.461    -1533.800        2.339   188.5
0.0020        -1531.482    -1533.912        2.430   195.8
0.0030        -1531.499    -1534.097        2.598   209.4
0.0040        -1531.532    -1534.334        2.803   225.9
0.0050        -1531.476    -1534.599        3.123   251.7
0.0060        -1531.440    -1534.853        3.414   275.1
0.0070        -1531.480    -1535.075        3.596   289.8
0.0080        -1531.490    -1535.285        3.795   305.9
0.0090        -1531.431    -1535.485        4.055   326.7
0.0100        -1531.485    -1535.679        4.194   338.0
0.0110        -1531.534    -1535.840        4.306   347.0
0.0120        -1531.586    -1535.934        4.347   350.3
0.0130        -1531.604    -1535.928        4.324   348.4
0.0140        -1531.618    -1535.810        4.192   337.9
0.0150        -1531.732    -1535.585        3.853   310.5
0.0160        -1531.639    -1535.305        3.666   295.4
0.0170        -1531.553    -1535.035        3.482   280.6
0.0180        -1531.565    -1534.838        3.273   263.8
0.0190        -1531.406    -1534.755        3.349   269.9
0.0200        -1531.471    -1534.797        3.326   268.0
0.0210        -1531.536    -1534.924        3.389   273.1
0.0220        -1531.633    -1535.048        3.416   275.3
0.0230        -1531.604    -1535.118        3.514   283.2
0.0240        -1531.724    -1535.078        3.354   270.3
0.0250        -1531.726    -1534.926        3.200   257.9
0.0260        -1531.689    -1534.731        3.042   245.1
0.0270        -1531.709    -1534.546        2.836   228.6
0.0280        -1531.707    -1534.429        2.722   219.3
0.0290        -1531.661    -1534.382        2.721   219.3
0.0300        -1531.687    -1534.371        2.683   216.2
0.0310        -1531.682    -1534.367        2.685   216.4
0.0320        -1531.656    -1534.353        2.697   217.4
0.0330        -1531.624    -1534.312        2.688   216.6
0.0340        -1531.696    -1534.267        2.571   207.2
0.0350        -1531.734    -1534.291        2.556   206.0
0.0360        -1531.771    -1534.415        2.645   213.1
0.0370        -1531.789    -1534.669        2.880   232.1
0.0380        -1531.889    -1535.038        3.149   253.8
0.0390        -1531.948    -1535.470        3.522   283.9
0.0400        -1531.942    -1535.882        3.940   317.5
0.0410        -1531.939    -1536.182        4.243   341.9
0.0420        -1532.040    -1536.331        4.291   345.8
0.0430        -1532.069    -1536.323        4.253   342.8
0.0440        -1532.104    -1536.175        4.071   328.1
0.0450        -1532.152    -1535.933        3.780   304.7
0.0460        -1532.082    -1535.683        3.601   290.2
0.0470        -1531.992    -1535.479        3.487   281.0
0.0480        -1531.988    -1535.348        3.360   270.7
0.0490        -1532.021    -1535.262        3.241   261.1
0.0500        -1532.055    -1535.160        3.105   250.2
0.0510        -1532.024    -1535.022        2.998   241.6
0.0520        -1532.031    -1534.852        2.821   227.3
0.0530        -1532.083    -1534.694        2.611   210.4
0.0540        -1532.037    -1534.572        2.535   204.3
0.0550        -1532.069    -1534.512        2.444   196.9
0.0560        -1532.059    -1534.548        2.489   200.6
0.0570        -1532.117    -1534.672        2.555   205.9
0.0580        -1532.072    -1534.861        2.790   224.8
0.0590        -1532.136    -1535.067        2.931   236.2
0.0600        -1532.131    -1535.245        3.114   251.0
0.0610        -1532.069    -1535.354        3.285   264.7
0.0620        -1532.111    -1535.382        3.270   263.5
0.0630        -1532.126    -1535.344        3.218   259.4
0.0640        -1532.187    -1535.275        3.088   248.8
0.0650        -1532.215    -1535.233        3.018   243.2
0.0660        -1532.249    -1535.234        2.985   240.6
0.0670        -1532.324    -1535.278        2.954   238.1
0.0680        -1532.354    -1535.348        2.994   241.3
0.0690        -1532.319    -1535.436        3.117   251.2
0.0700        -1532.303    -1535.520        3.217   259.2
0.0710        -1532.298    -1535.574        3.276   264.0
0.0720        -1532.324    -1535.616        3.292   265.3
0.0730        -1532.357    -1535.650        3.294   265.4
0.0740        -1532.342    -1535.691        3.349   269.9
0.0750        -1532.430    -1535.739        3.309   266.7
0.0760        -1532.377    -1535.770        3.394   273.5
0.0770        -1532.411    -1535.771        3.360   270.8
0.0780        -1532.484    -1535.713        3.229   260.2
0.0790        -1532.558    -1535.589        3.031   244.3
0.0800        -1532.466    -1535.413        2.947   237.5
0.0810        -1532.500    -1535.208        2.708   218.2
0.0820        -1532.503    -1535.010        2.507   202.1
0.0830        -1532.547    -1534.865        2.318   186.8
0.0840        -1532.474    -1534.830        2.356   189.9
0.0850        -1532.458    -1534.901        2.443   196.9
0.0860        -1532.373    -1535.032        2.660   214.3
0.0870        -1532.382    -1535.177        2.795   225.3
0.0880        -1532.315    -1535.286        2.971   239.4
0.0890        -1532.340    -1535.318        2.977   239.9
0.0900        -1532.386    -1535.288        2.902   233.9
0.0910        -1532.375    -1535.238        2.864   230.8
0.0920        -1532.356    -1535.216        2.860   230.5
0.0930        -1532.295    -1535.260        2.965   238.9
0.0940        -1532.212    -1535.386        3.173   255.7
0.0950        -1532.195    -1535.555        3.359   270.7
0.0960        -1532.217    -1535.710        3.494   281.5
0.0970        -1532.327    -1535.791        3.464   279.1
0.0980        -1532.320    -1535.792        3.472   279.8
0.0990        -1532.332    -1535.711        3.379   272.3
0.1000        -1532.327    -1535.569        3.242   261.3
0.1010        -1532.389    -1535.411        3.022   243.6
0.1020        -1532.363    -1535.307        2.944   237.3
0.1030        -1532.390    -1535.286        2.896   233.4
0.1040        -1532.382    -1535.329        2.947   237.5
0.1050        -1532.414    -1535.395        2.981   240.2
0.1060        -1532.408    -1535.440        3.032   244.3
0.1070        -1532.342    -1535.441        3.099   249.7
0.1080        -1532.358    -1535.387        3.029   244.1
0.1090        -1532.349    -1535.288        2.939   236.8
0.1100        -1532.381    -1535.181        2.800   225.6
0.1110        -1532.426    -1535.104        2.677   215.8
0.1120        -1532.404    -1535.066        2.662   214.5
0.1130        -1532.438    -1535.067        2.628   211.8
0.1140        -1532.492    -1535.090        2.598   209.4
0.1150        -1532.458    -1535.103        2.645   213.2
0.1160        -1532.416    -1535.091        2.675   215.5
0.1170        -1532.501    -1535.055        2.554   205.8
0.1180        -1532.483    -1535.024        2.541   204.7
0.1190        -1532.492    -1535.032        2.540   204.7
0.1200        -1532.477    -1535.094        2.617   210.9
0.1210        -1532.525    -1535.217        2.692   216.9
0.1220        -1532.555    -1535.370        2.816   226.9
0.1230        -1532.583    -1535.525        2.942   237.1
0.1240        -1532.637    -1535.632        2.995   241.4
0.1250        -1532.657    -1535.664        3.007   242.3
0.1260        -1532.685    -1535.617        2.932   236.3
0.1270        -1532.688    -1535.521        2.833   228.3
0.1280        -1532.783    -1535.439        2.656   214.0
0.1290        -1532.861    -1535.400        2.539   204.6
0.1300        -1532.905    -1535.424        2.519   203.0
0.1310        -1532.945    -1535.510        2.565   206.7
0.1320        -1532.992    -1535.633        2.641   212.8
0.1330        -1533.023    -1535.756        2.733   220.3
0.1340        -1533.013    -1535.836        2.824   227.6
0.1350        -1532.962    -1535.840        2.878   232.0
0.1360        -1532.947    -1535.764        2.817   227.0
0.1370        -1532.928    -1535.627        2.699   217.5
0.1380        -1532.844    -1535.468        2.624   211.4
0.1390        -1532.859    -1535.342        2.483   200.1
0.1400        -1532.858    -1535.267        2.410   194.2
0.1410        -1532.870    -1535.257        2.387   192.4
0.1420        -1532.844    -1535.294        2.450   197.4
0.1430        -1532.889    -1535.373        2.484   200.2
0.1440        -1532.856    -1535.476        2.621   211.2
0.1450        -1532.797    -1535.564        2.767   223.0
0.1460        -1532.794    -1535.618        2.824   227.6
0.1470        -1532.802    -1535.644        2.843   229.1
0.1480        -1532.845    -1535.647        2.803   225.9
0.1490        -1532.890    -1535.618        2.728   219.9
0.1500        -1532.882    -1535.582        2.700   217.5
0.1510        -1532.869    -1535.545        2.676   215.7
0.1520        -1532.794    -1535.500        2.705   218.0
0.1530        -1532.862    -1535.444        2.583   208.1
0.1540        -1532.872    -1535.428        2.557   206.0
0.1550        -1532.890    -1535.451        2.561   206.4
0.1560        -1532.939    -1535.511        2.571   207.2
0.1570        -1533.014    -1535.636        2.622   211.3
0.1580        -1533.080    -1535.806        2.727   219.7
0.1590        -1533.062    -1535.969        2.907   234.2
0.1600        -1533.118    -1536.090        2.972   239.5
0.1610        -1533.116    -1536.127        3.011   242.7
0.1620        -1533.099    -1536.065        2.966   239.0
0.1630        -1533.077    -1535.926        2.849   229.6
0.1640        -1533.076    -1535.759        2.683   216.2
0.1650        -1533.063    -1535.636        2.574   207.4
0.1660        -1533.086    -1535.574        2.488   200.5
0.1670        -1533.082    -1535.579        2.497   201.2
0.1680        -1533.073    -1535.642        2.569   207.0
0.1690        -1533.175    -1535.737        2.562   206.4
0.1700        -1533.179    -1535.821        2.641   212.8
0.1710        -1533.237    -1535.862        2.625   211.5
0.1720        -1533.268    -1535.842        2.574   207.4
0.1730        -1533.275    -1535.790        2.516   202.7
0.1740        -1533.222    -1535.732        2.511   202.3
0.1750        -1533.233    -1535.713        2.480   199.9
0.1760        -1533.224    -1535.759        2.535   204.3
0.1770        -1533.182    -1535.861        2.680   215.9
0.1780        -1533.238    -1535.980        2.742   221.0
0.1790        -1533.173    -1536.057        2.884   232.4
0.1800        -1533.172    -1536.066        2.894   233.2
0.1810        -1533.207    -1536.000        2.793   225.1
0.1820        -1533.163    -1535.879        2.716   218.8
0.1830        -1533.091    -1535.718        2.628   211.7
0.1840        -1533.069    -1535.561        2.493   200.9
0.1850        -1533.075    -1535.462        2.387   192.4
0.1860        -1533.066    -1535.440        2.374   191.3
0.1870        -1533.101    -1535.486        2.384   192.1
0.1880        -1533.088    -1535.572        2.484   200.2
0.1890        -1533.069    -1535.679        2.610   210.4
0.1900        -1533.060    -1535.766        2.706   218.1
0.1910        -1533.137    -1535.799        2.662   214.5
0.1920        -1533.134    -1535.791        2.657   214.1
0.1930        -1533.147    -1535.757        2.611   210.4
0.1940        -1533.112    -1535.721        2.610   210.3
0.1950        -1533.082    -1535.696        2.613   210.6
0.1960        -1533.120    -1535.691        2.571   207.2
0.1970        -1533.181    -1535.700        2.519   203.0
0.1980        -1533.195    -1535.730        2.536   204.3
0.1990        -1533.184    -1535.751        2.567   206.9
0.2000        -1533.210    -1535.751        2.540   204.7
0.2010        -1533.179    -1535.743        2.564   206.6
0.2020        -1533.178    -1535.723        2.545   205.1
0.2030        -1533.193    -1535.708        2.515   202.7
0.2040        -1533.166    -1535.709        2.543   204.9
0.2050        -1533.166    -1535.708        2.542   204.8
0.2060        -1533.152    -1535.725        2.573   207.3
0.2070        -1533.220    -1535.745        2.525   203.5
0.2080        -1533.268    -1535.763        2.494   201.0
0.2090        -1533.280    -1535.780        2.499   201.4
0.2100        -1533.304    -1535.788        2.484   200.2
0.2110        -1533.230    -1535.794        2.564   206.6
0.2120        -1533.247    -1535.790        2.543   204.9
0.2130        -1533.244    -1535.765        2.521   203.1
0.2140        -1533.289    -1535.749        2.460   198.3
0.2150        -1533.287    -1535.740        2.453   197.7
0.2160        -1533.210    -1535.735        2.525   203.5
0.2170        -1533.204    -1535.713        2.509   202.2
0.2180        -1533.213    -1535.667        2.455   197.8
0.2190        -1533.312    -1535.616        2.303   185.6
0.2200        -1533.315    -1535.589        2.274   183.2
0.2210        -1533.355    -1535.599        2.244   180.9
0.2220        -1533.381    -1535.676        2.296   185.0
0.2230        -1533.437    -1535.797        2.359   190.1
0.2240        -1533.438    -1535.925        2.487   200.4
0.2250        -1533.476    -1536.028        2.552   205.7
0.2260        -1533.505    -1536.085        2.579   207.9
0.2270        -1533.501    -1536.079        2.578   207.8
0.2280        -1533.444    -1536.014        2.571   207.2
0.2290        -1533.491    -1535.922        2.431   195.9
0.2300        -1533.550    -1535.824        2.274   183.3
0.2310        -1533.587    -1535.752        2.166   174.5
0.2320        -1533.520    -1535.739        2.219   178.8
0.2330        -1533.530    -1535.785        2.256   181.8
0.2340        -1533.581    -1535.851        2.269   182.9
0.2350        -1533.571    -1535.930        2.359   190.1
0.2360        -1533.536    -1536.008        2.471   199.2
0.2370        -1533.575    -1536.080        2.505   201.9
0.2380        -1533.573    -1536.147        2.574   207.5
0.2390        -1533.613    -1536.206        2.593   209.0
0.2400        -1533.664    -1536.257        2.593   209.0
0.2410        -1533.647    -1536.286        2.639   212.7
0.2420        -1533.669    -1536.287        2.618   211.0
0.2430        -1533.633    -1536.241        2.608   210.1
0.2440        -1533.659    -1536.144        2.485   200.3
0.2450        -1533.659    -1536.011        2.352   189.5
0.2460        -1533.600    -1535.866        2.266   182.6
0.2470        -1533.587    -1535.752        2.165   174.4
0.2480        -1533.541    -1535.678        2.137   172.2
0.2490        -1533.511    -1535.657        2.146   172.9
0.2500        -1533.566    -1535.685        2.119   170.8
0.2510        -1533.527    -1535.737        2.210   178.1
0.2520        -1533.548    -1535.785        2.237   180.3
0.2530        -1533.566    -1535.811        2.245   180.9
0.2540        -1533.571    -1535.827        2.256   181.8
0.2550        -1533.623    -1535.844        2.221   179.0
0.2560        -1533.662    -1535.872        2.211   178.1
0.2570        -1533.719    -1535.929        2.209   178.1
0.2580        -1533.674    -1535.996        2.322   187.1
0.2590        -1533.664    -1536.081        2.418   194.8
0.2600        -1533.639    -1536.155        2.516   202.8
0.2610        -1533.705    -1536.183        2.478   199.7
0.2620        -1533.707    -1536.155        2.447   197.2
0.2630        -1533.672    -1536.075        2.403   193.6
0.2640        -1533.693    -1535.956        2.263   182.3
0.2650        -1533.684    -1535.840        2.156   173.7
0.2660        -1533.657    -1535.745        2.088   168.3
0.2670        -1533.619    -1535.697        2.078   167.4
0.2680        -1533.654    -1535.716        2.062   166.2
0.2690        -1533.649    -1535.798        2.149   173.2
0.2700        -1533.594    -1535.913        2.319   186.9
0.2710        -1533.619    -1536.036        2.417   194.8
0.2720        -1533.613    -1536.120        2.507   202.0
0.2730        -1533.595    -1536.154        2.559   206.2
0.2740        -1533.559    -1536.141        2.582   208.1
0.2750        -1533.573    -1536.069        2.496   201.2
0.2760        -1533.514    -1535.988        2.474   199.4
0.2770        -1533.435    -1535.902        2.467   198.8
0.2780        -1533.504    -1535.833        2.329   187.7
0.2790        -1533.502    -1535.783        2.281   183.8
0.2800        -1533.454    -1535.761        2.307   185.9
0.2810        -1533.506    -1535.755        2.250   181.3
0.2820        -1533.498    -1535.759        2.261   182.2
0.2830        -1533.466    -1535.779        2.313   186.4
0.2840        -1533.479    -1535.809        2.330   187.8
0.2850        -1533.447    -1535.853        2.406   193.9
0.2860        -1533.431    -1535.910        2.479   199.8
0.2870        -1533.366    -1535.963        2.598   209.4
0.2880        -1533.365    -1535.994        2.629   211.9
0.2890        -1533.342    -1536.003        2.661   214.4
0.2900        -1533.339    -1535.979        2.640   212.7
0.2910        -1533.337    -1535.934        2.597   209.3
0.2920        -1533.352    -1535.911        2.558   206.2
0.2930        -1533.304    -1535.911        2.607   210.1
0.2940        -1533.324    -1535.932        2.608   210.1
0.2950        -1533.357    -1535.959        2.602   209.7
0.2960        -1533.413    -1535.969        2.556   206.0
0.2970        -1533.488    -1535.966        2.478   199.7
0.2980        -1533.531    -1535.945        2.414   194.5
0.2990        -1533.550    -1535.895        2.345   189.0
0.3000        -1533.541    -1535.832        2.292   184.7
0.3010        -1533.563    -1535.784        2.221   179.0
0.3020        -1533.614    -1535.771        2.157   173.8
0.3030        -1533.581    -1535.805        2.224   179.2
0.3040        -1533.505    -1535.892        2.386   192.3
0.3050        -1533.441    -1535.983        2.542   204.9
0.3060        -1533.419    -1536.046        2.627   211.7
0.3070        -1533.422    -1536.048        2.626   211.6
0.3080        -1533.403    -1535.976        2.572   207.3
0.3090        -1533.311    -1535.850        2.539   204.6
0.3100        -1533.300    -1535.705        2.405   193.8
0.3110        -1533.307    -1535.597        2.291   184.6
0.3120        -1533.261    -1535.558        2.297   185.1
0.3130        -1533.260    -1535.601        2.342   188.7
0.3140        -1533.328    -1535.725        2.396   193.1
0.3150        -1533.393    -1535.886        2.493   200.9
0.3160        -1533.383    -1536.046        2.663   214.6
0.3170        -1533.387    -1536.152        2.765   222.8
0.3180        -1533.349    -1536.153        2.804   226.0
0.3190        -1533.348    -1536.050        2.701   217.7
0.3200        -1533.360    -1535.884        2.524   203.4
0.3210        -1533.410    -1535.718        2.309   186.0
0.3220        -1533.498    -1535.613        2.115   170.4
0.3230        -1533.444    -1535.581        2.137   172.3
0.3240        -1533.473    -1535.614        2.141   172.5
0.3250        -1533.496    -1535.690        2.194   176.8
0.3260        -1533.549    -1535.780        2.231   179.8
0.3270        -1533.515    -1535.860        2.346   189.0
0.3280        -1533.451    -1535.916        2.466   198.7
0.3290        -1533.396    -1535.940        2.545   205.1
0.3300        -1533.437    -1535.939        2.502   201.7
0.3310        -1533.401    -1535.935        2.534   204.2
0.3320        -1533.411    -1535.922        2.511   202.3
0.3330        -1533.409    -1535.910        2.501   201.5
0.3340        -1533.395    -1535.887        2.492   200.8
0.3350        -1533.386    -1535.834        2.448   197.3
0.3360        -1533.399    -1535.771        2.372   191.2
0.3370        -1533.359    -1535.698        2.339   188.5
0.3380        -1533.355    -1535.642        2.287   184.3
0.3390        -1533.336    -1535.611        2.274   183.3
0.3400        -1533.311    -1535.601        2.289   184.5
0.3410        -1533.303    -1535.612        2.309   186.1
0.3420        -1533.275    -1535.635        2.360   190.2
0.3430        -1533.296    -1535.667        2.371   191.1
0.3440        -1533.273    -1535.697        2.423   195.3
0.3450        -1533.244    -1535.721        2.477   199.6
0.3460        -1533.270    -1535.742        2.473   199.3
0.3470        -1533.239    -1535.760        2.521   203.2
0.3480        -1533.237    -1535.797        2.560   206.3
0.3490        -1533.229    -1535.823        2.594   209.0
0.3500        -1533.223    -1535.829        2.605   210.0
0.3510        -1533.191    -1535.812        2.621   211.2
0.3520        -1533.229    -1535.786        2.557   206.1
0.3530        -1533.206    -1535.738        2.532   204.1
0.3540        -1533.181    -1535.672        2.491   200.7
0.3550        -1533.167    -1535.610        2.443   196.8
0.3560        -1533.147    -1535.568        2.421   195.1
0.3570        -1533.175    -1535.576        2.401   193.5
0.3580        -1533.241    -1535.646        2.406   193.9
0.3590        -1533.199    -1535.773        2.573   207.4
0.3600        -1533.260    -1535.911        2.651   213.6
0.3610        -1533.273    -1536.020        2.747   221.4
0.3620        -1533.263    -1536.077        2.813   226.7
0.3630        -1533.248    -1536.066        2.818   227.1
0.3640        -1533.212    -1535.998        2.786   224.5
0.3650        -1533.182    -1535.887        2.705   218.0
0.3660        -1533.138    -1535.772        2.634   212.3
0.3670        -1533.144    -1535.696        2.552   205.6
0.3680        -1533.151    -1535.685        2.535   204.3
0.3690        -1533.079    -1535.745        2.666   214.8
0.3700        -1533.056    -1535.848        2.792   225.0
0.3710        -1533.032    -1535.951        2.919   235.2
0.3720        -1533.052    -1536.008        2.956   238.2
0.3730        -1533.066    -1536.003        2.937   236.7
0.3740        -1533.086    -1535.940        2.854   230.0
0.3750        -1533.063    -1535.834        2.771   223.3
0.3760        -1533.114    -1535.724        2.609   210.3
0.3770        -1533.222    -1535.627        2.405   193.8
0.3780        -1533.271    -1535.586        2.316   186.6
0.3790        -1533.267    -1535.609        2.343   188.8
0.3800        -1533.243    -1535.673        2.430   195.8
0.3810        -1533.220    -1535.745        2.526   203.5
0.3820        -1533.166    -1535.786        2.620   211.1
0.3830        -1533.182    -1535.776        2.594   209.1
0.3840        -1533.157    -1535.724        2.567   206.9
0.3850        -1533.152    -1535.658        2.506   201.9
0.3860        -1533.199    -1535.621        2.422   195.2
0.3870        -1533.169    -1535.638        2.469   199.0
0.3880        -1533.190    -1535.699        2.509   202.2
0.3890        -1533.265    -1535.771        2.506   201.9
0.3900        -1533.262    -1535.845        2.583   208.1
0.3910        -1533.287    -1535.882        2.595   209.1
0.3920        -1533.355    -1535.886        2.531   204.0
0.3930        -1533.373    -1535.863        2.490   200.7
0.3940        -1533.440    -1535.823        2.382   192.0
0.3950        -1533.393    -1535.773        2.380   191.8
0.3960        -1533.371    -1535.727        2.357   189.9
0.3970        -1533.309    -1535.694        2.384   192.1
0.3980        -1533.378    -1535.670        2.292   184.7
0.3990        -1533.337    -1535.653        2.316   186.6
0.4000        -1533.390    -1535.644        2.254   181.6
0.4010        -1533.364    -1535.653        2.289   184.5
0.4020        -1533.385    -1535.676        2.291   184.6
0.4030        -1533.339    -1535.725        2.386   192.3
0.4040        -1533.336    -1535.790        2.454   197.7
0.4050        -1533.347    -1535.855        2.508   202.1
0.4060        -1533.383    -1535.896        2.513   202.5
0.4070        -1533.405    -1535.895        2.490   200.7
0.4080        -1533.398    -1535.862        2.464   198.6
0.4090        -1533.417    -1535.815        2.397   193.2
0.4100        -1533.431    -1535.798        2.367   190.7
0.4110        -1533.417    -1535.844        2.427   195.6
0.4120        -1533.444    -1535.957        2.513   202.5
0.4130        -1533.454    -1536.111        2.657   214.1
0.4140        -1533.481    -1536.266        2.786   224.5
0.4150        -1533.476    -1536.378        2.903   233.9
0.4160        -1533.450    -1536.396        2.946   237.4
0.4170        -1533.430    -1536.310        2.880   232.1
0.4180        -1533.456    -1536.146        2.690   216.8
0.4190        -1533.480    -1535.946        2.466   198.7
0.4200        -1533.424    -1535.767        2.343   188.8
0.4210        -1533.448    -1535.643        2.195   176.9
0.4220        -1533.440    -1535.588        2.147   173.1
0.4230        -1533.465    -1535.611        2.147   173.0
0.4240        -1533.499    -1535.702        2.203   177.5
0.4250        -1533.538    -1535.824        2.286   184.2
0.4260        -1533.579    -1535.941        2.361   190.3
0.4270        -1533.531    -1536.032        2.500   201.5
0.4280        -1533.519    -1536.064        2.545   205.1
0.4290        -1533.460    -1536.032        2.572   207.3
0.4300        -1533.521    -1535.946        2.425   195.4
0.4310        -1533.564    -1535.840        2.276   183.4
0.4320        -1533.518    -1535.743        2.225   179.3
0.4330        -1533.449    -1535.669        2.220   178.9
0.4340        -1533.394    -1535.639        2.244   180.9
0.4350        -1533.425    -1535.659        2.233   180.0
0.4360        -1533.386    -1535.721        2.336   188.2
0.4370        -1533.350    -1535.794        2.445   197.0
0.4380        -1533.387    -1535.842        2.455   197.8
0.4390        -1533.374    -1535.862        2.488   200.5
0.4400        -1533.383    -1535.868        2.484   200.2
0.4410        -1533.438    -1535.865        2.428   195.6
0.4420        -1533.429    -1535.871        2.442   196.8
0.4430        -1533.410    -1535.891        2.481   200.0
0.4440        -1533.430    -1535.905        2.475   199.5
0.4450        -1533.448    -1535.924        2.475   199.5
0.4460        -1533.384    -1535.943        2.559   206.2
0.4470        -1533.303    -1535.950        2.647   213.3
0.4480        -1533.301    -1535.940        2.639   212.7
0.4490        -1533.361    -1535.917        2.556   206.0
0.4500        -1533.297    -1535.916        2.619   211.0
0.4510        -1533.277    -1535.924        2.647   213.3
0.4520        -1533.208    -1535.926        2.718   219.1
0.4530        -1533.181    -1535.922        2.740   220.8
0.4540        -1533.154    -1535.891        2.736   220.5
0.4550        -1533.166    -1535.816        2.650   213.6
0.4560        -1533.162    -1535.709        2.547   205.3
0.4570        -1533.188    -1535.577        2.388   192.5
0.4580        -1533.173    -1535.468        2.296   185.0
0.4590        -1533.187    -1535.418        2.231   179.8
0.4600        -1533.204    -1535.437        2.233   179.9
0.4610        -1533.195    -1535.521        2.325   187.4
0.4620        -1533.197    -1535.649        2.452   197.6
0.4630        -1533.212    -1535.768        2.556   206.0
0.4640        -1533.269    -1535.857        2.587   208.5
0.4650        -1533.294    -1535.902        2.608   210.1
0.4660        -1533.289    -1535.912        2.623   211.4
0.4670        -1533.228    -1535.895        2.667   214.9
0.4680        -1533.245    -1535.849        2.604   209.9
0.4690        -1533.268    -1535.818        2.550   205.5
0.4700        -1533.268    -1535.802        2.534   204.2
0.4710        -1533.210    -1535.784        2.574   207.4
0.4720        -1533.281    -1535.764        2.484   200.1
0.4730        -1533.303    -1535.757        2.454   197.8
0.4740        -1533.286    -1535.750        2.464   198.5
0.4750        -1533.302    -1535.737        2.435   196.2
0.4760        -1533.332    -1535.746        2.414   194.6
0.4770        -1533.310    -1535.773        2.464   198.6
0.4780        -1533.379    -1535.836        2.457   198.0
0.4790        -1533.401    -1535.930        2.529   203.8
0.4800        -1533.335    -1536.007        2.671   215.3
0.4810        -1533.336    -1536.045        2.709   218.3
0.4820        -1533.381    -1536.018        2.637   212.5
0.4830        -1533.404    -1535.943        2.539   204.6
0.4840        -1533.444    -1535.859        2.415   194.6
0.4850        -1533.480    -1535.798        2.318   186.8
0.4860        -1533.516    -1535.776        2.259   182.1
0.4870        -1533.535    -1535.813        2.278   183.5
0.4880        -1533.567    -1535.899        2.332   187.9
0.4890        -1533.594    -1536.000        2.406   193.9
0.4900        -1533.572    -1536.083        2.511   202.4
0.4910        -1533.586    -1536.123        2.537   204.5
0.4920        -1533.687    -1536.115        2.427   195.6
0.4930        -1533.674    -1536.065        2.392   192.7
0.4940        -1533.693    -1535.991        2.298   185.2
0.4950        -1533.627    -1535.916        2.289   184.5
0.4960        -1533.629    -1535.869        2.241   180.6
0.4970        -1533.649    -1535.856        2.207   177.8
0.4980        -1533.633    -1535.895        2.262   182.3
0.4990        -1533.623    -1535.963        2.340   188.6
0.5000        -1533.678    -1536.036        2.358   190.0
0.5010        -1533.638    -1536.092        2.455   197.8
0.5020        -1533.615    -1536.125        2.510   202.3
0.5030        -1533.672    -1536.119        2.447   197.2
0.5040        -1533.645    -1536.074        2.429   195.7
0.5050        -1533.658    -1536.003        2.345   189.0
0.5060        -1533.648    -1535.923        2.274   183.3
0.5070        -1533.726    -1535.847        2.121   171.0
0.5080        -1533.720    -1535.803        2.083   167.9
0.5090        -1533.729    -1535.807        2.078   167.5
0.5100        -1533.713    -1535.852        2.139   172.4
0.5110        -1533.751    -1535.912        2.161   174.1
0.5120        -1533.847    -1535.966        2.118   170.7
0.5130        -1533.850    -1536.002        2.152   173.4
0.5140        -1533.745    -1536.005        2.260   182.1
0.5150        -1533.806    -1535.974        2.168   174.7
0.5160        -1533.797    -1535.931        2.134   172.0
0.5170        -1533.765    -1535.883        2.118   170.7
0.5180        -1533.781    -1535.845        2.064   166.4
0.5190        -1533.808    -1535.840        2.032   163.8
0.5200        -1533.796    -1535.875        2.078   167.5
0.5210        -1533.778    -1535.943        2.165   174.5
0.5220        -1533.791    -1536.029        2.238   180.4
0.5230        -1533.786    -1536.094        2.308   186.0
0.5240        -1533.766    -1536.121        2.355   189.8
0.5250        -1533.797    -1536.107        2.310   186.2
0.5260        -1533.767    -1536.062        2.295   185.0
0.5270        -1533.787    -1536.009        2.222   179.1
0.5280        -1533.796    -1535.974        2.178   175.5
0.5290        -1533.702    -1535.985        2.283   184.0
0.5300        -1533.764    -1536.044        2.280   183.7
0.5310        -1533.714    -1536.116        2.403   193.6
0.5320        -1533.786    -1536.195        2.409   194.1
0.5330        -1533.811    -1536.237        2.426   195.5
0.5340        -1533.738    -1536.235        2.497   201.3
0.5350        -1533.708    -1536.185        2.477   199.6
0.5360        -1533.803    -1536.089        2.286   184.2
0.5370        -1533.813    -1535.969        2.156   173.8
0.5380        -1533.838    -1535.867        2.029   163.5
0.5390        -1533.855    -1535.831        1.976   159.2
0.5400        -1533.846    -1535.871        2.025   163.2
0.5410        -1533.860    -1535.971        2.110   170.1
0.5420        -1533.893    -1536.089        2.196   177.0
0.5430        -1533.924    -1536.202        2.278   183.6
0.5440        -1533.936    -1536.281        2.345   189.0
0.5450        -1533.996    -1536.304        2.308   186.0
0.5460        -1533.965    -1536.274        2.309   186.1
0.5470        -1533.965    -1536.212        2.247   181.1
0.5480        -1533.870    -1536.142        2.272   183.1
0.5490        -1533.819    -1536.061        2.243   180.7
0.5500        -1533.852    -1535.981        2.129   171.6
0.5510        -1533.857    -1535.919        2.062   166.1
0.5520        -1533.821    -1535.876        2.055   165.6
0.5530        -1533.771    -1535.856        2.085   168.0
0.5540        -1533.748    -1535.876        2.128   171.5
0.5550        -1533.689    -1535.921        2.232   179.9
0.5560        -1533.670    -1535.969        2.299   185.3
0.5570        -1533.671    -1536.009        2.338   188.4
0.5580        -1533.645    -1536.039        2.394   193.0
0.5590        -1533.581    -1536.063        2.482   200.0
0.5600        -1533.581    -1536.051        2.470   199.0
0.5610        -1533.599    -1536.003        2.404   193.7
0.5620        -1533.610    -1535.939        2.329   187.7
0.5630        -1533.601    -1535.874        2.273   183.2
0.5640        -1533.654    -1535.823        2.169   174.8
0.5650        -1533.693    -1535.812        2.119   170.7
0.5660        -1533.629    -1535.841        2.212   178.3
0.5670        -1533.659    -1535.909        2.250   181.4
0.5680        -1533.638    -1536.002        2.365   190.6
0.5690        -1533.642    -1536.095        2.454   197.7
0.5700        -1533.609    -1536.163        2.554   205.8
0.5710        -1533.605    -1536.184        2.578   207.8
0.5720        -1533.566    -1536.149        2.583   208.2
0.5730        -1533.622    -1536.074        2.452   197.6
0.5740        -1533.633    -1535.985        2.352   189.5
0.5750        -1533.581    -1535.907        2.325   187.4
0.5760        -1533.690    -1535.850        2.161   174.1
0.5770        -1533.675    -1535.832        2.157   173.8
0.5780        -1533.656    -1535.859        2.203   177.5
0.5790        -1533.621    -1535.907        2.286   184.2
0.5800        -1533.646    -1535.952        2.305   185.8
0.5810        -1533.721    -1535.990        2.268   182.8
0.5820        -1533.725    -1536.020        2.295   184.9
0.5830        -1533.670    -1536.030        2.361   190.2
0.5840        -1533.644    -1536.021        2.377   191.6
0.5850        -1533.570    -1536.000        2.431   195.9
0.5860        -1533.507    -1535.976        2.469   199.0
0.5870        -1533.512    -1535.950        2.437   196.4
0.5880        -1533.539    -1535.927        2.388   192.4
0.5890        -1533.509    -1535.906        2.397   193.2
0.5900        -1533.525    -1535.884        2.359   190.1
0.5910        -1533.536    -1535.868        2.332   187.9
0.5920        -1533.501    -1535.858        2.356   189.9
0.5930        -1533.482    -1535.841        2.359   190.1
0.5940        -1533.431    -1535.829        2.398   193.2
0.5950        -1533.463    -1535.798        2.335   188.2
0.5960        -1533.470    -1535.743        2.272   183.1
0.5970        -1533.429    -1535.681        2.251   181.4
0.5980        -1533.457    -1535.653        2.195   176.9
0.5990        -1533.456    -1535.679        2.222   179.1
0.6000        -1533.444    -1535.769        2.325   187.4
0.6010        -1533.445    -1535.899        2.454   197.7
0.6020        -1533.450    -1536.033        2.583   208.1
0.6030        -1533.458    -1536.139        2.681   216.0
0.6040        -1533.488    -1536.176        2.688   216.6
0.6050        -1533.435    -1536.138        2.703   217.9
0.6060        -1533.467    -1536.034        2.567   206.8
0.6070        -1533.415    -1535.912        2.497   201.2
0.6080        -1533.407    -1535.806        2.399   193.3
0.6090        -1533.357    -1535.741        2.384   192.1
0.6100        -1533.443    -1535.730        2.288   184.4
0.6110        -1533.525    -1535.782        2.256   181.8
0.6120        -1533.528    -1535.886        2.357   190.0
0.6130        -1533.536    -1535.996        2.461   198.3
0.6140        -1533.588    -1536.074        2.486   200.3
0.6150        -1533.598    -1536.113        2.516   202.7
0.6160        -1533.561    -1536.107        2.546   205.2
0.6170        -1533.606    -1536.053        2.447   197.2
0.6180        -1533.628    -1535.961        2.332   188.0
0.6190        -1533.633    -1535.863        2.231   179.8
0.6200        -1533.663    -1535.770        2.107   169.8
0.6210        -1533.666    -1535.687        2.020   162.8
0.6220        -1533.637    -1535.632        1.995   160.8
0.6230        -1533.694    -1535.623        1.929   155.5
0.6240        -1533.702    -1535.655        1.952   157.3
0.6250        -1533.687    -1535.721        2.033   163.9
0.6260        -1533.709    -1535.803        2.094   168.7
0.6270        -1533.679    -1535.886        2.207   177.9
0.6280        -1533.718    -1535.977        2.259   182.1
0.6290        -1533.745    -1536.073        2.328   187.6
0.6300        -1533.731    -1536.152        2.420   195.1
0.6310        -1533.670    -1536.192        2.521   203.2
0.6320        -1533.668    -1536.180        2.512   202.5
0.6330        -1533.676    -1536.126        2.450   197.5
0.6340        -1533.601    -1536.040        2.439   196.6
0.6350        -1533.616    -1535.928        2.311   186.3
0.6360        -1533.630    -1535.822        2.191   176.6
0.6370        -1533.699    -1535.759        2.060   166.0
0.6380        -1533.741    -1535.764        2.023   163.0
0.6390        -1533.731    -1535.827        2.096   168.9
0.6400        -1533.667    -1535.926        2.258   182.0
0.6410        -1533.690    -1536.028        2.338   188.5
0.6420        -1533.653    -1536.100        2.447   197.2
0.6430        -1533.606    -1536.120        2.514   202.6
0.6440        -1533.679    -1536.095        2.416   194.7
0.6450        -1533.694    -1536.061        2.366   190.7
0.6460        -1533.623    -1536.027        2.404   193.7
0.6470        -1533.585    -1536.009        2.424   195.3
0.6480        -1533.582    -1536.007        2.425   195.4
0.6490        -1533.626    -1536.010        2.384   192.1
0.6500        -1533.605    -1536.029        2.424   195.4
0.6510        -1533.563    -1536.054        2.491   200.8
0.6520        -1533.589    -1536.090        2.502   201.6
0.6530        -1533.540    -1536.123        2.583   208.2
0.6540        -1533.536    -1536.144        2.608   210.1
0.6550        -1533.501    -1536.140        2.639   212.7
0.6560        -1533.533    -1536.085        2.553   205.7
0.6570        -1533.537    -1536.010        2.473   199.3
0.6580        -1533.481    -1535.944        2.463   198.5
0.6590        -1533.444    -1535.906        2.462   198.4
0.6600        -1533.512    -1535.864        2.352   189.5
0.6610        -1533.492    -1535.841        2.350   189.4
0.6620        -1533.505    -1535.815        2.310   186.2
0.6630        -1533.574    -1535.802        2.228   179.5
0.6640        -1533.604    -1535.822        2.218   178.8
0.6650        -1533.562    -1535.871        2.309   186.1
0.6660        -1533.629    -1535.936        2.307   185.9
0.6670        -1533.568    -1536.001        2.432   196.0
0.6680        -1533.529    -1536.043        2.515   202.6
0.6690        -1533.527    -1536.051        2.525   203.5
0.6700        -1533.519    -1536.036        2.518   202.9
0.6710        -1533.554    -1536.011        2.458   198.1
0.6720        -1533.527    -1535.997        2.470   199.0
0.6730        -1533.566    -1535.996        2.430   195.8
0.6740        -1533.511    -1536.003        2.492   200.8
0.6750        -1533.474    -1536.008        2.534   204.2
0.6760        -1533.469    -1536.001        2.531   204.0
0.6770        -1533.538    -1535.982        2.444   196.9
0.6780        -1533.558    -1535.951        2.393   192.8
0.6790        -1533.514    -1535.905        2.390   192.6
0.6800        -1533.501    -1535.855        2.354   189.7
0.6810        -1533.507    -1535.812        2.305   185.7
0.6820        -1533.518    -1535.763        2.245   180.9
0.6830        -1533.477    -1535.727        2.250   181.3
0.6840        -1533.543    -1535.719        2.175   175.3
0.6850        -1533.574    -1535.739        2.165   174.5
0.6860        -1533.562    -1535.791        2.229   179.6
0.6870        -1533.461    -1535.874        2.413   194.4
0.6880        -1533.468    -1535.971        2.504   201.8
0.6890        -1533.457    -1536.049        2.592   208.9
0.6900        -1533.377    -1536.073        2.696   217.3
0.6910        -1533.411    -1536.038        2.627   211.7
0.6920        -1533.463    -1535.940        2.477   199.7
0.6930        -1533.439    -1535.820        2.381   191.9
0.6940        -1533.471    -1535.718        2.247   181.1
0.6950        -1533.491    -1535.655        2.164   174.4
0.6960        -1533.512    -1535.619        2.107   169.8
0.6970        -1533.480    -1535.638        2.158   173.9
0.6980        -1533.533    -1535.695        2.163   174.3
0.6990        -1533.447    -1535.781        2.335   188.1
0.7000        -1533.402    -1535.866        2.465   198.6
0.7010        -1533.395    -1535.930        2.535   204.3
0.7020        -1533.461    -1535.956        2.496   201.1
0.7030        -1533.482    -1535.952        2.470   199.1
0.7040        -1533.522    -1535.922        2.401   193.5
0.7050        -1533.507    -1535.881        2.375   191.4
0.7060        -1533.532    -1535.838        2.306   185.9
0.7070        -1533.535    -1535.806        2.271   183.0
0.7080        -1533.544    -1535.806        2.262   182.3
0.7090        -1533.521    -1535.856        2.335   188.2
0.7100        -1533.511    -1535.936        2.425   195.4
0.7110        -1533.583    -1536.033        2.449   197.4
0.7120        -1533.590    -1536.131        2.541   204.8
0.7130        -1533.586    -1536.200        2.614   210.7
0.7140        -1533.549    -1536.199        2.650   213.5
0.7150        -1533.576    -1536.119        2.543   205.0
0.7160        -1533.555    -1535.991        2.436   196.3
0.7170        -1533.614    -1535.865        2.251   181.4
0.7180        -1533.567    -1535.787        2.220   178.9
0.7190        -1533.555    -1535.786        2.231   179.8
0.7200        -1533.593    -1535.840        2.247   181.1
0.7210        -1533.651    -1535.930        2.279   183.7
0.7220        -1533.725    -1536.025        2.300   185.3
0.7230        -1533.745    -1536.107        2.362   190.3
0.7240        -1533.734    -1536.158        2.424   195.4
0.7250        -1533.733    -1536.188        2.455   197.8
0.7260        -1533.667    -1536.180        2.513   202.5
0.7270        -1533.639    -1536.136        2.497   201.2
0.7280        -1533.586    -1536.052        2.466   198.7
0.7290        -1533.674    -1535.946        2.272   183.1
0.7300        -1533.716    -1535.848        2.133   171.9
0.7310        -1533.671    -1535.789        2.118   170.7
0.7320        -1533.652    -1535.774        2.122   171.0
0.7330        -1533.675    -1535.800        2.125   171.2
0.7340        -1533.604    -1535.844        2.241   180.6
0.7350        -1533.630    -1535.892        2.262   182.3
0.7360        -1533.637    -1535.928        2.292   184.7
0.7370        -1533.592    -1535.941        2.349   189.3
0.7380        -1533.571    -1535.930        2.359   190.1
0.7390        -1533.493    -1535.908        2.415   194.6
0.7400        -1533.550    -1535.881        2.331   187.8
0.7410        -1533.653    -1535.863        2.210   178.1
0.7420        -1533.686    -1535.878        2.192   176.7
0.7430        -1533.713    -1535.930        2.217   178.6
0.7440        -1533.655    -1535.998        2.343   188.8
0.7450        -1533.680    -1536.077        2.397   193.2
0.7460        -1533.655    -1536.140        2.484   200.2
0.7470        -1533.599    -1536.164        2.565   206.7
0.7480        -1533.524    -1536.158        2.634   212.3
0.7490        -1533.530    -1536.106        2.576   207.6
0.7500        -1533.493    -1536.024        2.531   204.0
0.7510        -1533.493    -1535.915        2.422   195.2
0.7520        -1533.422    -1535.809        2.387   192.3
0.7530        -1533.483    -1535.736        2.254   181.6
0.7540        -1533.438    -1535.727        2.289   184.4
0.7550        -1533.466    -1535.780        2.314   186.4
0.7560        -1533.509    -1535.870        2.361   190.2
0.7570        -1533.543    -1535.973        2.430   195.8
0.7580        -1533.513    -1536.057        2.545   205.1
0.7590        -1533.587    -1536.089        2.501   201.6
0.7600        -1533.556    -1536.058        2.502   201.6
0.7610        -1533.638    -1535.984        2.346   189.1
0.7620        -1533.671    -1535.911        2.240   180.6
0.7630        -1533.606    -1535.872        2.266   182.6
0.7640        -1533.527    -1535.875        2.348   189.2
0.7650        -1533.483    -1535.912        2.428   195.7
0.7660        -1533.447    -1535.961        2.514   202.6
0.7670        -1533.490    -1535.990        2.499   201.4
0.7680        -1533.555    -1535.980        2.425   195.4
0.7690        -1533.519    -1535.935        2.417   194.7
0.7700        -1533.553    -1535.862        2.308   186.0
0.7710        -1533.573    -1535.781        2.208   177.9
0.7720        -1533.523    -1535.714        2.191   176.6
0.7730        -1533.502    -1535.679        2.177   175.4
0.7740        -1533.496    -1535.699        2.203   177.5
0.7750        -1533.496    -1535.766        2.270   182.9
0.7760        -1533.471    -1535.868        2.397   193.2
0.7770        -1533.428    -1535.976        2.548   205.3
0.7780        -1533.436    -1536.061        2.625   211.6
0.7790        -1533.497    -1536.107        2.610   210.3
0.7800        -1533.436    -1536.112        2.676   215.7
0.7810        -1533.440    -1536.073        2.634   212.2
0.7820        -1533.402    -1536.004        2.603   209.8
0.7830        -1533.366    -1535.927        2.561   206.4
0.7840        -1533.339    -1535.837        2.498   201.3
0.7850        -1533.349    -1535.786        2.438   196.4
0.7860        -1533.373    -1535.768        2.396   193.0
0.7870        -1533.391    -1535.777        2.386   192.3
0.7880        -1533.357    -1535.814        2.457   198.0
0.7890        -1533.276    -1535.844        2.568   206.9
0.7900        -1533.268    -1535.853        2.585   208.3
0.7910        -1533.276    -1535.845        2.569   207.0
0.7920        -1533.317    -1535.817        2.500   201.4
0.7930        -1533.316    -1535.775        2.459   198.2
0.7940        -1533.309    -1535.741        2.431   195.9
0.7950        -1533.304    -1535.718        2.414   194.5
0.7960        -1533.330    -1535.709        2.379   191.7
0.7970        -1533.359    -1535.718        2.358   190.0
0.7980        -1533.388    -1535.747        2.359   190.1
0.7990        -1533.401    -1535.796        2.395   193.0
0.8000        -1533.542    -1535.858        2.317   186.7
0.8010        -1533.512    -1535.936        2.423   195.3
0.8020        -1533.568    -1536.017        2.449   197.4
0.8030        -1533.620    -1536.088        2.469   198.9
0.8040        -1533.567    -1536.143        2.575   207.5
0.8050        -1533.573    -1536.166        2.593   209.0
0.8060        -1533.597    -1536.169        2.572   207.2
0.8070        -1533.623    -1536.141        2.517   202.9
0.8080        -1533.575    -1536.084        2.509   202.2
0.8090        -1533.630    -1536.011        2.380   191.8
0.8100        -1533.637    -1535.933        2.296   185.0
0.8110        -1533.704    -1535.860        2.156   173.8
0.8120        -1533.704    -1535.816        2.112   170.2
0.8130        -1533.739    -1535.797        2.058   165.8
0.8140        -1533.729    -1535.807        2.077   167.4
0.8150        -1533.776    -1535.849        2.073   167.1
0.8160        -1533.739    -1535.916        2.177   175.5
0.8170        -1533.791    -1536.004        2.213   178.4
0.8180        -1533.733    -1536.080        2.346   189.1
0.8190        -1533.758    -1536.137        2.379   191.7
0.8200        -1533.790    -1536.171        2.381   191.9
0.8210        -1533.791    -1536.187        2.396   193.1
0.8220        -1533.746    -1536.165        2.419   195.0
0.8230        -1533.740    -1536.121        2.381   191.9
0.8240        -1533.670    -1536.080        2.410   194.2
0.8250        -1533.687    -1536.045        2.358   190.1
0.8260        -1533.656    -1536.029        2.373   191.2
0.8270        -1533.633    -1536.031        2.397   193.2
0.8280        -1533.583    -1536.036        2.452   197.6
0.8290        -1533.568    -1536.030        2.462   198.4
0.8300        -1533.547    -1536.008        2.461   198.3
0.8310        -1533.600    -1535.978        2.378   191.7
0.8320        -1533.602    -1535.952        2.350   189.4
0.8330        -1533.688    -1535.931        2.243   180.7
0.8340        -1533.684    -1535.930        2.245   180.9
0.8350        -1533.690    -1535.938        2.248   181.1
0.8360        -1533.707    -1535.962        2.255   181.8
0.8370        -1533.635    -1535.999        2.364   190.5
0.8380        -1533.606    -1536.030        2.425   195.4
0.8390        -1533.587    -1536.040        2.453   197.7
0.8400        -1533.578    -1536.035        2.457   198.0
0.8410        -1533.571    -1536.029        2.458   198.1
0.8420        -1533.559    -1536.013        2.454   197.8
0.8430        -1533.548    -1535.991        2.444   196.9
0.8440        -1533.589    -1535.978        2.389   192.5
0.8450        -1533.577    -1535.971        2.394   192.9
0.8460        -1533.552    -1535.955        2.403   193.6
0.8470        -1533.516    -1535.928        2.412   194.4
0.8480        -1533.532    -1535.879        2.348   189.2
0.8490        -1533.582    -1535.853        2.272   183.1
0.8500        -1533.520    -1535.865        2.345   189.0
0.8510        -1533.565    -1535.896        2.331   187.9
0.8520        -1533.510    -1535.960        2.449   197.4
0.8530        -1533.542    -1536.026        2.485   200.2
0.8540        -1533.513    -1536.071        2.558   206.2
0.8550        -1533.569    -1536.081        2.511   202.4
0.8560        -1533.555    -1536.042        2.487   200.4
0.8570        -1533.510    -1535.967        2.457   198.0
0.8580        -1533.540    -1535.895        2.355   189.8
0.8590        -1533.575    -1535.857        2.282   183.9
0.8600        -1533.494    -1535.873        2.379   191.7
0.8610        -1533.548    -1535.930        2.382   192.0
0.8620        -1533.497    -1536.016        2.519   203.0
0.8630        -1533.531    -1536.093        2.562   206.4
0.8640        -1533.569    -1536.138        2.569   207.0
0.8650        -1533.597    -1536.131        2.534   204.2
0.8660        -1533.599    -1536.067        2.467   198.8
0.8670        -1533.685    -1535.972        2.287   184.3
0.8680        -1533.629    -1535.898        2.269   182.9
0.8690        -1533.652    -1535.847        2.195   176.9
0.8700        -1533.601    -1535.840        2.239   180.4
0.8710        -1533.685    -1535.882        2.197   177.1
0.8720        -1533.718    -1535.944        2.226   179.4
0.8730        -1533.650    -1536.011        2.361   190.3
0.8740        -1533.646    -1536.058        2.413   194.4
0.8750        -1533.623    -1536.069        2.446   197.1
0.8760        -1533.632    -1536.061        2.430   195.8
0.8770        -1533.604    -1536.036        2.432   195.9
0.8780        -1533.509    -1535.984        2.475   199.5
0.8790        -1533.555    -1535.929        2.374   191.3
0.8800        -1533.531    -1535.880        2.349   189.3
0.8810        -1533.446    -1535.839        2.393   192.8
0.8820        -1533.422    -1535.810        2.388   192.4
0.8830        -1533.397    -1535.788        2.390   192.6
0.8840        -1533.342    -1535.753        2.411   194.3
0.8850        -1533.358    -1535.716        2.357   190.0
0.8860        -1533.374    -1535.685        2.311   186.2
0.8870        -1533.395    -1535.669        2.275   183.3
0.8880        -1533.464    -1535.688        2.224   179.2
0.8890        -1533.470    -1535.748        2.278   183.6
0.8900        -1533.492    -1535.833        2.341   188.6
0.8910        -1533.550    -1535.895        2.346   189.0
0.8920        -1533.559    -1535.926        2.367   190.8
0.8930        -1533.645    -1535.920        2.275   183.3
0.8940        -1533.638    -1535.885        2.247   181.1
0.8950        -1533.635    -1535.850        2.216   178.6
0.8960        -1533.597    -1535.829        2.233   179.9
0.8970        -1533.568    -1535.838        2.270   182.9
0.8980        -1533.525    -1535.866        2.341   188.6
0.8990        -1533.494    -1535.897        2.403   193.6
0.9000        -1533.497    -1535.922        2.425   195.4
0.9010        -1533.430    -1535.938        2.507   202.1
0.9020        -1533.398    -1535.931        2.533   204.1
0.9030        -1533.392    -1535.897        2.505   201.8
0.9040        -1533.370    -1535.839        2.469   198.9
0.9050        -1533.318    -1535.772        2.455   197.8
0.9060        -1533.261    -1535.727        2.466   198.7
0.9070        -1533.234    -1535.718        2.484   200.2
0.9080        -1533.212    -1535.764        2.552   205.7
0.9090        -1533.157    -1535.844        2.687   216.5
0.9100        -1533.192    -1535.932        2.741   220.9
0.9110        -1533.258    -1536.016        2.759   222.3
0.9120        -1533.180    -1536.053        2.873   231.5
0.9130        -1533.159    -1536.035        2.876   231.8
0.9140        -1533.166    -1535.974        2.808   226.3
0.9150        -1533.214    -1535.893        2.679   215.9
0.9160        -1533.203    -1535.820        2.617   210.9
0.9170        -1533.200    -1535.783        2.583   208.1
0.9180        -1533.249    -1535.782        2.534   204.2
0.9190        -1533.126    -1535.802        2.677   215.7
0.9200        -1533.171    -1535.820        2.649   213.5
0.9210        -1533.215    -1535.805        2.590   208.7
0.9220        -1533.239    -1535.756        2.517   202.8
0.9230        -1533.321    -1535.700        2.379   191.7
0.9240        -1533.367    -1535.685        2.318   186.8
0.9250        -1533.372    -1535.718        2.346   189.0
0.9260        -1533.385    -1535.800        2.415   194.6
0.9270        -1533.379    -1535.911        2.531   204.0
0.9280        -1533.420    -1536.020        2.600   209.5
0.9290        -1533.425    -1536.078        2.653   213.8
0.9300        -1533.453    -1536.076        2.624   211.4
0.9310        -1533.470    -1536.004        2.533   204.1
0.9320        -1533.493    -1535.887        2.394   192.9
0.9330        -1533.465    -1535.770        2.305   185.8
0.9340        -1533.395    -1535.688        2.294   184.8
0.9350        -1533.419    -1535.657        2.239   180.4
0.9360        -1533.425    -1535.681        2.257   181.9
0.9370        -1533.389    -1535.749        2.359   190.1
0.9380        -1533.350    -1535.822        2.472   199.2
0.9390        -1533.315    -1535.871        2.557   206.0
0.9400        -1533.336    -1535.888        2.552   205.7
0.9410        -1533.397    -1535.873        2.476   199.5
0.9420        -1533.414    -1535.835        2.421   195.1
0.9430        -1533.408    -1535.807        2.399   193.3
0.9440        -1533.423    -1535.808        2.385   192.2
0.9450        -1533.349    -1535.843        2.494   201.0
0.9460        -1533.309    -1535.892        2.583   208.2
0.9470        -1533.285    -1535.915        2.631   212.0
0.9480        -1533.313    -1535.906        2.593   209.0
0.9490        -1533.299    -1535.857        2.558   206.1
0.9500        -1533.281    -1535.766        2.485   200.3
0.9510        -1533.305    -1535.667        2.362   190.4
0.9520        -1533.327    -1535.591        2.264   182.5
0.9530        -1533.343    -1535.575        2.232   179.8
0.9540        -1533.305    -1535.623        2.318   186.8
0.9550        -1533.317    -1535.723        2.406   193.9
0.9560        -1533.270    -1535.829        2.558   206.2
0.9570        -1533.331    -1535.897        2.566   206.8
0.9580        -1533.364    -1535.896        2.532   204.1
0.9590        -1533.368    -1535.817        2.450   197.4
0.9600        -1533.312    -1535.681        2.369   190.9
0.9610        -1533.288    -1535.535        2.247   181.1
0.9620        -1533.318    -1535.452        2.134   172.0
0.9630        -1533.388    -1535.457        2.069   166.8
0.9640        -1533.399    -1535.581        2.182   175.9
0.9650        -1533.453    -1535.777        2.324   187.2
0.9660        -1533.447    -1535.981        2.534   204.2
0.9670        -1533.353    -1536.135        2.782   224.2
0.9680        -1533.375    -1536.212        2.837   228.6
0.9690        -1533.414    -1536.200        2.786   224.5
0.9700        -1533.433    -1536.130        2.697   217.3
0.9710        -1533.452    -1536.032        2.580   207.9
0.9720        -1533.433    -1535.930        2.497   201.3
0.9730        -1533.395    -1535.853        2.458   198.1
0.9740        -1533.443    -1535.809        2.366   190.7
0.9750        -1533.518    -1535.796        2.278   183.6
0.9760        -1533.554    -1535.822        2.268   182.8
0.9770        -1533.483    -1535.875        2.391   192.7
0.9780        -1533.441    -1535.932        2.491   200.7
0.9790        -1533.438    -1535.993        2.556   205.9
0.9800        -1533.371    -1536.041        2.670   215.1
0.9810        -1533.394    -1536.065        2.671   215.3
0.9820        -1533.357    -1536.060        2.703   217.8
0.9830        -1533.380    -1536.042        2.662   214.6
0.9840        -1533.362    -1536.009        2.647   213.3
0.9850        -1533.360    -1535.963        2.603   209.8
0.9860        -1533.419    -1535.917        2.498   201.3
0.9870        -1533.425    -1535.894        2.469   198.9
0.9880        -1533.388    -1535.899        2.511   202.3
0.9890        -1533.328    -1535.927        2.599   209.4
0.9900        -1533.322    -1535.957        2.635   212.3
0.9910        -1533.289    -1535.963        2.674   215.5
0.9920        -1533.311    -1535.937        2.626   211.6
0.9930        -1533.287    -1535.873        2.586   208.4
0.9940        -1533.342    -1535.794        2.452   197.6
0.9950        -1533.353    -1535.713        2.361   190.2
0.9960        -1533.352    -1535.649        2.297   185.1
0.9970        -1533.401    -1535.612        2.211   178.2
0.9980        -1533.386    -1535.613        2.227   179.5
0.9990        -1533.395    -1535.659        2.264   182.4
1.0000        -1533.485    -1535.748        2.263   182.3
