Time[ps]      Etot[eV]     Epot[eV]     Ekin[eV]    T[K]
0.0000        -1532.659    -1533.783        1.124    90.6
0.0010        -1532.686    -1533.884        1.198    96.5
0.0020        -1532.693    -1534.157        1.465   118.0
0.0030        -1532.677    -1534.553        1.876   151.2
0.0040        -1532.692    -1534.988        2.296   185.0
0.0050        -1532.716    -1535.392        2.676   215.6
0.0060        -1532.719    -1535.721        3.002   241.9
0.0070        -1532.723    -1535.960        3.237   260.8
0.0080        -1532.751    -1536.124        3.373   271.8
0.0090        -1532.856    -1536.248        3.392   273.3
0.0100        -1532.941    -1536.359        3.418   275.4
0.0110        -1533.036    -1536.464        3.428   276.2
0.0120        -1533.091    -1536.533        3.442   277.4
0.0130        -1533.177    -1536.519        3.341   269.3
0.0140        -1533.180    -1536.398        3.218   259.3
0.0150        -1533.307    -1536.206        2.900   233.7
0.0160        -1533.311    -1536.006        2.695   217.2
0.0170        -1533.349    -1535.866        2.517   202.8
0.0180        -1533.397    -1535.825        2.429   195.7
0.0190        -1533.408    -1535.896        2.488   200.5
0.0200        -1533.439    -1536.040        2.601   209.6
0.0210        -1533.409    -1536.176        2.767   223.0
0.0220        -1533.438    -1536.228        2.790   224.9
0.0230        -1533.498    -1536.167        2.668   215.0
0.0240        -1533.509    -1535.999        2.490   200.7
0.0250        -1533.516    -1535.783        2.267   182.7
0.0260        -1533.565    -1535.596        2.031   163.6
0.0270        -1533.585    -1535.481        1.896   152.8
0.0280        -1533.533    -1535.451        1.918   154.6
0.0290        -1533.489    -1535.470        1.981   159.7
0.0300        -1533.538    -1535.488        1.949   157.1
0.0310        -1533.569    -1535.452        1.883   151.7
0.0320        -1533.576    -1535.357        1.782   143.6
0.0330        -1533.563    -1535.234        1.671   134.7
0.0340        -1533.522    -1535.129        1.606   129.4
0.0350        -1533.503    -1535.105        1.602   129.1
0.0360        -1533.495    -1535.217        1.722   138.8
0.0370        -1533.484    -1535.480        1.996   160.8
0.0380        -1533.550    -1535.860        2.310   186.2
0.0390        -1533.520    -1536.298        2.778   223.9
0.0400        -1533.608    -1536.699        3.092   249.2
0.0410        -1533.637    -1536.984        3.347   269.7
0.0420        -1533.681    -1537.104        3.423   275.8
0.0430        -1533.745    -1537.055        3.310   266.8
0.0440        -1533.811    -1536.884        3.074   247.7
0.0450        -1533.795    -1536.657        2.862   230.6
0.0460        -1533.887    -1536.448        2.561   206.4
0.0470        -1533.886    -1536.300        2.414   194.6
0.0480        -1533.902    -1536.213        2.311   186.3
0.0490        -1533.901    -1536.157        2.257   181.8
0.0500        -1533.932    -1536.093        2.161   174.2
0.0510        -1533.954    -1535.997        2.043   164.6
0.0520        -1533.950    -1535.876        1.925   155.2
0.0530        -1533.926    -1535.752        1.826   147.2
0.0540        -1533.973    -1535.661        1.688   136.0
0.0550        -1533.985    -1535.637        1.652   133.1
0.0560        -1533.982    -1535.686        1.704   137.3
0.0570        -1534.004    -1535.781        1.777   143.2
0.0580        -1534.016    -1535.904        1.888   152.1
0.0590        -1534.001    -1536.029        2.027   163.4
0.0600        -1534.023    -1536.127        2.104   169.6
0.0610        -1534.012    -1536.177        2.166   174.5
0.0620        -1534.010    -1536.186        2.176   175.3
0.0630        -1533.992    -1536.158        2.166   174.5
0.0640        -1534.023    -1536.119        2.096   168.9
0.0650        -1534.066    -1536.094        2.028   163.4
0.0660        -1534.058    -1536.093        2.035   164.0
0.0670        -1534.082    -1536.106        2.023   163.0
0.0680        -1534.103    -1536.120        2.017   162.5
0.0690        -1534.096    -1536.132        2.036   164.1
0.0700        -1534.112    -1536.148        2.036   164.1
0.0710        -1534.148    -1536.183        2.035   164.0
0.0720        -1534.138    -1536.261        2.124   171.1
0.0730        -1534.159    -1536.396        2.237   180.3
0.0740        -1534.198    -1536.581        2.382   192.0
0.0750        -1534.210    -1536.782        2.572   207.3
0.0760        -1534.290    -1536.951        2.661   214.4
0.0770        -1534.306    -1537.035        2.729   219.9
0.0780        -1534.346    -1537.003        2.657   214.1
0.0790        -1534.383    -1536.841        2.458   198.1
0.0800        -1534.396    -1536.577        2.182   175.8
0.0810        -1534.420    -1536.264        1.844   148.6
0.0820        -1534.442    -1535.966        1.523   122.8
0.0830        -1534.435    -1535.757        1.323   106.6
0.0840        -1534.440    -1535.667        1.227    98.9
0.0850        -1534.474    -1535.697        1.223    98.5
0.0860        -1534.492    -1535.815        1.323   106.6
0.0870        -1534.512    -1535.968        1.456   117.3
0.0880        -1534.525    -1536.122        1.597   128.7
0.0890        -1534.553    -1536.248        1.696   136.6
0.0900        -1534.581    -1536.345        1.764   142.1
0.0910        -1534.538    -1536.423        1.885   151.9
0.0920        -1534.556    -1536.492        1.936   156.0
0.0930        -1534.593    -1536.569        1.976   159.2
0.0940        -1534.589    -1536.661        2.072   167.0
0.0950        -1534.595    -1536.739        2.144   172.7
0.0960        -1534.554    -1536.785        2.231   179.8
0.0970        -1534.528    -1536.777        2.249   181.3
0.0980        -1534.569    -1536.704        2.136   172.1
0.0990        -1534.573    -1536.589        2.016   162.5
0.1000        -1534.593    -1536.466        1.872   150.9
0.1010        -1534.630    -1536.372        1.742   140.4
0.1020        -1534.659    -1536.332        1.673   134.9
0.1030        -1534.672    -1536.353        1.682   135.5
0.1040        -1534.685    -1536.422        1.737   140.0
0.1050        -1534.749    -1536.502        1.753   141.3
0.1060        -1534.751    -1536.574        1.822   146.8
0.1070        -1534.766    -1536.614        1.848   148.9
0.1080        -1534.805    -1536.622        1.817   146.4
0.1090        -1534.810    -1536.605        1.795   144.6
0.1100        -1534.816    -1536.574        1.758   141.7
0.1110        -1534.845    -1536.540        1.695   136.6
0.1120        -1534.858    -1536.507        1.649   132.9
0.1130        -1534.877    -1536.477        1.599   128.9
0.1140        -1534.884    -1536.448        1.564   126.0
0.1150        -1534.895    -1536.420        1.524   122.8
0.1160        -1534.889    -1536.395        1.507   121.4
0.1170        -1534.857    -1536.371        1.515   122.1
0.1180        -1534.847    -1536.361        1.513   121.9
0.1190        -1534.866    -1536.382        1.516   122.2
0.1200        -1534.896    -1536.448        1.552   125.1
0.1210        -1534.930    -1536.561        1.631   131.5
0.1220        -1534.956    -1536.699        1.743   140.4
0.1230        -1534.984    -1536.839        1.855   149.5
0.1240        -1535.043    -1536.950        1.907   153.6
0.1250        -1535.048    -1537.021        1.972   158.9
0.1260        -1535.105    -1537.048        1.943   156.6
0.1270        -1535.155    -1537.034        1.878   151.4
0.1280        -1535.197    -1536.997        1.800   145.1
0.1290        -1535.220    -1536.954        1.734   139.7
0.1300        -1535.233    -1536.922        1.689   136.1
0.1310        -1535.252    -1536.901        1.649   132.9
0.1320        -1535.257    -1536.899        1.642   132.3
0.1330        -1535.253    -1536.897        1.644   132.5
0.1340        -1535.225    -1536.877        1.651   133.1
0.1350        -1535.269    -1536.835        1.566   126.2
0.1360        -1535.268    -1536.773        1.504   121.2
0.1370        -1535.308    -1536.709        1.400   112.8
0.1380        -1535.310    -1536.673        1.363   109.8
0.1390        -1535.348    -1536.673        1.324   106.7
0.1400        -1535.346    -1536.705        1.359   109.5
0.1410        -1535.324    -1536.760        1.436   115.7
0.1420        -1535.356    -1536.819        1.463   117.9
0.1430        -1535.363    -1536.870        1.506   121.4
0.1440        -1535.377    -1536.910        1.532   123.5
0.1450        -1535.417    -1536.929        1.512   121.8
0.1460        -1535.411    -1536.928        1.517   122.2
0.1470        -1535.401    -1536.906        1.505   121.3
0.1480        -1535.381    -1536.874        1.493   120.3
0.1490        -1535.346    -1536.837        1.491   120.1
0.1500        -1535.316    -1536.791        1.476   118.9
0.1510        -1535.291    -1536.737        1.446   116.6
0.1520        -1535.279    -1536.675        1.396   112.5
0.1530        -1535.291    -1536.621        1.331   107.2
0.1540        -1535.250    -1536.600        1.351   108.8
0.1550        -1535.250    -1536.632        1.382   111.4
0.1560        -1535.202    -1536.717        1.515   122.1
0.1570        -1535.192    -1536.826        1.634   131.7
0.1580        -1535.170    -1536.930        1.760   141.8
0.1590        -1535.207    -1536.997        1.790   144.2
0.1600        -1535.173    -1537.012        1.840   148.2
0.1610        -1535.190    -1536.967        1.777   143.2
0.1620        -1535.191    -1536.880        1.689   136.1
0.1630        -1535.201    -1536.777        1.577   127.0
0.1640        -1535.258    -1536.685        1.427   115.0
0.1650        -1535.268    -1536.627        1.360   109.6
0.1660        -1535.257    -1536.617        1.360   109.6
0.1670        -1535.273    -1536.645        1.372   110.6
0.1680        -1535.272    -1536.693        1.420   114.5
0.1690        -1535.276    -1536.724        1.447   116.6
0.1700        -1535.282    -1536.727        1.445   116.4
0.1710        -1535.310    -1536.707        1.398   112.6
0.1720        -1535.317    -1536.673        1.356   109.3
0.1730        -1535.305    -1536.646        1.341   108.1
0.1740        -1535.302    -1536.652        1.350   108.8
0.1750        -1535.319    -1536.694        1.375   110.8
0.1760        -1535.293    -1536.767        1.474   118.8
0.1770        -1535.296    -1536.860        1.564   126.0
0.1780        -1535.362    -1536.950        1.588   127.9
0.1790        -1535.335    -1537.006        1.671   134.7
0.1800        -1535.323    -1537.015        1.691   136.3
0.1810        -1535.368    -1536.973        1.605   129.3
0.1820        -1535.356    -1536.890        1.534   123.6
0.1830        -1535.357    -1536.794        1.437   115.8
0.1840        -1535.364    -1536.713        1.349   108.7
0.1850        -1535.348    -1536.672        1.325   106.7
0.1860        -1535.362    -1536.682        1.320   106.4
0.1870        -1535.364    -1536.739        1.375   110.8
0.1880        -1535.369    -1536.820        1.450   116.9
0.1890        -1535.315    -1536.896        1.580   127.4
0.1900        -1535.350    -1536.948        1.598   128.8
0.1910        -1535.378    -1536.972        1.594   128.4
0.1920        -1535.383    -1536.979        1.597   128.7
0.1930        -1535.357    -1536.975        1.618   130.4
0.1940        -1535.365    -1536.961        1.596   128.7
0.1950        -1535.364    -1536.940        1.577   127.1
0.1960        -1535.389    -1536.913        1.524   122.8
0.1970        -1535.372    -1536.867        1.496   120.5
0.1980        -1535.363    -1536.804        1.441   116.1
0.1990        -1535.359    -1536.731        1.372   110.6
0.2000        -1535.356    -1536.659        1.303   105.0
0.2010        -1535.389    -1536.617        1.228    99.0
0.2020        -1535.405    -1536.610        1.205    97.1
0.2030        -1535.411    -1536.642        1.230    99.1
0.2040        -1535.438    -1536.706        1.268   102.2
0.2050        -1535.454    -1536.786        1.332   107.4
0.2060        -1535.473    -1536.860        1.387   111.8
0.2070        -1535.492    -1536.911        1.419   114.3
0.2080        -1535.486    -1536.930        1.445   116.4
0.2090        -1535.475    -1536.929        1.454   117.1
0.2100        -1535.485    -1536.922        1.438   115.9
0.2110        -1535.455    -1536.916        1.461   117.7
0.2120        -1535.451    -1536.918        1.467   118.2
0.2130        -1535.448    -1536.926        1.477   119.0
0.2140        -1535.437    -1536.927        1.490   120.1
0.2150        -1535.390    -1536.918        1.528   123.1
0.2160        -1535.416    -1536.896        1.480   119.3
0.2170        -1535.425    -1536.862        1.437   115.8
0.2180        -1535.437    -1536.822        1.384   111.6
0.2190        -1535.464    -1536.786        1.322   106.5
0.2200        -1535.468    -1536.765        1.297   104.5
0.2210        -1535.443    -1536.765        1.322   106.6
0.2220        -1535.456    -1536.784        1.328   107.1
0.2230        -1535.475    -1536.815        1.340   108.0
0.2240        -1535.453    -1536.853        1.400   112.8
0.2250        -1535.431    -1536.886        1.455   117.3
0.2260        -1535.453    -1536.904        1.451   117.0
0.2270        -1535.455    -1536.903        1.448   116.7
0.2280        -1535.483    -1536.891        1.408   113.5
0.2290        -1535.472    -1536.877        1.405   113.2
0.2300        -1535.508    -1536.861        1.353   109.1
0.2310        -1535.458    -1536.849        1.391   112.1
0.2320        -1535.440    -1536.838        1.399   112.7
0.2330        -1535.443    -1536.824        1.381   111.3
0.2340        -1535.397    -1536.804        1.406   113.3
0.2350        -1535.386    -1536.780        1.394   112.4
0.2360        -1535.409    -1536.758        1.349   108.7
0.2370        -1535.406    -1536.750        1.344   108.3
0.2380        -1535.405    -1536.770        1.365   110.0
0.2390        -1535.386    -1536.823        1.437   115.8
0.2400        -1535.400    -1536.907        1.507   121.4
0.2410        -1535.405    -1537.004        1.599   128.8
0.2420        -1535.405    -1537.085        1.680   135.4
0.2430        -1535.419    -1537.132        1.714   138.1
0.2440        -1535.443    -1537.146        1.703   137.2
0.2450        -1535.436    -1537.131        1.695   136.6
0.2460        -1535.451    -1537.092        1.641   132.3
0.2470        -1535.462    -1537.043        1.581   127.4
0.2480        -1535.434    -1537.003        1.569   126.5
0.2490        -1535.435    -1536.970        1.535   123.7
0.2500        -1535.400    -1536.950        1.551   125.0
0.2510        -1535.401    -1536.941        1.539   124.0
0.2520        -1535.389    -1536.931        1.542   124.2
0.2530        -1535.418    -1536.905        1.487   119.9
0.2540        -1535.423    -1536.871        1.447   116.6
0.2550        -1535.444    -1536.840        1.396   112.5
0.2560        -1535.430    -1536.832        1.401   112.9
0.2570        -1535.451    -1536.847        1.397   112.6
0.2580        -1535.460    -1536.887        1.427   115.0
0.2590        -1535.467    -1536.949        1.482   119.4
0.2600        -1535.461    -1537.010        1.550   124.9
0.2610        -1535.471    -1537.037        1.566   126.2
0.2620        -1535.448    -1537.021        1.574   126.8
0.2630        -1535.417    -1536.963        1.546   124.6
0.2640        -1535.404    -1536.872        1.468   118.3
0.2650        -1535.419    -1536.771        1.352   109.0
0.2660        -1535.434    -1536.694        1.260   101.5
0.2670        -1535.447    -1536.667        1.221    98.4
0.2680        -1535.389    -1536.697        1.308   105.4
0.2690        -1535.390    -1536.768        1.378   111.0
0.2700        -1535.404    -1536.849        1.445   116.4
0.2710        -1535.402    -1536.926        1.524   122.8
0.2720        -1535.410    -1536.978        1.568   126.4
0.2730        -1535.417    -1536.993        1.576   127.0
0.2740        -1535.421    -1536.987        1.566   126.2
0.2750        -1535.462    -1536.966        1.505   121.3
0.2760        -1535.470    -1536.950        1.480   119.3
0.2770        -1535.475    -1536.952        1.477   119.0
0.2780        -1535.457    -1536.973        1.517   122.2
0.2790        -1535.460    -1537.007        1.547   124.7
0.2800        -1535.454    -1537.039        1.585   127.7
0.2810        -1535.456    -1537.057        1.602   129.1
0.2820        -1535.486    -1537.051        1.565   126.1
0.2830        -1535.485    -1537.018        1.533   123.6
0.2840        -1535.528    -1536.957        1.430   115.2
0.2850        -1535.544    -1536.886        1.342   108.1
0.2860        -1535.565    -1536.819        1.254   101.1
0.2870        -1535.608    -1536.769        1.160    93.5
0.2880        -1535.643    -1536.755        1.112    89.6
0.2890        -1535.647    -1536.765        1.119    90.1
0.2900        -1535.668    -1536.796        1.128    90.9
0.2910        -1535.679    -1536.843        1.164    93.8
0.2920        -1535.664    -1536.890        1.226    98.8
0.2930        -1535.681    -1536.937        1.257   101.3
0.2940        -1535.673    -1536.986        1.313   105.8
0.2950        -1535.710    -1537.030        1.319   106.3
0.2960        -1535.713    -1537.069        1.357   109.3
0.2970        -1535.750    -1537.108        1.358   109.5
0.2980        -1535.758    -1537.138        1.380   111.2
0.2990        -1535.760    -1537.158        1.398   112.7
0.3000        -1535.755    -1537.153        1.399   112.7
0.3010        -1535.756    -1537.127        1.371   110.5
0.3020        -1535.745    -1537.087        1.342   108.1
0.3030        -1535.744    -1537.040        1.296   104.4
0.3040        -1535.743    -1536.990        1.246   100.4
0.3050        -1535.736    -1536.951        1.215    97.9
0.3060        -1535.761    -1536.918        1.157    93.3
0.3070        -1535.753    -1536.896        1.143    92.1
0.3080        -1535.742    -1536.894        1.152    92.8
0.3090        -1535.735    -1536.906        1.171    94.4
0.3100        -1535.691    -1536.928        1.237    99.7
0.3110        -1535.670    -1536.958        1.288   103.8
0.3120        -1535.680    -1537.001        1.321   106.5
0.3130        -1535.702    -1537.049        1.347   108.6
0.3140        -1535.697    -1537.089        1.392   112.2
0.3150        -1535.707    -1537.111        1.404   113.1
0.3160        -1535.716    -1537.107        1.391   112.1
0.3170        -1535.733    -1537.071        1.337   107.8
0.3180        -1535.735    -1537.006        1.271   102.4
0.3190        -1535.717    -1536.924        1.207    97.3
0.3200        -1535.717    -1536.840        1.124    90.6
0.3210        -1535.711    -1536.782        1.071    86.3
0.3220        -1535.721    -1536.778        1.057    85.2
0.3230        -1535.755    -1536.833        1.078    86.9
0.3240        -1535.755    -1536.923        1.168    94.2
0.3250        -1535.754    -1537.013        1.260   101.5
0.3260        -1535.747    -1537.075        1.328   107.0
0.3270        -1535.772    -1537.102        1.331   107.2
0.3280        -1535.750    -1537.102        1.352   109.0
0.3290        -1535.732    -1537.080        1.348   108.6
0.3300        -1535.742    -1537.057        1.316   106.0
0.3310        -1535.757    -1537.059        1.301   104.9
0.3320        -1535.778    -1537.087        1.309   105.5
0.3330        -1535.765    -1537.130        1.365   110.0
0.3340        -1535.760    -1537.172        1.412   113.8
0.3350        -1535.758    -1537.191        1.433   115.5
0.3360        -1535.789    -1537.172        1.384   111.5
0.3370        -1535.801    -1537.114        1.313   105.8
0.3380        -1535.780    -1537.022        1.242   100.1
0.3390        -1535.793    -1536.928        1.135    91.5
0.3400        -1535.807    -1536.872        1.065    85.8
0.3410        -1535.774    -1536.865        1.091    87.9
0.3420        -1535.758    -1536.908        1.151    92.7
0.3430        -1535.723    -1536.980        1.257   101.3
0.3440        -1535.707    -1537.052        1.345   108.4
0.3450        -1535.699    -1537.097        1.398   112.7
0.3460        -1535.675    -1537.104        1.429   115.2
0.3470        -1535.657    -1537.072        1.415   114.0
0.3480        -1535.652    -1537.015        1.363   109.8
0.3490        -1535.646    -1536.951        1.305   105.1
0.3500        -1535.665    -1536.900        1.235    99.5
0.3510        -1535.679    -1536.880        1.201    96.8
0.3520        -1535.679    -1536.896        1.216    98.0
0.3530        -1535.651    -1536.940        1.289   103.9
0.3540        -1535.671    -1536.989        1.318   106.2
0.3550        -1535.652    -1537.031        1.379   111.2
0.3560        -1535.684    -1537.056        1.372   110.6
0.3570        -1535.702    -1537.061        1.359   109.5
0.3580        -1535.729    -1537.054        1.325   106.8
0.3590        -1535.737    -1537.041        1.304   105.1
0.3600        -1535.718    -1537.043        1.325   106.8
0.3610        -1535.711    -1537.068        1.357   109.4
0.3620        -1535.713    -1537.106        1.394   112.3
0.3630        -1535.741    -1537.146        1.405   113.2
0.3640        -1535.772    -1537.171        1.399   112.7
0.3650        -1535.764    -1537.179        1.415   114.0
0.3660        -1535.757    -1537.157        1.400   112.8
0.3670        -1535.737    -1537.113        1.375   110.8
0.3680        -1535.706    -1537.049        1.343   108.2
0.3690        -1535.702    -1536.988        1.287   103.7
0.3700        -1535.691    -1536.942        1.251   100.8
0.3710        -1535.652    -1536.920        1.268   102.2
0.3720        -1535.644    -1536.920        1.277   102.9
0.3730        -1535.665    -1536.927        1.262   101.7
0.3740        -1535.674    -1536.934        1.261   101.6
0.3750        -1535.670    -1536.935        1.265   101.9
0.3760        -1535.662    -1536.933        1.272   102.5
0.3770        -1535.673    -1536.945        1.271   102.5
0.3780        -1535.660    -1536.977        1.317   106.2
0.3790        -1535.704    -1537.022        1.318   106.2
0.3800        -1535.720    -1537.070        1.350   108.8
0.3810        -1535.721    -1537.098        1.377   111.0
0.3820        -1535.696    -1537.093        1.397   112.6
0.3830        -1535.692    -1537.054        1.363   109.8
0.3840        -1535.747    -1537.001        1.254   101.0
0.3850        -1535.737    -1536.961        1.225    98.7
0.3860        -1535.749    -1536.951        1.202    96.9
0.3870        -1535.741    -1536.971        1.230    99.1
0.3880        -1535.758    -1537.022        1.265   101.9
0.3890        -1535.764    -1537.082        1.318   106.2
0.3900        -1535.735    -1537.122        1.387   111.7
0.3910        -1535.744    -1537.120        1.376   110.9
0.3920        -1535.728    -1537.080        1.352   109.0
0.3930        -1535.700    -1537.010        1.310   105.6
0.3940        -1535.729    -1536.937        1.208    97.3
0.3950        -1535.682    -1536.882        1.201    96.8
0.3960        -1535.674    -1536.868        1.194    96.2
0.3970        -1535.678    -1536.893        1.215    97.9
0.3980        -1535.687    -1536.945        1.258   101.4
0.3990        -1535.719    -1537.002        1.282   103.4
0.4000        -1535.701    -1537.047        1.345   108.4
0.4010        -1535.691    -1537.061        1.370   110.4
0.4020        -1535.690    -1537.045        1.355   109.2
0.4030        -1535.711    -1537.010        1.300   104.7
0.4040        -1535.711    -1536.981        1.270   102.4
0.4050        -1535.723    -1536.974        1.251   100.8
0.4060        -1535.731    -1536.993        1.262   101.7
0.4070        -1535.700    -1537.031        1.332   107.3
0.4080        -1535.724    -1537.072        1.348   108.6
0.4090        -1535.714    -1537.089        1.375   110.8
0.4100        -1535.707    -1537.075        1.367   110.2
0.4110        -1535.722    -1537.039        1.317   106.1
0.4120        -1535.714    -1536.997        1.283   103.4
0.4130        -1535.723    -1536.967        1.245   100.3
0.4140        -1535.713    -1536.964        1.251   100.8
0.4150        -1535.683    -1536.997        1.314   105.9
0.4160        -1535.713    -1537.065        1.352   108.9
0.4170        -1535.692    -1537.151        1.459   117.6
0.4180        -1535.698    -1537.220        1.522   122.7
0.4190        -1535.739    -1537.247        1.508   121.5
0.4200        -1535.759    -1537.221        1.461   117.8
0.4210        -1535.747    -1537.151        1.404   113.2
0.4220        -1535.726    -1537.060        1.334   107.5
0.4230        -1535.744    -1536.974        1.230    99.1
0.4240        -1535.725    -1536.901        1.176    94.8
0.4250        -1535.741    -1536.856        1.115    89.9
0.4260        -1535.763    -1536.852        1.089    87.8
0.4270        -1535.771    -1536.884        1.113    89.7
0.4280        -1535.782    -1536.943        1.161    93.6
0.4290        -1535.761    -1537.015        1.253   101.0
0.4300        -1535.766    -1537.084        1.318   106.2
0.4310        -1535.796    -1537.138        1.342   108.1
0.4320        -1535.828    -1537.168        1.339   107.9
0.4330        -1535.838    -1537.184        1.346   108.5
0.4340        -1535.857    -1537.192        1.335   107.6
0.4350        -1535.850    -1537.193        1.343   108.3
0.4360        -1535.856    -1537.186        1.330   107.2
0.4370        -1535.854    -1537.166        1.313   105.8
0.4380        -1535.819    -1537.137        1.318   106.2
0.4390        -1535.817    -1537.101        1.285   103.5
0.4400        -1535.811    -1537.077        1.266   102.1
0.4410        -1535.799    -1537.075        1.276   102.8
0.4420        -1535.779    -1537.084        1.304   105.1
0.4430        -1535.818    -1537.103        1.285   103.5
0.4440        -1535.846    -1537.126        1.280   103.2
0.4450        -1535.835    -1537.138        1.303   105.0
0.4460        -1535.838    -1537.136        1.298   104.6
0.4470        -1535.870    -1537.116        1.245   100.3
0.4480        -1535.873    -1537.082        1.209    97.4
0.4490        -1535.827    -1537.050        1.223    98.5
0.4500        -1535.837    -1537.031        1.193    96.2
0.4510        -1535.824    -1537.026        1.202    96.9
0.4520        -1535.813    -1537.033        1.220    98.3
0.4530        -1535.831    -1537.054        1.223    98.6
0.4540        -1535.790    -1537.068        1.279   103.1
0.4550        -1535.796    -1537.070        1.274   102.7
0.4560        -1535.762    -1537.057        1.295   104.3
0.4570        -1535.780    -1537.024        1.244   100.3
0.4580        -1535.787    -1536.985        1.198    96.6
0.4590        -1535.805    -1536.967        1.162    93.7
0.4600        -1535.795    -1536.980        1.185    95.5
0.4610        -1535.779    -1537.026        1.247   100.5
0.4620        -1535.789    -1537.095        1.307   105.3
0.4630        -1535.794    -1537.160        1.366   110.1
0.4640        -1535.822    -1537.202        1.380   111.2
0.4650        -1535.842    -1537.209        1.366   110.1
0.4660        -1535.857    -1537.185        1.328   107.0
0.4670        -1535.827    -1537.142        1.314   105.9
0.4680        -1535.858    -1537.085        1.228    98.9
0.4690        -1535.884    -1537.046        1.162    93.7
0.4700        -1535.897    -1537.043        1.145    92.3
0.4710        -1535.889    -1537.071        1.182    95.3
0.4720        -1535.886    -1537.123        1.237    99.7
0.4730        -1535.886    -1537.184        1.298   104.6
0.4740        -1535.866    -1537.228        1.362   109.7
0.4750        -1535.858    -1537.233        1.375   110.8
0.4760        -1535.781    -1537.194        1.413   113.9
0.4770        -1535.810    -1537.120        1.309   105.5
0.4780        -1535.835    -1537.031        1.196    96.4
0.4790        -1535.827    -1536.965        1.138    91.7
0.4800        -1535.830    -1536.932        1.102    88.8
0.4810        -1535.826    -1536.946        1.121    90.3
0.4820        -1535.802    -1537.007        1.205    97.1
0.4830        -1535.775    -1537.092        1.317   106.1
0.4840        -1535.743    -1537.166        1.423   114.6
0.4850        -1535.708    -1537.208        1.500   120.9
0.4860        -1535.683    -1537.201        1.519   122.4
0.4870        -1535.669    -1537.146        1.478   119.1
0.4880        -1535.688    -1537.055        1.367   110.2
0.4890        -1535.700    -1536.953        1.253   101.0
0.4900        -1535.676    -1536.872        1.197    96.4
0.4910        -1535.666    -1536.837        1.171    94.4
0.4920        -1535.643    -1536.850        1.206    97.2
0.4930        -1535.647    -1536.904        1.257   101.3
0.4940        -1535.632    -1536.979        1.347   108.5
0.4950        -1535.584    -1537.045        1.461   117.7
0.4960        -1535.586    -1537.084        1.498   120.7
0.4970        -1535.595    -1537.085        1.490   120.1
0.4980        -1535.631    -1537.055        1.424   114.8
0.4990        -1535.624    -1537.018        1.394   112.4
0.5000        -1535.641    -1536.993        1.352   109.0
0.5010        -1535.641    -1536.981        1.339   107.9
0.5020        -1535.635    -1536.980        1.344   108.3
0.5030        -1535.648    -1536.978        1.330   107.2
0.5040        -1535.673    -1536.969        1.296   104.5
0.5050        -1535.661    -1536.959        1.298   104.6
0.5060        -1535.663    -1536.952        1.289   103.9
0.5070        -1535.682    -1536.948        1.267   102.1
0.5080        -1535.686    -1536.953        1.267   102.1
0.5090        -1535.681    -1536.971        1.290   104.0
0.5100        -1535.688    -1536.989        1.302   104.9
0.5110        -1535.640    -1536.992        1.352   108.9
0.5120        -1535.644    -1536.976        1.332   107.3
0.5130        -1535.684    -1536.941        1.258   101.4
0.5140        -1535.688    -1536.906        1.218    98.2
0.5150        -1535.719    -1536.880        1.162    93.6
0.5160        -1535.703    -1536.880        1.177    94.9
0.5170        -1535.755    -1536.902        1.147    92.5
0.5180        -1535.751    -1536.948        1.197    96.4
0.5190        -1535.753    -1537.005        1.252   100.9
0.5200        -1535.776    -1537.054        1.277   102.9
0.5210        -1535.765    -1537.082        1.317   106.1
0.5220        -1535.789    -1537.087        1.297   104.5
0.5230        -1535.817    -1537.078        1.261   101.6
0.5240        -1535.789    -1537.059        1.270   102.3
0.5250        -1535.811    -1537.043        1.232    99.3
0.5260        -1535.829    -1537.043        1.214    97.8
0.5270        -1535.866    -1537.059        1.193    96.1
0.5280        -1535.882    -1537.093        1.211    97.6
0.5290        -1535.873    -1537.139        1.266   102.0
0.5300        -1535.849    -1537.175        1.326   106.8
0.5310        -1535.859    -1537.190        1.332   107.3
0.5320        -1535.898    -1537.194        1.295   104.4
0.5330        -1535.929    -1537.189        1.260   101.6
0.5340        -1535.938    -1537.183        1.245   100.3
0.5350        -1535.942    -1537.174        1.233    99.3
0.5360        -1535.941    -1537.168        1.228    98.9
0.5370        -1535.962    -1537.171        1.209    97.4
0.5380        -1535.948    -1537.177        1.230    99.1
0.5390        -1535.926    -1537.179        1.253   101.0
0.5400        -1535.972    -1537.173        1.201    96.8
0.5410        -1535.981    -1537.154        1.173    94.5
0.5420        -1535.996    -1537.127        1.131    91.2
0.5430        -1536.039    -1537.095        1.056    85.1
0.5440        -1536.018    -1537.067        1.049    84.5
0.5450        -1536.018    -1537.048        1.030    83.0
0.5460        -1535.990    -1537.051        1.061    85.5
0.5470        -1535.985    -1537.063        1.078    86.9
0.5480        -1535.994    -1537.083        1.088    87.7
0.5490        -1535.989    -1537.109        1.119    90.2
0.5500        -1535.998    -1537.135        1.137    91.7
0.5510        -1536.027    -1537.162        1.134    91.4
0.5520        -1536.035    -1537.187        1.152    92.9
0.5530        -1536.016    -1537.214        1.197    96.5
0.5540        -1536.056    -1537.235        1.179    95.0
0.5550        -1536.032    -1537.249        1.217    98.1
0.5560        -1536.032    -1537.252        1.220    98.3
0.5570        -1536.032    -1537.248        1.216    98.0
0.5580        -1536.037    -1537.232        1.195    96.3
0.5590        -1536.005    -1537.206        1.201    96.8
0.5600        -1536.038    -1537.187        1.150    92.6
0.5610        -1536.010    -1537.183        1.173    94.5
0.5620        -1536.002    -1537.196        1.194    96.2
0.5630        -1536.004    -1537.219        1.215    97.9
0.5640        -1535.996    -1537.239        1.243   100.2
0.5650        -1536.004    -1537.245        1.241   100.0
0.5660        -1535.996    -1537.229        1.232    99.3
0.5670        -1535.998    -1537.182        1.183    95.4
0.5680        -1535.989    -1537.126        1.136    91.6
0.5690        -1535.985    -1537.069        1.085    87.4
0.5700        -1535.992    -1537.023        1.031    83.1
0.5710        -1536.007    -1537.007        1.000    80.6
0.5720        -1536.031    -1537.023        0.993    80.0
0.5730        -1536.040    -1537.058        1.018    82.1
0.5740        -1536.028    -1537.102        1.074    86.5
0.5750        -1536.015    -1537.136        1.121    90.4
0.5760        -1536.024    -1537.153        1.129    91.0
0.5770        -1536.000    -1537.154        1.154    93.0
0.5780        -1535.999    -1537.141        1.142    92.0
0.5790        -1535.996    -1537.123        1.127    90.9
0.5800        -1535.948    -1537.115        1.167    94.0
0.5810        -1535.945    -1537.117        1.172    94.4
0.5820        -1535.925    -1537.130        1.205    97.1
0.5830        -1535.896    -1537.152        1.257   101.3
0.5840        -1535.898    -1537.177        1.278   103.0
0.5850        -1535.896    -1537.190        1.294   104.3
0.5860        -1535.885    -1537.178        1.293   104.2
0.5870        -1535.874    -1537.144        1.270   102.4
0.5880        -1535.877    -1537.097        1.221    98.4
0.5890        -1535.865    -1537.056        1.191    96.0
0.5900        -1535.862    -1537.035        1.172    94.5
0.5910        -1535.881    -1537.029        1.148    92.5
0.5920        -1535.910    -1537.049        1.138    91.7
0.5930        -1535.909    -1537.090        1.181    95.2
0.5940        -1535.920    -1537.139        1.219    98.3
0.5950        -1535.938    -1537.187        1.250   100.7
0.5960        -1535.921    -1537.221        1.301   104.8
0.5970        -1535.939    -1537.243        1.305   105.1
0.5980        -1535.911    -1537.251        1.340   108.0
0.5990        -1535.892    -1537.243        1.350   108.8
0.6000        -1535.886    -1537.218        1.332   107.3
0.6010        -1535.849    -1537.186        1.337   107.8
0.6020        -1535.878    -1537.138        1.260   101.6
0.6030        -1535.895    -1537.077        1.183    95.3
0.6040        -1535.896    -1537.015        1.120    90.2
0.6050        -1535.927    -1536.965        1.038    83.7
0.6060        -1535.929    -1536.949        1.020    82.2
0.6070        -1535.928    -1536.973        1.045    84.2
0.6080        -1535.931    -1537.021        1.090    87.9
0.6090        -1535.939    -1537.076        1.137    91.7
0.6100        -1535.947    -1537.126        1.180    95.1
0.6110        -1535.939    -1537.163        1.224    98.7
0.6120        -1535.906    -1537.171        1.266   102.0
0.6130        -1535.870    -1537.151        1.282   103.3
0.6140        -1535.894    -1537.112        1.218    98.2
0.6150        -1535.889    -1537.069        1.180    95.1
0.6160        -1535.872    -1537.038        1.166    93.9
0.6170        -1535.871    -1537.030        1.159    93.4
0.6180        -1535.830    -1537.053        1.223    98.6
0.6190        -1535.823    -1537.091        1.268   102.2
0.6200        -1535.828    -1537.133        1.306   105.2
0.6210        -1535.843    -1537.160        1.317   106.1
0.6220        -1535.854    -1537.168        1.314   105.9
0.6230        -1535.877    -1537.153        1.276   102.8
0.6240        -1535.858    -1537.125        1.266   102.0
0.6250        -1535.860    -1537.095        1.235    99.5
0.6260        -1535.851    -1537.067        1.216    98.0
0.6270        -1535.842    -1537.046        1.203    97.0
0.6280        -1535.859    -1537.045        1.187    95.6
0.6290        -1535.844    -1537.055        1.211    97.6
0.6300        -1535.834    -1537.077        1.243   100.2
0.6310        -1535.844    -1537.100        1.256   101.2
0.6320        -1535.861    -1537.120        1.259   101.5
0.6330        -1535.842    -1537.130        1.289   103.8
0.6340        -1535.843    -1537.136        1.293   104.2
0.6350        -1535.854    -1537.137        1.283   103.4
0.6360        -1535.843    -1537.132        1.289   103.9
0.6370        -1535.839    -1537.119        1.280   103.2
0.6380        -1535.879    -1537.103        1.225    98.7
0.6390        -1535.881    -1537.087        1.207    97.2
0.6400        -1535.847    -1537.076        1.228    99.0
0.6410        -1535.857    -1537.065        1.208    97.3
0.6420        -1535.850    -1537.058        1.208    97.3
0.6430        -1535.883    -1537.057        1.173    94.5
0.6440        -1535.885    -1537.069        1.184    95.4
0.6450        -1535.884    -1537.084        1.200    96.7
0.6460        -1535.887    -1537.104        1.217    98.1
0.6470        -1535.908    -1537.116        1.208    97.3
0.6480        -1535.916    -1537.118        1.202    96.9
0.6490        -1535.920    -1537.116        1.196    96.4
0.6500        -1535.920    -1537.114        1.195    96.3
0.6510        -1535.959    -1537.115        1.156    93.1
0.6520        -1535.941    -1537.113        1.172    94.4
0.6530        -1535.953    -1537.111        1.158    93.3
0.6540        -1535.930    -1537.105        1.175    94.7
0.6550        -1535.902    -1537.097        1.194    96.2
0.6560        -1535.921    -1537.082        1.161    93.6
0.6570        -1535.924    -1537.069        1.145    92.3
0.6580        -1535.929    -1537.061        1.132    91.3
0.6590        -1535.941    -1537.057        1.116    90.0
0.6600        -1535.911    -1537.059        1.148    92.5
0.6610        -1535.900    -1537.067        1.166    94.0
0.6620        -1535.940    -1537.081        1.141    92.0
0.6630        -1535.902    -1537.103        1.200    96.7
0.6640        -1535.915    -1537.124        1.210    97.5
0.6650        -1535.936    -1537.136        1.200    96.7
0.6660        -1535.949    -1537.144        1.195    96.3
0.6670        -1535.905    -1537.151        1.245   100.4
0.6680        -1535.892    -1537.152        1.260   101.6
0.6690        -1535.876    -1537.151        1.275   102.7
0.6700        -1535.845    -1537.145        1.300   104.8
0.6710        -1535.806    -1537.131        1.325   106.7
0.6720        -1535.849    -1537.109        1.260   101.5
0.6730        -1535.820    -1537.086        1.266   102.0
0.6740        -1535.822    -1537.076        1.254   101.1
0.6750        -1535.826    -1537.075        1.249   100.6
0.6760        -1535.878    -1537.085        1.206    97.2
0.6770        -1535.872    -1537.104        1.232    99.3
0.6780        -1535.864    -1537.123        1.259   101.4
0.6790        -1535.856    -1537.134        1.278   103.0
0.6800        -1535.885    -1537.135        1.251   100.8
0.6810        -1535.885    -1537.134        1.249   100.6
0.6820        -1535.870    -1537.141        1.271   102.4
0.6830        -1535.895    -1537.151        1.256   101.2
0.6840        -1535.876    -1537.166        1.290   103.9
0.6850        -1535.873    -1537.184        1.311   105.7
0.6860        -1535.879    -1537.195        1.316   106.1
0.6870        -1535.830    -1537.194        1.364   109.9
0.6880        -1535.832    -1537.174        1.341   108.1
0.6890        -1535.816    -1537.139        1.322   106.6
0.6900        -1535.786    -1537.094        1.309   105.5
0.6910        -1535.789    -1537.052        1.263   101.8
0.6920        -1535.830    -1537.027        1.196    96.4
0.6930        -1535.791    -1537.026        1.235    99.5
0.6940        -1535.778    -1537.045        1.267   102.1
0.6950        -1535.786    -1537.069        1.283   103.4
0.6960        -1535.816    -1537.087        1.271   102.4
0.6970        -1535.823    -1537.091        1.268   102.2
0.6980        -1535.854    -1537.076        1.222    98.5
0.6990        -1535.855    -1537.054        1.199    96.6
0.7000        -1535.867    -1537.034        1.167    94.0
0.7010        -1535.871    -1537.023        1.153    92.9
0.7020        -1535.880    -1537.028        1.148    92.6
0.7030        -1535.911    -1537.053        1.142    92.0
0.7040        -1535.937    -1537.095        1.158    93.3
0.7050        -1535.945    -1537.138        1.193    96.1
0.7060        -1536.007    -1537.179        1.172    94.4
0.7070        -1535.994    -1537.207        1.214    97.8
0.7080        -1536.003    -1537.215        1.211    97.6
0.7090        -1536.003    -1537.202        1.198    96.6
0.7100        -1536.015    -1537.172        1.156    93.2
0.7110        -1536.023    -1537.138        1.115    89.9
0.7120        -1536.039    -1537.114        1.075    86.7
0.7130        -1536.049    -1537.108        1.059    85.4
0.7140        -1536.051    -1537.118        1.067    86.0
0.7150        -1536.045    -1537.143        1.099    88.5
0.7160        -1536.028    -1537.181        1.153    92.9
0.7170        -1536.041    -1537.214        1.173    94.5
0.7180        -1536.040    -1537.234        1.195    96.3
0.7190        -1536.046    -1537.240        1.194    96.2
0.7200        -1536.033    -1537.237        1.204    97.0
0.7210        -1536.000    -1537.226        1.226    98.8
0.7220        -1536.001    -1537.210        1.209    97.4
0.7230        -1535.999    -1537.194        1.195    96.3
0.7240        -1536.000    -1537.184        1.184    95.4
0.7250        -1535.994    -1537.185        1.192    96.0
0.7260        -1535.985    -1537.191        1.206    97.2
0.7270        -1535.979    -1537.198        1.220    98.3
0.7280        -1536.017    -1537.207        1.190    95.9
0.7290        -1536.047    -1537.219        1.171    94.4
0.7300        -1536.058    -1537.244        1.186    95.6
0.7310        -1536.040    -1537.266        1.227    98.9
0.7320        -1536.026    -1537.279        1.253   101.0
0.7330        -1536.043    -1537.284        1.241   100.0
0.7340        -1536.036    -1537.271        1.235    99.6
0.7350        -1536.022    -1537.243        1.221    98.4
0.7360        -1535.992    -1537.202        1.211    97.6
0.7370        -1535.941    -1537.150        1.209    97.4
0.7380        -1535.930    -1537.096        1.165    93.9
0.7390        -1535.941    -1537.059        1.118    90.1
0.7400        -1535.974    -1537.049        1.075    86.6
0.7410        -1535.950    -1537.076        1.127    90.8
0.7420        -1535.951    -1537.123        1.172    94.5
0.7430        -1535.964    -1537.168        1.204    97.0
0.7440        -1535.970    -1537.194        1.224    98.6
0.7450        -1535.979    -1537.190        1.211    97.6
0.7460        -1535.948    -1537.155        1.207    97.2
0.7470        -1535.947    -1537.093        1.146    92.4
0.7480        -1535.967    -1537.025        1.058    85.3
0.7490        -1535.960    -1536.976        1.016    81.9
0.7500        -1535.960    -1536.967        1.007    81.2
0.7510        -1535.947    -1537.005        1.057    85.2
0.7520        -1535.946    -1537.072        1.126    90.7
0.7530        -1535.926    -1537.155        1.229    99.1
0.7540        -1535.917    -1537.229        1.311   105.7
0.7550        -1535.914    -1537.278        1.364   109.9
0.7560        -1535.929    -1537.291        1.363   109.8
0.7570        -1535.911    -1537.267        1.356   109.3
0.7580        -1535.898    -1537.212        1.314   105.9
0.7590        -1535.929    -1537.133        1.204    97.0
0.7600        -1535.924    -1537.046        1.122    90.4
0.7610        -1535.922    -1536.971        1.050    84.6
0.7620        -1535.931    -1536.932        1.001    80.7
0.7630        -1535.903    -1536.932        1.029    83.0
0.7640        -1535.926    -1536.970        1.045    84.2
0.7650        -1535.905    -1537.039        1.134    91.3
0.7660        -1535.895    -1537.124        1.229    99.0
0.7670        -1535.890    -1537.200        1.310   105.6
0.7680        -1535.881    -1537.248        1.367   110.1
0.7690        -1535.871    -1537.260        1.389   111.9
0.7700        -1535.867    -1537.237        1.370   110.4
0.7710        -1535.903    -1537.193        1.289   103.9
0.7720        -1535.911    -1537.147        1.236    99.6
0.7730        -1535.932    -1537.111        1.179    95.0
0.7740        -1535.933    -1537.087        1.155    93.0
0.7750        -1535.934    -1537.087        1.153    92.9
0.7760        -1535.940    -1537.103        1.163    93.7
0.7770        -1535.960    -1537.132        1.172    94.4
0.7780        -1535.981    -1537.158        1.177    94.8
0.7790        -1536.002    -1537.162        1.161    93.5
0.7800        -1536.001    -1537.147        1.147    92.4
0.7810        -1535.968    -1537.118        1.150    92.6
0.7820        -1535.929    -1537.084        1.155    93.1
0.7830        -1535.922    -1537.060        1.138    91.7
0.7840        -1535.967    -1537.051        1.084    87.3
0.7850        -1535.975    -1537.073        1.098    88.5
0.7860        -1535.971    -1537.114        1.143    92.1
0.7870        -1535.977    -1537.163        1.186    95.6
0.7880        -1536.019    -1537.206        1.187    95.6
0.7890        -1536.002    -1537.233        1.231    99.2
0.7900        -1536.016    -1537.244        1.228    99.0
0.7910        -1536.033    -1537.237        1.204    97.0
0.7920        -1536.016    -1537.223        1.206    97.2
0.7930        -1536.015    -1537.202        1.187    95.7
0.7940        -1536.021    -1537.178        1.158    93.3
0.7950        -1536.008    -1537.155        1.147    92.5
0.7960        -1535.973    -1537.132        1.160    93.4
0.7970        -1535.986    -1537.107        1.120    90.3
0.7980        -1535.986    -1537.078        1.092    88.0
0.7990        -1535.982    -1537.049        1.067    86.0
0.8000        -1535.980    -1537.030        1.050    84.6
0.8010        -1535.991    -1537.025        1.034    83.3
0.8020        -1535.980    -1537.038        1.058    85.2
0.8030        -1535.974    -1537.062        1.088    87.7
0.8040        -1535.965    -1537.100        1.135    91.4
0.8050        -1535.983    -1537.137        1.154    93.0
0.8060        -1536.001    -1537.173        1.172    94.5
0.8070        -1535.973    -1537.199        1.226    98.8
0.8080        -1535.995    -1537.212        1.217    98.1
0.8090        -1536.032    -1537.212        1.181    95.2
0.8100        -1536.067    -1537.208        1.141    92.0
0.8110        -1536.076    -1537.204        1.127    90.9
0.8120        -1536.051    -1537.201        1.150    92.7
0.8130        -1536.046    -1537.197        1.150    92.7
0.8140        -1536.048    -1537.192        1.145    92.2
0.8150        -1536.036    -1537.185        1.149    92.6
0.8160        -1536.027    -1537.175        1.148    92.5
0.8170        -1536.052    -1537.164        1.112    89.6
0.8180        -1536.086    -1537.161        1.075    86.6
0.8190        -1536.106    -1537.176        1.070    86.3
0.8200        -1536.098    -1537.210        1.112    89.6
0.8210        -1536.124    -1537.257        1.133    91.3
0.8220        -1536.136    -1537.314        1.179    95.0
0.8230        -1536.102    -1537.369        1.267   102.1
0.8240        -1536.108    -1537.403        1.295   104.4
0.8250        -1536.096    -1537.409        1.313   105.8
0.8260        -1536.123    -1537.381        1.259   101.4
0.8270        -1536.120    -1537.324        1.204    97.0
0.8280        -1536.108    -1537.254        1.146    92.4
0.8290        -1536.115    -1537.187        1.072    86.4
0.8300        -1536.098    -1537.139        1.041    83.9
0.8310        -1536.139    -1537.123        0.984    79.3
0.8320        -1536.117    -1537.133        1.016    81.9
0.8330        -1536.134    -1537.159        1.025    82.6
0.8340        -1536.111    -1537.189        1.077    86.8
0.8350        -1536.121    -1537.211        1.090    87.8
0.8360        -1536.106    -1537.218        1.112    89.6
0.8370        -1536.082    -1537.205        1.123    90.5
0.8380        -1536.047    -1537.175        1.128    90.9
0.8390        -1536.023    -1537.137        1.114    89.8
0.8400        -1536.016    -1537.106        1.090    87.9
0.8410        -1536.009    -1537.102        1.093    88.1
0.8420        -1536.003    -1537.111        1.108    89.3
0.8430        -1536.015    -1537.132        1.118    90.1
0.8440        -1536.028    -1537.156        1.128    90.9
0.8450        -1535.998    -1537.181        1.183    95.3
0.8460        -1536.000    -1537.195        1.195    96.3
0.8470        -1536.001    -1537.196        1.195    96.3
0.8480        -1536.000    -1537.179        1.179    95.0
0.8490        -1535.957    -1537.148        1.191    96.0
0.8500        -1535.956    -1537.119        1.163    93.7
0.8510        -1535.958    -1537.099        1.141    91.9
0.8520        -1535.946    -1537.094        1.149    92.6
0.8530        -1535.915    -1537.103        1.188    95.7
0.8540        -1535.926    -1537.123        1.198    96.5
0.8550        -1535.956    -1537.150        1.194    96.2
0.8560        -1535.971    -1537.179        1.208    97.4
0.8570        -1535.965    -1537.207        1.242   100.1
0.8580        -1535.961    -1537.223        1.262   101.7
0.8590        -1535.984    -1537.226        1.242   100.1
0.8600        -1535.974    -1537.214        1.240    99.9
0.8610        -1535.978    -1537.188        1.210    97.5
0.8620        -1535.986    -1537.144        1.158    93.3
0.8630        -1535.952    -1537.094        1.143    92.1
0.8640        -1535.957    -1537.055        1.098    88.5
0.8650        -1535.979    -1537.042        1.062    85.6
0.8660        -1535.968    -1537.055        1.087    87.6
0.8670        -1535.970    -1537.102        1.132    91.2
0.8680        -1535.940    -1537.169        1.229    99.1
0.8690        -1535.931    -1537.226        1.295   104.4
0.8700        -1535.959    -1537.262        1.304   105.1
0.8710        -1535.944    -1537.264        1.320   106.4
0.8720        -1535.933    -1537.231        1.298   104.6
0.8730        -1535.965    -1537.176        1.211    97.6
0.8740        -1535.978    -1537.113        1.134    91.4
0.8750        -1536.008    -1537.069        1.061    85.5
0.8760        -1536.030    -1537.060        1.030    83.0
0.8770        -1536.003    -1537.084        1.081    87.1
0.8780        -1536.027    -1537.127        1.100    88.6
0.8790        -1536.032    -1537.176        1.144    92.2
0.8800        -1536.013    -1537.208        1.195    96.3
0.8810        -1536.007    -1537.213        1.207    97.3
0.8820        -1536.023    -1537.188        1.165    93.9
0.8830        -1536.027    -1537.142        1.115    89.9
0.8840        -1536.028    -1537.095        1.067    86.0
0.8850        -1536.002    -1537.061        1.059    85.3
0.8860        -1535.987    -1537.042        1.055    85.1
0.8870        -1535.995    -1537.043        1.048    84.5
0.8880        -1536.020    -1537.055        1.035    83.4
0.8890        -1536.001    -1537.085        1.084    87.4
0.8900        -1535.992    -1537.132        1.139    91.8
0.8910        -1535.969    -1537.179        1.211    97.6
0.8920        -1535.982    -1537.222        1.241   100.0
0.8930        -1535.959    -1537.245        1.286   103.6
0.8940        -1535.963    -1537.239        1.276   102.8
0.8950        -1535.952    -1537.213        1.262   101.7
0.8960        -1535.956    -1537.175        1.220    98.3
0.8970        -1535.988    -1537.126        1.138    91.7
0.8980        -1535.946    -1537.084        1.138    91.7
0.8990        -1535.944    -1537.063        1.119    90.2
0.9000        -1535.909    -1537.064        1.154    93.0
0.9010        -1535.884    -1537.067        1.184    95.4
0.9020        -1535.880    -1537.073        1.193    96.1
0.9030        -1535.885    -1537.069        1.185    95.5
0.9040        -1535.896    -1537.056        1.160    93.5
0.9050        -1535.888    -1537.035        1.146    92.4
0.9060        -1535.874    -1537.023        1.149    92.6
0.9070        -1535.839    -1537.031        1.192    96.1
0.9080        -1535.834    -1537.063        1.229    99.0
0.9090        -1535.828    -1537.111        1.283   103.4
0.9100        -1535.858    -1537.160        1.301   104.8
0.9110        -1535.836    -1537.204        1.368   110.3
0.9120        -1535.827    -1537.227        1.401   112.9
0.9130        -1535.838    -1537.223        1.384   111.6
0.9140        -1535.845    -1537.186        1.341   108.1
0.9150        -1535.874    -1537.131        1.257   101.3
0.9160        -1535.852    -1537.076        1.223    98.6
0.9170        -1535.866    -1537.037        1.171    94.4
0.9180        -1535.868    -1537.028        1.160    93.5
0.9190        -1535.848    -1537.044        1.196    96.4
0.9200        -1535.840    -1537.069        1.229    99.0
0.9210        -1535.834    -1537.096        1.261   101.7
0.9220        -1535.824    -1537.110        1.286   103.7
0.9230        -1535.831    -1537.110        1.278   103.0
0.9240        -1535.857    -1537.102        1.244   100.3
0.9250        -1535.875    -1537.085        1.210    97.5
0.9260        -1535.893    -1537.068        1.176    94.7
0.9270        -1535.905    -1537.051        1.146    92.4
0.9280        -1535.916    -1537.037        1.121    90.4
0.9290        -1535.952    -1537.034        1.082    87.2
0.9300        -1535.959    -1537.042        1.083    87.2
0.9310        -1535.961    -1537.057        1.097    88.4
0.9320        -1535.926    -1537.077        1.150    92.7
0.9330        -1535.952    -1537.094        1.142    92.0
0.9340        -1535.959    -1537.101        1.141    92.0
0.9350        -1535.967    -1537.091        1.123    90.5
0.9360        -1535.951    -1537.073        1.122    90.4
0.9370        -1535.934    -1537.055        1.122    90.4
0.9380        -1535.925    -1537.049        1.124    90.6
0.9390        -1535.909    -1537.061        1.152    92.8
0.9400        -1535.905    -1537.095        1.189    95.9
0.9410        -1535.896    -1537.147        1.250   100.8
0.9420        -1535.863    -1537.199        1.337   107.7
0.9430        -1535.839    -1537.243        1.404   113.1
0.9440        -1535.861    -1537.272        1.411   113.7
0.9450        -1535.868    -1537.274        1.406   113.3
0.9460        -1535.869    -1537.253        1.384   111.6
0.9470        -1535.866    -1537.213        1.347   108.5
0.9480        -1535.859    -1537.163        1.304   105.1
0.9490        -1535.856    -1537.117        1.261   101.6
0.9500        -1535.867    -1537.077        1.210    97.5
0.9510        -1535.865    -1537.052        1.188    95.7
0.9520        -1535.845    -1537.045        1.199    96.7
0.9530        -1535.890    -1537.052        1.162    93.6
0.9540        -1535.851    -1537.070        1.219    98.3
0.9550        -1535.864    -1537.093        1.229    99.0
0.9560        -1535.868    -1537.106        1.238    99.7
0.9570        -1535.904    -1537.107        1.203    97.0
0.9580        -1535.934    -1537.106        1.172    94.5
0.9590        -1535.962    -1537.106        1.144    92.2
0.9600        -1535.984    -1537.111        1.126    90.8
0.9610        -1535.995    -1537.122        1.127    90.8
0.9620        -1536.019    -1537.146        1.127    90.8
0.9630        -1535.998    -1537.169        1.170    94.3
0.9640        -1535.993    -1537.186        1.193    96.2
0.9650        -1535.969    -1537.196        1.228    98.9
0.9660        -1535.969    -1537.198        1.229    99.0
0.9670        -1535.957    -1537.176        1.219    98.3
0.9680        -1535.940    -1537.136        1.196    96.4
0.9690        -1535.954    -1537.085        1.131    91.1
0.9700        -1535.958    -1537.047        1.089    87.8
0.9710        -1535.946    -1537.037        1.091    87.9
0.9720        -1535.949    -1537.054        1.105    89.0
0.9730        -1535.925    -1537.093        1.169    94.2
0.9740        -1535.917    -1537.140        1.223    98.6
0.9750        -1535.935    -1537.175        1.239    99.9
0.9760        -1535.948    -1537.186        1.238    99.7
0.9770        -1535.971    -1537.181        1.210    97.5
0.9780        -1535.954    -1537.165        1.212    97.6
0.9790        -1535.951    -1537.151        1.200    96.7
0.9800        -1535.931    -1537.148        1.216    98.0
0.9810        -1535.942    -1537.156        1.214    97.9
0.9820        -1535.958    -1537.178        1.220    98.3
0.9830        -1535.969    -1537.210        1.240   100.0
0.9840        -1535.986    -1537.232        1.247   100.5
0.9850        -1535.981    -1537.235        1.255   101.1
0.9860        -1535.996    -1537.215        1.219    98.2
0.9870        -1536.033    -1537.172        1.139    91.8
0.9880        -1536.045    -1537.118        1.073    86.5
0.9890        -1536.025    -1537.079        1.054    84.9
0.9900        -1536.051    -1537.067        1.015    81.8
0.9910        -1536.036    -1537.086        1.050    84.6
0.9920        -1536.037    -1537.124        1.087    87.6
0.9930        -1536.067    -1537.173        1.106    89.1
0.9940        -1536.059    -1537.229        1.170    94.3
0.9950        -1536.066    -1537.272        1.206    97.2
0.9960        -1536.088    -1537.294        1.206    97.2
0.9970        -1536.069    -1537.291        1.222    98.5
0.9980        -1536.074    -1537.261        1.187    95.7
0.9990        -1536.077    -1537.219        1.142    92.0
1.0000        -1536.071    -1537.172        1.102    88.8
