Time[ps]      Etot[eV]     Epot[eV]     Ekin[eV]    T[K]
0.0000        -1533.783    -1533.783        0.000     0.0
0.0010        -1533.786    -1533.931        0.145    11.7
0.0020        -1533.799    -1534.341        0.542    43.7
0.0030        -1533.822    -1534.921        1.099    88.5
0.0040        -1533.858    -1535.553        1.696   136.6
0.0050        -1533.902    -1536.125        2.223   179.1
0.0060        -1533.953    -1536.560        2.607   210.1
0.0070        -1534.006    -1536.832        2.826   227.7
0.0080        -1534.060    -1536.970        2.910   234.5
0.0090        -1534.115    -1537.031        2.916   235.0
0.0100        -1534.172    -1537.071        2.899   233.6
0.0110        -1534.231    -1537.116        2.885   232.5
0.0120        -1534.291    -1537.150        2.859   230.4
0.0130        -1534.350    -1537.136        2.785   224.5
0.0140        -1534.405    -1537.042        2.637   212.5
0.0150        -1534.453    -1536.871        2.419   194.9
0.0160        -1534.495    -1536.669        2.174   175.2
0.0170        -1534.533    -1536.498        1.965   158.4
0.0180        -1534.569    -1536.415        1.846   148.8
0.0190        -1534.608    -1536.443        1.835   147.9
0.0200        -1534.649    -1536.555        1.906   153.6
0.0210        -1534.693    -1536.690        1.997   161.0
0.0220        -1534.737    -1536.778        2.041   164.5
0.0230        -1534.778    -1536.769        1.991   160.4
0.0240        -1534.815    -1536.654        1.840   148.2
0.0250        -1534.845    -1536.472        1.627   131.1
0.0260        -1534.872    -1536.287        1.415   114.1
0.0270        -1534.897    -1536.158        1.261   101.6
0.0280        -1534.923    -1536.108        1.185    95.5
0.0290        -1534.950    -1536.119        1.169    94.2
0.0300        -1534.976    -1536.144        1.168    94.1
0.0310        -1535.000    -1536.142        1.142    92.0
0.0320        -1535.021    -1536.098        1.077    86.8
0.0330        -1535.039    -1536.034        0.995    80.2
0.0340        -1535.055    -1535.996        0.941    75.8
0.0350        -1535.072    -1536.037        0.965    77.8
0.0360        -1535.092    -1536.193        1.101    88.7
0.0370        -1535.118    -1536.467        1.349   108.7
0.0380        -1535.152    -1536.829        1.676   135.1
0.0390        -1535.194    -1537.216        2.021   162.9
0.0400        -1535.242    -1537.553        2.311   186.2
0.0410        -1535.293    -1537.775        2.482   200.0
0.0420        -1535.343    -1537.847        2.504   201.8
0.0430        -1535.389    -1537.775        2.386   192.2
0.0440        -1535.431    -1537.607        2.176   175.3
0.0450        -1535.469    -1537.409        1.941   156.4
0.0460        -1535.504    -1537.241        1.737   140.0
0.0470        -1535.538    -1537.128        1.591   128.2
0.0480        -1535.571    -1537.061        1.490   120.1
0.0490        -1535.602    -1537.003        1.401   112.9
0.0500        -1535.630    -1536.922        1.292   104.1
0.0510        -1535.654    -1536.805        1.151    92.8
0.0520        -1535.673    -1536.665        0.991    79.9
0.0530        -1535.689    -1536.534        0.845    68.1
0.0540        -1535.703    -1536.451        0.748    60.3
0.0550        -1535.718    -1536.443        0.725    58.4
0.0560        -1535.734    -1536.515        0.781    63.0
0.0570        -1535.753    -1536.651        0.898    72.4
0.0580        -1535.775    -1536.817        1.042    84.0
0.0590        -1535.799    -1536.975        1.176    94.8
0.0600        -1535.825    -1537.092        1.267   102.1
0.0610        -1535.850    -1537.154        1.303   105.0
0.0620        -1535.875    -1537.164        1.289   103.9
0.0630        -1535.899    -1537.144        1.245   100.3
0.0640        -1535.922    -1537.119        1.197    96.4
0.0650        -1535.946    -1537.108        1.162    93.7
0.0660        -1535.969    -1537.117        1.148    92.5
0.0670        -1535.993    -1537.141        1.148    92.5
0.0680        -1536.016    -1537.170        1.154    93.0
0.0690        -1536.039    -1537.200        1.160    93.5
0.0700        -1536.062    -1537.234        1.172    94.5
0.0710        -1536.085    -1537.286        1.201    96.8
0.0720        -1536.109    -1537.367        1.258   101.4
0.0730        -1536.136    -1537.482        1.346   108.4
0.0740        -1536.166    -1537.618        1.452   117.0
0.0750        -1536.198    -1537.748        1.550   124.9
0.0760        -1536.232    -1537.839        1.606   129.5
0.0770        -1536.266    -1537.854        1.588   128.0
0.0780        -1536.297    -1537.773        1.476   119.0
0.0790        -1536.323    -1537.599        1.276   102.8
0.0800        -1536.343    -1537.359        1.016    81.9
0.0810        -1536.357    -1537.104        0.747    60.2
0.0820        -1536.367    -1536.890        0.523    42.2
0.0830        -1536.375    -1536.761        0.387    31.2
0.0840        -1536.383    -1536.734        0.351    28.3
0.0850        -1536.393    -1536.793        0.400    32.2
0.0860        -1536.404    -1536.903        0.499    40.2
0.0870        -1536.417    -1537.026        0.609    49.1
0.0880        -1536.431    -1537.136        0.705    56.8
0.0890        -1536.445    -1537.226        0.781    62.9
0.0900        -1536.460    -1537.305        0.845    68.1
0.0910        -1536.477    -1537.389        0.912    73.5
0.0920        -1536.497    -1537.489        0.992    79.9
0.0930        -1536.518    -1537.601        1.082    87.2
0.0940        -1536.543    -1537.709        1.167    94.0
0.0950        -1536.568    -1537.791        1.223    98.5
0.0960        -1536.593    -1537.822        1.229    99.0
0.0970        -1536.617    -1537.795        1.178    94.9
0.0980        -1536.638    -1537.717        1.079    87.0
0.0990        -1536.657    -1537.614        0.957    77.2
0.1000        -1536.673    -1537.518        0.845    68.1
0.1010        -1536.688    -1537.458        0.769    62.0
0.1020        -1536.703    -1537.447        0.743    59.9
0.1030        -1536.720    -1537.482        0.763    61.5
0.1040        -1536.737    -1537.546        0.809    65.2
0.1050        -1536.755    -1537.613        0.858    69.1
0.1060        -1536.773    -1537.663        0.889    71.7
0.1070        -1536.791    -1537.683        0.892    71.9
0.1080        -1536.809    -1537.673        0.865    69.7
0.1090        -1536.825    -1537.641        0.816    65.8
0.1100        -1536.840    -1537.599        0.759    61.1
0.1110        -1536.854    -1537.556        0.702    56.5
0.1120        -1536.868    -1537.518        0.650    52.4
0.1130        -1536.881    -1537.483        0.601    48.5
0.1140        -1536.893    -1537.444        0.551    44.4
0.1150        -1536.903    -1537.400        0.497    40.0
0.1160        -1536.912    -1537.353        0.441    35.5
0.1170        -1536.919    -1537.317        0.398    32.1
0.1180        -1536.926    -1537.312        0.386    31.1
0.1190        -1536.933    -1537.355        0.422    34.0
0.1200        -1536.943    -1537.452        0.508    41.0
0.1210        -1536.957    -1537.589        0.632    51.0
0.1220        -1536.973    -1537.739        0.766    61.7
0.1230        -1536.991    -1537.869        0.878    70.8
0.1240        -1537.010    -1537.953        0.943    76.0
0.1250        -1537.029    -1537.980        0.952    76.7
0.1260        -1537.046    -1537.960        0.914    73.6
0.1270        -1537.062    -1537.913        0.850    68.5
0.1280        -1537.077    -1537.864        0.786    63.4
0.1290        -1537.092    -1537.833        0.740    59.7
0.1300        -1537.107    -1537.826        0.718    57.9
0.1310        -1537.123    -1537.836        0.713    57.5
0.1320        -1537.138    -1537.847        0.709    57.1
0.1330        -1537.153    -1537.841        0.688    55.4
0.1340        -1537.166    -1537.807        0.640    51.6
0.1350        -1537.178    -1537.745        0.567    45.7
0.1360        -1537.187    -1537.670        0.483    38.9
0.1370        -1537.195    -1537.601        0.406    32.7
0.1380        -1537.202    -1537.557        0.355    28.6
0.1390        -1537.209    -1537.549        0.340    27.4
0.1400        -1537.216    -1537.576        0.359    29.0
0.1410        -1537.225    -1537.626        0.401    32.3
0.1420        -1537.234    -1537.684        0.449    36.2
0.1430        -1537.244    -1537.736        0.491    39.6
0.1440        -1537.255    -1537.774        0.520    41.9
0.1450        -1537.265    -1537.799        0.534    43.0
0.1460        -1537.275    -1537.812        0.537    43.3
0.1470        -1537.286    -1537.822        0.536    43.2
0.1480        -1537.297    -1537.829        0.532    42.9
0.1490        -1537.308    -1537.835        0.527    42.5
0.1500        -1537.318    -1537.837        0.518    41.8
0.1510        -1537.328    -1537.832        0.503    40.6
0.1520        -1537.338    -1537.821        0.483    38.9
0.1530        -1537.347    -1537.811        0.464    37.4
0.1540        -1537.355    -1537.811        0.456    36.7
0.1550        -1537.364    -1537.833        0.468    37.7
0.1560        -1537.374    -1537.879        0.504    40.6
0.1570        -1537.386    -1537.944        0.558    44.9
0.1580        -1537.399    -1538.012        0.613    49.4
0.1590        -1537.413    -1538.066        0.653    52.7
0.1600        -1537.426    -1538.090        0.663    53.5
0.1610        -1537.439    -1538.078        0.638    51.4
0.1620        -1537.451    -1538.035        0.584    47.1
0.1630        -1537.461    -1537.974        0.514    41.4
0.1640        -1537.469    -1537.913        0.444    35.8
0.1650        -1537.477    -1537.864        0.387    31.2
0.1660        -1537.485    -1537.833        0.348    28.1
0.1670        -1537.492    -1537.817        0.325    26.2
0.1680        -1537.499    -1537.809        0.309    24.9
0.1690        -1537.506    -1537.798        0.292    23.6
0.1700        -1537.511    -1537.781        0.270    21.7
0.1710        -1537.516    -1537.760        0.244    19.7
0.1720        -1537.520    -1537.744        0.224    18.1
0.1730        -1537.523    -1537.745        0.222    17.9
0.1740        -1537.528    -1537.774        0.246    19.8
0.1750        -1537.534    -1537.833        0.299    24.1
0.1760        -1537.542    -1537.914        0.372    30.0
0.1770        -1537.551    -1538.001        0.450    36.2
0.1780        -1537.562    -1538.074        0.512    41.3
0.1790        -1537.573    -1538.118        0.545    43.9
0.1800        -1537.584    -1538.125        0.541    43.6
0.1810        -1537.593    -1538.098        0.505    40.7
0.1820        -1537.602    -1538.051        0.449    36.2
0.1830        -1537.609    -1538.002        0.392    31.6
0.1840        -1537.616    -1537.965        0.349    28.1
0.1850        -1537.623    -1537.951        0.329    26.5
0.1860        -1537.630    -1537.960        0.330    26.6
0.1870        -1537.637    -1537.984        0.346    27.9
0.1880        -1537.645    -1538.011        0.366    29.5
0.1890        -1537.653    -1538.034        0.380    30.7
0.1900        -1537.661    -1538.046        0.385    31.1
0.1910        -1537.668    -1538.050        0.382    30.8
0.1920        -1537.675    -1538.051        0.375    30.3
0.1930        -1537.683    -1538.051        0.368    29.7
0.1940        -1537.690    -1538.052        0.362    29.1
0.1950        -1537.698    -1538.049        0.351    28.3
0.1960        -1537.705    -1538.038        0.333    26.8
0.1970        -1537.711    -1538.014        0.303    24.4
0.1980        -1537.717    -1537.980        0.263    21.2
0.1990        -1537.721    -1537.941        0.220    17.7
0.2000        -1537.724    -1537.907        0.183    14.7
0.2010        -1537.727    -1537.888        0.161    12.9
0.2020        -1537.731    -1537.889        0.159    12.8
0.2030        -1537.734    -1537.911        0.177    14.2
0.2040        -1537.739    -1537.948        0.210    16.9
0.2050        -1537.744    -1537.992        0.248    20.0
0.2060        -1537.750    -1538.032        0.283    22.8
0.2070        -1537.756    -1538.063        0.308    24.8
0.2080        -1537.762    -1538.083        0.321    25.9
0.2090        -1537.768    -1538.095        0.327    26.3
0.2100        -1537.774    -1538.105        0.330    26.6
0.2110        -1537.781    -1538.118        0.337    27.1
0.2120        -1537.788    -1538.136        0.348    28.0
0.2130        -1537.795    -1538.156        0.360    29.0
0.2140        -1537.803    -1538.170        0.367    29.6
0.2150        -1537.811    -1538.174        0.363    29.2
0.2160        -1537.818    -1538.162        0.344    27.7
0.2170        -1537.824    -1538.136        0.312    25.2
0.2180        -1537.829    -1538.103        0.274    22.1
0.2190        -1537.834    -1538.072        0.238    19.2
0.2200        -1537.838    -1538.050        0.211    17.0
0.2210        -1537.842    -1538.041        0.198    16.0
0.2220        -1537.847    -1538.045        0.198    16.0
0.2230        -1537.851    -1538.057        0.206    16.6
0.2240        -1537.856    -1538.071        0.216    17.4
0.2250        -1537.860    -1538.082        0.221    17.8
0.2260        -1537.865    -1538.085        0.220    17.8
0.2270        -1537.869    -1538.083        0.214    17.2
0.2280        -1537.873    -1538.078        0.205    16.5
0.2290        -1537.877    -1538.074        0.198    15.9
0.2300        -1537.881    -1538.075        0.195    15.7
0.2310        -1537.885    -1538.081        0.196    15.8
0.2320        -1537.889    -1538.088        0.199    16.0
0.2330        -1537.893    -1538.093        0.200    16.1
0.2340        -1537.897    -1538.095        0.198    16.0
0.2350        -1537.901    -1538.094        0.193    15.5
0.2360        -1537.904    -1538.092        0.187    15.1
0.2370        -1537.908    -1538.093        0.185    14.9
0.2380        -1537.912    -1538.101        0.189    15.3
0.2390        -1537.916    -1538.117        0.201    16.2
0.2400        -1537.920    -1538.140        0.220    17.7
0.2410        -1537.925    -1538.165        0.240    19.4
0.2420        -1537.930    -1538.188        0.258    20.8
0.2430        -1537.936    -1538.204        0.268    21.6
0.2440        -1537.941    -1538.211        0.270    21.8
0.2450        -1537.946    -1538.210        0.263    21.2
0.2460        -1537.951    -1538.203        0.252    20.3
0.2470        -1537.956    -1538.195        0.239    19.2
0.2480        -1537.961    -1538.188        0.227    18.3
0.2490        -1537.965    -1538.183        0.217    17.5
0.2500        -1537.970    -1538.176        0.207    16.6
0.2510        -1537.974    -1538.165        0.192    15.4
0.2520        -1537.978    -1538.147        0.170    13.7
0.2530        -1537.980    -1538.123        0.142    11.5
0.2540        -1537.983    -1538.095        0.113     9.1
0.2550        -1537.984    -1538.072        0.088     7.1
0.2560        -1537.985    -1538.060        0.075     6.0
0.2570        -1537.987    -1538.065        0.078     6.3
0.2580        -1537.989    -1538.086        0.097     7.8
0.2590        -1537.992    -1538.119        0.127    10.2
0.2600        -1537.995    -1538.156        0.161    13.0
0.2610        -1537.999    -1538.189        0.190    15.3
0.2620        -1538.003    -1538.211        0.208    16.8
0.2630        -1538.007    -1538.219        0.211    17.0
0.2640        -1538.011    -1538.214        0.203    16.3
0.2650        -1538.015    -1538.201        0.186    15.0
0.2660        -1538.018    -1538.186        0.168    13.6
0.2670        -1538.021    -1538.175        0.154    12.4
0.2680        -1538.024    -1538.170        0.146    11.8
0.2690        -1538.027    -1538.171        0.144    11.6
0.2700        -1538.030    -1538.177        0.147    11.8
0.2710        -1538.033    -1538.185        0.152    12.3
0.2720        -1538.036    -1538.195        0.158    12.8
0.2730        -1538.040    -1538.204        0.164    13.2
0.2740        -1538.043    -1538.213        0.170    13.7
0.2750        -1538.047    -1538.222        0.176    14.2
0.2760        -1538.050    -1538.231        0.181    14.5
0.2770        -1538.054    -1538.237        0.183    14.8
0.2780        -1538.058    -1538.240        0.182    14.6
0.2790        -1538.061    -1538.236        0.175    14.1
0.2800        -1538.065    -1538.226        0.162    13.0
0.2810        -1538.068    -1538.211        0.143    11.5
0.2820        -1538.070    -1538.192        0.122     9.8
0.2830        -1538.072    -1538.174        0.102     8.2
0.2840        -1538.074    -1538.161        0.087     7.0
0.2850        -1538.076    -1538.154        0.078     6.3
0.2860        -1538.077    -1538.153        0.076     6.1
0.2870        -1538.079    -1538.158        0.079     6.4
0.2880        -1538.081    -1538.166        0.085     6.8
0.2890        -1538.083    -1538.173        0.091     7.3
0.2900        -1538.084    -1538.181        0.096     7.7
0.2910        -1538.086    -1538.187        0.101     8.1
0.2920        -1538.088    -1538.195        0.107     8.6
0.2930        -1538.090    -1538.206        0.116     9.3
0.2940        -1538.093    -1538.220        0.127    10.2
0.2950        -1538.096    -1538.236        0.140    11.3
0.2960        -1538.099    -1538.251        0.152    12.2
0.2970        -1538.102    -1538.262        0.160    12.9
0.2980        -1538.106    -1538.266        0.161    13.0
0.2990        -1538.109    -1538.263        0.155    12.5
0.3000        -1538.111    -1538.255        0.143    11.5
0.3010        -1538.114    -1538.243        0.129    10.4
0.3020        -1538.116    -1538.233        0.117     9.4
0.3030        -1538.118    -1538.227        0.108     8.7
0.3040        -1538.121    -1538.226        0.106     8.5
0.3050        -1538.123    -1538.230        0.107     8.7
0.3060        -1538.125    -1538.237        0.111     9.0
0.3070        -1538.128    -1538.242        0.115     9.2
0.3080        -1538.130    -1538.245        0.115     9.3
0.3090        -1538.132    -1538.244        0.112     9.0
0.3100        -1538.134    -1538.240        0.105     8.5
0.3110        -1538.136    -1538.233        0.097     7.8
0.3120        -1538.138    -1538.227        0.089     7.2
0.3130        -1538.140    -1538.222        0.082     6.6
0.3140        -1538.141    -1538.218        0.077     6.2
0.3150        -1538.143    -1538.216        0.073     5.9
0.3160        -1538.144    -1538.214        0.070     5.6
0.3170        -1538.146    -1538.213        0.068     5.4
0.3180        -1538.147    -1538.213        0.066     5.3
0.3190        -1538.148    -1538.214        0.065     5.3
0.3200        -1538.150    -1538.217        0.067     5.4
0.3210        -1538.151    -1538.224        0.073     5.9
0.3220        -1538.153    -1538.234        0.081     6.5
0.3230        -1538.154    -1538.245        0.091     7.3
0.3240        -1538.157    -1538.256        0.099     8.0
0.3250        -1538.159    -1538.264        0.106     8.5
0.3260        -1538.161    -1538.269        0.108     8.7
0.3270        -1538.163    -1538.271        0.108     8.7
0.3280        -1538.165    -1538.271        0.106     8.5
0.3290        -1538.167    -1538.271        0.104     8.4
0.3300        -1538.169    -1538.274        0.105     8.5
0.3310        -1538.171    -1538.278        0.107     8.6
0.3320        -1538.174    -1538.284        0.110     8.9
0.3330        -1538.176    -1538.287        0.111     9.0
0.3340        -1538.178    -1538.287        0.108     8.7
0.3350        -1538.180    -1538.281        0.100     8.1
0.3360        -1538.182    -1538.270        0.088     7.1
0.3370        -1538.183    -1538.256        0.072     5.8
0.3380        -1538.185    -1538.242        0.058     4.6
0.3390        -1538.185    -1538.232        0.047     3.8
0.3400        -1538.186    -1538.228        0.042     3.3
0.3410        -1538.187    -1538.230        0.042     3.4
0.3420        -1538.188    -1538.236        0.048     3.9
0.3430        -1538.190    -1538.245        0.055     4.4
0.3440        -1538.191    -1538.253        0.062     5.0
0.3450        -1538.192    -1538.258        0.065     5.3
0.3460        -1538.193    -1538.260        0.066     5.3
0.3470        -1538.195    -1538.259        0.064     5.2
0.3480        -1538.196    -1538.258        0.062     5.0
0.3490        -1538.197    -1538.257        0.060     4.9
0.3500        -1538.198    -1538.259        0.061     4.9
0.3510        -1538.199    -1538.262        0.063     5.1
0.3520        -1538.201    -1538.267        0.066     5.3
0.3530        -1538.202    -1538.272        0.069     5.6
0.3540        -1538.204    -1538.275        0.072     5.8
0.3550        -1538.205    -1538.278        0.073     5.9
0.3560        -1538.207    -1538.280        0.073     5.9
0.3570        -1538.208    -1538.282        0.074     6.0
0.3580        -1538.209    -1538.286        0.076     6.1
0.3590        -1538.211    -1538.290        0.079     6.4
0.3600        -1538.213    -1538.295        0.083     6.7
0.3610        -1538.215    -1538.299        0.085     6.8
0.3620        -1538.216    -1538.301        0.085     6.9
0.3630        -1538.218    -1538.300        0.082     6.6
0.3640        -1538.220    -1538.296        0.077     6.2
0.3650        -1538.221    -1538.290        0.069     5.6
0.3660        -1538.222    -1538.282        0.060     4.9
0.3670        -1538.223    -1538.275        0.052     4.2
0.3680        -1538.224    -1538.268        0.044     3.6
0.3690        -1538.225    -1538.263        0.038     3.1
0.3700        -1538.226    -1538.259        0.033     2.7
0.3710        -1538.226    -1538.256        0.030     2.4
0.3720        -1538.227    -1538.255        0.028     2.2
0.3730        -1538.227    -1538.255        0.028     2.2
0.3740        -1538.228    -1538.257        0.029     2.4
0.3750        -1538.229    -1538.262        0.034     2.7
0.3760        -1538.229    -1538.269        0.040     3.2
0.3770        -1538.230    -1538.278        0.048     3.8
0.3780        -1538.232    -1538.287        0.055     4.5
0.3790        -1538.233    -1538.294        0.061     4.9
0.3800        -1538.234    -1538.299        0.065     5.2
0.3810        -1538.235    -1538.300        0.065     5.2
0.3820        -1538.237    -1538.299        0.062     5.0
0.3830        -1538.238    -1538.296        0.058     4.7
0.3840        -1538.239    -1538.293        0.055     4.4
0.3850        -1538.240    -1538.292        0.052     4.2
0.3860        -1538.241    -1538.293        0.052     4.2
0.3870        -1538.242    -1538.296        0.054     4.4
0.3880        -1538.243    -1538.300        0.057     4.6
0.3890        -1538.244    -1538.303        0.059     4.7
0.3900        -1538.246    -1538.305        0.059     4.8
0.3910        -1538.247    -1538.304        0.058     4.6
0.3920        -1538.248    -1538.302        0.054     4.4
0.3930        -1538.249    -1538.299        0.050     4.0
0.3940        -1538.250    -1538.295        0.046     3.7
0.3950        -1538.251    -1538.293        0.042     3.4
0.3960        -1538.251    -1538.291        0.039     3.2
0.3970        -1538.252    -1538.289        0.037     3.0
0.3980        -1538.253    -1538.287        0.034     2.8
0.3990        -1538.254    -1538.285        0.032     2.6
0.4000        -1538.254    -1538.283        0.029     2.3
0.4010        -1538.255    -1538.281        0.026     2.1
0.4020        -1538.255    -1538.279        0.024     1.9
0.4030        -1538.256    -1538.279        0.024     1.9
0.4040        -1538.256    -1538.281        0.025     2.0
0.4050        -1538.257    -1538.284        0.028     2.2
0.4060        -1538.257    -1538.289        0.031     2.5
0.4070        -1538.258    -1538.293        0.035     2.8
0.4080        -1538.259    -1538.297        0.038     3.1
0.4090        -1538.260    -1538.300        0.041     3.3
0.4100        -1538.260    -1538.303        0.042     3.4
0.4110        -1538.261    -1538.305        0.044     3.5
0.4120        -1538.262    -1538.307        0.045     3.7
0.4130        -1538.263    -1538.311        0.048     3.8
0.4140        -1538.264    -1538.314        0.050     4.1
0.4150        -1538.265    -1538.318        0.052     4.2
0.4160        -1538.266    -1538.320        0.053     4.3
0.4170        -1538.267    -1538.319        0.052     4.2
0.4180        -1538.268    -1538.317        0.048     3.9
0.4190        -1538.269    -1538.312        0.043     3.5
0.4200        -1538.270    -1538.307        0.037     3.0
0.4210        -1538.271    -1538.302        0.031     2.5
0.4220        -1538.271    -1538.298        0.027     2.2
0.4230        -1538.272    -1538.296        0.024     1.9
0.4240        -1538.272    -1538.295        0.023     1.9
0.4250        -1538.273    -1538.296        0.024     1.9
0.4260        -1538.273    -1538.297        0.024     1.9
0.4270        -1538.274    -1538.298        0.024     2.0
0.4280        -1538.274    -1538.298        0.024     1.9
0.4290        -1538.275    -1538.298        0.023     1.9
0.4300        -1538.275    -1538.297        0.022     1.8
0.4310        -1538.275    -1538.298        0.022     1.8
0.4320        -1538.276    -1538.299        0.023     1.9
0.4330        -1538.276    -1538.301        0.025     2.0
0.4340        -1538.277    -1538.304        0.027     2.2
0.4350        -1538.278    -1538.306        0.029     2.3
0.4360        -1538.278    -1538.308        0.030     2.4
0.4370        -1538.279    -1538.309        0.031     2.5
0.4380        -1538.279    -1538.310        0.031     2.5
0.4390        -1538.280    -1538.310        0.030     2.4
0.4400        -1538.281    -1538.311        0.030     2.4
0.4410        -1538.281    -1538.312        0.031     2.5
0.4420        -1538.282    -1538.313        0.032     2.5
0.4430        -1538.282    -1538.315        0.033     2.6
0.4440        -1538.283    -1538.317        0.034     2.8
0.4450        -1538.284    -1538.319        0.035     2.8
0.4460        -1538.285    -1538.320        0.036     2.9
0.4470        -1538.285    -1538.321        0.036     2.9
0.4480        -1538.286    -1538.321        0.035     2.8
0.4490        -1538.287    -1538.320        0.033     2.7
0.4500        -1538.287    -1538.318        0.031     2.5
0.4510        -1538.288    -1538.316        0.028     2.2
0.4520        -1538.288    -1538.312        0.024     1.9
0.4530        -1538.289    -1538.308        0.020     1.6
0.4540        -1538.289    -1538.304        0.015     1.2
0.4550        -1538.289    -1538.301        0.011     0.9
0.4560        -1538.290    -1538.298        0.009     0.7
0.4570        -1538.290    -1538.298        0.008     0.6
0.4580        -1538.290    -1538.299        0.009     0.7
0.4590        -1538.290    -1538.303        0.012     1.0
0.4600        -1538.290    -1538.307        0.017     1.4
0.4610        -1538.291    -1538.312        0.022     1.7
0.4620        -1538.291    -1538.317        0.025     2.0
0.4630        -1538.292    -1538.320        0.028     2.2
0.4640        -1538.293    -1538.321        0.028     2.3
0.4650        -1538.293    -1538.320        0.027     2.2
0.4660        -1538.294    -1538.319        0.026     2.1
0.4670        -1538.294    -1538.318        0.024     1.9
0.4680        -1538.294    -1538.317        0.023     1.9
0.4690        -1538.295    -1538.318        0.023     1.8
0.4700        -1538.295    -1538.319        0.023     1.9
0.4710        -1538.296    -1538.320        0.024     1.9
0.4720        -1538.296    -1538.321        0.024     2.0
0.4730        -1538.297    -1538.321        0.024     2.0
0.4740        -1538.297    -1538.321        0.024     1.9
0.4750        -1538.298    -1538.321        0.023     1.8
0.4760        -1538.298    -1538.320        0.022     1.7
0.4770        -1538.299    -1538.320        0.021     1.7
0.4780        -1538.299    -1538.320        0.020     1.6
0.4790        -1538.300    -1538.320        0.020     1.6
0.4800        -1538.300    -1538.320        0.020     1.6
0.4810        -1538.300    -1538.320        0.019     1.6
0.4820        -1538.301    -1538.319        0.018     1.4
0.4830        -1538.301    -1538.317        0.016     1.3
0.4840        -1538.301    -1538.315        0.014     1.1
0.4850        -1538.302    -1538.313        0.012     0.9
0.4860        -1538.302    -1538.312        0.010     0.8
0.4870        -1538.302    -1538.311        0.009     0.7
0.4880        -1538.302    -1538.311        0.009     0.7
0.4890        -1538.302    -1538.312        0.010     0.8
0.4900        -1538.303    -1538.314        0.011     0.9
0.4910        -1538.303    -1538.316        0.013     1.0
0.4920        -1538.303    -1538.317        0.014     1.2
0.4930        -1538.303    -1538.319        0.016     1.3
0.4940        -1538.304    -1538.322        0.018     1.4
0.4950        -1538.304    -1538.324        0.020     1.6
0.4960        -1538.305    -1538.326        0.021     1.7
0.4970        -1538.305    -1538.328        0.023     1.8
0.4980        -1538.306    -1538.329        0.023     1.9
0.4990        -1538.306    -1538.329        0.023     1.9
0.5000        -1538.306    -1538.329        0.022     1.8
0.5010        -1538.307    -1538.327        0.020     1.6
0.5020        -1538.307    -1538.325        0.018     1.5
0.5030        -1538.308    -1538.324        0.016     1.3
0.5040        -1538.308    -1538.322        0.015     1.2
0.5050        -1538.308    -1538.322        0.014     1.1
0.5060        -1538.308    -1538.321        0.013     1.1
0.5070        -1538.309    -1538.322        0.013     1.0
0.5080        -1538.309    -1538.322        0.013     1.0
0.5090        -1538.309    -1538.321        0.012     1.0
0.5100        -1538.309    -1538.321        0.011     0.9
0.5110        -1538.310    -1538.320        0.010     0.8
0.5120        -1538.310    -1538.320        0.010     0.8
0.5130        -1538.310    -1538.319        0.009     0.8
0.5140        -1538.310    -1538.320        0.009     0.8
0.5150        -1538.310    -1538.321        0.010     0.8
0.5160        -1538.311    -1538.322        0.011     0.9
0.5170        -1538.311    -1538.323        0.012     1.0
0.5180        -1538.311    -1538.324        0.012     1.0
0.5190        -1538.311    -1538.324        0.013     1.0
0.5200        -1538.312    -1538.324        0.012     1.0
0.5210        -1538.312    -1538.324        0.012     0.9
0.5220        -1538.312    -1538.323        0.011     0.9
0.5230        -1538.312    -1538.323        0.011     0.9
0.5240        -1538.312    -1538.324        0.011     0.9
0.5250        -1538.313    -1538.325        0.012     1.0
0.5260        -1538.313    -1538.326        0.013     1.0
0.5270        -1538.313    -1538.327        0.014     1.1
0.5280        -1538.314    -1538.329        0.015     1.2
0.5290        -1538.314    -1538.330        0.016     1.3
0.5300        -1538.314    -1538.330        0.016     1.3
0.5310        -1538.315    -1538.331        0.016     1.3
0.5320        -1538.315    -1538.331        0.016     1.3
0.5330        -1538.315    -1538.331        0.015     1.2
0.5340        -1538.315    -1538.330        0.014     1.2
0.5350        -1538.316    -1538.328        0.013     1.0
0.5360        -1538.316    -1538.327        0.011     0.9
0.5370        -1538.316    -1538.324        0.008     0.7
0.5380        -1538.316    -1538.323        0.006     0.5
0.5390        -1538.316    -1538.321        0.005     0.4
0.5400        -1538.316    -1538.320        0.004     0.3
0.5410        -1538.317    -1538.321        0.004     0.3
0.5420        -1538.317    -1538.321        0.005     0.4
0.5430        -1538.317    -1538.323        0.006     0.5
0.5440        -1538.317    -1538.325        0.008     0.6
0.5450        -1538.317    -1538.326        0.009     0.7
0.5460        -1538.317    -1538.327        0.010     0.8
0.5470        -1538.317    -1538.328        0.010     0.8
0.5480        -1538.318    -1538.328        0.010     0.8
0.5490        -1538.318    -1538.328        0.010     0.8
0.5500        -1538.318    -1538.328        0.010     0.8
0.5510        -1538.318    -1538.329        0.011     0.9
0.5520        -1538.319    -1538.329        0.011     0.9
0.5530        -1538.319    -1538.330        0.011     0.9
0.5540        -1538.319    -1538.330        0.011     0.9
0.5550        -1538.319    -1538.330        0.011     0.9
0.5560        -1538.319    -1538.330        0.010     0.8
0.5570        -1538.320    -1538.329        0.009     0.8
0.5580        -1538.320    -1538.329        0.009     0.7
0.5590        -1538.320    -1538.329        0.009     0.7
0.5600        -1538.320    -1538.329        0.009     0.7
0.5610        -1538.320    -1538.329        0.009     0.7
0.5620        -1538.320    -1538.330        0.010     0.8
0.5630        -1538.321    -1538.331        0.010     0.8
0.5640        -1538.321    -1538.331        0.010     0.8
0.5650        -1538.321    -1538.331        0.010     0.8
0.5660        -1538.321    -1538.330        0.009     0.7
0.5670        -1538.321    -1538.329        0.008     0.6
0.5680        -1538.322    -1538.328        0.006     0.5
0.5690        -1538.322    -1538.327        0.005     0.4
0.5700        -1538.322    -1538.326        0.004     0.4
0.5710        -1538.322    -1538.326        0.004     0.3
0.5720        -1538.322    -1538.326        0.004     0.3
0.5730        -1538.322    -1538.326        0.004     0.3
0.5740        -1538.322    -1538.326        0.004     0.3
0.5750        -1538.322    -1538.327        0.005     0.4
0.5760        -1538.322    -1538.328        0.006     0.5
0.5770        -1538.322    -1538.329        0.007     0.5
0.5780        -1538.323    -1538.330        0.008     0.6
0.5790        -1538.323    -1538.331        0.009     0.7
0.5800        -1538.323    -1538.332        0.009     0.8
0.5810        -1538.323    -1538.333        0.010     0.8
0.5820        -1538.323    -1538.333        0.010     0.8
0.5830        -1538.323    -1538.333        0.009     0.7
0.5840        -1538.324    -1538.332        0.008     0.7
0.5850        -1538.324    -1538.332        0.008     0.6
0.5860        -1538.324    -1538.331        0.007     0.6
0.5870        -1538.324    -1538.331        0.007     0.6
0.5880        -1538.324    -1538.331        0.007     0.6
0.5890        -1538.324    -1538.331        0.007     0.6
0.5900        -1538.325    -1538.331        0.007     0.6
0.5910        -1538.325    -1538.331        0.007     0.5
0.5920        -1538.325    -1538.331        0.006     0.5
0.5930        -1538.325    -1538.331        0.006     0.5
0.5940        -1538.325    -1538.330        0.005     0.4
0.5950        -1538.325    -1538.330        0.005     0.4
0.5960        -1538.325    -1538.329        0.004     0.3
0.5970        -1538.325    -1538.330        0.004     0.3
0.5980        -1538.325    -1538.330        0.004     0.4
0.5990        -1538.325    -1538.330        0.005     0.4
0.6000        -1538.326    -1538.330        0.005     0.4
0.6010        -1538.326    -1538.331        0.005     0.4
0.6020        -1538.326    -1538.331        0.005     0.4
0.6030        -1538.326    -1538.331        0.005     0.4
0.6040        -1538.326    -1538.330        0.005     0.4
0.6050        -1538.326    -1538.330        0.004     0.4
0.6060        -1538.326    -1538.331        0.004     0.4
0.6070        -1538.326    -1538.331        0.005     0.4
0.6080        -1538.326    -1538.331        0.005     0.4
0.6090        -1538.326    -1538.332        0.005     0.4
0.6100        -1538.327    -1538.332        0.006     0.4
0.6110        -1538.327    -1538.332        0.006     0.5
0.6120        -1538.327    -1538.333        0.006     0.5
0.6130        -1538.327    -1538.333        0.006     0.5
0.6140        -1538.327    -1538.334        0.007     0.5
0.6150        -1538.327    -1538.334        0.007     0.6
0.6160        -1538.327    -1538.334        0.007     0.6
0.6170        -1538.327    -1538.334        0.007     0.5
0.6180        -1538.328    -1538.334        0.006     0.5
0.6190        -1538.328    -1538.333        0.006     0.5
0.6200        -1538.328    -1538.333        0.005     0.4
0.6210        -1538.328    -1538.332        0.004     0.3
0.6220        -1538.328    -1538.331        0.004     0.3
0.6230        -1538.328    -1538.331        0.003     0.2
0.6240        -1538.328    -1538.331        0.003     0.2
0.6250        -1538.328    -1538.331        0.003     0.2
0.6260        -1538.328    -1538.331        0.003     0.2
0.6270        -1538.328    -1538.331        0.003     0.2
0.6280        -1538.328    -1538.331        0.003     0.2
0.6290        -1538.328    -1538.331        0.003     0.2
0.6300        -1538.328    -1538.332        0.003     0.3
0.6310        -1538.329    -1538.332        0.003     0.3
0.6320        -1538.329    -1538.332        0.004     0.3
0.6330        -1538.329    -1538.333        0.004     0.3
0.6340        -1538.329    -1538.333        0.004     0.4
0.6350        -1538.329    -1538.334        0.005     0.4
0.6360        -1538.329    -1538.334        0.005     0.4
0.6370        -1538.329    -1538.334        0.005     0.4
0.6380        -1538.329    -1538.334        0.005     0.4
0.6390        -1538.329    -1538.333        0.004     0.3
0.6400        -1538.329    -1538.333        0.004     0.3
0.6410        -1538.329    -1538.333        0.003     0.3
0.6420        -1538.329    -1538.333        0.003     0.3
0.6430        -1538.329    -1538.333        0.004     0.3
0.6440        -1538.330    -1538.334        0.004     0.3
0.6450        -1538.330    -1538.334        0.004     0.3
0.6460        -1538.330    -1538.334        0.005     0.4
0.6470        -1538.330    -1538.335        0.005     0.4
0.6480        -1538.330    -1538.335        0.005     0.4
0.6490        -1538.330    -1538.334        0.004     0.4
0.6500        -1538.330    -1538.334        0.004     0.3
0.6510        -1538.330    -1538.334        0.004     0.3
0.6520        -1538.330    -1538.333        0.003     0.3
0.6530        -1538.330    -1538.333        0.003     0.2
0.6540        -1538.330    -1538.333        0.003     0.2
0.6550        -1538.330    -1538.333        0.002     0.2
0.6560        -1538.330    -1538.332        0.002     0.2
0.6570        -1538.330    -1538.332        0.002     0.1
0.6580        -1538.331    -1538.332        0.002     0.1
0.6590        -1538.331    -1538.332        0.002     0.1
0.6600        -1538.331    -1538.333        0.002     0.2
0.6610        -1538.331    -1538.333        0.002     0.2
0.6620        -1538.331    -1538.333        0.003     0.2
0.6630        -1538.331    -1538.334        0.003     0.2
0.6640        -1538.331    -1538.334        0.003     0.3
0.6650        -1538.331    -1538.335        0.004     0.3
0.6660        -1538.331    -1538.335        0.004     0.3
0.6670        -1538.331    -1538.335        0.004     0.3
0.6680        -1538.331    -1538.335        0.004     0.3
0.6690        -1538.331    -1538.335        0.004     0.3
0.6700        -1538.331    -1538.335        0.003     0.3
0.6710        -1538.331    -1538.335        0.003     0.3
0.6720        -1538.331    -1538.335        0.003     0.3
0.6730        -1538.331    -1538.335        0.003     0.3
0.6740        -1538.332    -1538.334        0.003     0.2
0.6750        -1538.332    -1538.334        0.003     0.2
0.6760        -1538.332    -1538.334        0.002     0.2
0.6770        -1538.332    -1538.334        0.002     0.2
0.6780        -1538.332    -1538.334        0.002     0.2
0.6790        -1538.332    -1538.334        0.002     0.2
0.6800        -1538.332    -1538.334        0.002     0.2
0.6810        -1538.332    -1538.334        0.002     0.2
0.6820        -1538.332    -1538.334        0.003     0.2
0.6830        -1538.332    -1538.334        0.002     0.2
0.6840        -1538.332    -1538.334        0.002     0.2
0.6850        -1538.332    -1538.334        0.002     0.2
0.6860        -1538.332    -1538.334        0.002     0.2
0.6870        -1538.332    -1538.334        0.002     0.1
0.6880        -1538.332    -1538.334        0.002     0.1
0.6890        -1538.332    -1538.334        0.002     0.1
0.6900        -1538.332    -1538.334        0.002     0.1
0.6910        -1538.332    -1538.334        0.002     0.1
0.6920        -1538.332    -1538.334        0.002     0.2
0.6930        -1538.332    -1538.334        0.002     0.2
0.6940        -1538.332    -1538.334        0.002     0.2
0.6950        -1538.332    -1538.335        0.002     0.2
0.6960        -1538.332    -1538.335        0.002     0.2
0.6970        -1538.333    -1538.335        0.002     0.2
0.6980        -1538.333    -1538.335        0.003     0.2
0.6990        -1538.333    -1538.335        0.003     0.2
0.7000        -1538.333    -1538.336        0.003     0.2
0.7010        -1538.333    -1538.336        0.003     0.2
0.7020        -1538.333    -1538.336        0.003     0.2
0.7030        -1538.333    -1538.336        0.003     0.2
0.7040        -1538.333    -1538.335        0.002     0.2
0.7050        -1538.333    -1538.335        0.002     0.2
0.7060        -1538.333    -1538.335        0.002     0.2
0.7070        -1538.333    -1538.335        0.002     0.2
0.7080        -1538.333    -1538.335        0.002     0.1
0.7090        -1538.333    -1538.335        0.002     0.1
0.7100        -1538.333    -1538.335        0.001     0.1
0.7110        -1538.333    -1538.334        0.001     0.1
0.7120        -1538.333    -1538.334        0.001     0.1
0.7130        -1538.333    -1538.334        0.001     0.1
0.7140        -1538.333    -1538.334        0.001     0.1
0.7150        -1538.333    -1538.335        0.001     0.1
0.7160        -1538.333    -1538.335        0.001     0.1
0.7170        -1538.333    -1538.335        0.002     0.1
0.7180        -1538.333    -1538.335        0.002     0.2
0.7190        -1538.333    -1538.336        0.002     0.2
0.7200        -1538.333    -1538.336        0.002     0.2
0.7210        -1538.333    -1538.335        0.002     0.2
0.7220        -1538.334    -1538.335        0.002     0.1
0.7230        -1538.334    -1538.335        0.001     0.1
0.7240        -1538.334    -1538.335        0.001     0.1
0.7250        -1538.334    -1538.335        0.001     0.1
0.7260        -1538.334    -1538.335        0.001     0.1
0.7270        -1538.334    -1538.335        0.001     0.1
0.7280        -1538.334    -1538.335        0.002     0.1
0.7290        -1538.334    -1538.336        0.002     0.1
0.7300        -1538.334    -1538.336        0.002     0.2
0.7310        -1538.334    -1538.336        0.002     0.2
0.7320        -1538.334    -1538.336        0.002     0.2
0.7330        -1538.334    -1538.336        0.002     0.2
0.7340        -1538.334    -1538.336        0.002     0.2
0.7350        -1538.334    -1538.336        0.002     0.2
0.7360        -1538.334    -1538.336        0.002     0.1
0.7370        -1538.334    -1538.336        0.002     0.1
0.7380        -1538.334    -1538.335        0.001     0.1
0.7390        -1538.334    -1538.335        0.001     0.1
0.7400        -1538.334    -1538.335        0.001     0.1
0.7410        -1538.334    -1538.335        0.001     0.1
0.7420        -1538.334    -1538.335        0.001     0.1
0.7430        -1538.334    -1538.335        0.001     0.1
0.7440        -1538.334    -1538.335        0.001     0.1
0.7450        -1538.334    -1538.335        0.001     0.1
0.7460        -1538.334    -1538.335        0.001     0.1
0.7470        -1538.334    -1538.335        0.001     0.1
0.7480        -1538.334    -1538.335        0.001     0.1
0.7490        -1538.334    -1538.336        0.001     0.1
0.7500        -1538.334    -1538.336        0.001     0.1
0.7510        -1538.334    -1538.336        0.001     0.1
0.7520        -1538.334    -1538.336        0.002     0.1
0.7530        -1538.334    -1538.336        0.002     0.1
0.7540        -1538.334    -1538.336        0.002     0.1
0.7550        -1538.334    -1538.336        0.002     0.1
0.7560        -1538.334    -1538.336        0.001     0.1
0.7570        -1538.335    -1538.336        0.001     0.1
0.7580        -1538.335    -1538.336        0.001     0.1
0.7590        -1538.335    -1538.336        0.001     0.1
0.7600        -1538.335    -1538.336        0.001     0.1
0.7610        -1538.335    -1538.336        0.001     0.1
0.7620        -1538.335    -1538.336        0.001     0.1
0.7630        -1538.335    -1538.336        0.001     0.1
0.7640        -1538.335    -1538.336        0.001     0.1
0.7650        -1538.335    -1538.336        0.001     0.1
0.7660        -1538.335    -1538.336        0.001     0.1
0.7670        -1538.335    -1538.336        0.001     0.1
0.7680        -1538.335    -1538.336        0.001     0.1
0.7690        -1538.335    -1538.336        0.001     0.1
0.7700        -1538.335    -1538.336        0.001     0.1
0.7710        -1538.335    -1538.336        0.001     0.1
0.7720        -1538.335    -1538.336        0.001     0.1
0.7730        -1538.335    -1538.336        0.001     0.1
0.7740        -1538.335    -1538.336        0.001     0.1
0.7750        -1538.335    -1538.336        0.001     0.1
0.7760        -1538.335    -1538.336        0.001     0.1
0.7770        -1538.335    -1538.336        0.001     0.1
0.7780        -1538.335    -1538.336        0.001     0.1
0.7790        -1538.335    -1538.336        0.001     0.1
0.7800        -1538.335    -1538.336        0.001     0.1
0.7810        -1538.335    -1538.336        0.001     0.1
0.7820        -1538.335    -1538.336        0.001     0.1
0.7830        -1538.335    -1538.336        0.001     0.1
0.7840        -1538.335    -1538.336        0.001     0.1
0.7850        -1538.335    -1538.336        0.001     0.1
0.7860        -1538.335    -1538.336        0.001     0.1
0.7870        -1538.335    -1538.336        0.001     0.1
0.7880        -1538.335    -1538.336        0.001     0.1
0.7890        -1538.335    -1538.336        0.001     0.1
0.7900        -1538.335    -1538.336        0.001     0.1
0.7910        -1538.335    -1538.336        0.001     0.1
0.7920        -1538.335    -1538.336        0.001     0.1
0.7930        -1538.335    -1538.336        0.001     0.1
0.7940        -1538.335    -1538.336        0.001     0.1
0.7950        -1538.335    -1538.336        0.001     0.0
0.7960        -1538.335    -1538.336        0.000     0.0
0.7970        -1538.335    -1538.336        0.000     0.0
0.7980        -1538.335    -1538.336        0.001     0.0
0.7990        -1538.335    -1538.336        0.001     0.0
0.8000        -1538.335    -1538.336        0.001     0.1
0.8010        -1538.335    -1538.336        0.001     0.1
0.8020        -1538.335    -1538.336        0.001     0.1
0.8030        -1538.335    -1538.336        0.001     0.1
0.8040        -1538.335    -1538.336        0.001     0.1
0.8050        -1538.335    -1538.336        0.001     0.1
0.8060        -1538.335    -1538.336        0.001     0.0
0.8070        -1538.335    -1538.336        0.001     0.0
0.8080        -1538.335    -1538.336        0.001     0.0
0.8090        -1538.335    -1538.336        0.001     0.0
0.8100        -1538.335    -1538.336        0.001     0.1
0.8110        -1538.335    -1538.336        0.001     0.1
0.8120        -1538.335    -1538.336        0.001     0.1
0.8130        -1538.336    -1538.336        0.001     0.1
0.8140        -1538.336    -1538.336        0.001     0.1
0.8150        -1538.336    -1538.336        0.001     0.1
0.8160        -1538.336    -1538.336        0.001     0.1
0.8170        -1538.336    -1538.336        0.001     0.1
0.8180        -1538.336    -1538.336        0.001     0.1
0.8190        -1538.336    -1538.336        0.001     0.1
0.8200        -1538.336    -1538.336        0.001     0.1
0.8210        -1538.336    -1538.336        0.001     0.1
0.8220        -1538.336    -1538.336        0.001     0.1
0.8230        -1538.336    -1538.336        0.001     0.0
0.8240        -1538.336    -1538.336        0.000     0.0
0.8250        -1538.336    -1538.336        0.000     0.0
0.8260        -1538.336    -1538.336        0.000     0.0
0.8270        -1538.336    -1538.336        0.000     0.0
0.8280        -1538.336    -1538.336        0.000     0.0
0.8290        -1538.336    -1538.336        0.000     0.0
0.8300        -1538.336    -1538.336        0.000     0.0
0.8310        -1538.336    -1538.336        0.000     0.0
0.8320        -1538.336    -1538.336        0.000     0.0
0.8330        -1538.336    -1538.336        0.000     0.0
0.8340        -1538.336    -1538.336        0.001     0.0
0.8350        -1538.336    -1538.336        0.001     0.0
0.8360        -1538.336    -1538.336        0.001     0.1
0.8370        -1538.336    -1538.336        0.001     0.1
0.8380        -1538.336    -1538.336        0.001     0.1
0.8390        -1538.336    -1538.336        0.001     0.1
0.8400        -1538.336    -1538.336        0.001     0.0
0.8410        -1538.336    -1538.336        0.001     0.0
0.8420        -1538.336    -1538.336        0.001     0.0
0.8430        -1538.336    -1538.336        0.001     0.0
0.8440        -1538.336    -1538.336        0.001     0.0
0.8450        -1538.336    -1538.336        0.001     0.0
0.8460        -1538.336    -1538.336        0.001     0.0
0.8470        -1538.336    -1538.337        0.001     0.1
0.8480        -1538.336    -1538.337        0.001     0.1
0.8490        -1538.336    -1538.337        0.001     0.0
0.8500        -1538.336    -1538.336        0.001     0.0
0.8510        -1538.336    -1538.336        0.000     0.0
0.8520        -1538.336    -1538.336        0.000     0.0
0.8530        -1538.336    -1538.336        0.000     0.0
0.8540        -1538.336    -1538.336        0.000     0.0
0.8550        -1538.336    -1538.336        0.000     0.0
0.8560        -1538.336    -1538.336        0.000     0.0
0.8570        -1538.336    -1538.336        0.000     0.0
0.8580        -1538.336    -1538.336        0.000     0.0
0.8590        -1538.336    -1538.336        0.000     0.0
0.8600        -1538.336    -1538.336        0.000     0.0
0.8610        -1538.336    -1538.336        0.000     0.0
0.8620        -1538.336    -1538.336        0.000     0.0
0.8630        -1538.336    -1538.336        0.000     0.0
0.8640        -1538.336    -1538.336        0.000     0.0
0.8650        -1538.336    -1538.336        0.000     0.0
0.8660        -1538.336    -1538.337        0.000     0.0
0.8670        -1538.336    -1538.337        0.000     0.0
0.8680        -1538.336    -1538.337        0.000     0.0
0.8690        -1538.336    -1538.337        0.000     0.0
0.8700        -1538.336    -1538.337        0.001     0.0
0.8710        -1538.336    -1538.337        0.001     0.0
0.8720        -1538.336    -1538.337        0.001     0.0
0.8730        -1538.336    -1538.337        0.001     0.0
0.8740        -1538.336    -1538.337        0.000     0.0
0.8750        -1538.336    -1538.337        0.000     0.0
0.8760        -1538.336    -1538.337        0.000     0.0
0.8770        -1538.336    -1538.337        0.000     0.0
0.8780        -1538.336    -1538.336        0.000     0.0
0.8790        -1538.336    -1538.336        0.000     0.0
0.8800        -1538.336    -1538.336        0.000     0.0
0.8810        -1538.336    -1538.336        0.000     0.0
0.8820        -1538.336    -1538.336        0.000     0.0
0.8830        -1538.336    -1538.336        0.000     0.0
0.8840        -1538.336    -1538.336        0.000     0.0
0.8850        -1538.336    -1538.336        0.000     0.0
0.8860        -1538.336    -1538.336        0.000     0.0
0.8870        -1538.336    -1538.336        0.000     0.0
0.8880        -1538.336    -1538.336        0.000     0.0
0.8890        -1538.336    -1538.336        0.000     0.0
0.8900        -1538.336    -1538.336        0.000     0.0
0.8910        -1538.336    -1538.336        0.000     0.0
0.8920        -1538.336    -1538.337        0.000     0.0
0.8930        -1538.336    -1538.337        0.000     0.0
0.8940        -1538.336    -1538.337        0.000     0.0
0.8950        -1538.336    -1538.337        0.000     0.0
0.8960        -1538.336    -1538.337        0.000     0.0
0.8970        -1538.336    -1538.337        0.000     0.0
0.8980        -1538.336    -1538.337        0.000     0.0
0.8990        -1538.336    -1538.337        0.000     0.0
0.9000        -1538.336    -1538.337        0.000     0.0
0.9010        -1538.336    -1538.337        0.000     0.0
0.9020        -1538.336    -1538.337        0.000     0.0
0.9030        -1538.336    -1538.337        0.000     0.0
0.9040        -1538.336    -1538.337        0.000     0.0
0.9050        -1538.336    -1538.337        0.000     0.0
0.9060        -1538.336    -1538.337        0.000     0.0
0.9070        -1538.336    -1538.337        0.000     0.0
0.9080        -1538.336    -1538.337        0.000     0.0
0.9090        -1538.336    -1538.337        0.000     0.0
0.9100        -1538.336    -1538.337        0.000     0.0
0.9110        -1538.336    -1538.337        0.000     0.0
0.9120        -1538.336    -1538.336        0.000     0.0
0.9130        -1538.336    -1538.336        0.000     0.0
0.9140        -1538.336    -1538.336        0.000     0.0
0.9150        -1538.336    -1538.336        0.000     0.0
0.9160        -1538.336    -1538.337        0.000     0.0
0.9170        -1538.336    -1538.337        0.000     0.0
0.9180        -1538.336    -1538.337        0.000     0.0
0.9190        -1538.336    -1538.337        0.000     0.0
0.9200        -1538.336    -1538.337        0.000     0.0
0.9210        -1538.336    -1538.337        0.000     0.0
0.9220        -1538.336    -1538.337        0.000     0.0
0.9230        -1538.336    -1538.337        0.000     0.0
0.9240        -1538.336    -1538.337        0.000     0.0
0.9250        -1538.336    -1538.337        0.000     0.0
0.9260        -1538.336    -1538.337        0.000     0.0
0.9270        -1538.336    -1538.337        0.000     0.0
0.9280        -1538.336    -1538.337        0.000     0.0
0.9290        -1538.336    -1538.337        0.000     0.0
0.9300        -1538.336    -1538.337        0.000     0.0
0.9310        -1538.336    -1538.337        0.000     0.0
0.9320        -1538.336    -1538.337        0.000     0.0
0.9330        -1538.336    -1538.337        0.000     0.0
0.9340        -1538.336    -1538.337        0.000     0.0
0.9350        -1538.336    -1538.337        0.000     0.0
0.9360        -1538.336    -1538.337        0.000     0.0
0.9370        -1538.336    -1538.337        0.000     0.0
0.9380        -1538.336    -1538.337        0.000     0.0
0.9390        -1538.336    -1538.337        0.000     0.0
0.9400        -1538.336    -1538.337        0.000     0.0
0.9410        -1538.336    -1538.337        0.000     0.0
0.9420        -1538.336    -1538.337        0.000     0.0
0.9430        -1538.336    -1538.337        0.000     0.0
0.9440        -1538.336    -1538.337        0.000     0.0
0.9450        -1538.336    -1538.337        0.000     0.0
0.9460        -1538.336    -1538.337        0.000     0.0
0.9470        -1538.336    -1538.337        0.000     0.0
0.9480        -1538.337    -1538.337        0.000     0.0
0.9490        -1538.337    -1538.337        0.000     0.0
0.9500        -1538.337    -1538.337        0.000     0.0
0.9510        -1538.337    -1538.337        0.000     0.0
0.9520        -1538.337    -1538.337        0.000     0.0
0.9530        -1538.337    -1538.337        0.000     0.0
0.9540        -1538.337    -1538.337        0.000     0.0
0.9550        -1538.337    -1538.337        0.000     0.0
0.9560        -1538.337    -1538.337        0.000     0.0
0.9570        -1538.337    -1538.337        0.000     0.0
0.9580        -1538.337    -1538.337        0.000     0.0
0.9590        -1538.337    -1538.337        0.000     0.0
0.9600        -1538.337    -1538.337        0.000     0.0
0.9610        -1538.337    -1538.337        0.000     0.0
0.9620        -1538.337    -1538.337        0.000     0.0
0.9630        -1538.337    -1538.337        0.000     0.0
0.9640        -1538.337    -1538.337        0.000     0.0
0.9650        -1538.337    -1538.337        0.000     0.0
0.9660        -1538.337    -1538.337        0.000     0.0
0.9670        -1538.337    -1538.337        0.000     0.0
0.9680        -1538.337    -1538.337        0.000     0.0
0.9690        -1538.337    -1538.337        0.000     0.0
0.9700        -1538.337    -1538.337        0.000     0.0
0.9710        -1538.337    -1538.337        0.000     0.0
0.9720        -1538.337    -1538.337        0.000     0.0
0.9730        -1538.337    -1538.337        0.000     0.0
0.9740        -1538.337    -1538.337        0.000     0.0
0.9750        -1538.337    -1538.337        0.000     0.0
0.9760        -1538.337    -1538.337        0.000     0.0
0.9770        -1538.337    -1538.337        0.000     0.0
0.9780        -1538.337    -1538.337        0.000     0.0
0.9790        -1538.337    -1538.337        0.000     0.0
0.9800        -1538.337    -1538.337        0.000     0.0
0.9810        -1538.337    -1538.337        0.000     0.0
0.9820        -1538.337    -1538.337        0.000     0.0
0.9830        -1538.337    -1538.337        0.000     0.0
0.9840        -1538.337    -1538.337        0.000     0.0
0.9850        -1538.337    -1538.337        0.000     0.0
0.9860        -1538.337    -1538.337        0.000     0.0
0.9870        -1538.337    -1538.337        0.000     0.0
0.9880        -1538.337    -1538.337        0.000     0.0
0.9890        -1538.337    -1538.337        0.000     0.0
0.9900        -1538.337    -1538.337        0.000     0.0
0.9910        -1538.337    -1538.337        0.000     0.0
0.9920        -1538.337    -1538.337        0.000     0.0
0.9930        -1538.337    -1538.337        0.000     0.0
0.9940        -1538.337    -1538.337        0.000     0.0
0.9950        -1538.337    -1538.337        0.000     0.0
0.9960        -1538.337    -1538.337        0.000     0.0
0.9970        -1538.337    -1538.337        0.000     0.0
0.9980        -1538.337    -1538.337        0.000     0.0
0.9990        -1538.337    -1538.337        0.000     0.0
1.0000        -1538.337    -1538.337        0.000     0.0
