Time[ps]      Etot[eV]     Epot[eV]     Ekin[eV]    T[K]
0.0000        -1530.210    -1533.783        3.573   287.9
0.0010        -1530.145    -1533.853        3.708   298.8
0.0020        -1530.101    -1533.894        3.793   305.6
0.0030        -1530.094    -1533.893        3.799   306.2
0.0040        -1529.992    -1533.856        3.864   311.4
0.0050        -1530.009    -1533.828        3.819   307.8
0.0060        -1530.017    -1533.868        3.851   310.3
0.0070        -1530.028    -1533.996        3.968   319.8
0.0080        -1530.073    -1534.234        4.160   335.3
0.0090        -1530.145    -1534.535        4.390   353.8
0.0100        -1530.064    -1534.844        4.779   385.1
0.0110        -1530.054    -1535.069        5.015   404.2
0.0120        -1530.037    -1535.142        5.106   411.4
0.0130        -1530.161    -1535.037        4.876   393.0
0.0140        -1530.196    -1534.799        4.604   371.0
0.0150        -1530.106    -1534.510        4.404   354.9
0.0160        -1530.078    -1534.268        4.190   337.7
0.0170        -1530.023    -1534.135        4.112   331.4
0.0180        -1529.987    -1534.157        4.170   336.0
0.0190        -1530.037    -1534.285        4.248   342.3
0.0200        -1530.010    -1534.430        4.421   356.2
0.0210        -1530.061    -1534.530        4.469   360.1
0.0220        -1529.989    -1534.508        4.518   364.1
0.0230        -1530.041    -1534.336        4.295   346.1
0.0240        -1530.009    -1534.054        4.045   326.0
0.0250        -1530.072    -1533.771        3.699   298.1
0.0260        -1530.099    -1533.596        3.498   281.9
0.0270        -1530.127    -1533.573        3.445   277.6
0.0280        -1530.085    -1533.630        3.545   285.7
0.0290        -1530.029    -1533.695        3.666   295.5
0.0300        -1529.985    -1533.691        3.706   298.7
0.0310        -1530.022    -1533.593        3.572   287.8
0.0320        -1529.994    -1533.437        3.444   277.5
0.0330        -1529.989    -1533.289        3.299   265.9
0.0340        -1529.813    -1533.238        3.425   276.0
0.0350        -1529.940    -1533.323        3.383   272.6
0.0360        -1529.851    -1533.553        3.702   298.3
0.0370        -1529.822    -1533.903        4.081   328.9
0.0380        -1529.785    -1534.324        4.539   365.8
0.0390        -1529.834    -1534.717        4.883   393.5
0.0400        -1529.641    -1535.018        5.377   433.3
0.0410        -1529.576    -1535.166        5.590   450.5
0.0420        -1529.684    -1535.154        5.470   440.8
0.0430        -1529.747    -1535.025        5.278   425.3
0.0440        -1529.881    -1534.857        4.977   401.0
0.0450        -1529.872    -1534.721        4.849   390.7
0.0460        -1529.979    -1534.635        4.657   375.3
0.0470        -1530.027    -1534.579        4.552   366.9
0.0480        -1530.003    -1534.488        4.485   361.4
0.0490        -1530.118    -1534.333        4.215   339.7
0.0500        -1530.211    -1534.116        3.906   314.8
0.0510        -1530.187    -1533.877        3.690   297.3
0.0520        -1530.175    -1533.685        3.510   282.8
0.0530        -1530.131    -1533.573        3.442   277.4
0.0540        -1530.096    -1533.558        3.462   279.0
0.0550        -1530.098    -1533.627        3.529   284.4
0.0560        -1530.153    -1533.733        3.579   288.4
0.0570        -1530.082    -1533.827        3.745   301.8
0.0580        -1530.191    -1533.879        3.688   297.2
0.0590        -1530.123    -1533.886        3.763   303.2
0.0600        -1530.058    -1533.870        3.812   307.2
0.0610        -1530.101    -1533.881        3.780   304.6
0.0620        -1530.013    -1533.959        3.946   318.0
0.0630        -1530.062    -1534.087        4.025   324.4
0.0640        -1530.045    -1534.276        4.231   341.0
0.0650        -1530.061    -1534.449        4.388   353.6
0.0660        -1530.072    -1534.554        4.482   361.2
0.0670        -1530.173    -1534.573        4.400   354.6
0.0680        -1530.128    -1534.511        4.383   353.2
0.0690        -1530.243    -1534.392        4.149   334.4
0.0700        -1530.214    -1534.289        4.074   328.3
0.0710        -1530.268    -1534.259        3.992   321.7
0.0720        -1530.269    -1534.335        4.066   327.6
0.0730        -1530.171    -1534.487        4.316   347.8
0.0740        -1529.936    -1534.671        4.735   381.6
0.0750        -1529.995    -1534.812        4.817   388.2
0.0760        -1529.953    -1534.862        4.910   395.7
0.0770        -1530.017    -1534.762        4.745   382.4
0.0780        -1530.048    -1534.514        4.466   359.9
0.0790        -1530.036    -1534.173        4.137   333.4
0.0800        -1530.089    -1533.836        3.748   302.0
0.0810        -1530.065    -1533.592        3.527   284.2
0.0820        -1530.168    -1533.500        3.332   268.5
0.0830        -1530.119    -1533.578        3.459   278.7
0.0840        -1530.093    -1533.752        3.659   294.9
0.0850        -1530.027    -1533.921        3.894   313.8
0.0860        -1530.157    -1534.024        3.867   311.6
0.0870        -1530.233    -1534.033        3.800   306.2
0.0880        -1530.256    -1533.997        3.741   301.5
0.0890        -1530.321    -1533.960        3.639   293.2
0.0900        -1530.304    -1533.990        3.686   297.1
0.0910        -1530.251    -1534.089        3.838   309.3
0.0920        -1530.198    -1534.281        4.083   329.0
0.0930        -1530.118    -1534.529        4.411   355.5
0.0940        -1530.103    -1534.750        4.647   374.5
0.0950        -1530.207    -1534.883        4.676   376.8
0.0960        -1530.180    -1534.924        4.745   382.4
0.0970        -1530.297    -1534.879        4.582   369.2
0.0980        -1530.305    -1534.809        4.503   362.9
0.0990        -1530.284    -1534.723        4.438   357.7
0.1000        -1530.143    -1534.620        4.476   360.7
0.1010        -1530.104    -1534.511        4.406   355.1
0.1020        -1530.179    -1534.382        4.202   338.7
0.1030        -1530.157    -1534.236        4.079   328.7
0.1040        -1530.121    -1534.072        3.951   318.4
0.1050        -1530.168    -1533.913        3.745   301.8
0.1060        -1530.218    -1533.802        3.584   288.9
0.1070        -1530.213    -1533.767        3.554   286.4
0.1080        -1530.139    -1533.809        3.671   295.8
0.1090        -1530.149    -1533.914        3.765   303.4
0.1100        -1530.207    -1534.057        3.850   310.2
0.1110        -1530.226    -1534.208        3.982   320.9
0.1120        -1530.116    -1534.288        4.172   336.2
0.1130        -1530.118    -1534.282        4.164   335.6
0.1140        -1530.152    -1534.187        4.035   325.2
0.1150        -1530.149    -1534.037        3.888   313.3
0.1160        -1530.248    -1533.875        3.627   292.3
0.1170        -1530.250    -1533.778        3.528   284.3
0.1180        -1530.301    -1533.783        3.481   280.5
0.1190        -1530.295    -1533.912        3.617   291.5
0.1200        -1530.336    -1534.104        3.768   303.6
0.1210        -1530.227    -1534.295        4.067   327.8
0.1220        -1530.115    -1534.420        4.305   346.9
0.1230        -1530.001    -1534.456        4.455   359.0
0.1240        -1529.936    -1534.419        4.483   361.3
0.1250        -1529.803    -1534.365        4.562   367.6
0.1260        -1529.834    -1534.323        4.489   361.8
0.1270        -1529.909    -1534.311        4.402   354.8
0.1280        -1529.969    -1534.339        4.370   352.2
0.1290        -1529.955    -1534.372        4.417   356.0
0.1300        -1529.857    -1534.390        4.532   365.3
0.1310        -1529.888    -1534.370        4.482   361.2
0.1320        -1529.895    -1534.293        4.397   354.4
0.1330        -1529.979    -1534.167        4.188   337.5
0.1340        -1529.958    -1534.009        4.050   326.4
0.1350        -1529.904    -1533.826        3.922   316.1
0.1360        -1529.844    -1533.677        3.833   308.9
0.1370        -1529.908    -1533.563        3.654   294.5
0.1380        -1529.897    -1533.524        3.626   292.2
0.1390        -1529.874    -1533.576        3.701   298.3
0.1400        -1529.769    -1533.693        3.924   316.2
0.1410        -1529.751    -1533.820        4.069   327.9
0.1420        -1529.697    -1533.931        4.234   341.2
0.1430        -1529.664    -1534.004        4.340   349.8
0.1440        -1529.716    -1534.065        4.349   350.5
0.1450        -1529.660    -1534.115        4.455   359.0
0.1460        -1529.656    -1534.166        4.510   363.4
0.1470        -1529.742    -1534.218        4.476   360.7
0.1480        -1529.686    -1534.281        4.595   370.3
0.1490        -1529.730    -1534.319        4.589   369.8
0.1500        -1529.885    -1534.317        4.432   357.2
0.1510        -1530.019    -1534.270        4.251   342.6
0.1520        -1530.039    -1534.193        4.155   334.8
0.1530        -1530.066    -1534.109        4.043   325.8
0.1540        -1530.085    -1534.060        3.976   320.4
0.1550        -1530.102    -1534.075        3.974   320.2
0.1560        -1530.003    -1534.155        4.152   334.6
0.1570        -1530.104    -1534.246        4.142   333.8
0.1580        -1530.085    -1534.310        4.225   340.5
0.1590        -1530.117    -1534.317        4.200   338.5
0.1600        -1530.171    -1534.286        4.115   331.6
0.1610        -1530.092    -1534.245        4.153   334.6
0.1620        -1529.998    -1534.223        4.226   340.5
0.1630        -1529.912    -1534.234        4.322   348.3
0.1640        -1529.866    -1534.278        4.412   355.5
0.1650        -1529.792    -1534.338        4.546   366.4
0.1660        -1529.955    -1534.387        4.432   357.2
0.1670        -1529.910    -1534.392        4.482   361.2
0.1680        -1529.938    -1534.316        4.378   352.8
0.1690        -1529.924    -1534.153        4.229   340.8
0.1700        -1529.917    -1533.939        4.022   324.1
0.1710        -1529.919    -1533.716        3.797   306.0
0.1720        -1529.912    -1533.551        3.639   293.2
0.1730        -1529.907    -1533.491        3.584   288.8
0.1740        -1529.942    -1533.555        3.612   291.1
0.1750        -1529.913    -1533.730        3.817   307.6
0.1760        -1529.820    -1533.943        4.123   332.3
0.1770        -1529.967    -1534.140        4.173   336.3
0.1780        -1529.966    -1534.274        4.307   347.1
0.1790        -1529.942    -1534.309        4.367   352.0
0.1800        -1529.882    -1534.254        4.372   352.3
0.1810        -1529.729    -1534.140        4.411   355.5
0.1820        -1529.685    -1534.037        4.351   350.7
0.1830        -1529.728    -1533.998        4.270   344.1
0.1840        -1529.838    -1534.014        4.176   336.6
0.1850        -1529.772    -1534.104        4.332   349.1
0.1860        -1529.759    -1534.218        4.459   359.4
0.1870        -1529.772    -1534.332        4.559   367.4
0.1880        -1529.877    -1534.377        4.500   362.6
0.1890        -1529.939    -1534.326        4.386   353.5
0.1900        -1529.966    -1534.176        4.210   339.3
0.1910        -1529.936    -1533.974        4.038   325.4
0.1920        -1529.899    -1533.751        3.852   310.5
0.1930        -1529.814    -1533.586        3.772   304.0
0.1940        -1529.826    -1533.501        3.675   296.1
0.1950        -1529.914    -1533.503        3.589   289.2
0.1960        -1529.951    -1533.574        3.624   292.0
0.1970        -1529.923    -1533.688        3.765   303.4
0.1980        -1529.961    -1533.839        3.878   312.5
0.1990        -1530.148    -1534.015        3.868   311.7
0.2000        -1530.264    -1534.189        3.924   316.3
0.2010        -1530.267    -1534.324        4.058   327.0
0.2020        -1530.202    -1534.423        4.221   340.2
0.2030        -1530.288    -1534.476        4.188   337.5
0.2040        -1530.366    -1534.502        4.136   333.3
0.2050        -1530.437    -1534.487        4.050   326.3
0.2060        -1530.510    -1534.457        3.948   318.1
0.2070        -1530.557    -1534.433        3.876   312.4
0.2080        -1530.490    -1534.411        3.921   316.0
0.2090        -1530.472    -1534.403        3.931   316.8
0.2100        -1530.490    -1534.424        3.933   317.0
0.2110        -1530.502    -1534.466        3.964   319.4
0.2120        -1530.547    -1534.527        3.981   320.8
0.2130        -1530.507    -1534.590        4.083   329.1
0.2140        -1530.568    -1534.643        4.075   328.4
0.2150        -1530.625    -1534.665        4.039   325.5
0.2160        -1530.631    -1534.658        4.027   324.5
0.2170        -1530.600    -1534.616        4.016   323.7
0.2180        -1530.614    -1534.570        3.956   318.8
0.2190        -1530.631    -1534.535        3.904   314.6
0.2200        -1530.586    -1534.514        3.928   316.5
0.2210        -1530.598    -1534.508        3.910   315.1
0.2220        -1530.573    -1534.472        3.898   314.2
0.2230        -1530.594    -1534.431        3.837   309.2
0.2240        -1530.606    -1534.375        3.770   303.8
0.2250        -1530.640    -1534.305        3.665   295.4
0.2260        -1530.647    -1534.223        3.576   288.2
0.2270        -1530.732    -1534.167        3.435   276.8
0.2280        -1530.784    -1534.160        3.376   272.1
0.2290        -1530.835    -1534.191        3.356   270.4
0.2300        -1530.719    -1534.253        3.534   284.8
0.2310        -1530.751    -1534.344        3.594   289.6
0.2320        -1530.764    -1534.451        3.687   297.1
0.2330        -1530.796    -1534.545        3.748   302.1
0.2340        -1530.780    -1534.616        3.836   309.2
0.2350        -1530.834    -1534.645        3.811   307.1
0.2360        -1530.768    -1534.626        3.859   310.9
0.2370        -1530.723    -1534.582        3.859   311.0
0.2380        -1530.655    -1534.547        3.893   313.7
0.2390        -1530.635    -1534.528        3.893   313.7
0.2400        -1530.634    -1534.544        3.910   315.1
0.2410        -1530.555    -1534.575        4.020   323.9
0.2420        -1530.577    -1534.596        4.019   323.9
0.2430        -1530.589    -1534.583        3.994   321.8
0.2440        -1530.618    -1534.530        3.912   315.2
0.2450        -1530.599    -1534.453        3.854   310.6
0.2460        -1530.601    -1534.360        3.758   302.9
0.2470        -1530.430    -1534.277        3.847   310.0
0.2480        -1530.516    -1534.205        3.689   297.3
0.2490        -1530.560    -1534.171        3.611   291.0
0.2500        -1530.565    -1534.174        3.609   290.8
0.2510        -1530.546    -1534.214        3.668   295.6
0.2520        -1530.545    -1534.274        3.729   300.5
0.2530        -1530.519    -1534.345        3.826   308.4
0.2540        -1530.474    -1534.409        3.935   317.1
0.2550        -1530.564    -1534.452        3.887   313.2
0.2560        -1530.684    -1534.453        3.769   303.7
0.2570        -1530.593    -1534.417        3.824   308.2
0.2580        -1530.653    -1534.353        3.700   298.2
0.2590        -1530.628    -1534.274        3.646   293.8
0.2600        -1530.605    -1534.221        3.616   291.4
0.2610        -1530.628    -1534.218        3.590   289.3
0.2620        -1530.691    -1534.272        3.581   288.6
0.2630        -1530.696    -1534.370        3.674   296.1
0.2640        -1530.733    -1534.486        3.753   302.5
0.2650        -1530.681    -1534.598        3.917   315.6
0.2660        -1530.614    -1534.688        4.074   328.3
0.2670        -1530.577    -1534.703        4.127   332.5
0.2680        -1530.556    -1534.638        4.083   329.0
0.2690        -1530.563    -1534.515        3.953   318.5
0.2700        -1530.641    -1534.378        3.737   301.2
0.2710        -1530.671    -1534.269        3.598   290.0
0.2720        -1530.601    -1534.235        3.634   292.9
0.2730        -1530.531    -1534.289        3.758   302.8
0.2740        -1530.450    -1534.381        3.931   316.8
0.2750        -1530.425    -1534.479        4.054   326.7
0.2760        -1530.389    -1534.543        4.154   334.7
0.2770        -1530.510    -1534.548        4.038   325.4
0.2780        -1530.472    -1534.502        4.030   324.8
0.2790        -1530.463    -1534.421        3.958   319.0
0.2800        -1530.479    -1534.323        3.845   309.8
0.2810        -1530.512    -1534.239        3.726   300.3
0.2820        -1530.598    -1534.194        3.596   289.8
0.2830        -1530.573    -1534.184        3.611   291.0
0.2840        -1530.549    -1534.201        3.653   294.4
0.2850        -1530.541    -1534.227        3.686   297.0
0.2860        -1530.521    -1534.228        3.706   298.7
0.2870        -1530.499    -1534.240        3.741   301.5
0.2880        -1530.506    -1534.247        3.742   301.5
0.2890        -1530.592    -1534.276        3.684   296.9
0.2900        -1530.629    -1534.318        3.689   297.3
0.2910        -1530.676    -1534.356        3.680   296.6
0.2920        -1530.664    -1534.414        3.750   302.2
0.2930        -1530.612    -1534.463        3.851   310.3
0.2940        -1530.592    -1534.532        3.940   317.5
0.2950        -1530.606    -1534.603        3.997   322.1
0.2960        -1530.537    -1534.680        4.143   333.9
0.2970        -1530.611    -1534.747        4.136   333.3
0.2980        -1530.700    -1534.782        4.082   329.0
0.2990        -1530.811    -1534.766        3.955   318.7
0.3000        -1530.794    -1534.700        3.906   314.8
0.3010        -1530.787    -1534.594        3.807   306.8
0.3020        -1530.828    -1534.494        3.665   295.4
0.3030        -1530.816    -1534.414        3.598   289.9
0.3040        -1530.793    -1534.383        3.590   289.3
0.3050        -1530.725    -1534.386        3.661   295.0
0.3060        -1530.798    -1534.425        3.627   292.3
0.3070        -1530.889    -1534.477        3.588   289.1
0.3080        -1530.880    -1534.504        3.624   292.1
0.3090        -1530.898    -1534.509        3.612   291.0
0.3100        -1530.870    -1534.505        3.635   292.9
0.3110        -1530.866    -1534.485        3.618   291.6
0.3120        -1530.887    -1534.471        3.583   288.8
0.3130        -1530.950    -1534.461        3.511   282.9
0.3140        -1530.869    -1534.486        3.618   291.5
0.3150        -1530.856    -1534.544        3.688   297.2
0.3160        -1530.833    -1534.600        3.767   303.6
0.3170        -1530.850    -1534.620        3.770   303.8
0.3180        -1530.749    -1534.589        3.840   309.5
0.3190        -1530.683    -1534.525        3.842   309.6
0.3200        -1530.761    -1534.458        3.697   298.0
0.3210        -1530.673    -1534.402        3.730   300.6
0.3220        -1530.758    -1534.373        3.615   291.3
0.3230        -1530.789    -1534.366        3.576   288.2
0.3240        -1530.920    -1534.360        3.440   277.2
0.3250        -1530.883    -1534.371        3.488   281.1
0.3260        -1530.813    -1534.410        3.597   289.9
0.3270        -1530.831    -1534.460        3.629   292.4
0.3280        -1530.783    -1534.515        3.732   300.7
0.3290        -1530.776    -1534.546        3.770   303.9
0.3300        -1530.751    -1534.531        3.780   304.6
0.3310        -1530.598    -1534.502        3.903   314.5
0.3320        -1530.632    -1534.476        3.843   309.7
0.3330        -1530.612    -1534.445        3.833   308.9
0.3340        -1530.623    -1534.418        3.795   305.8
0.3350        -1530.727    -1534.396        3.669   295.7
0.3360        -1530.720    -1534.402        3.682   296.7
0.3370        -1530.733    -1534.400        3.667   295.5
0.3380        -1530.708    -1534.390        3.683   296.8
0.3390        -1530.657    -1534.360        3.703   298.4
0.3400        -1530.773    -1534.336        3.563   287.1
0.3410        -1530.788    -1534.334        3.546   285.8
0.3420        -1530.774    -1534.370        3.596   289.8
0.3430        -1530.708    -1534.429        3.721   299.8
0.3440        -1530.678    -1534.512        3.834   308.9
0.3450        -1530.640    -1534.604        3.964   319.4
0.3460        -1530.583    -1534.667        4.085   329.2
0.3470        -1530.590    -1534.660        4.070   328.0
0.3480        -1530.717    -1534.601        3.884   313.0
0.3490        -1530.720    -1534.505        3.786   305.1
0.3500        -1530.728    -1534.423        3.695   297.8
0.3510        -1530.725    -1534.396        3.671   295.8
0.3520        -1530.814    -1534.420        3.605   290.5
0.3530        -1530.785    -1534.492        3.707   298.7
0.3540        -1530.710    -1534.619        3.909   315.0
0.3550        -1530.780    -1534.758        3.978   320.6
0.3560        -1530.727    -1534.846        4.118   331.9
0.3570        -1530.713    -1534.847        4.134   333.1
0.3580        -1530.732    -1534.747        4.015   323.6
0.3590        -1530.742    -1534.565        3.823   308.1
0.3600        -1530.714    -1534.355        3.641   293.4
0.3610        -1530.707    -1534.181        3.475   280.0
0.3620        -1530.698    -1534.082        3.384   272.7
0.3630        -1530.660    -1534.054        3.393   273.5
0.3640        -1530.643    -1534.077        3.435   276.8
0.3650        -1530.576    -1534.152        3.575   288.1
0.3660        -1530.580    -1534.223        3.643   293.6
0.3670        -1530.620    -1534.281        3.661   295.0
0.3680        -1530.660    -1534.315        3.655   294.6
0.3690        -1530.591    -1534.329        3.738   301.2
0.3700        -1530.663    -1534.332        3.669   295.7
0.3710        -1530.752    -1534.347        3.595   289.7
0.3720        -1530.796    -1534.380        3.583   288.7
0.3730        -1530.791    -1534.422        3.631   292.6
0.3740        -1530.721    -1534.464        3.743   301.7
0.3750        -1530.682    -1534.483        3.802   306.4
0.3760        -1530.586    -1534.450        3.864   311.4
0.3770        -1530.570    -1534.378        3.807   306.8
0.3780        -1530.598    -1534.303        3.704   298.5
0.3790        -1530.630    -1534.241        3.611   291.0
0.3800        -1530.708    -1534.233        3.525   284.1
0.3810        -1530.670    -1534.301        3.630   292.6
0.3820        -1530.617    -1534.418        3.801   306.3
0.3830        -1530.579    -1534.516        3.937   317.3
0.3840        -1530.631    -1534.557        3.926   316.4
0.3850        -1530.549    -1534.529        3.980   320.7
0.3860        -1530.620    -1534.442        3.822   308.0
0.3870        -1530.773    -1534.335        3.562   287.1
0.3880        -1530.802    -1534.235        3.433   276.7
0.3890        -1530.815    -1534.186        3.371   271.6
0.3900        -1530.767    -1534.210        3.443   277.5
0.3910        -1530.747    -1534.306        3.559   286.8
0.3920        -1530.772    -1534.425        3.653   294.4
0.3930        -1530.663    -1534.547        3.884   313.0
0.3940        -1530.697    -1534.621        3.924   316.2
0.3950        -1530.743    -1534.635        3.892   313.7
0.3960        -1530.810    -1534.578        3.768   303.7
0.3970        -1530.775    -1534.473        3.698   298.0
0.3980        -1530.807    -1534.365        3.558   286.7
0.3990        -1530.842    -1534.275        3.433   276.6
0.4000        -1530.926    -1534.219        3.294   265.4
0.4010        -1530.886    -1534.212        3.326   268.0
0.4020        -1530.946    -1534.240        3.294   265.5
0.4030        -1530.880    -1534.308        3.429   276.3
0.4040        -1530.861    -1534.390        3.529   284.4
0.4050        -1530.772    -1534.454        3.682   296.7
0.4060        -1530.721    -1534.500        3.779   304.6
0.4070        -1530.798    -1534.537        3.739   301.3
0.4080        -1530.863    -1534.580        3.717   299.6
0.4090        -1530.941    -1534.638        3.698   298.0
0.4100        -1531.008    -1534.728        3.720   299.8
0.4110        -1530.994    -1534.802        3.807   306.8
0.4120        -1531.125    -1534.820        3.694   297.7
0.4130        -1531.182    -1534.789        3.607   290.7
0.4140        -1531.121    -1534.688        3.567   287.4
0.4150        -1531.160    -1534.550        3.390   273.2
0.4160        -1531.166    -1534.410        3.244   261.4
0.4170        -1531.156    -1534.306        3.150   253.9
0.4180        -1531.183    -1534.269        3.086   248.7
0.4190        -1531.091    -1534.321        3.230   260.3
0.4200        -1531.118    -1534.474        3.356   270.4
0.4210        -1531.180    -1534.724        3.544   285.6
0.4220        -1531.147    -1535.003        3.856   310.7
0.4230        -1531.199    -1535.247        4.047   326.2
0.4240        -1531.225    -1535.399        4.175   336.4
0.4250        -1531.152    -1535.436        4.284   345.3
0.4260        -1531.125    -1535.341        4.216   339.8
0.4270        -1531.188    -1535.136        3.948   318.1
0.4280        -1531.154    -1534.891        3.737   301.1
0.4290        -1531.235    -1534.654        3.419   275.5
0.4300        -1531.213    -1534.513        3.300   265.9
0.4310        -1531.136    -1534.467        3.331   268.4
0.4320        -1531.188    -1534.492        3.304   266.3
0.4330        -1531.161    -1534.582        3.421   275.7
0.4340        -1531.150    -1534.688        3.539   285.2
0.4350        -1531.113    -1534.765        3.651   294.3
0.4360        -1531.117    -1534.779        3.662   295.1
0.4370        -1531.046    -1534.716        3.669   295.7
0.4380        -1530.982    -1534.602        3.620   291.7
0.4390        -1530.913    -1534.482        3.569   287.6
0.4400        -1530.961    -1534.374        3.413   275.1
0.4410        -1530.924    -1534.324        3.401   274.0
0.4420        -1530.955    -1534.361        3.406   274.4
0.4430        -1531.035    -1534.487        3.452   278.2
0.4440        -1531.022    -1534.654        3.632   292.7
0.4450        -1531.099    -1534.834        3.735   301.0
0.4460        -1530.943    -1534.963        4.020   324.0
0.4470        -1530.952    -1535.001        4.050   326.3
0.4480        -1530.983    -1534.957        3.973   320.2
0.4490        -1530.980    -1534.847        3.866   311.6
0.4500        -1531.029    -1534.687        3.658   294.8
0.4510        -1531.146    -1534.524        3.378   272.3
0.4520        -1531.177    -1534.428        3.251   262.0
0.4530        -1531.281    -1534.452        3.170   255.5
0.4540        -1531.332    -1534.583        3.251   262.0
0.4550        -1531.371    -1534.762        3.390   273.2
0.4560        -1531.436    -1534.935        3.499   282.0
0.4570        -1531.498    -1535.049        3.551   286.2
0.4580        -1531.465    -1535.067        3.602   290.2
0.4590        -1531.445    -1534.994        3.550   286.1
0.4600        -1531.345    -1534.861        3.516   283.3
0.4610        -1531.297    -1534.689        3.392   273.3
0.4620        -1531.275    -1534.549        3.274   263.8
0.4630        -1531.286    -1534.492        3.206   258.4
0.4640        -1531.185    -1534.564        3.379   272.3
0.4650        -1531.241    -1534.755        3.514   283.2
0.4660        -1531.235    -1535.004        3.768   303.7
0.4670        -1531.282    -1535.240        3.958   319.0
0.4680        -1531.288    -1535.382        4.094   329.9
0.4690        -1531.275    -1535.377        4.102   330.5
0.4700        -1531.241    -1535.222        3.982   320.9
0.4710        -1531.138    -1534.939        3.801   306.3
0.4720        -1531.221    -1534.593        3.373   271.8
0.4730        -1531.298    -1534.281        2.983   240.4
0.4740        -1531.337    -1534.077        2.740   220.8
0.4750        -1531.302    -1534.025        2.723   219.5
0.4760        -1531.283    -1534.142        2.859   230.4
0.4770        -1531.213    -1534.384        3.171   255.6
0.4780        -1531.151    -1534.706        3.555   286.5
0.4790        -1531.205    -1535.023        3.817   307.6
0.4800        -1531.151    -1535.237        4.086   329.3
0.4810        -1531.184    -1535.296        4.112   331.4
0.4820        -1531.186    -1535.219        4.033   325.0
0.4830        -1531.211    -1535.057        3.847   310.0
0.4840        -1531.218    -1534.873        3.655   294.5
0.4850        -1531.229    -1534.739        3.510   282.9
0.4860        -1531.258    -1534.684        3.426   276.1
0.4870        -1531.285    -1534.709        3.424   275.9
0.4880        -1531.214    -1534.765        3.551   286.2
0.4890        -1531.251    -1534.806        3.554   286.4
0.4900        -1531.258    -1534.788        3.530   284.5
0.4910        -1531.165    -1534.719        3.554   286.4
0.4920        -1531.101    -1534.603        3.502   282.2
0.4930        -1531.130    -1534.461        3.331   268.5
0.4940        -1531.130    -1534.391        3.262   262.8
0.4950        -1531.140    -1534.418        3.278   264.2
0.4960        -1531.135    -1534.549        3.414   275.1
0.4970        -1531.144    -1534.747        3.603   290.4
0.4980        -1531.148    -1534.966        3.819   307.7
0.4990        -1531.166    -1535.166        4.000   322.3
0.5000        -1531.077    -1535.296        4.219   340.0
0.5010        -1531.068    -1535.310        4.242   341.8
0.5020        -1531.192    -1535.220        4.028   324.6
0.5030        -1531.132    -1535.019        3.887   313.3
0.5040        -1531.097    -1534.752        3.655   294.5
0.5050        -1531.157    -1534.471        3.314   267.1
0.5060        -1531.153    -1534.241        3.088   248.9
0.5070        -1531.112    -1534.109        2.997   241.5
0.5080        -1531.082    -1534.104        3.022   243.5
0.5090        -1531.158    -1534.212        3.054   246.1
0.5100        -1531.235    -1534.376        3.141   253.1
0.5110        -1531.140    -1534.534        3.395   273.6
0.5120        -1531.196    -1534.645        3.448   277.9
0.5130        -1531.140    -1534.682        3.541   285.4
0.5140        -1531.113    -1534.634        3.520   283.7
0.5150        -1531.105    -1534.521        3.416   275.3
0.5160        -1531.202    -1534.398        3.197   257.6
0.5170        -1531.185    -1534.291        3.106   250.3
0.5180        -1531.105    -1534.254        3.149   253.7
0.5190        -1531.052    -1534.293        3.241   261.2
0.5200        -1530.965    -1534.386        3.421   275.7
0.5210        -1530.995    -1534.498        3.502   282.2
0.5220        -1531.059    -1534.599        3.540   285.3
0.5230        -1530.967    -1534.656        3.689   297.3
0.5240        -1530.961    -1534.633        3.673   296.0
0.5250        -1531.049    -1534.548        3.499   282.0
0.5260        -1531.116    -1534.452        3.336   268.9
0.5270        -1531.147    -1534.390        3.243   261.3
0.5280        -1531.187    -1534.382        3.194   257.4
0.5290        -1531.190    -1534.443        3.253   262.1
0.5300        -1531.172    -1534.573        3.402   274.1
0.5310        -1531.303    -1534.728        3.425   276.0
0.5320        -1531.363    -1534.885        3.522   283.8
0.5330        -1531.343    -1535.034        3.691   297.4
0.5340        -1531.259    -1535.122        3.863   311.3
0.5350        -1531.255    -1535.124        3.869   311.8
0.5360        -1531.228    -1535.041        3.812   307.2
0.5370        -1531.334    -1534.938        3.604   290.5
0.5380        -1531.347    -1534.854        3.507   282.6
0.5390        -1531.286    -1534.811        3.525   284.1
0.5400        -1531.218    -1534.803        3.585   288.9
0.5410        -1531.210    -1534.815        3.605   290.5
0.5420        -1531.182    -1534.802        3.620   291.8
0.5430        -1531.059    -1534.760        3.701   298.2
0.5440        -1531.035    -1534.682        3.647   293.9
0.5450        -1531.020    -1534.581        3.561   286.9
0.5460        -1531.070    -1534.478        3.408   274.6
0.5470        -1531.036    -1534.416        3.380   272.4
0.5480        -1531.051    -1534.442        3.390   273.2
0.5490        -1531.055    -1534.529        3.474   280.0
0.5500        -1531.076    -1534.666        3.590   289.3
0.5510        -1531.006    -1534.816        3.810   307.0
0.5520        -1531.048    -1534.929        3.881   312.8
0.5530        -1531.052    -1534.966        3.914   315.4
0.5540        -1531.136    -1534.918        3.782   304.8
0.5550        -1531.105    -1534.784        3.679   296.5
0.5560        -1531.182    -1534.591        3.409   274.7
0.5570        -1531.210    -1534.436        3.227   260.0
0.5580        -1531.047    -1534.345        3.298   265.8
0.5590        -1531.081    -1534.302        3.221   259.6
0.5600        -1531.070    -1534.327        3.256   262.4
0.5610        -1531.024    -1534.406        3.383   272.6
0.5620        -1530.980    -1534.491        3.511   282.9
0.5630        -1531.023    -1534.540        3.517   283.4
0.5640        -1531.121    -1534.535        3.414   275.2
0.5650        -1531.182    -1534.477        3.296   265.6
0.5660        -1531.182    -1534.371        3.189   257.0
0.5670        -1531.070    -1534.238        3.169   255.3
0.5680        -1531.101    -1534.137        3.035   244.6
0.5690        -1531.031    -1534.104        3.073   247.6
0.5700        -1531.065    -1534.171        3.106   250.3
0.5710        -1530.988    -1534.327        3.338   269.0
0.5720        -1530.978    -1534.528        3.550   286.1
0.5730        -1531.077    -1534.729        3.652   294.3
0.5740        -1531.154    -1534.889        3.735   301.0
0.5750        -1531.160    -1534.984        3.824   308.2
0.5760        -1531.179    -1535.002        3.823   308.1
0.5770        -1531.144    -1534.953        3.808   306.9
0.5780        -1531.174    -1534.847        3.673   296.0
0.5790        -1531.264    -1534.740        3.476   280.1
0.5800        -1531.326    -1534.667        3.341   269.3
0.5810        -1531.248    -1534.647        3.399   273.9
0.5820        -1531.206    -1534.659        3.453   278.2
0.5830        -1531.108    -1534.663        3.555   286.5
0.5840        -1531.048    -1534.656        3.608   290.8
0.5850        -1531.015    -1534.653        3.638   293.2
0.5860        -1531.063    -1534.631        3.567   287.5
0.5870        -1531.025    -1534.599        3.575   288.1
0.5880        -1531.007    -1534.550        3.543   285.5
0.5890        -1531.020    -1534.508        3.488   281.1
0.5900        -1530.966    -1534.489        3.523   283.9
0.5910        -1530.861    -1534.484        3.623   292.0
0.5920        -1530.893    -1534.505        3.611   291.0
0.5930        -1530.835    -1534.579        3.744   301.7
0.5940        -1530.857    -1534.689        3.833   308.9
0.5950        -1530.888    -1534.798        3.910   315.1
0.5960        -1530.938    -1534.872        3.934   317.0
0.5970        -1530.883    -1534.882        4.000   322.3
0.5980        -1530.836    -1534.830        3.995   321.9
0.5990        -1530.929    -1534.688        3.760   303.0
0.6000        -1530.851    -1534.492        3.640   293.4
0.6010        -1530.898    -1534.273        3.375   272.0
0.6020        -1530.894    -1534.107        3.213   258.9
0.6030        -1530.804    -1534.033        3.229   260.2
0.6040        -1530.789    -1534.072        3.283   264.6
0.6050        -1530.741    -1534.233        3.492   281.4
0.6060        -1530.686    -1534.483        3.797   306.0
0.6070        -1530.619    -1534.717        4.098   330.3
0.6080        -1530.615    -1534.855        4.240   341.7
0.6090        -1530.610    -1534.893        4.283   345.2
0.6100        -1530.673    -1534.827        4.154   334.7
0.6110        -1530.694    -1534.704        4.010   323.2
0.6120        -1530.605    -1534.566        3.961   319.2
0.6130        -1530.600    -1534.466        3.866   311.6
0.6140        -1530.573    -1534.422        3.849   310.2
0.6150        -1530.478    -1534.429        3.951   318.4
0.6160        -1530.389    -1534.437        4.048   326.2
0.6170        -1530.431    -1534.427        3.995   322.0
0.6180        -1530.499    -1534.377        3.878   312.5
0.6190        -1530.425    -1534.300        3.876   312.3
0.6200        -1530.332    -1534.245        3.913   315.3
0.6210        -1530.359    -1534.247        3.889   313.4
0.6220        -1530.368    -1534.298        3.930   316.7
0.6230        -1530.355    -1534.395        4.040   325.6
0.6240        -1530.310    -1534.489        4.180   336.8
0.6250        -1530.371    -1534.543        4.172   336.2
0.6260        -1530.341    -1534.512        4.171   336.1
0.6270        -1530.337    -1534.395        4.058   327.0
0.6280        -1530.342    -1534.207        3.866   311.5
0.6290        -1530.334    -1533.996        3.662   295.1
0.6300        -1530.262    -1533.817        3.555   286.5
0.6310        -1530.326    -1533.687        3.361   270.9
0.6320        -1530.352    -1533.670        3.318   267.4
0.6330        -1530.303    -1533.776        3.473   279.9
0.6340        -1530.393    -1533.941        3.549   286.0
0.6350        -1530.529    -1534.144        3.616   291.4
0.6360        -1530.468    -1534.367        3.899   314.2
0.6370        -1530.329    -1534.544        4.215   339.7
0.6380        -1530.400    -1534.641        4.241   341.8
0.6390        -1530.455    -1534.656        4.201   338.5
0.6400        -1530.544    -1534.601        4.057   326.9
0.6410        -1530.546    -1534.494        3.948   318.1
0.6420        -1530.613    -1534.376        3.763   303.3
0.6430        -1530.621    -1534.294        3.673   296.0
0.6440        -1530.633    -1534.281        3.648   294.0
0.6450        -1530.617    -1534.329        3.712   299.2
0.6460        -1530.616    -1534.388        3.772   304.0
0.6470        -1530.482    -1534.434        3.953   318.5
0.6480        -1530.558    -1534.461        3.902   314.5
0.6490        -1530.469    -1534.443        3.974   320.2
0.6500        -1530.428    -1534.374        3.947   318.0
0.6510        -1530.478    -1534.281        3.803   306.5
0.6520        -1530.435    -1534.201        3.766   303.5
0.6530        -1530.491    -1534.173        3.682   296.7
0.6540        -1530.506    -1534.213        3.707   298.7
0.6550        -1530.395    -1534.307        3.912   315.3
0.6560        -1530.481    -1534.438        3.957   318.9
0.6570        -1530.503    -1534.587        4.083   329.1
0.6580        -1530.555    -1534.705        4.150   334.4
0.6590        -1530.628    -1534.777        4.149   334.3
0.6600        -1530.595    -1534.804        4.210   339.3
0.6610        -1530.617    -1534.796        4.179   336.8
0.6620        -1530.644    -1534.770        4.126   332.5
0.6630        -1530.723    -1534.741        4.018   323.8
0.6640        -1530.741    -1534.749        4.008   323.0
0.6650        -1530.666    -1534.807        4.141   333.7
0.6660        -1530.662    -1534.887        4.225   340.4
0.6670        -1530.595    -1534.953        4.358   351.2
0.6680        -1530.634    -1534.968        4.334   349.3
0.6690        -1530.632    -1534.938        4.307   347.1
0.6700        -1530.682    -1534.876        4.194   338.0
0.6710        -1530.700    -1534.795        4.095   330.0
0.6720        -1530.758    -1534.700        3.942   317.7
0.6730        -1530.636    -1534.607        3.971   320.0
0.6740        -1530.641    -1534.513        3.872   312.1
0.6750        -1530.710    -1534.436        3.727   300.3
0.6760        -1530.740    -1534.379        3.639   293.2
0.6770        -1530.689    -1534.330        3.641   293.5
0.6780        -1530.726    -1534.292        3.566   287.4
0.6790        -1530.763    -1534.286        3.523   283.9
0.6800        -1530.725    -1534.291        3.566   287.3
0.6810        -1530.654    -1534.300        3.646   293.8
0.6820        -1530.626    -1534.286        3.660   295.0
0.6830        -1530.705    -1534.244        3.539   285.2
0.6840        -1530.642    -1534.177        3.535   284.9
0.6850        -1530.655    -1534.132        3.477   280.2
0.6860        -1530.691    -1534.124        3.433   276.7
0.6870        -1530.724    -1534.133        3.409   274.7
0.6880        -1530.676    -1534.179        3.503   282.3
0.6890        -1530.739    -1534.231        3.493   281.5
0.6900        -1530.814    -1534.304        3.490   281.2
0.6910        -1530.867    -1534.366        3.499   282.0
0.6920        -1530.783    -1534.387        3.604   290.4
0.6930        -1530.793    -1534.375        3.583   288.7
0.6940        -1530.695    -1534.362        3.667   295.5
0.6950        -1530.758    -1534.337        3.579   288.4
0.6960        -1530.740    -1534.328        3.588   289.2
0.6970        -1530.666    -1534.349        3.683   296.8
0.6980        -1530.681    -1534.397        3.717   299.5
0.6990        -1530.681    -1534.481        3.800   306.2
0.7000        -1530.631    -1534.575        3.944   317.8
0.7010        -1530.655    -1534.658        4.003   322.6
0.7020        -1530.672    -1534.692        4.019   323.9
0.7030        -1530.666    -1534.692        4.026   324.4
0.7040        -1530.666    -1534.663        3.997   322.1
0.7050        -1530.559    -1534.613        4.054   326.7
0.7060        -1530.557    -1534.546        3.990   321.5
0.7070        -1530.559    -1534.481        3.922   316.1
0.7080        -1530.601    -1534.430        3.829   308.6
0.7090        -1530.642    -1534.407        3.765   303.4
0.7100        -1530.595    -1534.405        3.810   307.1
0.7110        -1530.639    -1534.410        3.771   303.9
0.7120        -1530.642    -1534.399        3.757   302.8
0.7130        -1530.666    -1534.373        3.707   298.8
0.7140        -1530.588    -1534.316        3.728   300.4
0.7150        -1530.706    -1534.256        3.550   286.1
0.7160        -1530.621    -1534.185        3.564   287.2
0.7170        -1530.595    -1534.131        3.536   285.0
0.7180        -1530.626    -1534.096        3.470   279.6
0.7190        -1530.545    -1534.075        3.530   284.5
0.7200        -1530.560    -1534.091        3.531   284.6
0.7210        -1530.596    -1534.134        3.538   285.1
0.7220        -1530.459    -1534.216        3.757   302.8
0.7230        -1530.446    -1534.332        3.886   313.1
0.7240        -1530.338    -1534.447        4.109   331.1
0.7250        -1530.345    -1534.558        4.213   339.5
0.7260        -1530.203    -1534.633        4.429   357.0
0.7270        -1530.302    -1534.652        4.350   350.6
0.7280        -1530.345    -1534.621        4.276   344.6
0.7290        -1530.364    -1534.556        4.192   337.8
0.7300        -1530.351    -1534.479        4.127   332.6
0.7310        -1530.398    -1534.400        4.002   322.5
0.7320        -1530.352    -1534.321        3.968   319.8
0.7330        -1530.352    -1534.260        3.908   314.9
0.7340        -1530.329    -1534.222        3.893   313.7
0.7350        -1530.316    -1534.180        3.864   311.4
0.7360        -1530.348    -1534.138        3.790   305.4
0.7370        -1530.301    -1534.089        3.788   305.2
0.7380        -1530.396    -1534.036        3.640   293.4
0.7390        -1530.330    -1533.990        3.660   294.9
0.7400        -1530.405    -1533.953        3.547   285.9
0.7410        -1530.346    -1533.960        3.614   291.2
0.7420        -1530.355    -1534.041        3.685   297.0
0.7430        -1530.283    -1534.180        3.897   314.0
0.7440        -1530.373    -1534.326        3.953   318.6
0.7450        -1530.377    -1534.414        4.038   325.4
0.7460        -1530.323    -1534.442        4.119   331.9
0.7470        -1530.338    -1534.395        4.057   326.9
0.7480        -1530.315    -1534.298        3.984   321.0
0.7490        -1530.287    -1534.181        3.894   313.8
0.7500        -1530.292    -1534.098        3.806   306.7
0.7510        -1530.290    -1534.102        3.812   307.2
0.7520        -1530.304    -1534.157        3.853   310.5
0.7530        -1530.295    -1534.236        3.942   317.6
0.7540        -1530.331    -1534.297        3.967   319.7
0.7550        -1530.341    -1534.328        3.987   321.3
0.7560        -1530.444    -1534.336        3.892   313.6
0.7570        -1530.411    -1534.327        3.916   315.5
0.7580        -1530.505    -1534.326        3.821   307.9
0.7590        -1530.476    -1534.355        3.880   312.7
0.7600        -1530.471    -1534.417        3.946   318.0
0.7610        -1530.477    -1534.490        4.013   323.4
0.7620        -1530.541    -1534.544        4.003   322.6
0.7630        -1530.451    -1534.575        4.124   332.4
0.7640        -1530.450    -1534.585        4.134   333.2
0.7650        -1530.387    -1534.581        4.194   338.0
0.7660        -1530.325    -1534.569        4.244   342.0
0.7670        -1530.302    -1534.518        4.216   339.7
0.7680        -1530.277    -1534.431        4.154   334.8
0.7690        -1530.324    -1534.332        4.007   323.0
0.7700        -1530.332    -1534.222        3.890   313.5
0.7710        -1530.295    -1534.142        3.847   310.0
0.7720        -1530.159    -1534.104        3.945   317.9
0.7730        -1530.212    -1534.078        3.866   311.6
0.7740        -1530.202    -1534.073        3.871   311.9
0.7750        -1530.316    -1534.081        3.765   303.4
0.7760        -1530.289    -1534.111        3.822   308.0
0.7770        -1530.185    -1534.188        4.003   322.6
0.7780        -1530.264    -1534.275        4.011   323.2
0.7790        -1530.128    -1534.339        4.211   339.4
0.7800        -1530.078    -1534.362        4.284   345.3
0.7810        -1530.123    -1534.304        4.181   336.9
0.7820        -1530.117    -1534.178        4.061   327.3
0.7830        -1529.998    -1534.023        4.025   324.4
0.7840        -1529.986    -1533.865        3.879   312.6
0.7850        -1529.980    -1533.756        3.776   304.3
0.7860        -1529.864    -1533.749        3.884   313.0
0.7870        -1529.980    -1533.851        3.871   311.9
0.7880        -1530.011    -1534.028        4.016   323.7
0.7890        -1530.039    -1534.222        4.182   337.0
0.7900        -1530.117    -1534.379        4.262   343.5
0.7910        -1530.266    -1534.442        4.176   336.5
0.7920        -1530.344    -1534.412        4.067   327.8
0.7930        -1530.324    -1534.323        3.999   322.3
0.7940        -1530.402    -1534.214        3.811   307.1
0.7950        -1530.370    -1534.156        3.786   305.1
0.7960        -1530.358    -1534.187        3.830   308.6
0.7970        -1530.310    -1534.313        4.003   322.5
0.7980        -1530.280    -1534.484        4.203   338.7
0.7990        -1530.330    -1534.666        4.336   349.4
0.8000        -1530.379    -1534.812        4.433   357.2
0.8010        -1530.464    -1534.880        4.415   355.8
0.8020        -1530.411    -1534.832        4.422   356.3
0.8030        -1530.380    -1534.662        4.282   345.1
0.8040        -1530.419    -1534.409        3.991   321.6
0.8050        -1530.536    -1534.145        3.609   290.9
0.8060        -1530.582    -1533.958        3.377   272.1
0.8070        -1530.470    -1533.886        3.416   275.3
0.8080        -1530.509    -1533.950        3.442   277.4
0.8090        -1530.583    -1534.103        3.520   283.6
0.8100        -1530.519    -1534.311        3.792   305.6
0.8110        -1530.449    -1534.511        4.062   327.3
0.8120        -1530.445    -1534.630        4.185   337.3
0.8130        -1530.527    -1534.637        4.110   331.2
0.8140        -1530.558    -1534.551        3.993   321.8
0.8150        -1530.509    -1534.391        3.882   312.8
0.8160        -1530.420    -1534.251        3.831   308.7
0.8170        -1530.395    -1534.170        3.775   304.2
0.8180        -1530.467    -1534.162        3.695   297.7
0.8190        -1530.516    -1534.204        3.688   297.2
0.8200        -1530.578    -1534.319        3.740   301.4
0.8210        -1530.583    -1534.473        3.889   313.4
0.8220        -1530.514    -1534.633        4.118   331.9
0.8230        -1530.424    -1534.738        4.314   347.7
0.8240        -1530.306    -1534.762        4.456   359.1
0.8250        -1530.241    -1534.661        4.420   356.2
0.8260        -1530.332    -1534.446        4.114   331.5
0.8270        -1530.395    -1534.185        3.790   305.4
0.8280        -1530.342    -1533.963        3.621   291.8
0.8290        -1530.236    -1533.827        3.591   289.4
0.8300        -1530.233    -1533.802        3.570   287.7
0.8310        -1530.268    -1533.867        3.599   290.0
0.8320        -1530.267    -1534.004        3.738   301.2
0.8330        -1530.153    -1534.160        4.006   322.9
0.8340        -1530.051    -1534.297        4.246   342.2
0.8350        -1530.192    -1534.394        4.201   338.6
0.8360        -1530.164    -1534.439        4.274   344.5
0.8370        -1530.238    -1534.410        4.171   336.2
0.8380        -1530.355    -1534.331        3.976   320.4
0.8390        -1530.429    -1534.261        3.832   308.8
0.8400        -1530.427    -1534.226        3.799   306.1
0.8410        -1530.465    -1534.263        3.798   306.1
0.8420        -1530.502    -1534.340        3.838   309.3
0.8430        -1530.613    -1534.464        3.851   310.3
0.8440        -1530.463    -1534.631        4.168   335.9
0.8450        -1530.475    -1534.758        4.284   345.2
0.8460        -1530.515    -1534.813        4.297   346.3
0.8470        -1530.487    -1534.786        4.299   346.4
0.8480        -1530.450    -1534.656        4.206   338.9
0.8490        -1530.614    -1534.445        3.831   308.7
0.8500        -1530.534    -1534.232        3.698   298.0
0.8510        -1530.600    -1534.086        3.486   280.9
0.8520        -1530.610    -1534.047        3.436   276.9
0.8530        -1530.697    -1534.127        3.430   276.4
0.8540        -1530.696    -1534.296        3.600   290.1
0.8550        -1530.693    -1534.494        3.801   306.3
0.8560        -1530.688    -1534.629        3.941   317.6
0.8570        -1530.762    -1534.682        3.920   315.9
0.8580        -1530.798    -1534.643        3.845   309.8
0.8590        -1530.825    -1534.530        3.705   298.6
0.8600        -1530.847    -1534.373        3.526   284.1
0.8610        -1530.794    -1534.217        3.423   275.8
0.8620        -1530.724    -1534.125        3.401   274.1
0.8630        -1530.771    -1534.112        3.341   269.3
0.8640        -1530.892    -1534.209        3.317   267.3
0.8650        -1530.824    -1534.375        3.551   286.2
0.8660        -1530.922    -1534.561        3.639   293.2
0.8670        -1530.988    -1534.693        3.705   298.6
0.8680        -1531.120    -1534.729        3.609   290.8
0.8690        -1530.978    -1534.668        3.689   297.3
0.8700        -1530.953    -1534.543        3.590   289.3
0.8710        -1530.911    -1534.425        3.514   283.2
0.8720        -1530.910    -1534.369        3.459   278.8
0.8730        -1530.896    -1534.396        3.500   282.1
0.8740        -1530.967    -1534.483        3.516   283.3
0.8750        -1530.946    -1534.618        3.672   295.9
0.8760        -1530.924    -1534.757        3.833   308.9
0.8770        -1530.768    -1534.863        4.095   330.0
0.8780        -1530.731    -1534.900        4.169   335.9
0.8790        -1530.638    -1534.862        4.225   340.5
0.8800        -1530.631    -1534.784        4.154   334.7
0.8810        -1530.647    -1534.710        4.063   327.4
0.8820        -1530.537    -1534.653        4.116   331.7
0.8830        -1530.606    -1534.622        4.016   323.6
0.8840        -1530.565    -1534.612        4.047   326.1
0.8850        -1530.626    -1534.601        3.974   320.3
0.8860        -1530.618    -1534.580        3.962   319.3
0.8870        -1530.763    -1534.539        3.776   304.3
0.8880        -1530.749    -1534.495        3.745   301.8
0.8890        -1530.636    -1534.418        3.782   304.8
0.8900        -1530.604    -1534.314        3.709   298.9
0.8910        -1530.655    -1534.209        3.554   286.4
0.8920        -1530.678    -1534.117        3.438   277.1
0.8930        -1530.691    -1534.048        3.358   270.6
0.8940        -1530.655    -1534.005        3.350   269.9
0.8950        -1530.761    -1533.989        3.228   260.1
0.8960        -1530.730    -1533.996        3.267   263.2
0.8970        -1530.724    -1534.009        3.286   264.8
0.8980        -1530.593    -1534.022        3.428   276.3
0.8990        -1530.537    -1534.013        3.476   280.1
0.9000        -1530.542    -1534.016        3.474   280.0
0.9010        -1530.544    -1534.068        3.524   284.0
0.9020        -1530.501    -1534.201        3.701   298.2
0.9030        -1530.410    -1534.416        4.006   322.8
0.9040        -1530.431    -1534.665        4.234   341.2
0.9050        -1530.475    -1534.887        4.412   355.5
0.9060        -1530.529    -1535.030        4.502   362.8
0.9070        -1530.537    -1535.052        4.515   363.8
0.9080        -1530.493    -1534.939        4.445   358.2
0.9090        -1530.495    -1534.734        4.238   341.6
0.9100        -1530.520    -1534.483        3.963   319.4
0.9110        -1530.474    -1534.219        3.745   301.8
0.9120        -1530.469    -1534.022        3.553   286.3
0.9130        -1530.469    -1533.911        3.442   277.4
0.9140        -1530.480    -1533.897        3.417   275.4
0.9150        -1530.492    -1533.973        3.481   280.5
0.9160        -1530.438    -1534.111        3.672   295.9
0.9170        -1530.455    -1534.255        3.800   306.2
0.9180        -1530.391    -1534.378        3.987   321.3
0.9190        -1530.466    -1534.457        3.991   321.6
0.9200        -1530.486    -1534.474        3.989   321.4
0.9210        -1530.480    -1534.440        3.960   319.1
0.9220        -1530.413    -1534.374        3.961   319.2
0.9230        -1530.386    -1534.282        3.896   314.0
0.9240        -1530.252    -1534.187        3.935   317.1
0.9250        -1530.208    -1534.139        3.931   316.8
0.9260        -1530.262    -1534.125        3.863   311.3
0.9270        -1530.280    -1534.149        3.869   311.8
0.9280        -1530.329    -1534.219        3.889   313.4
0.9290        -1530.276    -1534.311        4.035   325.1
0.9300        -1530.386    -1534.415        4.029   324.7
0.9310        -1530.357    -1534.479        4.122   332.1
0.9320        -1530.407    -1534.495        4.088   329.4
0.9330        -1530.476    -1534.474        3.998   322.2
0.9340        -1530.545    -1534.430        3.885   313.1
0.9350        -1530.575    -1534.380        3.806   306.7
0.9360        -1530.610    -1534.322        3.711   299.1
0.9370        -1530.698    -1534.273        3.575   288.1
0.9380        -1530.711    -1534.251        3.539   285.2
0.9390        -1530.666    -1534.281        3.615   291.3
0.9400        -1530.796    -1534.339        3.543   285.5
0.9410        -1530.809    -1534.428        3.618   291.6
0.9420        -1530.714    -1534.500        3.786   305.1
0.9430        -1530.757    -1534.532        3.775   304.2
0.9440        -1530.750    -1534.538        3.789   305.3
0.9450        -1530.733    -1534.534        3.802   306.4
0.9460        -1530.669    -1534.526        3.857   310.8
0.9470        -1530.680    -1534.524        3.844   309.8
0.9480        -1530.748    -1534.521        3.774   304.1
0.9490        -1530.857    -1534.502        3.645   293.7
0.9500        -1530.837    -1534.471        3.633   292.8
0.9510        -1530.793    -1534.420        3.628   292.4
0.9520        -1530.785    -1534.375        3.590   289.3
0.9530        -1530.683    -1534.360        3.677   296.3
0.9540        -1530.644    -1534.385        3.741   301.5
0.9550        -1530.580    -1534.437        3.857   310.8
0.9560        -1530.544    -1534.483        3.939   317.5
0.9570        -1530.566    -1534.530        3.964   319.4
0.9580        -1530.579    -1534.565        3.985   321.2
0.9590        -1530.633    -1534.564        3.931   316.8
0.9600        -1530.763    -1534.510        3.747   302.0
0.9610        -1530.666    -1534.431        3.765   303.4
0.9620        -1530.737    -1534.354        3.617   291.5
0.9630        -1530.742    -1534.280        3.539   285.2
0.9640        -1530.727    -1534.247        3.521   283.7
0.9650        -1530.685    -1534.287        3.602   290.2
0.9660        -1530.645    -1534.383        3.738   301.3
0.9670        -1530.560    -1534.527        3.967   319.7
0.9680        -1530.546    -1534.665        4.118   331.9
0.9690        -1530.527    -1534.742        4.215   339.7
0.9700        -1530.574    -1534.731        4.157   335.0
0.9710        -1530.684    -1534.658        3.974   320.2
0.9720        -1530.730    -1534.539        3.810   307.0
0.9730        -1530.736    -1534.398        3.663   295.2
0.9740        -1530.743    -1534.292        3.549   286.0
0.9750        -1530.680    -1534.231        3.551   286.1
0.9760        -1530.652    -1534.243        3.591   289.4
0.9770        -1530.584    -1534.300        3.716   299.5
0.9780        -1530.528    -1534.372        3.844   309.8
0.9790        -1530.561    -1534.441        3.880   312.6
0.9800        -1530.554    -1534.463        3.908   315.0
0.9810        -1530.543    -1534.448        3.905   314.7
0.9820        -1530.510    -1534.423        3.913   315.3
0.9830        -1530.582    -1534.417        3.835   309.1
0.9840        -1530.552    -1534.452        3.901   314.3
0.9850        -1530.516    -1534.521        4.006   322.8
0.9860        -1530.480    -1534.607        4.127   332.5
0.9870        -1530.525    -1534.675        4.151   334.5
0.9880        -1530.637    -1534.710        4.073   328.3
0.9890        -1530.658    -1534.713        4.055   326.8
0.9900        -1530.604    -1534.675        4.070   328.0
0.9910        -1530.636    -1534.603        3.967   319.7
0.9920        -1530.510    -1534.518        4.008   323.0
0.9930        -1530.517    -1534.390        3.873   312.1
0.9940        -1530.454    -1534.237        3.783   304.9
0.9950        -1530.448    -1534.087        3.639   293.2
0.9960        -1530.465    -1533.993        3.528   284.3
0.9970        -1530.473    -1533.978        3.505   282.4
0.9980        -1530.532    -1534.032        3.499   282.0
0.9990        -1530.395    -1534.147        3.752   302.3
1.0000        -1530.253    -1534.261        4.008   323.0
