Time[ps]      Etot[eV]     Epot[eV]     Ekin[eV]    T[K]
0.0000        -3058.403    -3067.566        9.163   276.9
0.0010        -3058.341    -3067.624        9.283   280.5
0.0020        -3058.242    -3067.590        9.349   282.5
0.0030        -3058.324    -3067.567        9.243   279.3
0.0040        -3058.277    -3067.674        9.397   284.0
0.0050        -3058.159    -3068.015        9.856   297.9
0.0060        -3058.177    -3068.578       10.401   314.3
0.0070        -3058.339    -3069.339       10.999   332.4
0.0080        -3058.411    -3070.201       11.790   356.3
0.0090        -3058.445    -3071.024       12.579   380.1
0.0100        -3058.526    -3071.657       13.131   396.8
0.0110        -3058.702    -3071.986       13.284   401.4
0.0120        -3058.742    -3071.951       13.208   399.2
0.0130        -3058.655    -3071.568       12.913   390.2
0.0140        -3058.858    -3070.947       12.089   365.3
0.0150        -3059.100    -3070.255       11.155   337.1
0.0160        -3059.070    -3069.687       10.617   320.9
0.0170        -3059.126    -3069.367       10.241   309.5
0.0180        -3059.204    -3069.375       10.171   307.4
0.0190        -3059.198    -3069.673       10.475   316.6
0.0200        -3059.241    -3070.099       10.858   328.1
0.0210        -3059.298    -3070.431       11.133   336.4
0.0220        -3059.526    -3070.522       10.996   332.3
0.0230        -3059.549    -3070.295       10.746   324.8
0.0240        -3059.542    -3069.807       10.265   310.2
0.0250        -3059.342    -3069.185        9.843   297.4
0.0260        -3059.452    -3068.584        9.132   276.0
0.0270        -3059.336    -3068.135        8.798   265.9
0.0280        -3059.401    -3067.856        8.455   255.5
0.0290        -3059.232    -3067.738        8.506   257.0
0.0300        -3059.279    -3067.671        8.392   253.6
0.0310        -3059.203    -3067.586        8.384   253.4
0.0320        -3059.267    -3067.429        8.162   246.7
0.0330        -3059.207    -3067.226        8.019   242.3
0.0340        -3059.181    -3067.107        7.925   239.5
0.0350        -3059.055    -3067.193        8.138   245.9
0.0360        -3058.951    -3067.605        8.654   261.5
0.0370        -3059.019    -3068.398        9.379   283.4
0.0380        -3059.120    -3069.527       10.407   314.5
0.0390        -3059.011    -3070.788       11.776   355.9
0.0400        -3059.132    -3071.907       12.775   386.1
0.0410        -3059.313    -3072.676       13.363   403.8
0.0420        -3059.481    -3072.968       13.487   407.6
0.0430        -3059.476    -3072.786       13.310   402.2
0.0440        -3059.587    -3072.230       12.644   382.1
0.0450        -3059.511    -3071.482       11.971   361.8
0.0460        -3059.790    -3070.725       10.935   330.4
0.0470        -3059.926    -3070.150       10.224   309.0
0.0480        -3059.910    -3069.778        9.867   298.2
0.0490        -3059.935    -3069.575        9.639   291.3
0.0500        -3059.959    -3069.485        9.526   287.9
0.0510        -3059.936    -3069.408        9.472   286.2
0.0520        -3059.774    -3069.309        9.534   288.1
0.0530        -3059.785    -3069.131        9.346   282.5
0.0540        -3059.852    -3068.923        9.071   274.1
0.0550        -3059.712    -3068.730        9.018   272.5
0.0560        -3059.799    -3068.586        8.788   265.6
0.0570        -3059.859    -3068.542        8.683   262.4
0.0580        -3059.693    -3068.582        8.889   268.6
0.0590        -3059.617    -3068.708        9.090   274.7
0.0600        -3059.550    -3068.889        9.340   282.2
0.0610        -3059.417    -3069.143        9.726   293.9
0.0620        -3059.318    -3069.404       10.086   304.8
0.0630        -3059.406    -3069.592       10.186   307.8
0.0640        -3059.519    -3069.678       10.159   307.0
0.0650        -3059.398    -3069.648       10.249   309.7
0.0660        -3059.454    -3069.544       10.090   304.9
0.0670        -3059.400    -3069.406       10.007   302.4
0.0680        -3059.323    -3069.258        9.935   300.2
0.0690        -3059.302    -3069.147        9.845   297.5
0.0700        -3059.411    -3069.154        9.743   294.4
0.0710        -3059.456    -3069.348        9.893   299.0
0.0720        -3059.430    -3069.714       10.284   310.8
0.0730        -3059.552    -3070.232       10.681   322.8
0.0740        -3059.642    -3070.822       11.179   337.8
0.0750        -3059.586    -3071.347       11.761   355.4
0.0760        -3059.660    -3071.704       12.044   364.0
0.0770        -3059.676    -3071.825       12.148   367.1
0.0780        -3059.651    -3071.671       12.020   363.2
0.0790        -3059.532    -3071.224       11.691   353.3
0.0800        -3059.532    -3070.548       11.016   332.9
0.0810        -3059.597    -3069.761       10.163   307.1
0.0820        -3059.519    -3068.957        9.438   285.2
0.0830        -3059.592    -3068.237        8.645   261.3
0.0840        -3059.567    -3067.743        8.176   247.1
0.0850        -3059.587    -3067.537        7.950   240.3
0.0860        -3059.832    -3067.627        7.795   235.6
0.0870        -3059.966    -3067.949        7.984   241.3
0.0880        -3060.025    -3068.363        8.337   252.0
0.0890        -3060.109    -3068.788        8.679   262.3
0.0900        -3060.122    -3069.173        9.051   273.5
0.0910        -3060.057    -3069.507        9.450   285.6
0.0920        -3060.200    -3069.819        9.619   290.7
0.0930        -3060.141    -3070.133        9.992   302.0
0.0940        -3060.143    -3070.473       10.330   312.2
0.0950        -3060.333    -3070.788       10.455   316.0
0.0960        -3060.385    -3070.997       10.611   320.7
0.0970        -3060.222    -3071.044       10.822   327.0
0.0980        -3060.070    -3070.938       10.868   328.4
0.0990        -3060.222    -3070.649       10.428   315.1
0.1000        -3060.350    -3070.254        9.904   299.3
0.1010        -3060.255    -3069.861        9.606   290.3
0.1020        -3060.150    -3069.605        9.455   285.7
0.1030        -3060.290    -3069.550        9.260   279.8
0.1040        -3060.284    -3069.680        9.396   284.0
0.1050        -3060.335    -3069.902        9.567   289.1
0.1060        -3060.233    -3070.144        9.910   299.5
0.1070        -3060.246    -3070.318       10.072   304.4
0.1080        -3060.100    -3070.392       10.293   311.0
0.1090        -3060.012    -3070.350       10.339   312.4
0.1100        -3060.002    -3070.226       10.225   309.0
0.1110        -3060.129    -3070.021        9.892   298.9
0.1120        -3060.047    -3069.765        9.718   293.7
0.1130        -3060.115    -3069.533        9.418   284.6
0.1140        -3060.217    -3069.342        9.125   275.8
0.1150        -3060.371    -3069.208        8.837   267.1
0.1160        -3060.424    -3069.165        8.741   264.2
0.1170        -3060.611    -3069.187        8.576   259.2
0.1180        -3060.640    -3069.296        8.655   261.6
0.1190        -3060.539    -3069.502        8.962   270.8
0.1200        -3060.637    -3069.801        9.164   277.0
0.1210        -3060.577    -3070.173        9.596   290.0
0.1220        -3060.543    -3070.547       10.004   302.3
0.1230        -3060.591    -3070.858       10.267   310.3
0.1240        -3060.743    -3071.113       10.371   313.4
0.1250        -3060.838    -3071.313       10.475   316.6
0.1260        -3060.680    -3071.435       10.754   325.0
0.1270        -3060.634    -3071.470       10.836   327.5
0.1280        -3060.666    -3071.407       10.741   324.6
0.1290        -3060.835    -3071.284       10.449   315.8
0.1300        -3060.849    -3071.130       10.281   310.7
0.1310        -3060.855    -3070.954       10.099   305.2
0.1320        -3060.724    -3070.715        9.991   301.9
0.1330        -3060.927    -3070.448        9.520   287.7
0.1340        -3060.995    -3070.178        9.183   277.5
0.1350        -3061.092    -3069.945        8.854   267.6
0.1360        -3061.010    -3069.780        8.770   265.0
0.1370        -3061.057    -3069.691        8.634   260.9
0.1380        -3060.864    -3069.687        8.822   266.6
0.1390        -3060.963    -3069.755        8.793   265.7
0.1400        -3060.943    -3069.838        8.896   268.8
0.1410        -3060.819    -3069.898        9.079   274.4
0.1420        -3060.685    -3069.899        9.214   278.5
0.1430        -3060.674    -3069.887        9.212   278.4
0.1440        -3060.637    -3069.848        9.211   278.4
0.1450        -3060.594    -3069.790        9.196   277.9
0.1460        -3060.610    -3069.723        9.113   275.4
0.1470        -3060.624    -3069.663        9.039   273.2
0.1480        -3060.587    -3069.665        9.078   274.3
0.1490        -3060.594    -3069.754        9.160   276.8
0.1500        -3060.459    -3069.913        9.454   285.7
0.1510        -3060.575    -3070.100        9.525   287.9
0.1520        -3060.476    -3070.267        9.791   295.9
0.1530        -3060.468    -3070.405        9.937   300.3
0.1540        -3060.592    -3070.516        9.924   299.9
0.1550        -3060.486    -3070.618       10.132   306.2
0.1560        -3060.464    -3070.738       10.275   310.5
0.1570        -3060.470    -3070.883       10.413   314.7
0.1580        -3060.387    -3070.967       10.579   319.7
0.1590        -3060.577    -3070.958       10.381   313.7
0.1600        -3060.634    -3070.889       10.255   309.9
