Time[ps]      Etot[eV]     Epot[eV]     Ekin[eV]    T[K]
0.0000        -1538.337    -1538.337        0.000     0.0
0.0010        -1538.337    -1538.337        0.000     0.0
0.0020        -1538.337    -1538.337        0.000     0.0
0.0030        -1538.337    -1538.337        0.000     0.0
0.0040        -1538.337    -1538.337        0.000     0.0
0.0050        -1538.337    -1538.337        0.000     0.0
0.0060        -1538.337    -1538.337        0.000     0.0
0.0070        -1538.337    -1538.337        0.000     0.0
0.0080        -1538.337    -1538.337        0.000     0.0
0.0090        -1538.337    -1538.337        0.000     0.0
0.0100        -1538.337    -1538.337        0.000     0.0
0.0110        -1538.337    -1538.337        0.000     0.0
0.0120        -1538.337    -1538.337        0.000     0.0
0.0130        -1538.337    -1538.337        0.000     0.0
0.0140        -1538.337    -1538.337        0.000     0.0
0.0150        -1538.337    -1538.337        0.000     0.0
0.0160        -1538.337    -1538.337        0.000     0.0
0.0170        -1538.337    -1538.337        0.000     0.0
0.0180        -1538.337    -1538.337        0.000     0.0
0.0190        -1538.337    -1538.337        0.000     0.0
0.0200        -1538.337    -1538.337        0.000     0.0
0.0210        -1538.337    -1538.337        0.000     0.0
0.0220        -1538.337    -1538.337        0.000     0.0
0.0230        -1538.337    -1538.337        0.000     0.0
0.0240        -1538.337    -1538.337        0.000     0.0
0.0250        -1538.337    -1538.337        0.000     0.0
0.0260        -1538.337    -1538.337        0.000     0.0
0.0270        -1538.337    -1538.337        0.000     0.0
0.0280        -1538.337    -1538.337        0.000     0.0
0.0290        -1538.337    -1538.337        0.000     0.0
0.0300        -1538.337    -1538.337        0.000     0.0
0.0310        -1538.337    -1538.337        0.000     0.0
0.0320        -1538.337    -1538.337        0.000     0.0
0.0330        -1538.337    -1538.337        0.000     0.0
0.0340        -1538.337    -1538.337        0.000     0.0
0.0350        -1538.337    -1538.337        0.000     0.0
0.0360        -1538.337    -1538.337        0.000     0.0
0.0370        -1538.337    -1538.337        0.000     0.0
0.0380        -1538.337    -1538.337        0.000     0.0
0.0390        -1538.337    -1538.337        0.000     0.0
0.0400        -1538.337    -1538.337        0.000     0.0
0.0410        -1538.337    -1538.337        0.000     0.0
0.0420        -1538.337    -1538.337        0.000     0.0
0.0430        -1538.337    -1538.337        0.000     0.0
0.0440        -1538.337    -1538.337        0.000     0.0
0.0450        -1538.337    -1538.337        0.000     0.0
0.0460        -1538.337    -1538.337        0.000     0.0
0.0470        -1538.337    -1538.337        0.000     0.0
0.0480        -1538.337    -1538.337        0.000     0.0
0.0490        -1538.337    -1538.337        0.000     0.0
0.0500        -1538.337    -1538.337        0.000     0.0
0.0510        -1538.337    -1538.337        0.000     0.0
0.0520        -1538.337    -1538.337        0.000     0.0
0.0530        -1538.337    -1538.337        0.000     0.0
0.0540        -1538.337    -1538.337        0.000     0.0
0.0550        -1538.337    -1538.337        0.000     0.0
0.0560        -1538.337    -1538.337        0.000     0.0
0.0570        -1538.337    -1538.337        0.000     0.0
0.0580        -1538.337    -1538.337        0.000     0.0
0.0590        -1538.337    -1538.337        0.000     0.0
0.0600        -1538.337    -1538.337        0.000     0.0
0.0610        -1538.337    -1538.337        0.000     0.0
0.0620        -1538.337    -1538.337        0.000     0.0
0.0630        -1538.337    -1538.337        0.000     0.0
0.0640        -1538.337    -1538.337        0.000     0.0
0.0650        -1538.337    -1538.337        0.000     0.0
0.0660        -1538.337    -1538.337        0.000     0.0
0.0670        -1538.337    -1538.337        0.000     0.0
0.0680        -1538.337    -1538.337        0.000     0.0
0.0690        -1538.337    -1538.337        0.000     0.0
0.0700        -1538.337    -1538.337        0.000     0.0
0.0710        -1538.337    -1538.337        0.000     0.0
0.0720        -1538.337    -1538.337        0.000     0.0
0.0730        -1538.337    -1538.337        0.000     0.0
0.0740        -1538.337    -1538.337        0.000     0.0
0.0750        -1538.337    -1538.337        0.000     0.0
0.0760        -1538.337    -1538.337        0.000     0.0
0.0770        -1538.337    -1538.337        0.000     0.0
0.0780        -1538.337    -1538.337        0.000     0.0
0.0790        -1538.337    -1538.337        0.000     0.0
0.0800        -1538.337    -1538.337        0.000     0.0
0.0810        -1538.337    -1538.337        0.000     0.0
0.0820        -1538.337    -1538.337        0.000     0.0
0.0830        -1538.337    -1538.337        0.000     0.0
0.0840        -1538.337    -1538.337        0.000     0.0
0.0850        -1538.337    -1538.337        0.000     0.0
0.0860        -1538.337    -1538.337        0.000     0.0
0.0870        -1538.337    -1538.337        0.000     0.0
0.0880        -1538.337    -1538.337        0.000     0.0
0.0890        -1538.337    -1538.337        0.000     0.0
0.0900        -1538.337    -1538.337        0.000     0.0
0.0910        -1538.337    -1538.337        0.000     0.0
0.0920        -1538.337    -1538.337        0.000     0.0
0.0930        -1538.337    -1538.337        0.000     0.0
0.0940        -1538.337    -1538.337        0.000     0.0
0.0950        -1538.337    -1538.337        0.000     0.0
0.0960        -1538.337    -1538.337        0.000     0.0
0.0970        -1538.337    -1538.337        0.000     0.0
0.0980        -1538.337    -1538.337        0.000     0.0
0.0990        -1538.337    -1538.337        0.000     0.0
0.1000        -1538.337    -1538.337        0.000     0.0
0.1010        -1538.337    -1538.337        0.000     0.0
0.1020        -1538.337    -1538.337        0.000     0.0
0.1030        -1538.337    -1538.337        0.000     0.0
0.1040        -1538.337    -1538.337        0.000     0.0
0.1050        -1538.337    -1538.337        0.000     0.0
0.1060        -1538.337    -1538.337        0.000     0.0
0.1070        -1538.337    -1538.337        0.000     0.0
0.1080        -1538.337    -1538.337        0.000     0.0
0.1090        -1538.337    -1538.337        0.000     0.0
0.1100        -1538.337    -1538.337        0.000     0.0
0.1110        -1538.337    -1538.337        0.000     0.0
0.1120        -1538.337    -1538.337        0.000     0.0
0.1130        -1538.337    -1538.337        0.000     0.0
0.1140        -1538.337    -1538.337        0.000     0.0
0.1150        -1538.337    -1538.337        0.000     0.0
0.1160        -1538.337    -1538.337        0.000     0.0
0.1170        -1538.337    -1538.337        0.000     0.0
0.1180        -1538.337    -1538.337        0.000     0.0
0.1190        -1538.337    -1538.337        0.000     0.0
0.1200        -1538.337    -1538.337        0.000     0.0
0.1210        -1538.337    -1538.337        0.000     0.0
0.1220        -1538.337    -1538.337        0.000     0.0
0.1230        -1538.337    -1538.337        0.000     0.0
0.1240        -1538.337    -1538.337        0.000     0.0
0.1250        -1538.337    -1538.337        0.000     0.0
0.1260        -1538.337    -1538.337        0.000     0.0
0.1270        -1538.337    -1538.337        0.000     0.0
0.1280        -1538.337    -1538.337        0.000     0.0
0.1290        -1538.337    -1538.337        0.000     0.0
0.1300        -1538.337    -1538.337        0.000     0.0
0.1310        -1538.337    -1538.337        0.000     0.0
0.1320        -1538.337    -1538.337        0.000     0.0
0.1330        -1538.337    -1538.337        0.000     0.0
0.1340        -1538.337    -1538.337        0.000     0.0
0.1350        -1538.337    -1538.337        0.000     0.0
0.1360        -1538.337    -1538.337        0.000     0.0
0.1370        -1538.337    -1538.337        0.000     0.0
0.1380        -1538.337    -1538.337        0.000     0.0
0.1390        -1538.337    -1538.337        0.000     0.0
0.1400        -1538.337    -1538.337        0.000     0.0
0.1410        -1538.337    -1538.337        0.000     0.0
0.1420        -1538.337    -1538.337        0.000     0.0
0.1430        -1538.337    -1538.337        0.000     0.0
0.1440        -1538.337    -1538.337        0.000     0.0
0.1450        -1538.337    -1538.337        0.000     0.0
0.1460        -1538.337    -1538.337        0.000     0.0
0.1470        -1538.337    -1538.337        0.000     0.0
0.1480        -1538.337    -1538.337        0.000     0.0
0.1490        -1538.337    -1538.337        0.000     0.0
0.1500        -1538.337    -1538.337        0.000     0.0
0.1510        -1538.337    -1538.337        0.000     0.0
0.1520        -1538.337    -1538.337        0.000     0.0
0.1530        -1538.337    -1538.337        0.000     0.0
0.1540        -1538.337    -1538.337        0.000     0.0
0.1550        -1538.337    -1538.337        0.000     0.0
0.1560        -1538.337    -1538.337        0.000     0.0
0.1570        -1538.337    -1538.337        0.000     0.0
0.1580        -1538.337    -1538.337        0.000     0.0
0.1590        -1538.337    -1538.337        0.000     0.0
0.1600        -1538.337    -1538.337        0.000     0.0
0.1610        -1538.337    -1538.337        0.000     0.0
0.1620        -1538.337    -1538.337        0.000     0.0
0.1630        -1538.337    -1538.337        0.000     0.0
0.1640        -1538.337    -1538.337        0.000     0.0
0.1650        -1538.337    -1538.337        0.000     0.0
0.1660        -1538.337    -1538.337        0.000     0.0
0.1670        -1538.337    -1538.337        0.000     0.0
0.1680        -1538.337    -1538.337        0.000     0.0
0.1690        -1538.337    -1538.337        0.000     0.0
0.1700        -1538.337    -1538.337        0.000     0.0
0.1710        -1538.337    -1538.337        0.000     0.0
0.1720        -1538.337    -1538.337        0.000     0.0
0.1730        -1538.337    -1538.337        0.000     0.0
0.1740        -1538.337    -1538.337        0.000     0.0
0.1750        -1538.337    -1538.337        0.000     0.0
0.1760        -1538.337    -1538.337        0.000     0.0
0.1770        -1538.337    -1538.337        0.000     0.0
0.1780        -1538.337    -1538.337        0.000     0.0
0.1790        -1538.337    -1538.337        0.000     0.0
0.1800        -1538.337    -1538.337        0.000     0.0
0.1810        -1538.337    -1538.337        0.000     0.0
0.1820        -1538.337    -1538.337        0.000     0.0
0.1830        -1538.337    -1538.337        0.000     0.0
0.1840        -1538.337    -1538.337        0.000     0.0
0.1850        -1538.337    -1538.337        0.000     0.0
0.1860        -1538.337    -1538.337        0.000     0.0
0.1870        -1538.337    -1538.337        0.000     0.0
0.1880        -1538.337    -1538.337        0.000     0.0
0.1890        -1538.337    -1538.337        0.000     0.0
0.1900        -1538.337    -1538.337        0.000     0.0
0.1910        -1538.337    -1538.337        0.000     0.0
0.1920        -1538.337    -1538.337        0.000     0.0
0.1930        -1538.337    -1538.337        0.000     0.0
0.1940        -1538.337    -1538.337        0.000     0.0
0.1950        -1538.337    -1538.337        0.000     0.0
0.1960        -1538.337    -1538.337        0.000     0.0
0.1970        -1538.337    -1538.337        0.000     0.0
0.1980        -1538.337    -1538.337        0.000     0.0
0.1990        -1538.337    -1538.337        0.000     0.0
0.2000        -1538.337    -1538.337        0.000     0.0
0.2010        -1538.337    -1538.337        0.000     0.0
0.2020        -1538.337    -1538.337        0.000     0.0
0.2030        -1538.337    -1538.337        0.000     0.0
0.2040        -1538.337    -1538.337        0.000     0.0
0.2050        -1538.337    -1538.337        0.000     0.0
0.2060        -1538.337    -1538.337        0.000     0.0
0.2070        -1538.337    -1538.337        0.000     0.0
0.2080        -1538.337    -1538.337        0.000     0.0
0.2090        -1538.337    -1538.337        0.000     0.0
0.2100        -1538.337    -1538.337        0.000     0.0
0.2110        -1538.337    -1538.337        0.000     0.0
0.2120        -1538.337    -1538.337        0.000     0.0
0.2130        -1538.337    -1538.337        0.000     0.0
0.2140        -1538.337    -1538.337        0.000     0.0
0.2150        -1538.337    -1538.337        0.000     0.0
0.2160        -1538.337    -1538.337        0.000     0.0
0.2170        -1538.337    -1538.337        0.000     0.0
0.2180        -1538.337    -1538.337        0.000     0.0
0.2190        -1538.337    -1538.337        0.000     0.0
0.2200        -1538.337    -1538.337        0.000     0.0
0.2210        -1538.337    -1538.337        0.000     0.0
0.2220        -1538.337    -1538.337        0.000     0.0
0.2230        -1538.337    -1538.337        0.000     0.0
0.2240        -1538.337    -1538.337        0.000     0.0
0.2250        -1538.337    -1538.337        0.000     0.0
0.2260        -1538.337    -1538.337        0.000     0.0
0.2270        -1538.337    -1538.337        0.000     0.0
0.2280        -1538.337    -1538.337        0.000     0.0
0.2290        -1538.337    -1538.337        0.000     0.0
0.2300        -1538.337    -1538.337        0.000     0.0
0.2310        -1538.337    -1538.337        0.000     0.0
0.2320        -1538.337    -1538.337        0.000     0.0
0.2330        -1538.337    -1538.337        0.000     0.0
0.2340        -1538.337    -1538.337        0.000     0.0
0.2350        -1538.337    -1538.337        0.000     0.0
0.2360        -1538.337    -1538.337        0.000     0.0
0.2370        -1538.337    -1538.337        0.000     0.0
0.2380        -1538.337    -1538.337        0.000     0.0
0.2390        -1538.337    -1538.337        0.000     0.0
0.2400        -1538.337    -1538.337        0.000     0.0
0.2410        -1538.337    -1538.337        0.000     0.0
0.2420        -1538.337    -1538.337        0.000     0.0
0.2430        -1538.337    -1538.337        0.000     0.0
0.2440        -1538.337    -1538.337        0.000     0.0
0.2450        -1538.337    -1538.337        0.000     0.0
0.2460        -1538.337    -1538.337        0.000     0.0
0.2470        -1538.337    -1538.337        0.000     0.0
0.2480        -1538.337    -1538.337        0.000     0.0
0.2490        -1538.337    -1538.337        0.000     0.0
0.2500        -1538.337    -1538.337        0.000     0.0
0.2510        -1538.337    -1538.337        0.000     0.0
0.2520        -1538.337    -1538.337        0.000     0.0
0.2530        -1538.337    -1538.337        0.000     0.0
0.2540        -1538.337    -1538.337        0.000     0.0
0.2550        -1538.337    -1538.337        0.000     0.0
0.2560        -1538.337    -1538.337        0.000     0.0
0.2570        -1538.337    -1538.337        0.000     0.0
0.2580        -1538.337    -1538.337        0.000     0.0
0.2590        -1538.337    -1538.337        0.000     0.0
0.2600        -1538.337    -1538.337        0.000     0.0
0.2610        -1538.337    -1538.337        0.000     0.0
0.2620        -1538.337    -1538.337        0.000     0.0
0.2630        -1538.337    -1538.337        0.000     0.0
0.2640        -1538.337    -1538.337        0.000     0.0
0.2650        -1538.337    -1538.337        0.000     0.0
0.2660        -1538.337    -1538.337        0.000     0.0
0.2670        -1538.337    -1538.337        0.000     0.0
0.2680        -1538.337    -1538.337        0.000     0.0
0.2690        -1538.337    -1538.337        0.000     0.0
0.2700        -1538.337    -1538.337        0.000     0.0
0.2710        -1538.337    -1538.337        0.000     0.0
0.2720        -1538.337    -1538.337        0.000     0.0
0.2730        -1538.337    -1538.337        0.000     0.0
0.2740        -1538.337    -1538.337        0.000     0.0
0.2750        -1538.337    -1538.337        0.000     0.0
0.2760        -1538.337    -1538.337        0.000     0.0
0.2770        -1538.337    -1538.337        0.000     0.0
0.2780        -1538.337    -1538.337        0.000     0.0
0.2790        -1538.337    -1538.337        0.000     0.0
0.2800        -1538.337    -1538.337        0.000     0.0
0.2810        -1538.337    -1538.337        0.000     0.0
0.2820        -1538.337    -1538.337        0.000     0.0
0.2830        -1538.337    -1538.337        0.000     0.0
0.2840        -1538.337    -1538.337        0.000     0.0
0.2850        -1538.337    -1538.337        0.000     0.0
0.2860        -1538.337    -1538.337        0.000     0.0
0.2870        -1538.337    -1538.337        0.000     0.0
0.2880        -1538.337    -1538.337        0.000     0.0
0.2890        -1538.337    -1538.337        0.000     0.0
0.2900        -1538.337    -1538.337        0.000     0.0
0.2910        -1538.337    -1538.337        0.000     0.0
0.2920        -1538.337    -1538.337        0.000     0.0
0.2930        -1538.337    -1538.337        0.000     0.0
0.2940        -1538.337    -1538.337        0.000     0.0
0.2950        -1538.337    -1538.337        0.000     0.0
0.2960        -1538.337    -1538.337        0.000     0.0
0.2970        -1538.337    -1538.337        0.000     0.0
0.2980        -1538.337    -1538.337        0.000     0.0
0.2990        -1538.337    -1538.337        0.000     0.0
0.3000        -1538.337    -1538.337        0.000     0.0
0.3010        -1538.337    -1538.337        0.000     0.0
0.3020        -1538.337    -1538.337        0.000     0.0
0.3030        -1538.337    -1538.337        0.000     0.0
0.3040        -1538.337    -1538.337        0.000     0.0
0.3050        -1538.337    -1538.337        0.000     0.0
0.3060        -1538.337    -1538.337        0.000     0.0
0.3070        -1538.337    -1538.337        0.000     0.0
0.3080        -1538.337    -1538.337        0.000     0.0
0.3090        -1538.337    -1538.337        0.000     0.0
0.3100        -1538.337    -1538.337        0.000     0.0
0.3110        -1538.337    -1538.337        0.000     0.0
0.3120        -1538.337    -1538.337        0.000     0.0
0.3130        -1538.337    -1538.337        0.000     0.0
0.3140        -1538.337    -1538.337        0.000     0.0
0.3150        -1538.337    -1538.337        0.000     0.0
0.3160        -1538.337    -1538.337        0.000     0.0
0.3170        -1538.337    -1538.337        0.000     0.0
0.3180        -1538.337    -1538.337        0.000     0.0
0.3190        -1538.337    -1538.337        0.000     0.0
0.3200        -1538.337    -1538.337        0.000     0.0
0.3210        -1538.337    -1538.337        0.000     0.0
0.3220        -1538.337    -1538.337        0.000     0.0
0.3230        -1538.337    -1538.337        0.000     0.0
0.3240        -1538.337    -1538.337        0.000     0.0
0.3250        -1538.337    -1538.337        0.000     0.0
0.3260        -1538.337    -1538.337        0.000     0.0
0.3270        -1538.337    -1538.337        0.000     0.0
0.3280        -1538.337    -1538.337        0.000     0.0
0.3290        -1538.337    -1538.337        0.000     0.0
0.3300        -1538.337    -1538.337        0.000     0.0
0.3310        -1538.337    -1538.337        0.000     0.0
0.3320        -1538.337    -1538.337        0.000     0.0
0.3330        -1538.337    -1538.337        0.000     0.0
0.3340        -1538.337    -1538.337        0.000     0.0
0.3350        -1538.337    -1538.337        0.000     0.0
0.3360        -1538.337    -1538.337        0.000     0.0
0.3370        -1538.337    -1538.337        0.000     0.0
0.3380        -1538.337    -1538.337        0.000     0.0
0.3390        -1538.337    -1538.337        0.000     0.0
0.3400        -1538.337    -1538.337        0.000     0.0
0.3410        -1538.337    -1538.337        0.000     0.0
0.3420        -1538.337    -1538.337        0.000     0.0
0.3430        -1538.337    -1538.337        0.000     0.0
0.3440        -1538.337    -1538.337        0.000     0.0
0.3450        -1538.337    -1538.337        0.000     0.0
0.3460        -1538.337    -1538.337        0.000     0.0
0.3470        -1538.337    -1538.337        0.000     0.0
0.3480        -1538.337    -1538.337        0.000     0.0
0.3490        -1538.337    -1538.337        0.000     0.0
0.3500        -1538.337    -1538.337        0.000     0.0
0.3510        -1538.337    -1538.337        0.000     0.0
0.3520        -1538.337    -1538.337        0.000     0.0
0.3530        -1538.337    -1538.337        0.000     0.0
0.3540        -1538.337    -1538.337        0.000     0.0
0.3550        -1538.337    -1538.337        0.000     0.0
0.3560        -1538.337    -1538.337        0.000     0.0
0.3570        -1538.337    -1538.337        0.000     0.0
0.3580        -1538.337    -1538.337        0.000     0.0
0.3590        -1538.337    -1538.337        0.000     0.0
0.3600        -1538.337    -1538.337        0.000     0.0
0.3610        -1538.337    -1538.337        0.000     0.0
0.3620        -1538.337    -1538.337        0.000     0.0
0.3630        -1538.337    -1538.337        0.000     0.0
0.3640        -1538.337    -1538.337        0.000     0.0
0.3650        -1538.337    -1538.337        0.000     0.0
0.3660        -1538.337    -1538.337        0.000     0.0
0.3670        -1538.337    -1538.337        0.000     0.0
0.3680        -1538.337    -1538.337        0.000     0.0
0.3690        -1538.337    -1538.337        0.000     0.0
0.3700        -1538.337    -1538.337        0.000     0.0
0.3710        -1538.337    -1538.337        0.000     0.0
0.3720        -1538.337    -1538.337        0.000     0.0
0.3730        -1538.337    -1538.337        0.000     0.0
0.3740        -1538.337    -1538.337        0.000     0.0
0.3750        -1538.337    -1538.337        0.000     0.0
0.3760        -1538.337    -1538.337        0.000     0.0
0.3770        -1538.337    -1538.337        0.000     0.0
0.3780        -1538.337    -1538.337        0.000     0.0
0.3790        -1538.337    -1538.337        0.000     0.0
0.3800        -1538.337    -1538.337        0.000     0.0
0.3810        -1538.337    -1538.337        0.000     0.0
0.3820        -1538.337    -1538.337        0.000     0.0
0.3830        -1538.337    -1538.337        0.000     0.0
0.3840        -1538.337    -1538.337        0.000     0.0
0.3850        -1538.337    -1538.337        0.000     0.0
0.3860        -1538.337    -1538.337        0.000     0.0
0.3870        -1538.337    -1538.337        0.000     0.0
0.3880        -1538.337    -1538.337        0.000     0.0
0.3890        -1538.337    -1538.337        0.000     0.0
0.3900        -1538.337    -1538.337        0.000     0.0
0.3910        -1538.337    -1538.337        0.000     0.0
0.3920        -1538.337    -1538.337        0.000     0.0
0.3930        -1538.337    -1538.337        0.000     0.0
0.3940        -1538.337    -1538.337        0.000     0.0
0.3950        -1538.337    -1538.337        0.000     0.0
0.3960        -1538.337    -1538.337        0.000     0.0
0.3970        -1538.337    -1538.337        0.000     0.0
0.3980        -1538.337    -1538.337        0.000     0.0
0.3990        -1538.337    -1538.337        0.000     0.0
0.4000        -1538.337    -1538.337        0.000     0.0
0.4010        -1538.337    -1538.337        0.000     0.0
0.4020        -1538.337    -1538.337        0.000     0.0
0.4030        -1538.337    -1538.337        0.000     0.0
0.4040        -1538.337    -1538.337        0.000     0.0
0.4050        -1538.337    -1538.337        0.000     0.0
0.4060        -1538.337    -1538.337        0.000     0.0
0.4070        -1538.337    -1538.337        0.000     0.0
0.4080        -1538.337    -1538.337        0.000     0.0
0.4090        -1538.337    -1538.337        0.000     0.0
0.4100        -1538.337    -1538.337        0.000     0.0
0.4110        -1538.337    -1538.337        0.000     0.0
0.4120        -1538.337    -1538.337        0.000     0.0
0.4130        -1538.337    -1538.337        0.000     0.0
0.4140        -1538.337    -1538.337        0.000     0.0
0.4150        -1538.337    -1538.337        0.000     0.0
0.4160        -1538.337    -1538.337        0.000     0.0
0.4170        -1538.337    -1538.337        0.000     0.0
0.4180        -1538.337    -1538.337        0.000     0.0
0.4190        -1538.337    -1538.337        0.000     0.0
0.4200        -1538.337    -1538.337        0.000     0.0
0.4210        -1538.337    -1538.337        0.000     0.0
0.4220        -1538.337    -1538.337        0.000     0.0
0.4230        -1538.337    -1538.337        0.000     0.0
0.4240        -1538.337    -1538.337        0.000     0.0
0.4250        -1538.337    -1538.337        0.000     0.0
0.4260        -1538.337    -1538.337        0.000     0.0
0.4270        -1538.337    -1538.337        0.000     0.0
0.4280        -1538.337    -1538.337        0.000     0.0
0.4290        -1538.337    -1538.337        0.000     0.0
0.4300        -1538.337    -1538.337        0.000     0.0
0.4310        -1538.337    -1538.337        0.000     0.0
0.4320        -1538.337    -1538.337        0.000     0.0
0.4330        -1538.337    -1538.337        0.000     0.0
0.4340        -1538.337    -1538.337        0.000     0.0
0.4350        -1538.337    -1538.337        0.000     0.0
0.4360        -1538.337    -1538.337        0.000     0.0
0.4370        -1538.337    -1538.337        0.000     0.0
0.4380        -1538.337    -1538.337        0.000     0.0
0.4390        -1538.337    -1538.337        0.000     0.0
0.4400        -1538.337    -1538.337        0.000     0.0
0.4410        -1538.337    -1538.337        0.000     0.0
0.4420        -1538.337    -1538.337        0.000     0.0
0.4430        -1538.337    -1538.337        0.000     0.0
0.4440        -1538.337    -1538.337        0.000     0.0
0.4450        -1538.337    -1538.337        0.000     0.0
0.4460        -1538.337    -1538.337        0.000     0.0
0.4470        -1538.337    -1538.337        0.000     0.0
0.4480        -1538.337    -1538.337        0.000     0.0
0.4490        -1538.337    -1538.337        0.000     0.0
0.4500        -1538.337    -1538.337        0.000     0.0
0.4510        -1538.337    -1538.337        0.000     0.0
0.4520        -1538.337    -1538.337        0.000     0.0
0.4530        -1538.337    -1538.337        0.000     0.0
0.4540        -1538.337    -1538.337        0.000     0.0
0.4550        -1538.337    -1538.337        0.000     0.0
0.4560        -1538.337    -1538.337        0.000     0.0
0.4570        -1538.337    -1538.337        0.000     0.0
0.4580        -1538.337    -1538.337        0.000     0.0
0.4590        -1538.337    -1538.337        0.000     0.0
0.4600        -1538.337    -1538.337        0.000     0.0
0.4610        -1538.337    -1538.337        0.000     0.0
0.4620        -1538.337    -1538.337        0.000     0.0
0.4630        -1538.337    -1538.337        0.000     0.0
0.4640        -1538.337    -1538.337        0.000     0.0
0.4650        -1538.337    -1538.337        0.000     0.0
0.4660        -1538.337    -1538.337        0.000     0.0
0.4670        -1538.337    -1538.337        0.000     0.0
0.4680        -1538.337    -1538.337        0.000     0.0
0.4690        -1538.337    -1538.337        0.000     0.0
0.4700        -1538.337    -1538.337        0.000     0.0
0.4710        -1538.337    -1538.337        0.000     0.0
0.4720        -1538.337    -1538.337        0.000     0.0
0.4730        -1538.337    -1538.337        0.000     0.0
0.4740        -1538.337    -1538.337        0.000     0.0
0.4750        -1538.337    -1538.337        0.000     0.0
0.4760        -1538.337    -1538.337        0.000     0.0
0.4770        -1538.337    -1538.337        0.000     0.0
0.4780        -1538.337    -1538.337        0.000     0.0
0.4790        -1538.337    -1538.337        0.000     0.0
0.4800        -1538.337    -1538.337        0.000     0.0
0.4810        -1538.337    -1538.337        0.000     0.0
0.4820        -1538.337    -1538.337        0.000     0.0
0.4830        -1538.337    -1538.337        0.000     0.0
0.4840        -1538.337    -1538.337        0.000     0.0
0.4850        -1538.337    -1538.337        0.000     0.0
0.4860        -1538.337    -1538.337        0.000     0.0
0.4870        -1538.337    -1538.337        0.000     0.0
0.4880        -1538.337    -1538.337        0.000     0.0
0.4890        -1538.337    -1538.337        0.000     0.0
0.4900        -1538.337    -1538.337        0.000     0.0
0.4910        -1538.337    -1538.337        0.000     0.0
0.4920        -1538.337    -1538.337        0.000     0.0
0.4930        -1538.337    -1538.337        0.000     0.0
0.4940        -1538.337    -1538.337        0.000     0.0
0.4950        -1538.337    -1538.337        0.000     0.0
0.4960        -1538.337    -1538.337        0.000     0.0
0.4970        -1538.337    -1538.337        0.000     0.0
0.4980        -1538.337    -1538.337        0.000     0.0
0.4990        -1538.337    -1538.337        0.000     0.0
0.5000        -1538.337    -1538.337        0.000     0.0
0.5010        -1538.337    -1538.337        0.000     0.0
0.5020        -1538.337    -1538.337        0.000     0.0
0.5030        -1538.337    -1538.337        0.000     0.0
0.5040        -1538.337    -1538.337        0.000     0.0
0.5050        -1538.337    -1538.337        0.000     0.0
0.5060        -1538.337    -1538.337        0.000     0.0
0.5070        -1538.337    -1538.337        0.000     0.0
0.5080        -1538.337    -1538.337        0.000     0.0
0.5090        -1538.337    -1538.337        0.000     0.0
0.5100        -1538.337    -1538.337        0.000     0.0
0.5110        -1538.337    -1538.337        0.000     0.0
0.5120        -1538.337    -1538.337        0.000     0.0
0.5130        -1538.337    -1538.337        0.000     0.0
0.5140        -1538.337    -1538.337        0.000     0.0
0.5150        -1538.337    -1538.337        0.000     0.0
0.5160        -1538.337    -1538.337        0.000     0.0
0.5170        -1538.337    -1538.337        0.000     0.0
0.5180        -1538.337    -1538.337        0.000     0.0
0.5190        -1538.337    -1538.337        0.000     0.0
0.5200        -1538.337    -1538.337        0.000     0.0
0.5210        -1538.337    -1538.337        0.000     0.0
0.5220        -1538.337    -1538.337        0.000     0.0
0.5230        -1538.337    -1538.337        0.000     0.0
0.5240        -1538.337    -1538.337        0.000     0.0
0.5250        -1538.337    -1538.337        0.000     0.0
0.5260        -1538.337    -1538.337        0.000     0.0
0.5270        -1538.337    -1538.337        0.000     0.0
0.5280        -1538.337    -1538.337        0.000     0.0
0.5290        -1538.337    -1538.337        0.000     0.0
0.5300        -1538.337    -1538.337        0.000     0.0
0.5310        -1538.337    -1538.337        0.000     0.0
0.5320        -1538.337    -1538.337        0.000     0.0
0.5330        -1538.337    -1538.337        0.000     0.0
0.5340        -1538.337    -1538.337        0.000     0.0
0.5350        -1538.337    -1538.337        0.000     0.0
0.5360        -1538.337    -1538.337        0.000     0.0
0.5370        -1538.337    -1538.337        0.000     0.0
0.5380        -1538.337    -1538.337        0.000     0.0
0.5390        -1538.337    -1538.337        0.000     0.0
0.5400        -1538.337    -1538.337        0.000     0.0
0.5410        -1538.337    -1538.337        0.000     0.0
0.5420        -1538.337    -1538.337        0.000     0.0
0.5430        -1538.337    -1538.337        0.000     0.0
0.5440        -1538.337    -1538.337        0.000     0.0
0.5450        -1538.337    -1538.337        0.000     0.0
0.5460        -1538.337    -1538.337        0.000     0.0
0.5470        -1538.337    -1538.337        0.000     0.0
0.5480        -1538.337    -1538.337        0.000     0.0
0.5490        -1538.337    -1538.337        0.000     0.0
0.5500        -1538.337    -1538.337        0.000     0.0
0.5510        -1538.337    -1538.337        0.000     0.0
0.5520        -1538.337    -1538.337        0.000     0.0
0.5530        -1538.337    -1538.337        0.000     0.0
0.5540        -1538.337    -1538.337        0.000     0.0
0.5550        -1538.337    -1538.337        0.000     0.0
0.5560        -1538.337    -1538.337        0.000     0.0
0.5570        -1538.337    -1538.337        0.000     0.0
0.5580        -1538.337    -1538.337        0.000     0.0
0.5590        -1538.337    -1538.337        0.000     0.0
0.5600        -1538.337    -1538.337        0.000     0.0
0.5610        -1538.337    -1538.337        0.000     0.0
0.5620        -1538.337    -1538.337        0.000     0.0
0.5630        -1538.337    -1538.337        0.000     0.0
0.5640        -1538.337    -1538.337        0.000     0.0
0.5650        -1538.337    -1538.337        0.000     0.0
0.5660        -1538.337    -1538.337        0.000     0.0
0.5670        -1538.337    -1538.337        0.000     0.0
0.5680        -1538.337    -1538.337        0.000     0.0
0.5690        -1538.337    -1538.337        0.000     0.0
0.5700        -1538.337    -1538.337        0.000     0.0
0.5710        -1538.337    -1538.337        0.000     0.0
0.5720        -1538.337    -1538.337        0.000     0.0
0.5730        -1538.337    -1538.337        0.000     0.0
0.5740        -1538.337    -1538.337        0.000     0.0
0.5750        -1538.337    -1538.337        0.000     0.0
0.5760        -1538.337    -1538.337        0.000     0.0
0.5770        -1538.337    -1538.337        0.000     0.0
0.5780        -1538.337    -1538.337        0.000     0.0
0.5790        -1538.337    -1538.337        0.000     0.0
0.5800        -1538.337    -1538.337        0.000     0.0
0.5810        -1538.337    -1538.337        0.000     0.0
0.5820        -1538.337    -1538.337        0.000     0.0
0.5830        -1538.337    -1538.337        0.000     0.0
0.5840        -1538.337    -1538.337        0.000     0.0
0.5850        -1538.337    -1538.337        0.000     0.0
0.5860        -1538.337    -1538.337        0.000     0.0
0.5870        -1538.337    -1538.337        0.000     0.0
0.5880        -1538.337    -1538.337        0.000     0.0
0.5890        -1538.337    -1538.337        0.000     0.0
0.5900        -1538.337    -1538.337        0.000     0.0
0.5910        -1538.337    -1538.337        0.000     0.0
0.5920        -1538.337    -1538.337        0.000     0.0
0.5930        -1538.337    -1538.337        0.000     0.0
0.5940        -1538.337    -1538.337        0.000     0.0
0.5950        -1538.337    -1538.337        0.000     0.0
0.5960        -1538.337    -1538.337        0.000     0.0
0.5970        -1538.337    -1538.337        0.000     0.0
0.5980        -1538.337    -1538.337        0.000     0.0
0.5990        -1538.337    -1538.337        0.000     0.0
0.6000        -1538.337    -1538.337        0.000     0.0
0.6010        -1538.337    -1538.337        0.000     0.0
0.6020        -1538.337    -1538.337        0.000     0.0
0.6030        -1538.337    -1538.337        0.000     0.0
0.6040        -1538.337    -1538.337        0.000     0.0
0.6050        -1538.337    -1538.337        0.000     0.0
0.6060        -1538.337    -1538.337        0.000     0.0
0.6070        -1538.337    -1538.337        0.000     0.0
0.6080        -1538.337    -1538.337        0.000     0.0
0.6090        -1538.337    -1538.337        0.000     0.0
0.6100        -1538.337    -1538.337        0.000     0.0
0.6110        -1538.337    -1538.337        0.000     0.0
0.6120        -1538.337    -1538.337        0.000     0.0
0.6130        -1538.337    -1538.337        0.000     0.0
0.6140        -1538.337    -1538.337        0.000     0.0
0.6150        -1538.337    -1538.337        0.000     0.0
0.6160        -1538.337    -1538.337        0.000     0.0
0.6170        -1538.337    -1538.337        0.000     0.0
0.6180        -1538.337    -1538.337        0.000     0.0
0.6190        -1538.337    -1538.337        0.000     0.0
0.6200        -1538.337    -1538.337        0.000     0.0
0.6210        -1538.337    -1538.337        0.000     0.0
0.6220        -1538.337    -1538.337        0.000     0.0
0.6230        -1538.337    -1538.337        0.000     0.0
0.6240        -1538.337    -1538.337        0.000     0.0
0.6250        -1538.337    -1538.337        0.000     0.0
0.6260        -1538.337    -1538.337        0.000     0.0
0.6270        -1538.337    -1538.337        0.000     0.0
0.6280        -1538.337    -1538.337        0.000     0.0
0.6290        -1538.337    -1538.337        0.000     0.0
0.6300        -1538.337    -1538.337        0.000     0.0
0.6310        -1538.337    -1538.337        0.000     0.0
0.6320        -1538.337    -1538.337        0.000     0.0
0.6330        -1538.337    -1538.337        0.000     0.0
0.6340        -1538.337    -1538.337        0.000     0.0
0.6350        -1538.337    -1538.337        0.000     0.0
0.6360        -1538.337    -1538.337        0.000     0.0
0.6370        -1538.337    -1538.337        0.000     0.0
0.6380        -1538.337    -1538.337        0.000     0.0
0.6390        -1538.337    -1538.337        0.000     0.0
0.6400        -1538.337    -1538.337        0.000     0.0
0.6410        -1538.337    -1538.337        0.000     0.0
0.6420        -1538.337    -1538.337        0.000     0.0
0.6430        -1538.337    -1538.337        0.000     0.0
0.6440        -1538.337    -1538.337        0.000     0.0
0.6450        -1538.337    -1538.337        0.000     0.0
0.6460        -1538.337    -1538.337        0.000     0.0
0.6470        -1538.337    -1538.337        0.000     0.0
0.6480        -1538.337    -1538.337        0.000     0.0
0.6490        -1538.337    -1538.337        0.000     0.0
0.6500        -1538.337    -1538.337        0.000     0.0
0.6510        -1538.337    -1538.337        0.000     0.0
0.6520        -1538.337    -1538.337        0.000     0.0
0.6530        -1538.337    -1538.337        0.000     0.0
0.6540        -1538.337    -1538.337        0.000     0.0
0.6550        -1538.337    -1538.337        0.000     0.0
0.6560        -1538.337    -1538.337        0.000     0.0
0.6570        -1538.337    -1538.337        0.000     0.0
0.6580        -1538.337    -1538.337        0.000     0.0
0.6590        -1538.337    -1538.337        0.000     0.0
0.6600        -1538.337    -1538.337        0.000     0.0
0.6610        -1538.337    -1538.337        0.000     0.0
0.6620        -1538.337    -1538.337        0.000     0.0
0.6630        -1538.337    -1538.337        0.000     0.0
0.6640        -1538.337    -1538.337        0.000     0.0
0.6650        -1538.337    -1538.337        0.000     0.0
0.6660        -1538.337    -1538.337        0.000     0.0
0.6670        -1538.337    -1538.337        0.000     0.0
0.6680        -1538.337    -1538.337        0.000     0.0
0.6690        -1538.337    -1538.337        0.000     0.0
0.6700        -1538.337    -1538.337        0.000     0.0
0.6710        -1538.337    -1538.337        0.000     0.0
0.6720        -1538.337    -1538.337        0.000     0.0
0.6730        -1538.337    -1538.337        0.000     0.0
0.6740        -1538.337    -1538.337        0.000     0.0
0.6750        -1538.337    -1538.337        0.000     0.0
0.6760        -1538.337    -1538.337        0.000     0.0
0.6770        -1538.337    -1538.337        0.000     0.0
0.6780        -1538.337    -1538.337        0.000     0.0
0.6790        -1538.337    -1538.337        0.000     0.0
0.6800        -1538.337    -1538.337        0.000     0.0
0.6810        -1538.337    -1538.337        0.000     0.0
0.6820        -1538.337    -1538.337        0.000     0.0
0.6830        -1538.337    -1538.337        0.000     0.0
0.6840        -1538.337    -1538.337        0.000     0.0
0.6850        -1538.337    -1538.337        0.000     0.0
0.6860        -1538.337    -1538.337        0.000     0.0
0.6870        -1538.337    -1538.337        0.000     0.0
0.6880        -1538.337    -1538.337        0.000     0.0
0.6890        -1538.337    -1538.337        0.000     0.0
0.6900        -1538.337    -1538.337        0.000     0.0
0.6910        -1538.337    -1538.337        0.000     0.0
0.6920        -1538.337    -1538.337        0.000     0.0
0.6930        -1538.337    -1538.337        0.000     0.0
0.6940        -1538.337    -1538.337        0.000     0.0
0.6950        -1538.337    -1538.337        0.000     0.0
0.6960        -1538.337    -1538.337        0.000     0.0
0.6970        -1538.337    -1538.337        0.000     0.0
0.6980        -1538.337    -1538.337        0.000     0.0
0.6990        -1538.337    -1538.337        0.000     0.0
0.7000        -1538.337    -1538.337        0.000     0.0
0.7010        -1538.337    -1538.337        0.000     0.0
0.7020        -1538.337    -1538.337        0.000     0.0
0.7030        -1538.337    -1538.337        0.000     0.0
0.7040        -1538.337    -1538.337        0.000     0.0
0.7050        -1538.337    -1538.337        0.000     0.0
0.7060        -1538.337    -1538.337        0.000     0.0
0.7070        -1538.337    -1538.337        0.000     0.0
0.7080        -1538.337    -1538.337        0.000     0.0
0.7090        -1538.337    -1538.337        0.000     0.0
0.7100        -1538.337    -1538.337        0.000     0.0
0.7110        -1538.337    -1538.337        0.000     0.0
0.7120        -1538.337    -1538.337        0.000     0.0
0.7130        -1538.337    -1538.337        0.000     0.0
0.7140        -1538.337    -1538.337        0.000     0.0
0.7150        -1538.337    -1538.337        0.000     0.0
0.7160        -1538.337    -1538.337        0.000     0.0
0.7170        -1538.337    -1538.337        0.000     0.0
0.7180        -1538.337    -1538.337        0.000     0.0
0.7190        -1538.337    -1538.337        0.000     0.0
0.7200        -1538.337    -1538.337        0.000     0.0
0.7210        -1538.337    -1538.337        0.000     0.0
0.7220        -1538.337    -1538.337        0.000     0.0
0.7230        -1538.337    -1538.337        0.000     0.0
0.7240        -1538.337    -1538.337        0.000     0.0
0.7250        -1538.337    -1538.337        0.000     0.0
0.7260        -1538.337    -1538.337        0.000     0.0
0.7270        -1538.337    -1538.337        0.000     0.0
0.7280        -1538.337    -1538.337        0.000     0.0
0.7290        -1538.337    -1538.337        0.000     0.0
0.7300        -1538.337    -1538.337        0.000     0.0
0.7310        -1538.337    -1538.337        0.000     0.0
0.7320        -1538.337    -1538.337        0.000     0.0
0.7330        -1538.337    -1538.337        0.000     0.0
0.7340        -1538.337    -1538.337        0.000     0.0
0.7350        -1538.337    -1538.337        0.000     0.0
0.7360        -1538.337    -1538.337        0.000     0.0
0.7370        -1538.337    -1538.337        0.000     0.0
0.7380        -1538.337    -1538.337        0.000     0.0
0.7390        -1538.337    -1538.337        0.000     0.0
0.7400        -1538.337    -1538.337        0.000     0.0
0.7410        -1538.337    -1538.337        0.000     0.0
0.7420        -1538.337    -1538.337        0.000     0.0
0.7430        -1538.337    -1538.337        0.000     0.0
0.7440        -1538.337    -1538.337        0.000     0.0
0.7450        -1538.337    -1538.337        0.000     0.0
0.7460        -1538.337    -1538.337        0.000     0.0
0.7470        -1538.337    -1538.337        0.000     0.0
0.7480        -1538.337    -1538.337        0.000     0.0
0.7490        -1538.337    -1538.337        0.000     0.0
0.7500        -1538.337    -1538.337        0.000     0.0
0.7510        -1538.337    -1538.337        0.000     0.0
0.7520        -1538.337    -1538.337        0.000     0.0
0.7530        -1538.337    -1538.337        0.000     0.0
0.7540        -1538.337    -1538.337        0.000     0.0
0.7550        -1538.337    -1538.337        0.000     0.0
0.7560        -1538.337    -1538.337        0.000     0.0
0.7570        -1538.337    -1538.337        0.000     0.0
0.7580        -1538.337    -1538.337        0.000     0.0
0.7590        -1538.337    -1538.337        0.000     0.0
0.7600        -1538.337    -1538.337        0.000     0.0
0.7610        -1538.337    -1538.337        0.000     0.0
0.7620        -1538.337    -1538.337        0.000     0.0
0.7630        -1538.337    -1538.337        0.000     0.0
0.7640        -1538.337    -1538.337        0.000     0.0
0.7650        -1538.337    -1538.337        0.000     0.0
0.7660        -1538.337    -1538.337        0.000     0.0
0.7670        -1538.337    -1538.337        0.000     0.0
0.7680        -1538.337    -1538.337        0.000     0.0
0.7690        -1538.337    -1538.337        0.000     0.0
0.7700        -1538.337    -1538.337        0.000     0.0
0.7710        -1538.337    -1538.337        0.000     0.0
0.7720        -1538.337    -1538.337        0.000     0.0
0.7730        -1538.337    -1538.337        0.000     0.0
0.7740        -1538.337    -1538.337        0.000     0.0
0.7750        -1538.337    -1538.337        0.000     0.0
0.7760        -1538.337    -1538.337        0.000     0.0
0.7770        -1538.337    -1538.337        0.000     0.0
0.7780        -1538.337    -1538.337        0.000     0.0
0.7790        -1538.337    -1538.337        0.000     0.0
0.7800        -1538.337    -1538.337        0.000     0.0
0.7810        -1538.337    -1538.337        0.000     0.0
0.7820        -1538.337    -1538.337        0.000     0.0
0.7830        -1538.337    -1538.337        0.000     0.0
0.7840        -1538.337    -1538.337        0.000     0.0
0.7850        -1538.337    -1538.337        0.000     0.0
0.7860        -1538.337    -1538.337        0.000     0.0
0.7870        -1538.337    -1538.337        0.000     0.0
0.7880        -1538.337    -1538.337        0.000     0.0
0.7890        -1538.337    -1538.337        0.000     0.0
0.7900        -1538.337    -1538.337        0.000     0.0
0.7910        -1538.337    -1538.337        0.000     0.0
0.7920        -1538.337    -1538.337        0.000     0.0
0.7930        -1538.337    -1538.337        0.000     0.0
0.7940        -1538.337    -1538.337        0.000     0.0
0.7950        -1538.337    -1538.337        0.000     0.0
0.7960        -1538.337    -1538.337        0.000     0.0
0.7970        -1538.337    -1538.337        0.000     0.0
0.7980        -1538.337    -1538.337        0.000     0.0
0.7990        -1538.337    -1538.337        0.000     0.0
0.8000        -1538.337    -1538.337        0.000     0.0
0.8010        -1538.337    -1538.337        0.000     0.0
0.8020        -1538.337    -1538.337        0.000     0.0
0.8030        -1538.337    -1538.337        0.000     0.0
0.8040        -1538.337    -1538.337        0.000     0.0
0.8050        -1538.337    -1538.337        0.000     0.0
0.8060        -1538.337    -1538.337        0.000     0.0
0.8070        -1538.337    -1538.337        0.000     0.0
0.8080        -1538.337    -1538.337        0.000     0.0
0.8090        -1538.337    -1538.337        0.000     0.0
0.8100        -1538.337    -1538.337        0.000     0.0
0.8110        -1538.337    -1538.337        0.000     0.0
0.8120        -1538.337    -1538.337        0.000     0.0
0.8130        -1538.337    -1538.337        0.000     0.0
0.8140        -1538.337    -1538.337        0.000     0.0
0.8150        -1538.337    -1538.337        0.000     0.0
0.8160        -1538.337    -1538.337        0.000     0.0
0.8170        -1538.337    -1538.337        0.000     0.0
0.8180        -1538.337    -1538.337        0.000     0.0
0.8190        -1538.337    -1538.337        0.000     0.0
0.8200        -1538.337    -1538.337        0.000     0.0
0.8210        -1538.337    -1538.337        0.000     0.0
0.8220        -1538.337    -1538.337        0.000     0.0
0.8230        -1538.337    -1538.337        0.000     0.0
0.8240        -1538.337    -1538.337        0.000     0.0
0.8250        -1538.337    -1538.337        0.000     0.0
0.8260        -1538.337    -1538.337        0.000     0.0
0.8270        -1538.337    -1538.337        0.000     0.0
0.8280        -1538.337    -1538.337        0.000     0.0
0.8290        -1538.337    -1538.337        0.000     0.0
0.8300        -1538.337    -1538.337        0.000     0.0
0.8310        -1538.337    -1538.337        0.000     0.0
0.8320        -1538.337    -1538.337        0.000     0.0
0.8330        -1538.337    -1538.337        0.000     0.0
0.8340        -1538.337    -1538.337        0.000     0.0
0.8350        -1538.337    -1538.337        0.000     0.0
0.8360        -1538.337    -1538.337        0.000     0.0
0.8370        -1538.337    -1538.337        0.000     0.0
0.8380        -1538.337    -1538.337        0.000     0.0
0.8390        -1538.337    -1538.337        0.000     0.0
0.8400        -1538.337    -1538.337        0.000     0.0
0.8410        -1538.337    -1538.337        0.000     0.0
0.8420        -1538.337    -1538.337        0.000     0.0
0.8430        -1538.337    -1538.337        0.000     0.0
0.8440        -1538.337    -1538.337        0.000     0.0
0.8450        -1538.337    -1538.337        0.000     0.0
0.8460        -1538.337    -1538.337        0.000     0.0
0.8470        -1538.337    -1538.337        0.000     0.0
0.8480        -1538.337    -1538.337        0.000     0.0
0.8490        -1538.337    -1538.337        0.000     0.0
0.8500        -1538.337    -1538.337        0.000     0.0
0.8510        -1538.337    -1538.337        0.000     0.0
0.8520        -1538.337    -1538.337        0.000     0.0
0.8530        -1538.337    -1538.337        0.000     0.0
0.8540        -1538.337    -1538.337        0.000     0.0
0.8550        -1538.337    -1538.337        0.000     0.0
0.8560        -1538.337    -1538.337        0.000     0.0
0.8570        -1538.337    -1538.337        0.000     0.0
0.8580        -1538.337    -1538.337        0.000     0.0
0.8590        -1538.337    -1538.337        0.000     0.0
0.8600        -1538.337    -1538.337        0.000     0.0
0.8610        -1538.337    -1538.337        0.000     0.0
0.8620        -1538.337    -1538.337        0.000     0.0
0.8630        -1538.337    -1538.337        0.000     0.0
0.8640        -1538.337    -1538.337        0.000     0.0
0.8650        -1538.337    -1538.337        0.000     0.0
0.8660        -1538.337    -1538.337        0.000     0.0
0.8670        -1538.337    -1538.337        0.000     0.0
0.8680        -1538.337    -1538.337        0.000     0.0
0.8690        -1538.337    -1538.337        0.000     0.0
0.8700        -1538.337    -1538.337        0.000     0.0
0.8710        -1538.337    -1538.337        0.000     0.0
0.8720        -1538.337    -1538.337        0.000     0.0
0.8730        -1538.337    -1538.337        0.000     0.0
0.8740        -1538.337    -1538.337        0.000     0.0
0.8750        -1538.337    -1538.337        0.000     0.0
0.8760        -1538.337    -1538.337        0.000     0.0
0.8770        -1538.337    -1538.337        0.000     0.0
0.8780        -1538.337    -1538.337        0.000     0.0
0.8790        -1538.337    -1538.337        0.000     0.0
0.8800        -1538.337    -1538.337        0.000     0.0
0.8810        -1538.337    -1538.337        0.000     0.0
0.8820        -1538.337    -1538.337        0.000     0.0
0.8830        -1538.337    -1538.337        0.000     0.0
0.8840        -1538.337    -1538.337        0.000     0.0
0.8850        -1538.337    -1538.337        0.000     0.0
0.8860        -1538.337    -1538.337        0.000     0.0
0.8870        -1538.337    -1538.337        0.000     0.0
0.8880        -1538.337    -1538.337        0.000     0.0
0.8890        -1538.337    -1538.337        0.000     0.0
0.8900        -1538.337    -1538.337        0.000     0.0
0.8910        -1538.337    -1538.337        0.000     0.0
0.8920        -1538.337    -1538.337        0.000     0.0
0.8930        -1538.337    -1538.337        0.000     0.0
0.8940        -1538.337    -1538.337        0.000     0.0
0.8950        -1538.337    -1538.337        0.000     0.0
0.8960        -1538.337    -1538.337        0.000     0.0
0.8970        -1538.337    -1538.337        0.000     0.0
0.8980        -1538.337    -1538.337        0.000     0.0
0.8990        -1538.337    -1538.337        0.000     0.0
0.9000        -1538.337    -1538.337        0.000     0.0
0.9010        -1538.337    -1538.337        0.000     0.0
0.9020        -1538.337    -1538.337        0.000     0.0
0.9030        -1538.337    -1538.337        0.000     0.0
0.9040        -1538.337    -1538.337        0.000     0.0
0.9050        -1538.337    -1538.337        0.000     0.0
0.9060        -1538.337    -1538.337        0.000     0.0
0.9070        -1538.337    -1538.337        0.000     0.0
0.9080        -1538.337    -1538.337        0.000     0.0
0.9090        -1538.337    -1538.337        0.000     0.0
0.9100        -1538.337    -1538.337        0.000     0.0
0.9110        -1538.337    -1538.337        0.000     0.0
0.9120        -1538.337    -1538.337        0.000     0.0
0.9130        -1538.337    -1538.337        0.000     0.0
0.9140        -1538.337    -1538.337        0.000     0.0
0.9150        -1538.337    -1538.337        0.000     0.0
0.9160        -1538.337    -1538.337        0.000     0.0
0.9170        -1538.337    -1538.337        0.000     0.0
0.9180        -1538.337    -1538.337        0.000     0.0
0.9190        -1538.337    -1538.337        0.000     0.0
0.9200        -1538.337    -1538.337        0.000     0.0
0.9210        -1538.337    -1538.337        0.000     0.0
0.9220        -1538.337    -1538.337        0.000     0.0
0.9230        -1538.337    -1538.337        0.000     0.0
0.9240        -1538.337    -1538.337        0.000     0.0
0.9250        -1538.337    -1538.337        0.000     0.0
0.9260        -1538.337    -1538.337        0.000     0.0
0.9270        -1538.337    -1538.337        0.000     0.0
0.9280        -1538.337    -1538.337        0.000     0.0
0.9290        -1538.337    -1538.337        0.000     0.0
0.9300        -1538.337    -1538.337        0.000     0.0
0.9310        -1538.337    -1538.337        0.000     0.0
0.9320        -1538.337    -1538.337        0.000     0.0
0.9330        -1538.337    -1538.337        0.000     0.0
0.9340        -1538.337    -1538.337        0.000     0.0
0.9350        -1538.337    -1538.337        0.000     0.0
0.9360        -1538.337    -1538.337        0.000     0.0
0.9370        -1538.337    -1538.337        0.000     0.0
0.9380        -1538.337    -1538.337        0.000     0.0
0.9390        -1538.337    -1538.337        0.000     0.0
0.9400        -1538.337    -1538.337        0.000     0.0
0.9410        -1538.337    -1538.337        0.000     0.0
0.9420        -1538.337    -1538.337        0.000     0.0
0.9430        -1538.337    -1538.337        0.000     0.0
0.9440        -1538.337    -1538.337        0.000     0.0
0.9450        -1538.337    -1538.337        0.000     0.0
0.9460        -1538.337    -1538.337        0.000     0.0
0.9470        -1538.337    -1538.337        0.000     0.0
0.9480        -1538.337    -1538.337        0.000     0.0
0.9490        -1538.337    -1538.337        0.000     0.0
0.9500        -1538.337    -1538.337        0.000     0.0
0.9510        -1538.337    -1538.337        0.000     0.0
0.9520        -1538.337    -1538.337        0.000     0.0
0.9530        -1538.337    -1538.337        0.000     0.0
0.9540        -1538.337    -1538.337        0.000     0.0
0.9550        -1538.337    -1538.337        0.000     0.0
0.9560        -1538.337    -1538.337        0.000     0.0
0.9570        -1538.337    -1538.337        0.000     0.0
0.9580        -1538.337    -1538.337        0.000     0.0
0.9590        -1538.337    -1538.337        0.000     0.0
0.9600        -1538.337    -1538.337        0.000     0.0
0.9610        -1538.337    -1538.337        0.000     0.0
0.9620        -1538.337    -1538.337        0.000     0.0
0.9630        -1538.337    -1538.337        0.000     0.0
0.9640        -1538.337    -1538.337        0.000     0.0
0.9650        -1538.337    -1538.337        0.000     0.0
0.9660        -1538.337    -1538.337        0.000     0.0
0.9670        -1538.337    -1538.337        0.000     0.0
0.9680        -1538.337    -1538.337        0.000     0.0
0.9690        -1538.337    -1538.337        0.000     0.0
0.9700        -1538.337    -1538.337        0.000     0.0
0.9710        -1538.337    -1538.337        0.000     0.0
0.9720        -1538.337    -1538.337        0.000     0.0
0.9730        -1538.337    -1538.337        0.000     0.0
0.9740        -1538.337    -1538.337        0.000     0.0
0.9750        -1538.337    -1538.337        0.000     0.0
0.9760        -1538.337    -1538.337        0.000     0.0
0.9770        -1538.337    -1538.337        0.000     0.0
0.9780        -1538.337    -1538.337        0.000     0.0
0.9790        -1538.337    -1538.337        0.000     0.0
0.9800        -1538.337    -1538.337        0.000     0.0
0.9810        -1538.337    -1538.337        0.000     0.0
0.9820        -1538.337    -1538.337        0.000     0.0
0.9830        -1538.337    -1538.337        0.000     0.0
0.9840        -1538.337    -1538.337        0.000     0.0
0.9850        -1538.337    -1538.337        0.000     0.0
0.9860        -1538.337    -1538.337        0.000     0.0
0.9870        -1538.337    -1538.337        0.000     0.0
0.9880        -1538.337    -1538.337        0.000     0.0
0.9890        -1538.337    -1538.337        0.000     0.0
0.9900        -1538.337    -1538.337        0.000     0.0
0.9910        -1538.337    -1538.337        0.000     0.0
0.9920        -1538.337    -1538.337        0.000     0.0
0.9930        -1538.337    -1538.337        0.000     0.0
0.9940        -1538.337    -1538.337        0.000     0.0
0.9950        -1538.337    -1538.337        0.000     0.0
0.9960        -1538.337    -1538.337        0.000     0.0
0.9970        -1538.337    -1538.337        0.000     0.0
0.9980        -1538.337    -1538.337        0.000     0.0
0.9990        -1538.337    -1538.337        0.000     0.0
1.0000        -1538.337    -1538.337        0.000     0.0
