Time[ps]      Etot[eV]     Epot[eV]     Ekin[eV]    T[K]
0.0000        -3065.880    -3067.566        1.687    51.0
0.0010        -3065.874    -3067.868        1.995    60.3
0.0020        -3065.923    -3068.759        2.836    85.7
0.0030        -3065.989    -3070.040        4.051   122.4
0.0040        -3066.103    -3071.467        5.364   162.1
0.0050        -3066.181    -3072.806        6.625   200.2
0.0060        -3066.288    -3073.891        7.602   229.7
0.0070        -3066.474    -3074.650        8.175   247.1
0.0080        -3066.587    -3075.124        8.538   258.0
0.0090        -3066.714    -3075.409        8.695   262.8
0.0100        -3066.875    -3075.611        8.736   264.0
0.0110        -3067.046    -3075.773        8.727   263.7
0.0120        -3067.170    -3075.854        8.684   262.4
0.0130        -3067.363    -3075.768        8.405   254.0
0.0140        -3067.542    -3075.464        7.922   239.4
0.0150        -3067.628    -3074.987        7.359   222.4
0.0160        -3067.767    -3074.456        6.689   202.1
0.0170        -3067.816    -3074.036        6.220   188.0
0.0180        -3067.872    -3073.879        6.006   181.5
0.0190        -3067.941    -3074.008        6.067   183.3
0.0200        -3068.017    -3074.339        6.322   191.0
0.0210        -3068.098    -3074.687        6.590   199.1
0.0220        -3068.236    -3074.857        6.620   200.1
0.0230        -3068.296    -3074.726        6.430   194.3
0.0240        -3068.370    -3074.306        5.936   179.4
0.0250        -3068.465    -3073.723        5.258   158.9
0.0260        -3068.498    -3073.155        4.657   140.7
0.0270        -3068.555    -3072.757        4.202   127.0
0.0280        -3068.665    -3072.603        3.938   119.0
0.0290        -3068.722    -3072.637        3.916   118.3
0.0300        -3068.760    -3072.728        3.968   119.9
0.0310        -3068.795    -3072.756        3.961   119.7
0.0320        -3068.816    -3072.661        3.845   116.2
0.0330        -3068.861    -3072.490        3.629   109.7
0.0340        -3068.869    -3072.372        3.503   105.9
0.0350        -3068.902    -3072.457        3.555   107.4
0.0360        -3068.929    -3072.844        3.915   118.3
0.0370        -3068.977    -3073.570        4.593   138.8
0.0380        -3069.001    -3074.563        5.562   168.1
0.0390        -3069.146    -3075.665        6.518   197.0
0.0400        -3069.292    -3076.661        7.369   222.7
0.0410        -3069.382    -3077.362        7.981   241.2
0.0420        -3069.516    -3077.650        8.134   245.8
0.0430        -3069.613    -3077.521        7.908   239.0
0.0440        -3069.769    -3077.095        7.326   221.4
0.0450        -3069.911    -3076.557        6.646   200.8
0.0460        -3070.001    -3076.067        6.066   183.3
0.0470        -3070.077    -3075.708        5.631   170.2
0.0480        -3070.138    -3075.453        5.315   160.6
0.0490        -3070.205    -3075.244        5.039   152.3
0.0500        -3070.222    -3074.982        4.760   143.8
0.0510        -3070.235    -3074.627        4.392   132.7
0.0520        -3070.259    -3074.196        3.937   119.0
0.0530        -3070.288    -3073.777        3.489   105.4
0.0540        -3070.305    -3073.474        3.169    95.8
0.0550        -3070.327    -3073.356        3.029    91.5
0.0560        -3070.364    -3073.448        3.084    93.2
0.0570        -3070.414    -3073.719        3.305    99.9
0.0580        -3070.459    -3074.107        3.648   110.2
0.0590        -3070.474    -3074.535        4.062   122.7
0.0600        -3070.534    -3074.908        4.374   132.2
0.0610        -3070.574    -3075.182        4.608   139.3
0.0620        -3070.668    -3075.347        4.679   141.4
0.0630        -3070.701    -3075.423        4.722   142.7
0.0640        -3070.716    -3075.441        4.724   142.8
0.0650        -3070.814    -3075.424        4.610   139.3
0.0660        -3070.876    -3075.394        4.518   136.5
0.0670        -3070.890    -3075.359        4.469   135.1
0.0680        -3070.916    -3075.316        4.400   133.0
0.0690        -3070.991    -3075.286        4.294   129.8
0.0700        -3071.081    -3075.324        4.243   128.2
0.0710        -3071.133    -3075.481        4.348   131.4
0.0720        -3071.199    -3075.773        4.575   138.2
0.0730        -3071.230    -3076.201        4.971   150.2
0.0740        -3071.278    -3076.711        5.433   164.2
0.0750        -3071.343    -3077.195        5.852   176.9
0.0760        -3071.431    -3077.522        6.091   184.1
0.0770        -3071.534    -3077.587        6.053   182.9
0.0780        -3071.541    -3077.326        5.785   174.8
0.0790        -3071.606    -3076.761        5.155   155.8
0.0800        -3071.673    -3075.983        4.310   130.2
0.0810        -3071.701    -3075.156        3.455   104.4
0.0820        -3071.764    -3074.448        2.684    81.1
0.0830        -3071.803    -3073.995        2.192    66.2
0.0840        -3071.818    -3073.853        2.035    61.5
0.0850        -3071.853    -3073.976        2.122    64.1
0.0860        -3071.871    -3074.263        2.392    72.3
0.0870        -3071.899    -3074.612        2.714    82.0
0.0880        -3071.940    -3074.947        3.008    90.9
0.0890        -3071.980    -3075.244        3.263    98.6
0.0900        -3072.041    -3075.516        3.475   105.0
0.0910        -3072.074    -3075.798        3.724   112.5
0.0920        -3072.140    -3076.114        3.974   120.1
0.0930        -3072.166    -3076.462        4.296   129.8
0.0940        -3072.217    -3076.802        4.585   138.5
0.0950        -3072.240    -3077.065        4.825   145.8
0.0960        -3072.299    -3077.185        4.886   147.7
0.0970        -3072.346    -3077.120        4.774   144.3
0.0980        -3072.458    -3076.892        4.434   134.0
0.0990        -3072.527    -3076.588        4.062   122.7
0.1000        -3072.550    -3076.306        3.757   113.5
0.1010        -3072.617    -3076.121        3.505   105.9
0.1020        -3072.651    -3076.069        3.418   103.3
0.1030        -3072.677    -3076.150        3.473   104.9
0.1040        -3072.725    -3076.316        3.591   108.5
0.1050        -3072.812    -3076.513        3.701   111.8
0.1060        -3072.871    -3076.681        3.810   115.1
0.1070        -3072.910    -3076.781        3.871   117.0
0.1080        -3072.980    -3076.807        3.827   115.6
0.1090        -3073.007    -3076.768        3.761   113.7
0.1100        -3073.000    -3076.686        3.685   111.4
0.1110        -3073.042    -3076.576        3.534   106.8
0.1120        -3073.088    -3076.446        3.358   101.5
0.1130        -3073.140    -3076.296        3.156    95.4
0.1140        -3073.167    -3076.116        2.948    89.1
0.1150        -3073.216    -3075.897        2.681    81.0
0.1160        -3073.201    -3075.661        2.459    74.3
0.1170        -3073.208    -3075.449        2.241    67.7
0.1180        -3073.222    -3075.330        2.108    63.7
0.1190        -3073.213    -3075.381        2.168    65.5
0.1200        -3073.221    -3075.624        2.403    72.6
0.1210        -3073.228    -3076.015        2.787    84.2
0.1220        -3073.246    -3076.475        3.229    97.6
0.1230        -3073.285    -3076.908        3.624   109.5
0.1240        -3073.334    -3077.236        3.901   117.9
0.1250        -3073.407    -3077.423        4.017   121.4
0.1260        -3073.474    -3077.477        4.002   120.9
0.1270        -3073.529    -3077.447        3.918   118.4
0.1280        -3073.571    -3077.386        3.815   115.3
0.1290        -3073.668    -3077.343        3.675   111.1
0.1300        -3073.717    -3077.343        3.627   109.6
0.1310        -3073.761    -3077.355        3.594   108.6
0.1320        -3073.847    -3077.355        3.507   106.0
0.1330        -3073.913    -3077.298        3.385   102.3
0.1340        -3073.957    -3077.173        3.216    97.2
0.1350        -3073.968    -3076.985        3.017    91.2
0.1360        -3074.015    -3076.772        2.757    83.3
0.1370        -3074.011    -3076.581        2.570    77.7
0.1380        -3074.063    -3076.451        2.388    72.2
0.1390        -3074.074    -3076.395        2.321    70.1
0.1400        -3074.087    -3076.417        2.330    70.4
0.1410        -3074.097    -3076.497        2.400    72.5
0.1420        -3074.090    -3076.615        2.525    76.3
0.1430        -3074.119    -3076.740        2.621    79.2
0.1440        -3074.160    -3076.848        2.688    81.2
0.1450        -3074.218    -3076.927        2.709    81.9
0.1460        -3074.271    -3076.987        2.716    82.1
0.1470        -3074.278    -3077.036        2.758    83.4
0.1480        -3074.259    -3077.069        2.810    84.9
0.1490        -3074.289    -3077.076        2.788    84.2
0.1500        -3074.283    -3077.055        2.772    83.8
0.1510        -3074.323    -3077.005        2.682    81.0
0.1520        -3074.315    -3076.938        2.623    79.3
0.1530        -3074.344    -3076.890        2.546    76.9
0.1540        -3074.326    -3076.900        2.575    77.8
0.1550        -3074.344    -3076.991        2.647    80.0
0.1560        -3074.413    -3077.160        2.747    83.0
0.1570        -3074.440    -3077.388        2.948    89.1
0.1580        -3074.478    -3077.617        3.138    94.8
0.1590        -3074.506    -3077.793        3.286    99.3
0.1600        -3074.524    -3077.866        3.342   101.0
0.1610        -3074.551    -3077.832        3.282    99.2
0.1620        -3074.608    -3077.708        3.100    93.7
0.1630        -3074.638    -3077.534        2.895    87.5
0.1640        -3074.675    -3077.372        2.698    81.5
0.1650        -3074.718    -3077.256        2.539    76.7
0.1660        -3074.703    -3077.186        2.483    75.1
0.1670        -3074.718    -3077.151        2.433    73.5
0.1680        -3074.729    -3077.116        2.387    72.1
0.1690        -3074.777    -3077.059        2.282    69.0
0.1700        -3074.768    -3076.964        2.196    66.3
0.1710        -3074.799    -3076.838        2.039    61.6
0.1720        -3074.812    -3076.720        1.908    57.7
0.1730        -3074.801    -3076.667        1.867    56.4
0.1740        -3074.809    -3076.713        1.903    57.5
0.1750        -3074.792    -3076.865        2.073    62.7
0.1760        -3074.814    -3077.102        2.288    69.1
0.1770        -3074.829    -3077.377        2.548    77.0
0.1780        -3074.850    -3077.642        2.792    84.4
0.1790        -3074.876    -3077.831        2.954    89.3
0.1800        -3074.934    -3077.913        2.978    90.0
0.1810        -3074.982    -3077.891        2.909    87.9
0.1820        -3075.049    -3077.798        2.749    83.1
0.1830        -3075.072    -3077.675        2.602    78.6
0.1840        -3075.105    -3077.552        2.447    74.0
0.1850        -3075.129    -3077.460        2.331    70.4
0.1860        -3075.175    -3077.419        2.244    67.8
0.1870        -3075.208    -3077.430        2.223    67.2
0.1880        -3075.207    -3077.477        2.270    68.6
0.1890        -3075.264    -3077.543        2.279    68.9
0.1900        -3075.269    -3077.619        2.350    71.0
0.1910        -3075.292    -3077.694        2.402    72.6
0.1920        -3075.285    -3077.763        2.478    74.9
0.1930        -3075.306    -3077.816        2.510    75.9
0.1940        -3075.285    -3077.847        2.561    77.4
0.1950        -3075.277    -3077.838        2.561    77.4
0.1960        -3075.265    -3077.779        2.515    76.0
0.1970        -3075.279    -3077.664        2.385    72.1
0.1980        -3075.288    -3077.505        2.216    67.0
0.1990        -3075.285    -3077.332        2.047    61.9
0.2000        -3075.278    -3077.184        1.906    57.6
0.2010        -3075.307    -3077.090        1.783    53.9
0.2020        -3075.283    -3077.067        1.783    53.9
0.2030        -3075.307    -3077.106        1.798    54.3
0.2040        -3075.312    -3077.189        1.877    56.7
0.2050        -3075.331    -3077.291        1.961    59.3
0.2060        -3075.305    -3077.387        2.082    62.9
0.2070        -3075.317    -3077.462        2.145    64.8
0.2080        -3075.351    -3077.521        2.170    65.6
0.2090        -3075.363    -3077.572        2.209    66.8
0.2100        -3075.379    -3077.637        2.258    68.2
0.2110        -3075.396    -3077.727        2.331    70.4
0.2120        -3075.414    -3077.832        2.418    73.1
0.2130        -3075.434    -3077.937        2.503    75.7
0.2140        -3075.482    -3078.019        2.537    76.7
0.2150        -3075.545    -3078.056        2.512    75.9
0.2160        -3075.553    -3078.048        2.494    75.4
0.2170        -3075.577    -3077.988        2.411    72.9
0.2180        -3075.578    -3077.898        2.320    70.1
0.2190        -3075.568    -3077.802        2.234    67.5
0.2200        -3075.587    -3077.714        2.126    64.3
0.2210        -3075.594    -3077.653        2.059    62.2
0.2220        -3075.587    -3077.630        2.043    61.8
0.2230        -3075.620    -3077.634        2.014    60.9
0.2240        -3075.624    -3077.656        2.033    61.4
0.2250        -3075.615    -3077.684        2.069    62.5
0.2260        -3075.608    -3077.703        2.095    63.3
0.2270        -3075.611    -3077.715        2.104    63.6
0.2280        -3075.600    -3077.723        2.124    64.2
0.2290        -3075.624    -3077.735        2.111    63.8
0.2300        -3075.633    -3077.753        2.120    64.1
0.2310        -3075.623    -3077.777        2.155    65.1
0.2320        -3075.634    -3077.797        2.162    65.3
0.2330        -3075.681    -3077.803        2.122    64.1
0.2340        -3075.661    -3077.781        2.120    64.1
0.2350        -3075.658    -3077.736        2.078    62.8
0.2360        -3075.659    -3077.689        2.030    61.3
0.2370        -3075.658    -3077.655        1.997    60.4
0.2380        -3075.659    -3077.640        1.981    59.9
0.2390        -3075.674    -3077.654        1.980    59.8
0.2400        -3075.680    -3077.693        2.013    60.8
0.2410        -3075.700    -3077.749        2.049    61.9
0.2420        -3075.742    -3077.806        2.063    62.4
0.2430        -3075.724    -3077.858        2.134    64.5
0.2440        -3075.710    -3077.900        2.190    66.2
0.2450        -3075.712    -3077.927        2.216    67.0
0.2460        -3075.759    -3077.949        2.191    66.2
0.2470        -3075.761    -3077.975        2.214    66.9
0.2480        -3075.767    -3078.002        2.235    67.6
0.2490        -3075.778    -3078.016        2.239    67.7
0.2500        -3075.808    -3078.002        2.194    66.3
0.2510        -3075.813    -3077.953        2.140    64.7
0.2520        -3075.873    -3077.866        1.993    60.2
0.2530        -3075.868    -3077.750        1.882    56.9
0.2540        -3075.890    -3077.623        1.733    52.4
0.2550        -3075.911    -3077.519        1.607    48.6
0.2560        -3075.893    -3077.460        1.567    47.4
0.2570        -3075.906    -3077.464        1.558    47.1
0.2580        -3075.927    -3077.532        1.606    48.5
0.2590        -3075.942    -3077.653        1.712    51.7
0.2600        -3075.927    -3077.800        1.872    56.6
0.2610        -3075.932    -3077.946        2.014    60.9
0.2620        -3075.970    -3078.060        2.090    63.2
0.2630        -3075.979    -3078.130        2.151    65.0
0.2640        -3075.991    -3078.156        2.165    65.4
0.2650        -3075.975    -3078.150        2.176    65.7
0.2660        -3075.976    -3078.126        2.150    65.0
0.2670        -3076.019    -3078.092        2.072    62.6
0.2680        -3076.071    -3078.061        1.989    60.1
0.2690        -3076.079    -3078.042        1.963    59.3
0.2700        -3076.088    -3078.028        1.940    58.6
0.2710        -3076.095    -3078.022        1.928    58.3
0.2720        -3076.097    -3078.018        1.922    58.1
0.2730        -3076.121    -3078.010        1.890    57.1
0.2740        -3076.142    -3078.002        1.860    56.2
0.2750        -3076.182    -3078.001        1.819    55.0
0.2760        -3076.180    -3078.008        1.828    55.2
0.2770        -3076.154    -3078.020        1.865    56.4
0.2780        -3076.142    -3078.026        1.884    56.9
0.2790        -3076.149    -3078.025        1.875    56.7
0.2800        -3076.170    -3078.018        1.848    55.8
0.2810        -3076.176    -3078.005        1.828    55.3
0.2820        -3076.182    -3077.981        1.799    54.4
0.2830        -3076.189    -3077.952        1.763    53.3
0.2840        -3076.178    -3077.925        1.746    52.8
0.2850        -3076.190    -3077.911        1.720    52.0
0.2860        -3076.160    -3077.915        1.755    53.0
0.2870        -3076.159    -3077.928        1.768    53.4
0.2880        -3076.164    -3077.933        1.770    53.5
0.2890        -3076.153    -3077.938        1.785    53.9
0.2900        -3076.143    -3077.948        1.806    54.6
0.2910        -3076.194    -3077.965        1.771    53.5
0.2920        -3076.182    -3078.001        1.818    54.9
0.2930        -3076.190    -3078.051        1.861    56.2
0.2940        -3076.269    -3078.113        1.844    55.7
0.2950        -3076.277    -3078.179        1.903    57.5
0.2960        -3076.265    -3078.246        1.981    59.9
0.2970        -3076.285    -3078.297        2.012    60.8
0.2980        -3076.283    -3078.327        2.044    61.8
0.2990        -3076.315    -3078.327        2.012    60.8
0.3000        -3076.305    -3078.299        1.994    60.3
0.3010        -3076.310    -3078.245        1.935    58.5
0.3020        -3076.301    -3078.179        1.877    56.7
0.3030        -3076.318    -3078.110        1.792    54.2
0.3040        -3076.284    -3078.054        1.770    53.5
0.3050        -3076.277    -3078.017        1.740    52.6
0.3060        -3076.240    -3078.007        1.766    53.4
0.3070        -3076.246    -3078.019        1.773    53.6
0.3080        -3076.247    -3078.042        1.795    54.3
0.3090        -3076.236    -3078.062        1.827    55.2
0.3100        -3076.218    -3078.070        1.852    56.0
0.3110        -3076.231    -3078.058        1.828    55.2
0.3120        -3076.222    -3078.033        1.812    54.7
0.3130        -3076.222    -3078.010        1.788    54.0
0.3140        -3076.209    -3077.995        1.786    54.0
0.3150        -3076.242    -3077.980        1.738    52.5
0.3160        -3076.253    -3077.977        1.724    52.1
0.3170        -3076.258    -3077.984        1.726    52.2
0.3180        -3076.265    -3077.996        1.732    52.3
0.3190        -3076.275    -3078.001        1.726    52.2
0.3200        -3076.271    -3077.997        1.726    52.2
0.3210        -3076.273    -3077.985        1.712    51.7
0.3220        -3076.313    -3077.971        1.658    50.1
0.3230        -3076.318    -3077.963        1.645    49.7
0.3240        -3076.311    -3077.965        1.654    50.0
0.3250        -3076.306    -3077.975        1.670    50.5
0.3260        -3076.318    -3077.994        1.676    50.7
0.3270        -3076.304    -3078.020        1.715    51.8
0.3280        -3076.319    -3078.053        1.734    52.4
0.3290        -3076.294    -3078.100        1.806    54.6
0.3300        -3076.310    -3078.154        1.844    55.7
0.3310        -3076.300    -3078.205        1.905    57.6
0.3320        -3076.299    -3078.244        1.944    58.8
0.3330        -3076.298    -3078.265        1.967    59.5
0.3340        -3076.302    -3078.263        1.960    59.2
0.3350        -3076.322    -3078.228        1.906    57.6
0.3360        -3076.323    -3078.166        1.843    55.7
0.3370        -3076.354    -3078.097        1.743    52.7
0.3380        -3076.368    -3078.041        1.672    50.5
0.3390        -3076.350    -3077.998        1.648    49.8
0.3400        -3076.367    -3077.978        1.611    48.7
0.3410        -3076.367    -3077.988        1.621    49.0
0.3420        -3076.366    -3078.018        1.652    49.9
0.3430        -3076.354    -3078.048        1.694    51.2
0.3440        -3076.338    -3078.065        1.726    52.2
0.3450        -3076.329    -3078.065        1.736    52.5
0.3460        -3076.328    -3078.050        1.722    52.0
0.3470        -3076.328    -3078.032        1.704    51.5
0.3480        -3076.309    -3078.017        1.708    51.6
0.3490        -3076.301    -3078.017        1.716    51.9
0.3500        -3076.305    -3078.035        1.730    52.3
0.3510        -3076.296    -3078.067        1.771    53.5
0.3520        -3076.281    -3078.109        1.828    55.2
0.3530        -3076.286    -3078.152        1.866    56.4
0.3540        -3076.292    -3078.183        1.892    57.2
0.3550        -3076.327    -3078.196        1.869    56.5
0.3560        -3076.324    -3078.200        1.876    56.7
0.3570        -3076.344    -3078.192        1.848    55.8
0.3580        -3076.341    -3078.179        1.838    55.5
0.3590        -3076.379    -3078.164        1.785    53.9
0.3600        -3076.382    -3078.145        1.763    53.3
0.3610        -3076.374    -3078.122        1.749    52.8
0.3620        -3076.375    -3078.085        1.710    51.7
0.3630        -3076.371    -3078.041        1.671    50.5
0.3640        -3076.365    -3078.007        1.641    49.6
0.3650        -3076.362    -3077.988        1.626    49.1
0.3660        -3076.356    -3077.990        1.634    49.4
0.3670        -3076.362    -3078.006        1.644    49.7
0.3680        -3076.376    -3078.032        1.657    50.1
0.3690        -3076.384    -3078.057        1.673    50.6
0.3700        -3076.385    -3078.067        1.683    50.9
0.3710        -3076.390    -3078.057        1.667    50.4
0.3720        -3076.383    -3078.032        1.649    49.8
0.3730        -3076.383    -3077.998        1.615    48.8
0.3740        -3076.405    -3077.972        1.567    47.3
0.3750        -3076.422    -3077.969        1.547    46.8
0.3760        -3076.433    -3078.005        1.572    47.5
0.3770        -3076.422    -3078.075        1.653    50.0
0.3780        -3076.396    -3078.167        1.771    53.5
0.3790        -3076.404    -3078.250        1.846    55.8
0.3800        -3076.400    -3078.295        1.895    57.3
0.3810        -3076.427    -3078.291        1.864    56.3
0.3820        -3076.436    -3078.244        1.809    54.7
0.3830        -3076.439    -3078.179        1.740    52.6
0.3840        -3076.440    -3078.113        1.674    50.6
0.3850        -3076.439    -3078.075        1.637    49.5
0.3860        -3076.455    -3078.080        1.626    49.1
0.3870        -3076.437    -3078.130        1.693    51.2
0.3880        -3076.420    -3078.199        1.779    53.8
0.3890        -3076.422    -3078.266        1.844    55.7
0.3900        -3076.468    -3078.303        1.835    55.4
0.3910        -3076.477    -3078.306        1.829    55.3
0.3920        -3076.466    -3078.279        1.813    54.8
0.3930        -3076.452    -3078.227        1.776    53.7
0.3940        -3076.454    -3078.167        1.713    51.8
0.3950        -3076.461    -3078.121        1.660    50.2
0.3960        -3076.451    -3078.096        1.645    49.7
0.3970        -3076.465    -3078.090        1.625    49.1
0.3980        -3076.479    -3078.109        1.631    49.3
0.3990        -3076.496    -3078.147        1.651    49.9
0.4000        -3076.486    -3078.187        1.701    51.4
0.4010        -3076.454    -3078.219        1.766    53.4
0.4020        -3076.479    -3078.227        1.748    52.8
0.4030        -3076.472    -3078.204        1.732    52.4
0.4040        -3076.474    -3078.160        1.687    51.0
0.4050        -3076.502    -3078.111        1.609    48.6
0.4060        -3076.515    -3078.075        1.560    47.1
0.4070        -3076.520    -3078.060        1.540    46.6
0.4080        -3076.507    -3078.070        1.564    47.3
0.4090        -3076.481    -3078.109        1.629    49.2
0.4100        -3076.482    -3078.170        1.688    51.0
0.4110        -3076.501    -3078.237        1.736    52.5
0.4120        -3076.491    -3078.298        1.808    54.6
0.4130        -3076.506    -3078.340        1.835    55.4
0.4140        -3076.515    -3078.353        1.838    55.6
0.4150        -3076.517    -3078.340        1.823    55.1
0.4160        -3076.512    -3078.312        1.800    54.4
0.4170        -3076.540    -3078.282        1.742    52.6
0.4180        -3076.551    -3078.257        1.705    51.5
0.4190        -3076.554    -3078.238        1.684    50.9
0.4200        -3076.576    -3078.225        1.648    49.8
0.4210        -3076.587    -3078.218        1.631    49.3
0.4220        -3076.589    -3078.220        1.631    49.3
0.4230        -3076.591    -3078.228        1.637    49.5
0.4240        -3076.616    -3078.230        1.614    48.8
0.4250        -3076.629    -3078.229        1.600    48.3
0.4260        -3076.625    -3078.234        1.609    48.6
0.4270        -3076.643    -3078.243        1.599    48.3
0.4280        -3076.632    -3078.248        1.616    48.8
0.4290        -3076.666    -3078.249        1.584    47.9
0.4300        -3076.671    -3078.247        1.576    47.6
0.4310        -3076.654    -3078.238        1.584    47.9
0.4320        -3076.676    -3078.224        1.548    46.8
0.4330        -3076.694    -3078.213        1.519    45.9
0.4340        -3076.685    -3078.207        1.522    46.0
0.4350        -3076.675    -3078.203        1.528    46.2
0.4360        -3076.695    -3078.200        1.506    45.5
0.4370        -3076.671    -3078.206        1.535    46.4
0.4380        -3076.664    -3078.214        1.550    46.8
0.4390        -3076.650    -3078.223        1.573    47.5
0.4400        -3076.658    -3078.231        1.573    47.5
0.4410        -3076.648    -3078.241        1.593    48.1
0.4420        -3076.651    -3078.253        1.602    48.4
0.4430        -3076.662    -3078.273        1.611    48.7
0.4440        -3076.668    -3078.294        1.626    49.1
0.4450        -3076.652    -3078.308        1.656    50.0
0.4460        -3076.647    -3078.309        1.662    50.2
0.4470        -3076.658    -3078.297        1.639    49.5
0.4480        -3076.675    -3078.277        1.602    48.4
0.4490        -3076.689    -3078.256        1.567    47.4
0.4500        -3076.687    -3078.246        1.559    47.1
0.4510        -3076.688    -3078.250        1.562    47.2
0.4520        -3076.711    -3078.268        1.557    47.1
0.4530        -3076.742    -3078.297        1.555    47.0
0.4540        -3076.731    -3078.324        1.593    48.1
0.4550        -3076.720    -3078.336        1.616    48.8
0.4560        -3076.723    -3078.335        1.612    48.7
0.4570        -3076.719    -3078.314        1.595    48.2
0.4580        -3076.710    -3078.278        1.568    47.4
0.4590        -3076.681    -3078.231        1.550    46.8
0.4600        -3076.685    -3078.181        1.496    45.2
0.4610        -3076.679    -3078.145        1.466    44.3
0.4620        -3076.661    -3078.133        1.472    44.5
0.4630        -3076.676    -3078.152        1.477    44.6
0.4640        -3076.674    -3078.202        1.528    46.2
0.4650        -3076.669    -3078.270        1.601    48.4
0.4660        -3076.672    -3078.342        1.670    50.5
0.4670        -3076.660    -3078.399        1.739    52.5
0.4680        -3076.644    -3078.424        1.780    53.8
0.4690        -3076.660    -3078.409        1.749    52.9
0.4700        -3076.649    -3078.360        1.711    51.7
0.4710        -3076.676    -3078.297        1.622    49.0
0.4720        -3076.662    -3078.237        1.575    47.6
0.4730        -3076.671    -3078.198        1.526    46.1
0.4740        -3076.641    -3078.177        1.537    46.4
0.4750        -3076.638    -3078.178        1.540    46.5
0.4760        -3076.645    -3078.190        1.545    46.7
0.4770        -3076.657    -3078.208        1.550    46.9
0.4780        -3076.675    -3078.223        1.548    46.8
0.4790        -3076.664    -3078.233        1.569    47.4
0.4800        -3076.639    -3078.239        1.601    48.4
0.4810        -3076.646    -3078.239        1.593    48.2
0.4820        -3076.642    -3078.243        1.600    48.4
0.4830        -3076.643    -3078.256        1.613    48.7
0.4840        -3076.625    -3078.272        1.647    49.8
0.4850        -3076.618    -3078.284        1.666    50.4
0.4860        -3076.624    -3078.286        1.662    50.2
0.4870        -3076.630    -3078.270        1.639    49.5
0.4880        -3076.641    -3078.241        1.600    48.4
0.4890        -3076.653    -3078.206        1.554    46.9
0.4900        -3076.659    -3078.179        1.519    45.9
0.4910        -3076.652    -3078.166        1.514    45.8
0.4920        -3076.657    -3078.165        1.508    45.6
0.4930        -3076.672    -3078.180        1.508    45.6
0.4940        -3076.681    -3078.209        1.529    46.2
0.4950        -3076.690    -3078.247        1.557    47.0
0.4960        -3076.700    -3078.286        1.587    48.0
0.4970        -3076.719    -3078.323        1.604    48.5
0.4980        -3076.723    -3078.349        1.626    49.1
0.4990        -3076.709    -3078.362        1.653    50.0
0.5000        -3076.704    -3078.360        1.656    50.1
0.5010        -3076.708    -3078.346        1.638    49.5
0.5020        -3076.708    -3078.326        1.618    48.9
0.5030        -3076.706    -3078.307        1.601    48.4
0.5040        -3076.708    -3078.291        1.583    47.8
0.5050        -3076.726    -3078.279        1.553    46.9
0.5060        -3076.712    -3078.277        1.565    47.3
0.5070        -3076.720    -3078.276        1.556    47.0
0.5080        -3076.730    -3078.279        1.550    46.8
0.5090        -3076.724    -3078.281        1.557    47.0
0.5100        -3076.700    -3078.279        1.578    47.7
0.5110        -3076.708    -3078.276        1.568    47.4
0.5120        -3076.708    -3078.275        1.567    47.4
0.5130        -3076.706    -3078.280        1.575    47.6
0.5140        -3076.718    -3078.289        1.571    47.5
0.5150        -3076.715    -3078.306        1.592    48.1
0.5160        -3076.714    -3078.330        1.615    48.8
0.5170        -3076.717    -3078.347        1.630    49.3
0.5180        -3076.729    -3078.358        1.629    49.2
0.5190        -3076.749    -3078.362        1.614    48.8
0.5200        -3076.745    -3078.352        1.607    48.6
0.5210        -3076.729    -3078.328        1.599    48.3
0.5220        -3076.734    -3078.287        1.553    46.9
0.5230        -3076.718    -3078.238        1.520    45.9
0.5240        -3076.698    -3078.191        1.493    45.1
0.5250        -3076.695    -3078.162        1.467    44.3
0.5260        -3076.697    -3078.159        1.462    44.2
0.5270        -3076.669    -3078.188        1.520    45.9
0.5280        -3076.690    -3078.235        1.545    46.7
0.5290        -3076.707    -3078.284        1.577    47.7
0.5300        -3076.711    -3078.325        1.614    48.8
0.5310        -3076.717    -3078.352        1.634    49.4
0.5320        -3076.750    -3078.370        1.621    49.0
0.5330        -3076.764    -3078.376        1.612    48.7
0.5340        -3076.730    -3078.369        1.639    49.5
0.5350        -3076.726    -3078.356        1.630    49.3
0.5360        -3076.703    -3078.334        1.631    49.3
0.5370        -3076.716    -3078.309        1.593    48.1
0.5380        -3076.716    -3078.290        1.574    47.6
0.5390        -3076.693    -3078.277        1.584    47.9
0.5400        -3076.693    -3078.268        1.575    47.6
0.5410        -3076.688    -3078.268        1.580    47.8
0.5420        -3076.684    -3078.277        1.593    48.1
0.5430        -3076.689    -3078.294        1.605    48.5
0.5440        -3076.713    -3078.314        1.602    48.4
0.5450        -3076.723    -3078.341        1.619    48.9
0.5460        -3076.732    -3078.368        1.636    49.4
0.5470        -3076.752    -3078.394        1.642    49.6
0.5480        -3076.741    -3078.411        1.670    50.5
0.5490        -3076.723    -3078.405        1.683    50.9
0.5500        -3076.724    -3078.371        1.647    49.8
0.5510        -3076.773    -3078.317        1.544    46.7
0.5520        -3076.776    -3078.260        1.484    44.8
0.5530        -3076.757    -3078.212        1.455    44.0
0.5540        -3076.747    -3078.185        1.438    43.5
0.5550        -3076.739    -3078.187        1.448    43.8
0.5560        -3076.740    -3078.210        1.470    44.4
0.5570        -3076.755    -3078.252        1.498    45.3
0.5580        -3076.732    -3078.305        1.573    47.6
0.5590        -3076.739    -3078.350        1.610    48.7
0.5600        -3076.698    -3078.373        1.676    50.6
0.5610        -3076.689    -3078.371        1.682    50.8
0.5620        -3076.689    -3078.340        1.651    49.9
0.5630        -3076.680    -3078.291        1.612    48.7
0.5640        -3076.661    -3078.235        1.573    47.6
0.5650        -3076.661    -3078.186        1.525    46.1
0.5660        -3076.700    -3078.159        1.459    44.1
0.5670        -3076.693    -3078.158        1.465    44.3
0.5680        -3076.697    -3078.180        1.483    44.8
0.5690        -3076.687    -3078.215        1.528    46.2
0.5700        -3076.674    -3078.254        1.580    47.7
0.5710        -3076.661    -3078.288        1.628    49.2
0.5720        -3076.661    -3078.304        1.643    49.6
0.5730        -3076.681    -3078.303        1.622    49.0
0.5740        -3076.697    -3078.283        1.586    47.9
0.5750        -3076.685    -3078.254        1.569    47.4
0.5760        -3076.712    -3078.227        1.515    45.8
0.5770        -3076.742    -3078.216        1.475    44.6
0.5780        -3076.726    -3078.234        1.508    45.6
0.5790        -3076.719    -3078.271        1.553    46.9
0.5800        -3076.697    -3078.321        1.624    49.1
0.5810        -3076.713    -3078.366        1.653    50.0
0.5820        -3076.725    -3078.394        1.669    50.4
0.5830        -3076.727    -3078.408        1.680    50.8
0.5840        -3076.749    -3078.398        1.649    49.8
0.5850        -3076.741    -3078.377        1.636    49.4
0.5860        -3076.770    -3078.359        1.589    48.0
0.5870        -3076.758    -3078.350        1.593    48.1
0.5880        -3076.756    -3078.354        1.598    48.3
0.5890        -3076.757    -3078.367        1.610    48.7
0.5900        -3076.752    -3078.381        1.629    49.2
0.5910        -3076.762    -3078.389        1.626    49.2
0.5920        -3076.750    -3078.388        1.638    49.5
0.5930        -3076.766    -3078.372        1.606    48.5
0.5940        -3076.777    -3078.343        1.566    47.3
0.5950        -3076.778    -3078.308        1.531    46.3
0.5960        -3076.789    -3078.281        1.492    45.1
0.5970        -3076.807    -3078.268        1.461    44.2
0.5980        -3076.828    -3078.275        1.447    43.7
0.5990        -3076.831    -3078.302        1.471    44.5
0.6000        -3076.805    -3078.342        1.537    46.4
0.6010        -3076.812    -3078.382        1.570    47.4
0.6020        -3076.817    -3078.412        1.594    48.2
0.6030        -3076.811    -3078.425        1.613    48.8
0.6040        -3076.792    -3078.421        1.629    49.2
0.6050        -3076.769    -3078.408        1.639    49.5
0.6060        -3076.770    -3078.386        1.616    48.8
0.6070        -3076.775    -3078.366        1.590    48.1
0.6080        -3076.795    -3078.355        1.560    47.1
0.6090        -3076.804    -3078.357        1.553    46.9
0.6100        -3076.803    -3078.371        1.568    47.4
0.6110        -3076.792    -3078.392        1.600    48.3
0.6120        -3076.805    -3078.412        1.606    48.5
0.6130        -3076.784    -3078.416        1.632    49.3
0.6140        -3076.773    -3078.405        1.632    49.3
0.6150        -3076.773    -3078.375        1.602    48.4
0.6160        -3076.773    -3078.335        1.563    47.2
0.6170        -3076.754    -3078.294        1.540    46.5
0.6180        -3076.753    -3078.264        1.511    45.7
0.6190        -3076.745    -3078.251        1.506    45.5
0.6200        -3076.762    -3078.258        1.496    45.2
0.6210        -3076.778    -3078.282        1.504    45.5
0.6220        -3076.761    -3078.320        1.559    47.1
0.6230        -3076.779    -3078.349        1.570    47.4
0.6240        -3076.754    -3078.366        1.613    48.7
0.6250        -3076.732    -3078.366        1.634    49.4
0.6260        -3076.708    -3078.343        1.635    49.4
0.6270        -3076.711    -3078.305        1.594    48.2
0.6280        -3076.710    -3078.257        1.547    46.8
0.6290        -3076.710    -3078.206        1.496    45.2
0.6300        -3076.695    -3078.161        1.467    44.3
0.6310        -3076.663    -3078.131        1.468    44.4
0.6320        -3076.659    -3078.118        1.459    44.1
0.6330        -3076.642    -3078.122        1.480    44.7
0.6340        -3076.645    -3078.142        1.497    45.2
0.6350        -3076.629    -3078.170        1.542    46.6
0.6360        -3076.653    -3078.207        1.554    47.0
0.6370        -3076.608    -3078.243        1.635    49.4
0.6380        -3076.591    -3078.275        1.684    50.9
0.6390        -3076.616    -3078.297        1.681    50.8
0.6400        -3076.622    -3078.303        1.681    50.8
0.6410        -3076.617    -3078.293        1.676    50.6
0.6420        -3076.610    -3078.277        1.667    50.4
0.6430        -3076.612    -3078.264        1.652    49.9
0.6440        -3076.593    -3078.257        1.664    50.3
0.6450        -3076.603    -3078.254        1.650    49.9
0.6460        -3076.632    -3078.255        1.623    49.1
0.6470        -3076.631    -3078.260        1.629    49.2
0.6480        -3076.625    -3078.263        1.638    49.5
0.6490        -3076.610    -3078.265        1.655    50.0
0.6500        -3076.583    -3078.250        1.667    50.4
0.6510        -3076.565    -3078.223        1.658    50.1
0.6520        -3076.570    -3078.189        1.620    48.9
0.6530        -3076.531    -3078.158        1.628    49.2
0.6540        -3076.550    -3078.141        1.591    48.1
0.6550        -3076.547    -3078.143        1.596    48.2
0.6560        -3076.558    -3078.169        1.611    48.7
0.6570        -3076.562    -3078.214        1.652    49.9
0.6580        -3076.572    -3078.266        1.694    51.2
0.6590        -3076.599    -3078.310        1.711    51.7
0.6600        -3076.577    -3078.335        1.758    53.1
0.6610        -3076.566    -3078.335        1.769    53.5
0.6620        -3076.578    -3078.305        1.727    52.2
0.6630        -3076.576    -3078.255        1.679    50.7
0.6640        -3076.579    -3078.202        1.623    49.1
0.6650        -3076.568    -3078.162        1.595    48.2
0.6660        -3076.574    -3078.145        1.570    47.5
0.6670        -3076.615    -3078.152        1.537    46.4
0.6680        -3076.661    -3078.180        1.519    45.9
0.6690        -3076.632    -3078.222        1.590    48.1
0.6700        -3076.636    -3078.264        1.627    49.2
0.6710        -3076.634    -3078.293        1.660    50.2
0.6720        -3076.613    -3078.311        1.698    51.3
0.6730        -3076.626    -3078.315        1.690    51.1
0.6740        -3076.636    -3078.310        1.674    50.6
0.6750        -3076.639    -3078.305        1.666    50.3
0.6760        -3076.636    -3078.302        1.666    50.4
0.6770        -3076.661    -3078.306        1.645    49.7
0.6780        -3076.633    -3078.313        1.679    50.8
0.6790        -3076.645    -3078.321        1.676    50.7
0.6800        -3076.623    -3078.321        1.698    51.3
0.6810        -3076.618    -3078.310        1.692    51.1
0.6820        -3076.633    -3078.292        1.658    50.1
0.6830        -3076.664    -3078.272        1.608    48.6
0.6840        -3076.678    -3078.252        1.575    47.6
0.6850        -3076.694    -3078.241        1.547    46.7
0.6860        -3076.686    -3078.237        1.552    46.9
0.6870        -3076.692    -3078.239        1.546    46.7
0.6880        -3076.721    -3078.245        1.524    46.1
0.6890        -3076.732    -3078.251        1.519    45.9
0.6900        -3076.718    -3078.256        1.537    46.5
0.6910        -3076.704    -3078.257        1.553    46.9
0.6920        -3076.684    -3078.254        1.570    47.5
0.6930        -3076.666    -3078.251        1.585    47.9
0.6940        -3076.674    -3078.247        1.573    47.5
0.6950        -3076.658    -3078.237        1.579    47.7
0.6960        -3076.662    -3078.227        1.565    47.3
0.6970        -3076.654    -3078.218        1.564    47.3
0.6980        -3076.657    -3078.212        1.555    47.0
0.6990        -3076.632    -3078.206        1.574    47.6
0.7000        -3076.657    -3078.201        1.544    46.7
0.7010        -3076.673    -3078.205        1.531    46.3
0.7020        -3076.671    -3078.210        1.539    46.5
0.7030        -3076.642    -3078.221        1.579    47.7
0.7040        -3076.657    -3078.232        1.575    47.6
0.7050        -3076.617    -3078.243        1.626    49.1
0.7060        -3076.615    -3078.250        1.635    49.4
0.7070        -3076.625    -3078.251        1.626    49.1
0.7080        -3076.607    -3078.252        1.644    49.7
0.7090        -3076.589    -3078.245        1.655    50.0
0.7100        -3076.584    -3078.235        1.651    49.9
0.7110        -3076.565    -3078.232        1.667    50.4
0.7120        -3076.566    -3078.231        1.665    50.3
0.7130        -3076.573    -3078.227        1.655    50.0
0.7140        -3076.588    -3078.215        1.627    49.2
0.7150        -3076.576    -3078.205        1.629    49.2
0.7160        -3076.561    -3078.198        1.637    49.5
0.7170        -3076.567    -3078.199        1.632    49.3
0.7180        -3076.584    -3078.208        1.623    49.1
0.7190        -3076.577    -3078.217        1.640    49.6
0.7200        -3076.582    -3078.226        1.644    49.7
0.7210        -3076.590    -3078.228        1.638    49.5
0.7220        -3076.614    -3078.222        1.608    48.6
0.7230        -3076.630    -3078.210        1.580    47.8
0.7240        -3076.610    -3078.194        1.585    47.9
0.7250        -3076.584    -3078.175        1.591    48.1
0.7260        -3076.588    -3078.157        1.569    47.4
0.7270        -3076.598    -3078.146        1.549    46.8
0.7280        -3076.586    -3078.148        1.562    47.2
0.7290        -3076.604    -3078.167        1.563    47.2
0.7300        -3076.580    -3078.199        1.619    48.9
0.7310        -3076.604    -3078.237        1.633    49.4
0.7320        -3076.619    -3078.267        1.648    49.8
0.7330        -3076.608    -3078.288        1.680    50.8
0.7340        -3076.626    -3078.296        1.670    50.5
0.7350        -3076.666    -3078.291        1.625    49.1
0.7360        -3076.656    -3078.281        1.625    49.1
0.7370        -3076.659    -3078.268        1.609    48.6
0.7380        -3076.655    -3078.261        1.606    48.5
0.7390        -3076.628    -3078.256        1.628    49.2
0.7400        -3076.631    -3078.256        1.624    49.1
0.7410        -3076.644    -3078.252        1.608    48.6
0.7420        -3076.644    -3078.240        1.596    48.2
0.7430        -3076.643    -3078.225        1.582    47.8
0.7440        -3076.651    -3078.219        1.567    47.4
0.7450        -3076.621    -3078.219        1.598    48.3
0.7460        -3076.625    -3078.230        1.605    48.5
0.7470        -3076.630    -3078.249        1.619    48.9
0.7480        -3076.605    -3078.270        1.665    50.3
0.7490        -3076.603    -3078.281        1.678    50.7
0.7500        -3076.597    -3078.277        1.680    50.8
0.7510        -3076.595    -3078.264        1.669    50.4
0.7520        -3076.578    -3078.244        1.666    50.3
0.7530        -3076.564    -3078.225        1.661    50.2
0.7540        -3076.570    -3078.208        1.638    49.5
0.7550        -3076.588    -3078.204        1.616    48.8
0.7560        -3076.571    -3078.216        1.646    49.7
0.7570        -3076.553    -3078.242        1.689    51.1
0.7580        -3076.547    -3078.266        1.718    51.9
0.7590        -3076.547    -3078.274        1.726    52.2
0.7600        -3076.543    -3078.262        1.719    52.0
0.7610        -3076.538    -3078.230        1.692    51.1
0.7620        -3076.538    -3078.181        1.643    49.6
0.7630        -3076.553    -3078.124        1.571    47.5
0.7640        -3076.563    -3078.078        1.516    45.8
0.7650        -3076.548    -3078.055        1.507    45.5
0.7660        -3076.520    -3078.058        1.538    46.5
0.7670        -3076.524    -3078.090        1.566    47.3
0.7680        -3076.544    -3078.136        1.593    48.1
0.7690        -3076.540    -3078.186        1.645    49.7
0.7700        -3076.557    -3078.229        1.671    50.5
0.7710        -3076.554    -3078.258        1.705    51.5
0.7720        -3076.555    -3078.274        1.719    51.9
0.7730        -3076.528    -3078.274        1.746    52.8
0.7740        -3076.538    -3078.258        1.720    52.0
0.7750        -3076.542    -3078.236        1.694    51.2
0.7760        -3076.531    -3078.214        1.683    50.9
0.7770        -3076.545    -3078.208        1.663    50.3
0.7780        -3076.560    -3078.224        1.664    50.3
0.7790        -3076.558    -3078.256        1.699    51.3
0.7800        -3076.521    -3078.293        1.773    53.6
0.7810        -3076.498    -3078.318        1.820    55.0
0.7820        -3076.495    -3078.322        1.827    55.2
0.7830        -3076.482    -3078.297        1.814    54.8
0.7840        -3076.523    -3078.250        1.727    52.2
0.7850        -3076.518    -3078.192        1.674    50.6
0.7860        -3076.515    -3078.137        1.622    49.0
0.7870        -3076.504    -3078.100        1.596    48.2
0.7880        -3076.497    -3078.090        1.592    48.1
0.7890        -3076.495    -3078.096        1.601    48.4
0.7900        -3076.479    -3078.114        1.635    49.4
0.7910        -3076.478    -3078.135        1.657    50.1
0.7920        -3076.478    -3078.149        1.671    50.5
0.7930        -3076.477    -3078.153        1.676    50.7
0.7940        -3076.470    -3078.146        1.676    50.7
0.7950        -3076.463    -3078.130        1.667    50.4
0.7960        -3076.446    -3078.113        1.667    50.4
0.7970        -3076.438    -3078.111        1.673    50.5
0.7980        -3076.427    -3078.122        1.695    51.2
0.7990        -3076.423    -3078.135        1.712    51.8
0.8000        -3076.428    -3078.145        1.716    51.9
0.8010        -3076.440    -3078.150        1.709    51.7
0.8020        -3076.427    -3078.145        1.718    51.9
0.8030        -3076.454    -3078.136        1.682    50.8
0.8040        -3076.487    -3078.124        1.637    49.5
0.8050        -3076.497    -3078.111        1.614    48.8
0.8060        -3076.525    -3078.111        1.586    47.9
0.8070        -3076.537    -3078.132        1.596    48.2
0.8080        -3076.531    -3078.165        1.635    49.4
0.8090        -3076.510    -3078.194        1.684    50.9
0.8100        -3076.516    -3078.218        1.702    51.4
0.8110        -3076.526    -3078.231        1.704    51.5
0.8120        -3076.499    -3078.231        1.732    52.3
0.8130        -3076.500    -3078.222        1.722    52.0
0.8140        -3076.519    -3078.204        1.685    50.9
0.8150        -3076.495    -3078.183        1.688    51.0
0.8160        -3076.481    -3078.165        1.684    50.9
0.8170        -3076.489    -3078.156        1.667    50.4
0.8180        -3076.496    -3078.162        1.666    50.4
0.8190        -3076.506    -3078.192        1.686    51.0
0.8200        -3076.530    -3078.232        1.702    51.4
0.8210        -3076.522    -3078.271        1.749    52.9
0.8220        -3076.531    -3078.301        1.770    53.5
0.8230        -3076.558    -3078.313        1.755    53.0
0.8240        -3076.582    -3078.311        1.729    52.3
0.8250        -3076.570    -3078.294        1.724    52.1
0.8260        -3076.551    -3078.273        1.722    52.0
0.8270        -3076.537    -3078.252        1.715    51.8
0.8280        -3076.519    -3078.230        1.711    51.7
0.8290        -3076.523    -3078.209        1.686    51.0
0.8300        -3076.531    -3078.186        1.655    50.0
0.8310        -3076.537    -3078.161        1.624    49.1
0.8320        -3076.534    -3078.135        1.601    48.4
0.8330        -3076.536    -3078.109        1.573    47.5
0.8340        -3076.530    -3078.088        1.558    47.1
0.8350        -3076.542    -3078.078        1.536    46.4
0.8360        -3076.574    -3078.083        1.508    45.6
0.8370        -3076.553    -3078.101        1.548    46.8
0.8380        -3076.555    -3078.129        1.574    47.6
0.8390        -3076.567    -3078.165        1.598    48.3
0.8400        -3076.585    -3078.201        1.617    48.9
0.8410        -3076.580    -3078.231        1.651    49.9
0.8420        -3076.578    -3078.257        1.680    50.8
0.8430        -3076.580    -3078.271        1.691    51.1
0.8440        -3076.580    -3078.275        1.695    51.2
0.8450        -3076.584    -3078.266        1.682    50.8
0.8460        -3076.606    -3078.251        1.646    49.7
0.8470        -3076.610    -3078.233        1.623    49.0
0.8480        -3076.582    -3078.212        1.630    49.3
0.8490        -3076.584    -3078.190        1.606    48.5
0.8500        -3076.573    -3078.168        1.595    48.2
0.8510        -3076.575    -3078.151        1.576    47.6
0.8520        -3076.576    -3078.137        1.561    47.2
0.8530        -3076.578    -3078.129        1.551    46.9
0.8540        -3076.599    -3078.138        1.539    46.5
0.8550        -3076.586    -3078.167        1.580    47.8
0.8560        -3076.592    -3078.211        1.619    48.9
0.8570        -3076.589    -3078.261        1.672    50.5
0.8580        -3076.585    -3078.305        1.719    52.0
0.8590        -3076.587    -3078.331        1.744    52.7
0.8600        -3076.574    -3078.339        1.765    53.3
0.8610        -3076.586    -3078.328        1.742    52.6
0.8620        -3076.594    -3078.302        1.708    51.6
0.8630        -3076.607    -3078.269        1.662    50.2
0.8640        -3076.620    -3078.236        1.616    48.8
0.8650        -3076.619    -3078.210        1.591    48.1
0.8660        -3076.624    -3078.198        1.574    47.6
0.8670        -3076.608    -3078.202        1.594    48.2
0.8680        -3076.621    -3078.216        1.595    48.2
0.8690        -3076.611    -3078.238        1.627    49.2
0.8700        -3076.633    -3078.256        1.623    49.1
0.8710        -3076.633    -3078.264        1.631    49.3
0.8720        -3076.599    -3078.256        1.657    50.1
0.8730        -3076.588    -3078.234        1.647    49.8
0.8740        -3076.566    -3078.201        1.635    49.4
0.8750        -3076.543    -3078.164        1.621    49.0
0.8760        -3076.537    -3078.135        1.598    48.3
0.8770        -3076.560    -3078.126        1.566    47.3
0.8780        -3076.564    -3078.146        1.582    47.8
0.8790        -3076.531    -3078.188        1.657    50.1
0.8800        -3076.533    -3078.240        1.707    51.6
0.8810        -3076.546    -3078.288        1.742    52.6
0.8820        -3076.555    -3078.319        1.764    53.3
0.8830        -3076.556    -3078.326        1.770    53.5
0.8840        -3076.531    -3078.310        1.779    53.7
0.8850        -3076.476    -3078.277        1.802    54.4
0.8860        -3076.477    -3078.234        1.757    53.1
0.8870        -3076.454    -3078.192        1.737    52.5
0.8880        -3076.469    -3078.157        1.688    51.0
0.8890        -3076.434    -3078.130        1.697    51.3
0.8900        -3076.432    -3078.107        1.675    50.6
0.8910        -3076.420    -3078.094        1.674    50.6
0.8920        -3076.432    -3078.085        1.652    49.9
0.8930        -3076.424    -3078.075        1.650    49.9
0.8940        -3076.450    -3078.062        1.612    48.7
0.8950        -3076.444    -3078.056        1.612    48.7
0.8960        -3076.473    -3078.059        1.585    47.9
0.8970        -3076.472    -3078.072        1.601    48.4
0.8980        -3076.482    -3078.101        1.619    48.9
0.8990        -3076.489    -3078.135        1.646    49.7
0.9000        -3076.475    -3078.171        1.696    51.3
0.9010        -3076.475    -3078.200        1.724    52.1
0.9020        -3076.479    -3078.218        1.739    52.6
0.9030        -3076.480    -3078.222        1.742    52.7
0.9040        -3076.514    -3078.217        1.703    51.5
0.9050        -3076.528    -3078.211        1.683    50.9
0.9060        -3076.523    -3078.212        1.689    51.0
0.9070        -3076.510    -3078.211        1.700    51.4
0.9080        -3076.468    -3078.211        1.742    52.7
0.9090        -3076.483    -3078.206        1.724    52.1
0.9100        -3076.471    -3078.193        1.722    52.0
0.9110        -3076.480    -3078.166        1.686    51.0
0.9120        -3076.489    -3078.132        1.643    49.6
0.9130        -3076.479    -3078.104        1.625    49.1
0.9140        -3076.466    -3078.092        1.626    49.2
0.9150        -3076.454    -3078.101        1.647    49.8
0.9160        -3076.469    -3078.131        1.662    50.2
0.9170        -3076.473    -3078.177        1.704    51.5
0.9180        -3076.493    -3078.224        1.732    52.3
0.9190        -3076.513    -3078.260        1.747    52.8
0.9200        -3076.519    -3078.276        1.757    53.1
0.9210        -3076.492    -3078.271        1.779    53.8
0.9220        -3076.490    -3078.247        1.757    53.1
0.9230        -3076.497    -3078.211        1.715    51.8
0.9240        -3076.487    -3078.182        1.695    51.2
0.9250        -3076.490    -3078.165        1.675    50.6
0.9260        -3076.512    -3078.162        1.651    49.9
0.9270        -3076.532    -3078.173        1.641    49.6
0.9280        -3076.553    -3078.190        1.637    49.5
0.9290        -3076.564    -3078.207        1.643    49.7
0.9300        -3076.526    -3078.214        1.689    51.0
0.9310        -3076.528    -3078.205        1.677    50.7
0.9320        -3076.548    -3078.181        1.633    49.4
0.9330        -3076.565    -3078.151        1.586    47.9
0.9340        -3076.557    -3078.130        1.573    47.5
0.9350        -3076.554    -3078.124        1.570    47.5
0.9360        -3076.580    -3078.136        1.556    47.0
0.9370        -3076.557    -3078.161        1.604    48.5
0.9380        -3076.547    -3078.186        1.639    49.5
0.9390        -3076.529    -3078.204        1.675    50.6
0.9400        -3076.536    -3078.212        1.676    50.7
0.9410        -3076.534    -3078.208        1.673    50.6
0.9420        -3076.558    -3078.197        1.638    49.5
0.9430        -3076.544    -3078.183        1.640    49.5
0.9440        -3076.552    -3078.175        1.623    49.1
0.9450        -3076.539    -3078.172        1.633    49.3
0.9460        -3076.529    -3078.173        1.644    49.7
0.9470        -3076.561    -3078.175        1.615    48.8
0.9480        -3076.555    -3078.182        1.628    49.2
0.9490        -3076.537    -3078.191        1.655    50.0
0.9500        -3076.507    -3078.189        1.682    50.8
0.9510        -3076.506    -3078.170        1.664    50.3
0.9520        -3076.485    -3078.136        1.651    49.9
0.9530        -3076.476    -3078.089        1.613    48.8
0.9540        -3076.485    -3078.048        1.563    47.2
0.9550        -3076.500    -3078.029        1.529    46.2
0.9560        -3076.498    -3078.039        1.541    46.6
0.9570        -3076.502    -3078.080        1.577    47.7
0.9580        -3076.486    -3078.146        1.660    50.2
0.9590        -3076.476    -3078.222        1.746    52.8
0.9600        -3076.470    -3078.295        1.825    55.2
0.9610        -3076.461    -3078.348        1.887    57.0
0.9620        -3076.477    -3078.369        1.892    57.2
0.9630        -3076.454    -3078.354        1.900    57.4
0.9640        -3076.478    -3078.310        1.833    55.4
0.9650        -3076.451    -3078.255        1.804    54.5
0.9660        -3076.468    -3078.198        1.730    52.3
0.9670        -3076.489    -3078.150        1.661    50.2
0.9680        -3076.500    -3078.126        1.626    49.1
0.9690        -3076.486    -3078.123        1.637    49.5
0.9700        -3076.487    -3078.140        1.653    50.0
0.9710        -3076.472    -3078.171        1.699    51.4
0.9720        -3076.467    -3078.199        1.733    52.4
0.9730        -3076.490    -3078.210        1.720    52.0
0.9740        -3076.510    -3078.205        1.695    51.2
0.9750        -3076.513    -3078.189        1.676    50.6
0.9760        -3076.523    -3078.162        1.639    49.5
0.9770        -3076.529    -3078.136        1.607    48.6
0.9780        -3076.525    -3078.120        1.595    48.2
0.9790        -3076.520    -3078.120        1.599    48.3
0.9800        -3076.517    -3078.130        1.613    48.7
0.9810        -3076.552    -3078.142        1.589    48.0
0.9820        -3076.567    -3078.154        1.587    48.0
0.9830        -3076.602    -3078.164        1.562    47.2
0.9840        -3076.616    -3078.172        1.555    47.0
0.9850        -3076.597    -3078.179        1.582    47.8
0.9860        -3076.614    -3078.187        1.573    47.5
0.9870        -3076.605    -3078.195        1.590    48.1
0.9880        -3076.603    -3078.206        1.602    48.4
0.9890        -3076.609    -3078.216        1.607    48.6
0.9900        -3076.616    -3078.223        1.607    48.6
0.9910        -3076.588    -3078.235        1.648    49.8
0.9920        -3076.587    -3078.247        1.659    50.1
0.9930        -3076.596    -3078.254        1.657    50.1
0.9940        -3076.584    -3078.254        1.671    50.5
0.9950        -3076.593    -3078.248        1.655    50.0
0.9960        -3076.585    -3078.235        1.650    49.9
0.9970        -3076.593    -3078.221        1.629    49.2
0.9980        -3076.585    -3078.209        1.624    49.1
0.9990        -3076.582    -3078.207        1.624    49.1
1.0000        -3076.570    -3078.213        1.643    49.7
