Time[ps]      Etot[eV]     Epot[eV]     Ekin[eV]    T[K]
0.0000        -3033.833    -3067.566       33.733  1019.4
0.0010        -3033.713    -3066.409       32.696   988.1
0.0020        -3034.017    -3063.514       29.496   891.4
0.0030        -3033.637    -3059.683       26.046   787.1
0.0040        -3033.730    -3056.032       22.302   674.0
0.0050        -3032.978    -3053.427       20.448   617.9
0.0060        -3032.671    -3052.502       19.831   599.3
0.0070        -3032.893    -3053.062       20.169   609.5
0.0080        -3032.754    -3054.704       21.950   663.3
0.0090        -3032.267    -3056.572       24.305   734.5
0.0100        -3032.093    -3057.899       25.805   779.8
0.0110        -3032.164    -3058.370       26.206   791.9
0.0120        -3032.020    -3057.980       25.960   784.5
0.0130        -3032.057    -3056.973       24.916   753.0
0.0140        -3032.364    -3055.758       23.394   707.0
0.0150        -3031.971    -3054.881       22.910   692.4
0.0160        -3032.127    -3054.519       22.392   676.7
0.0170        -3031.753    -3054.672       22.919   692.6
0.0180        -3031.142    -3055.341       24.200   731.3
0.0190        -3031.020    -3056.179       25.158   760.3
0.0200        -3030.828    -3056.808       25.980   785.1
0.0210        -3030.615    -3056.859       26.243   793.1
0.0220        -3030.502    -3056.128       25.626   774.4
0.0230        -3029.962    -3054.728       24.766   748.4
0.0240        -3030.000    -3053.112       23.112   698.4
0.0250        -3030.021    -3051.688       21.667   654.8
0.0260        -3029.428    -3050.701       21.273   642.9
0.0270        -3029.269    -3050.223       20.954   633.2
0.0280        -3029.427    -3050.217       20.789   628.3
0.0290        -3029.271    -3050.563       21.292   643.4
0.0300        -3029.027    -3051.143       22.116   668.4
0.0310        -3028.673    -3051.883       23.210   701.4
0.0320        -3028.310    -3052.531       24.221   732.0
0.0330        -3028.211    -3052.983       24.771   748.6
0.0340        -3027.846    -3053.193       25.347   766.0
0.0350        -3027.963    -3053.237       25.274   763.8
0.0360        -3027.689    -3053.185       25.496   770.5
0.0370        -3027.461    -3053.290       25.829   780.6
0.0380        -3026.898    -3053.734       26.836   811.0
0.0390        -3027.415    -3054.583       27.168   821.0
0.0400        -3027.673    -3055.670       27.997   846.1
0.0410        -3026.960    -3056.811       29.851   902.1
0.0420        -3026.959    -3057.715       30.756   929.4
0.0430        -3026.647    -3058.031       31.384   948.4
0.0440        -3027.092    -3057.705       30.613   925.1
0.0450        -3027.200    -3056.852       29.652   896.1
0.0460        -3027.002    -3055.638       28.636   865.4
0.0470        -3026.751    -3054.277       27.526   831.8
0.0480        -3026.465    -3052.949       26.484   800.3
0.0490        -3026.060    -3051.912       25.851   781.2
0.0500        -3025.583    -3051.174       25.590   773.3
0.0510        -3025.260    -3050.779       25.519   771.2
0.0520        -3025.037    -3050.552       25.515   771.1
0.0530        -3024.512    -3050.468       25.957   784.4
0.0540        -3024.610    -3050.392       25.782   779.1
0.0550        -3024.551    -3050.180       25.629   774.5
0.0560        -3024.415    -3049.794       25.379   767.0
0.0570        -3024.197    -3049.228       25.031   756.4
0.0580        -3023.861    -3048.678       24.817   750.0
0.0590        -3023.126    -3048.412       25.286   764.2
0.0600        -3022.762    -3048.446       25.684   776.2
0.0610        -3022.520    -3048.898       26.378   797.1
0.0620        -3022.725    -3049.656       26.931   813.8
0.0630        -3022.424    -3050.414       27.991   845.9
0.0640        -3022.211    -3050.972       28.760   869.1
0.0650        -3022.536    -3051.235       28.698   867.3
0.0660        -3022.404    -3051.216       28.812   870.7
0.0670        -3021.812    -3050.972       29.160   881.2
0.0680        -3021.699    -3050.549       28.850   871.8
0.0690        -3021.604    -3050.073       28.469   860.3
0.0700        -3022.107    -3049.834       27.726   837.9
0.0710        -3021.939    -3050.064       28.125   850.0
0.0720        -3021.861    -3050.652       28.791   870.1
0.0730        -3021.701    -3051.470       29.769   899.6
0.0740        -3021.458    -3052.296       30.838   931.9
0.0750        -3020.865    -3052.742       31.877   963.3
0.0760        -3020.598    -3052.527       31.929   964.9
0.0770        -3020.879    -3051.715       30.836   931.9
0.0780        -3020.307    -3050.423       30.116   910.1
0.0790        -3020.158    -3049.135       28.977   875.7
0.0800        -3020.404    -3048.098       27.694   836.9
0.0810        -3020.173    -3047.498       27.325   825.8
0.0820        -3020.680    -3047.291       26.611   804.2
0.0830        -3021.123    -3047.481       26.358   796.5
0.0840        -3021.103    -3047.838       26.735   807.9
0.0850        -3021.183    -3048.120       26.937   814.0
0.0860        -3021.131    -3048.314       27.183   821.5
0.0870        -3020.979    -3048.546       27.567   833.1
0.0880        -3020.878    -3048.821       27.943   844.4
0.0890        -3020.824    -3049.166       28.342   856.5
0.0900        -3020.983    -3049.476       28.493   861.1
0.0910        -3020.918    -3049.779       28.861   872.2
0.0920        -3020.856    -3050.009       29.153   881.0
0.0930        -3020.620    -3050.245       29.625   895.3
0.0940        -3020.529    -3050.462       29.933   904.6
0.0950        -3020.176    -3050.672       30.496   921.6
0.0960        -3020.017    -3050.782       30.765   929.7
0.0970        -3019.157    -3050.512       31.356   947.6
0.0980        -3019.347    -3049.784       30.436   919.8
0.0990        -3019.556    -3048.865       29.309   885.7
0.1000        -3019.381    -3048.157       28.776   869.6
0.1010        -3019.509    -3047.854       28.345   856.6
0.1020        -3019.530    -3048.080       28.550   862.8
0.1030        -3018.942    -3048.816       29.874   902.8
0.1040        -3018.763    -3049.699       30.936   934.9
0.1050        -3019.277    -3050.413       31.136   940.9
0.1060        -3019.425    -3050.809       31.385   948.4
0.1070        -3019.488    -3050.810       31.322   946.6
0.1080        -3019.552    -3050.566       31.015   937.3
0.1090        -3019.090    -3050.223       31.133   940.8
0.1100        -3018.499    -3049.914       31.415   949.4
0.1110        -3018.197    -3049.705       31.508   952.2
0.1120        -3018.253    -3049.513       31.260   944.7
0.1130        -3018.487    -3049.273       30.785   930.3
0.1140        -3018.438    -3048.958       30.520   922.3
0.1150        -3018.492    -3048.443       29.951   905.1
0.1160        -3018.030    -3047.737       29.707   897.7
0.1170        -3017.729    -3046.894       29.166   881.4
0.1180        -3017.789    -3046.240       28.451   859.8
0.1190        -3017.444    -3046.118       28.674   866.5
0.1200        -3017.541    -3046.420       28.878   872.7
0.1210        -3017.170    -3046.902       29.733   898.5
0.1220        -3016.965    -3047.284       30.319   916.2
0.1230        -3016.733    -3047.289       30.557   923.4
0.1240        -3016.991    -3047.034       30.043   907.9
0.1250        -3016.951    -3046.765       29.814   901.0
0.1260        -3017.080    -3046.670       29.590   894.2
0.1270        -3017.030    -3047.061       30.031   907.5
0.1280        -3017.109    -3047.831       30.721   928.4
0.1290        -3017.546    -3048.830       31.284   945.4
0.1300        -3017.499    -3049.802       32.303   976.2
0.1310        -3017.668    -3050.350       32.681   987.6
0.1320        -3018.387    -3050.513       32.126   970.8
0.1330        -3018.402    -3050.178       31.777   960.3
0.1340        -3018.306    -3049.572       31.266   944.9
0.1350        -3018.140    -3048.853       30.712   928.1
0.1360        -3018.483    -3048.310       29.828   901.4
0.1370        -3018.228    -3048.207       29.980   906.0
0.1380        -3018.528    -3048.571       30.043   907.9
0.1390        -3018.515    -3049.067       30.552   923.3
0.1400        -3018.281    -3049.486       31.204   943.0
0.1410        -3018.292    -3049.657       31.365   947.9
0.1420        -3018.276    -3049.667       31.391   948.6
0.1430        -3018.685    -3049.573       30.888   933.4
0.1440        -3018.782    -3049.356       30.574   924.0
0.1450        -3019.179    -3048.979       29.799   900.5
0.1460        -3019.362    -3048.611       29.250   883.9
0.1470        -3019.074    -3048.345       29.271   884.6
0.1480        -3018.459    -3048.189       29.730   898.4
0.1490        -3018.554    -3048.121       29.567   893.5
0.1500        -3018.153    -3048.007       29.855   902.2
0.1510        -3018.498    -3047.889       29.391   888.2
0.1520        -3018.320    -3047.717       29.398   888.4
0.1530        -3018.628    -3047.604       28.976   875.7
0.1540        -3018.252    -3047.769       29.518   892.0
0.1550        -3018.000    -3048.257       30.257   914.4
0.1560        -3018.415    -3048.830       30.415   919.1
0.1570        -3018.233    -3049.380       31.147   941.3
0.1580        -3018.338    -3049.598       31.260   944.7
0.1590        -3018.177    -3049.341       31.164   941.8
0.1600        -3018.031    -3048.602       30.571   923.9
0.1610        -3018.103    -3047.718       29.615   895.0
0.1620        -3018.429    -3046.926       28.497   861.2
0.1630        -3018.099    -3046.500       28.401   858.3
0.1640        -3018.094    -3046.796       28.703   867.4
0.1650        -3018.040    -3047.708       29.668   896.6
0.1660        -3017.439    -3048.825       31.386   948.5
0.1670        -3017.639    -3049.834       32.195   972.9
0.1680        -3017.647    -3050.448       32.801   991.3
0.1690        -3018.357    -3050.555       32.198   973.0
0.1700        -3018.136    -3050.205       32.069   969.1
0.1710        -3018.253    -3049.541       31.288   945.5
0.1720        -3018.272    -3048.756       30.484   921.2
0.1730        -3018.104    -3048.163       30.059   908.4
0.1740        -3018.209    -3047.892       29.683   897.0
0.1750        -3017.402    -3048.014       30.612   925.1
0.1760        -3017.333    -3048.379       31.046   938.2
0.1770        -3016.899    -3048.822       31.923   964.7
0.1780        -3017.006    -3049.326       32.320   976.7
0.1790        -3016.695    -3049.554       32.858   993.0
0.1800        -3017.219    -3049.400       32.181   972.5
0.1810        -3017.921    -3048.990       31.069   938.9
0.1820        -3018.688    -3048.531       29.843   901.9
0.1830        -3019.084    -3048.163       29.079   878.8
0.1840        -3019.383    -3047.870       28.487   860.9
0.1850        -3019.456    -3047.630       28.175   851.4
0.1860        -3019.829    -3047.533       27.704   837.2
0.1870        -3019.790    -3047.588       27.798   840.1
0.1880        -3019.353    -3047.737       28.384   857.8
0.1890        -3019.674    -3047.954       28.280   854.6
0.1900        -3019.650    -3048.317       28.667   866.3
0.1910        -3019.615    -3048.911       29.296   885.3
0.1920        -3019.341    -3049.508       30.167   911.7
0.1930        -3019.502    -3050.017       30.515   922.2
0.1940        -3018.503    -3050.469       31.966   966.0
0.1950        -3018.308    -3050.717       32.408   979.4
0.1960        -3017.555    -3050.676       33.121  1000.9
0.1970        -3017.379    -3050.179       32.801   991.2
0.1980        -3017.329    -3049.207       31.878   963.3
0.1990        -3017.102    -3048.004       30.902   933.9
0.2000        -3017.098    -3046.884       29.786   900.1
0.2010        -3017.534    -3046.077       28.543   862.6
0.2020        -3017.013    -3045.756       28.743   868.6
0.2030        -3017.320    -3045.824       28.504   861.4
0.2040        -3017.068    -3046.087       29.019   877.0
0.2050        -3017.049    -3046.449       29.400   888.5
0.2060        -3016.247    -3046.773       30.527   922.5
0.2070        -3016.105    -3047.036       30.932   934.8
0.2080        -3016.364    -3047.263       30.899   933.8
0.2090        -3016.370    -3047.485       31.115   940.3
0.2100        -3016.694    -3047.728       31.033   937.8
0.2110        -3016.837    -3048.044       31.207   943.1
0.2120        -3016.577    -3048.332       31.755   959.6
0.2130        -3016.685    -3048.430       31.745   959.3
0.2140        -3016.970    -3048.349       31.379   948.3
0.2150        -3017.655    -3048.031       30.377   918.0
0.2160        -3017.327    -3047.771       30.443   920.0
0.2170        -3017.231    -3047.612       30.380   918.1
0.2180        -3017.144    -3047.654       30.511   922.0
0.2190        -3016.647    -3047.887       31.241   944.1
0.2200        -3016.762    -3048.056       31.294   945.7
0.2210        -3016.603    -3048.001       31.398   948.9
0.2220        -3016.061    -3047.858       31.798   960.9
0.2230        -3016.491    -3047.660       31.169   941.9
0.2240        -3016.620    -3047.697       31.077   939.2
0.2250        -3016.623    -3048.017       31.394   948.7
0.2260        -3016.563    -3048.482       31.919   964.6
0.2270        -3016.691    -3049.071       32.380   978.5
0.2280        -3016.545    -3049.522       32.977   996.6
0.2290        -3016.846    -3049.744       32.898   994.2
0.2300        -3016.650    -3049.666       33.016   997.7
0.2310        -3016.366    -3049.383       33.017   997.8
0.2320        -3016.705    -3049.041       32.336   977.2
0.2330        -3017.107    -3048.821       31.714   958.4
0.2340        -3016.427    -3048.667       32.240   974.3
0.2350        -3016.385    -3048.545       32.160   971.9
0.2360        -3016.352    -3048.564       32.212   973.5
0.2370        -3016.271    -3048.575       32.304   976.2
0.2380        -3015.906    -3048.446       32.540   983.4
0.2390        -3015.885    -3048.056       32.171   972.2
0.2400        -3015.835    -3047.515       31.680   957.4
0.2410        -3016.071    -3046.917       30.846   932.2
0.2420        -3016.547    -3046.372       29.825   901.3
0.2430        -3016.315    -3046.011       29.697   897.4
0.2440        -3015.793    -3045.926       30.133   910.6
0.2450        -3015.710    -3045.915       30.205   912.8
0.2460        -3016.074    -3045.998       29.924   904.3
0.2470        -3015.866    -3046.249       30.382   918.2
0.2480        -3015.561    -3046.670       31.109   940.1
0.2490        -3015.546    -3047.093       31.547   953.4
0.2500        -3015.660    -3047.363       31.703   958.1
0.2510        -3015.553    -3047.387       31.834   962.0
0.2520        -3015.962    -3047.119       31.158   941.6
0.2530        -3015.565    -3046.696       31.131   940.8
0.2540        -3015.411    -3046.080       30.669   926.8
0.2550        -3015.633    -3045.495       29.862   902.4
0.2560        -3015.237    -3045.141       29.904   903.7
0.2570        -3015.453    -3045.139       29.686   897.1
0.2580        -3015.796    -3045.463       29.667   896.5
0.2590        -3015.747    -3046.163       30.415   919.1
0.2600        -3015.550    -3047.112       31.562   953.8
0.2610        -3015.476    -3048.174       32.699   988.2
0.2620        -3015.960    -3048.951       32.991   997.0
0.2630        -3015.807    -3049.277       33.470  1011.5
0.2640        -3015.888    -3049.025       33.137  1001.4
0.2650        -3015.667    -3048.434       32.767   990.2
0.2660        -3015.354    -3047.787       32.433   980.1
0.2670        -3015.918    -3047.200       31.283   945.4
0.2680        -3016.602    -3046.927       30.325   916.4
0.2690        -3016.622    -3047.077       30.454   920.3
0.2700        -3016.475    -3047.441       30.966   935.8
0.2710        -3016.709    -3047.839       31.130   940.8
0.2720        -3016.815    -3048.148       31.333   946.9
0.2730        -3017.232    -3048.213       30.981   936.2
0.2740        -3017.418    -3048.097       30.678   927.1
0.2750        -3017.951    -3047.887       29.936   904.7
0.2760        -3017.589    -3047.614       30.024   907.3
0.2770        -3016.720    -3047.403       30.683   927.2
0.2780        -3016.707    -3047.223       30.516   922.2
0.2790        -3016.743    -3047.193       30.450   920.2
0.2800        -3017.011    -3047.318       30.307   915.9
0.2810        -3016.917    -3047.497       30.580   924.1
0.2820        -3016.785    -3047.514       30.730   928.7
0.2830        -3016.844    -3047.439       30.594   924.6
0.2840        -3016.465    -3047.305       30.840   932.0
0.2850        -3016.663    -3047.256       30.593   924.5
0.2860        -3016.222    -3047.355       31.133   940.8
0.2870        -3015.882    -3047.657       31.775   960.3
0.2880        -3015.891    -3047.935       32.044   968.4
0.2890        -3015.834    -3048.203       32.369   978.2
0.2900        -3015.501    -3048.444       32.943   995.5
0.2910        -3016.374    -3048.514       32.140   971.3
0.2920        -3015.867    -3048.585       32.718   988.7
0.2930        -3015.834    -3048.672       32.838   992.4
0.2940        -3016.969    -3048.717       31.747   959.4
0.2950        -3016.931    -3048.736       31.804   961.1
0.2960        -3016.600    -3048.826       32.226   973.9
0.2970        -3016.652    -3048.994       32.342   977.4
0.2980        -3016.225    -3049.273       33.048   998.7
0.2990        -3016.516    -3049.498       32.982   996.7
0.3000        -3016.171    -3049.649       33.478  1011.7
0.3010        -3016.374    -3049.496       33.122  1001.0
0.3020        -3016.241    -3049.074       32.833   992.2
0.3030        -3016.421    -3048.492       32.071   969.2
0.3040        -3015.748    -3047.816       32.069   969.1
0.3050        -3015.469    -3047.105       31.636   956.1
0.3060        -3014.844    -3046.526       31.682   957.4
0.3070        -3014.787    -3046.254       31.468   951.0
0.3080        -3014.678    -3046.275       31.597   954.9
0.3090        -3014.365    -3046.496       32.130   971.0
0.3100        -3013.846    -3046.738       32.892   994.0
0.3110        -3013.908    -3046.815       32.907   994.4
0.3120        -3013.403    -3046.696       33.293  1006.1
0.3130        -3013.690    -3046.539       32.849   992.7
0.3140        -3013.231    -3046.441       33.210  1003.6
0.3150        -3013.600    -3046.267       32.667   987.2
0.3160        -3013.945    -3046.268       32.324   976.8
0.3170        -3013.755    -3046.461       32.705   988.4
0.3180        -3013.834    -3046.739       32.906   994.4
0.3190        -3013.874    -3046.869       32.994   997.1
0.3200        -3013.906    -3046.707       32.801   991.2
0.3210        -3013.644    -3046.267       32.623   985.9
0.3220        -3014.058    -3045.582       31.524   952.7
0.3230        -3014.352    -3044.795       30.443   920.0
0.3240        -3014.071    -3044.209       30.138   910.8
0.3250        -3013.758    -3043.870       30.112   910.0
0.3260        -3013.697    -3043.846       30.148   911.1
0.3270        -3013.404    -3044.089       30.685   927.3
0.3280        -3013.555    -3044.580       31.025   937.6
0.3290        -3013.339    -3045.227       31.888   963.6
0.3300        -3013.167    -3045.796       32.629   986.0
0.3310        -3012.959    -3046.147       33.188  1002.9
0.3320        -3012.965    -3046.305       33.340  1007.5
0.3330        -3012.899    -3046.417       33.518  1012.9
0.3340        -3012.693    -3046.617       33.925  1025.2
0.3350        -3012.935    -3046.738       33.802  1021.5
0.3360        -3012.714    -3046.660       33.946  1025.9
0.3370        -3013.398    -3046.432       33.033   998.3
0.3380        -3013.320    -3046.107       32.787   990.8
0.3390        -3012.724    -3045.661       32.937   995.4
0.3400        -3013.158    -3045.228       32.071   969.2
0.3410        -3013.156    -3045.127       31.971   966.2
0.3420        -3012.859    -3045.256       32.397   979.0
0.3430        -3012.481    -3045.531       33.050   998.8
0.3440        -3012.225    -3045.724       33.498  1012.3
0.3450        -3011.742    -3045.804       34.062  1029.4
0.3460        -3011.628    -3045.526       33.898  1024.4
0.3470        -3011.628    -3044.981       33.353  1007.9
0.3480        -3011.161    -3044.305       33.144  1001.6
0.3490        -3011.009    -3043.709       32.700   988.2
0.3500        -3011.018    -3043.432       32.414   979.6
0.3510        -3010.855    -3043.586       32.731   989.1
0.3520        -3010.465    -3044.093       33.628  1016.3
0.3530        -3010.403    -3044.872       34.469  1041.7
0.3540        -3010.344    -3045.556       35.212  1064.1
0.3550        -3011.112    -3045.970       34.858  1053.4
0.3560        -3011.305    -3046.277       34.972  1056.9
0.3570        -3011.455    -3046.500       35.044  1059.0
0.3580        -3011.229    -3046.634       35.405  1069.9
0.3590        -3011.775    -3046.630       34.855  1053.3
0.3600        -3012.168    -3046.328       34.160  1032.3
0.3610        -3011.628    -3045.854       34.226  1034.3
0.3620        -3011.477    -3045.065       33.588  1015.0
0.3630        -3011.541    -3044.206       32.665   987.1
0.3640        -3011.884    -3043.596       31.712   958.4
0.3650        -3011.996    -3043.472       31.476   951.2
0.3660        -3011.859    -3043.707       31.848   962.4
0.3670        -3011.860    -3044.092       32.232   974.0
0.3680        -3012.181    -3044.380       32.198   973.0
0.3690        -3012.306    -3044.444       32.138   971.2
0.3700        -3012.049    -3044.253       32.205   973.2
0.3710        -3012.303    -3043.893       31.589   954.6
0.3720        -3012.184    -3043.510       31.326   946.7
0.3730        -3012.403    -3043.174       30.770   929.9
0.3740        -3012.627    -3043.029       30.401   918.7
0.3750        -3013.051    -3043.166       30.115   910.1
0.3760        -3013.206    -3043.717       30.511   922.0
0.3770        -3012.989    -3044.654       31.664   956.9
0.3780        -3012.672    -3045.962       33.290  1006.0
0.3790        -3012.598    -3047.267       34.669  1047.7
0.3800        -3012.450    -3048.149       35.699  1078.8
0.3810        -3012.859    -3048.318       35.459  1071.6
0.3820        -3013.218    -3047.784       34.566  1044.6
0.3830        -3013.029    -3046.862       33.833  1022.4
0.3840        -3013.015    -3045.736       32.721   988.8
0.3850        -3013.031    -3044.760       31.729   958.8
0.3860        -3013.269    -3044.208       30.938   935.0
0.3870        -3012.564    -3044.213       31.648   956.4
0.3880        -3012.160    -3044.533       32.373   978.3
0.3890        -3012.386    -3045.062       32.676   987.5
0.3900        -3012.947    -3045.542       32.595   985.0
0.3910        -3012.773    -3045.932       33.159  1002.1
0.3920        -3012.727    -3046.265       33.538  1013.5
0.3930        -3012.466    -3046.471       34.005  1027.6
0.3940        -3012.466    -3046.527       34.061  1029.3
0.3950        -3012.869    -3046.507       33.639  1016.6
0.3960        -3012.689    -3046.428       33.739  1019.6
0.3970        -3012.879    -3046.192       33.313  1006.7
0.3980        -3012.774    -3046.063       33.289  1006.0
0.3990        -3012.690    -3046.144       33.454  1011.0
0.4000        -3012.981    -3046.460       33.480  1011.8
0.4010        -3012.504    -3047.058       34.554  1044.2
0.4020        -3012.893    -3047.574       34.681  1048.1
0.4030        -3012.620    -3047.666       35.046  1059.1
0.4040        -3013.115    -3047.241       34.127  1031.3
0.4050        -3013.768    -3046.379       32.611   985.5
0.4060        -3014.338    -3045.342       31.004   936.9
0.4070        -3014.349    -3044.426       30.077   908.9
0.4080        -3014.164    -3043.951       29.787   900.2
0.4090        -3013.466    -3044.140       30.674   927.0
0.4100        -3013.795    -3044.916       31.122   940.5
0.4110        -3014.280    -3046.031       31.751   959.5
0.4120        -3014.167    -3047.205       33.038   998.4
0.4130        -3014.354    -3048.174       33.819  1022.0
0.4140        -3014.204    -3048.672       34.467  1041.6
0.4150        -3014.051    -3048.770       34.719  1049.2
0.4160        -3014.034    -3048.630       34.596  1045.5
0.4170        -3014.399    -3048.444       34.045  1028.8
0.4180        -3014.608    -3048.232       33.624  1016.1
0.4190        -3014.519    -3048.047       33.528  1013.2
0.4200        -3014.807    -3047.844       33.037   998.4
0.4210        -3015.164    -3047.671       32.507   982.4
0.4220        -3015.269    -3047.646       32.377   978.4
0.4230        -3015.205    -3047.626       32.421   979.8
0.4240        -3015.570    -3047.466       31.896   963.9
0.4250        -3015.663    -3047.176       31.512   952.3
0.4260        -3015.691    -3046.967       31.276   945.2
0.4270        -3015.933    -3046.925       30.993   936.6
0.4280        -3015.668    -3046.953       31.286   945.5
0.4290        -3016.451    -3047.075       30.624   925.5
0.4300        -3016.722    -3047.234       30.512   922.1
0.4310        -3016.397    -3047.365       30.968   935.9
0.4320        -3016.770    -3047.479       30.709   928.0
0.4330        -3017.200    -3047.633       30.432   919.7
0.4340        -3017.038    -3047.838       30.800   930.8
0.4350        -3016.765    -3047.981       31.216   943.4
0.4360        -3017.231    -3047.917       30.686   927.3
0.4370        -3017.022    -3047.728       30.706   927.9
0.4380        -3016.791    -3047.250       30.459   920.5
0.4390        -3016.712    -3046.581       29.869   902.7
0.4400        -3016.660    -3045.905       29.245   883.8
0.4410        -3016.452    -3045.495       29.043   877.7
0.4420        -3016.540    -3045.516       28.975   875.6
0.4430        -3016.808    -3046.024       29.216   882.9
0.4440        -3017.040    -3046.891       29.852   902.1
0.4450        -3016.530    -3047.927       31.397   948.8
0.4460        -3016.404    -3048.772       32.368   978.2
0.4470        -3016.701    -3049.219       32.518   982.7
0.4480        -3016.881    -3049.154       32.274   975.3
0.4490        -3016.940    -3048.668       31.728   958.8
0.4500        -3016.903    -3048.066       31.162   941.7
0.4510        -3016.970    -3047.536       30.565   923.7
0.4520        -3017.610    -3047.292       29.682   897.0
0.4530        -3018.052    -3047.487       29.435   889.5
0.4540        -3017.642    -3048.003       30.361   917.5
0.4550        -3017.684    -3048.630       30.946   935.2
0.4560        -3017.629    -3049.239       31.610   955.3
0.4570        -3017.608    -3049.596       31.988   966.7
0.4580        -3017.324    -3049.505       32.181   972.5
0.4590        -3017.033    -3048.856       31.824   961.7
0.4600        -3016.832    -3047.736       30.904   933.9
0.4610        -3016.697    -3046.416       29.719   898.1
0.4620        -3016.469    -3045.158       28.689   867.0
0.4630        -3016.729    -3044.466       27.737   838.2
0.4640        -3016.595    -3044.674       28.080   848.6
0.4650        -3016.742    -3045.764       29.022   877.1
0.4660        -3016.568    -3047.460       30.892   933.6
0.4670        -3016.112    -3049.217       33.105  1000.4
0.4680        -3015.679    -3050.456       34.777  1051.0
0.4690        -3015.659    -3050.741       35.082  1060.2
0.4700        -3015.425    -3050.039       34.614  1046.0
0.4710        -3016.021    -3048.732       32.711   988.5
0.4720        -3015.792    -3047.228       31.435   950.0
0.4730        -3015.853    -3046.052       30.199   912.6
0.4740        -3015.387    -3045.353       29.967   905.6
0.4750        -3015.451    -3045.232       29.780   900.0
0.4760        -3015.544    -3045.654       30.110   909.9
0.4770        -3015.648    -3046.344       30.696   927.6
0.4780        -3016.078    -3046.967       30.889   933.5
0.4790        -3015.888    -3047.233       31.344   947.2
0.4800        -3015.437    -3047.161       31.723   958.7
0.4810        -3015.474    -3046.907       31.433   949.9
0.4820        -3015.562    -3046.806       31.244   944.2
0.4830        -3015.302    -3047.126       31.824   961.7
0.4840        -3015.018    -3047.673       32.655   986.8
0.4850        -3015.007    -3048.275       33.268  1005.4
0.4860        -3015.131    -3048.630       33.500  1012.4
0.4870        -3015.260    -3048.425       33.166  1002.3
0.4880        -3015.534    -3047.722       32.189   972.7
0.4890        -3015.672    -3046.763       31.091   939.6
0.4900        -3015.995    -3045.868       29.874   902.8
0.4910        -3015.728    -3045.308       29.580   893.9
0.4920        -3015.744    -3045.037       29.293   885.2
0.4930        -3016.078    -3045.129       29.051   877.9
0.4940        -3016.348    -3045.554       29.206   882.6
0.4950        -3016.241    -3046.169       29.927   904.4
0.4960        -3016.338    -3046.835       30.497   921.6
0.4970        -3016.924    -3047.524       30.600   924.7
0.4980        -3016.896    -3048.198       31.302   945.9
0.4990        -3016.582    -3048.763       32.180   972.5
0.5000        -3016.320    -3049.147       32.827   992.0
0.5010        -3016.245    -3049.260       33.015   997.7
0.5020        -3016.324    -3049.140       32.816   991.7
0.5030        -3016.337    -3048.816       32.479   981.5
0.5040        -3016.448    -3048.305       31.857   962.7
0.5050        -3016.681    -3047.769       31.088   939.5
0.5060        -3016.226    -3047.449       31.223   943.6
0.5070        -3016.323    -3047.267       30.944   935.1
0.5080        -3016.534    -3047.316       30.781   930.2
0.5090        -3016.380    -3047.437       31.057   938.6
0.5100        -3015.980    -3047.513       31.533   952.9
0.5110        -3016.036    -3047.487       31.451   950.4
0.5120        -3016.167    -3047.370       31.204   943.0
0.5130        -3016.220    -3047.295       31.075   939.1
0.5140        -3016.568    -3047.231       30.664   926.7
0.5150        -3016.620    -3047.330       30.710   928.1
0.5160        -3016.754    -3047.597       30.843   932.1
0.5170        -3016.593    -3047.851       31.258   944.6
0.5180        -3016.747    -3048.216       31.468   951.0
0.5190        -3017.408    -3048.776       31.368   947.9
0.5200        -3017.287    -3049.319       32.032   968.0
0.5210        -3017.127    -3049.686       32.559   983.9
0.5220        -3017.366    -3049.664       32.298   976.0
0.5230        -3017.177    -3049.195       32.018   967.6
0.5240        -3016.931    -3048.312       31.381   948.3
0.5250        -3017.138    -3047.259       30.122   910.3
0.5260        -3017.263    -3046.411       29.147   880.8
0.5270        -3016.811    -3046.080       29.269   884.5
0.5280        -3017.128    -3046.268       29.140   880.6
0.5290        -3017.303    -3046.900       29.597   894.4
0.5300        -3016.891    -3047.816       30.925   934.6
0.5310        -3017.231    -3048.601       31.370   948.0
0.5320        -3018.070    -3049.094       31.023   937.5
0.5330        -3017.800    -3049.144       31.345   947.2
0.5340        -3017.367    -3048.932       31.565   953.9
0.5350        -3017.240    -3048.595       31.356   947.6
0.5360        -3016.824    -3048.158       31.333   946.9
0.5370        -3017.302    -3047.837       30.536   922.8
0.5380        -3017.236    -3047.762       30.526   922.5
0.5390        -3016.965    -3047.981       31.015   937.3
0.5400        -3016.871    -3048.398       31.526   952.7
0.5410        -3017.063    -3048.930       31.867   963.0
0.5420        -3016.971    -3049.419       32.448   980.6
0.5430        -3017.051    -3049.707       32.656   986.9
0.5440        -3017.469    -3049.718       32.249   974.6
0.5450        -3017.722    -3049.561       31.838   962.2
0.5460        -3017.743    -3049.356       31.613   955.3
0.5470        -3018.133    -3049.324       31.191   942.6
0.5480        -3018.059    -3049.642       31.583   954.5
0.5490        -3017.600    -3050.103       32.503   982.2
0.5500        -3017.635    -3050.438       32.803   991.3
0.5510        -3018.573    -3050.363       31.790   960.7
0.5520        -3018.599    -3049.779       31.180   942.3
0.5530        -3018.368    -3048.700       30.332   916.6
0.5540        -3018.274    -3047.415       29.141   880.6
0.5550        -3018.015    -3046.254       28.239   853.4
0.5560        -3017.989    -3045.472       27.483   830.5
0.5570        -3018.328    -3045.399       27.071   818.1
0.5580        -3017.678    -3046.217       28.539   862.4
0.5590        -3017.737    -3047.610       29.873   902.8
0.5600        -3016.922    -3049.118       32.197   973.0
0.5610        -3016.567    -3050.303       33.736  1019.5
0.5620        -3016.381    -3050.707       34.326  1037.3
0.5630        -3016.232    -3050.202       33.969  1026.6
0.5640        -3015.879    -3048.966       33.087   999.9
0.5650        -3016.102    -3047.337       31.235   943.9
0.5660        -3016.897    -3045.838       28.941   874.6
0.5670        -3016.693    -3044.836       28.142   850.5
0.5680        -3016.508    -3044.580       28.072   848.3
0.5690        -3016.400    -3044.982       28.582   863.8
0.5700        -3016.060    -3045.794       29.734   898.6
0.5710        -3015.891    -3046.806       30.915   934.3
0.5720        -3015.728    -3047.653       31.925   964.8
0.5730        -3015.985    -3048.203       32.218   973.6
0.5740        -3016.154    -3048.262       32.107   970.3
0.5750        -3016.080    -3047.880       31.800   961.0
0.5760        -3016.359    -3047.166       30.807   931.0
0.5770        -3016.932    -3046.438       29.506   891.7
0.5780        -3016.485    -3046.105       29.620   895.1
0.5790        -3016.289    -3046.309       30.021   907.2
0.5800        -3015.965    -3047.044       31.079   939.2
0.5810        -3016.198    -3048.115       31.917   964.5
0.5820        -3016.341    -3049.228       32.887   993.9
0.5830        -3016.313    -3050.227       33.914  1024.9
0.5840        -3016.676    -3050.725       34.049  1029.0
0.5850        -3016.440    -3050.674       34.234  1034.5
0.5860        -3016.890    -3050.210       33.320  1006.9
0.5870        -3016.429    -3049.520       33.091  1000.0
0.5880        -3016.476    -3048.855       32.379   978.5
0.5890        -3016.458    -3048.426       31.968   966.1
0.5900        -3016.418    -3048.262       31.845   962.3
0.5910        -3016.532    -3048.273       31.740   959.2
0.5920        -3016.264    -3048.383       32.120   970.7
0.5930        -3016.460    -3048.432       31.971   966.2
0.5940        -3016.747    -3048.367       31.620   955.6
0.5950        -3016.885    -3048.141       31.255   944.5
0.5960        -3017.050    -3047.886       30.835   931.8
0.5970        -3017.344    -3047.547       30.203   912.7
0.5980        -3017.716    -3047.341       29.625   895.3
0.5990        -3017.633    -3047.324       29.692   897.3
0.6000        -3017.296    -3047.616       30.320   916.3
0.6010        -3017.320    -3048.138       30.819   931.3
0.6020        -3017.227    -3048.780       31.553   953.5
0.6030        -3016.965    -3049.315       32.349   977.6
0.6040        -3016.630    -3049.600       32.970   996.3
0.6050        -3016.094    -3049.674       33.580  1014.8
0.6060        -3015.857    -3049.447       33.590  1015.1
0.6070        -3015.654    -3049.074       33.420  1010.0
0.6080        -3015.985    -3048.699       32.714   988.6
0.6090        -3016.146    -3048.411       32.265   975.0
0.6100        -3016.176    -3048.320       32.143   971.4
0.6110        -3016.122    -3048.417       32.294   975.9
0.6120        -3016.506    -3048.653       32.147   971.5
0.6130        -3015.925    -3048.861       32.936   995.3
0.6140        -3015.941    -3049.049       33.108  1000.5
0.6150        -3015.964    -3049.030       33.065   999.2
0.6160        -3016.120    -3048.702       32.582   984.6
0.6170        -3015.867    -3048.076       32.209   973.3
0.6180        -3015.861    -3047.376       31.515   952.4
0.6190        -3015.581    -3046.745       31.164   941.8
0.6200        -3015.879    -3046.324       30.445   920.1
0.6210        -3016.280    -3046.172       29.892   903.3
0.6220        -3015.810    -3046.432       30.622   925.4
0.6230        -3016.087    -3046.709       30.622   925.4
0.6240        -3015.653    -3047.011       31.358   947.6
0.6250        -3015.196    -3047.275       32.079   969.4
0.6260        -3014.914    -3047.414       32.500   982.2
0.6270        -3015.448    -3047.364       31.916   964.5
0.6280        -3015.416    -3046.996       31.580   954.4
0.6290        -3015.414    -3046.237       30.823   931.5
0.6300        -3015.018    -3045.315       30.296   915.6
0.6310        -3014.510    -3044.484       29.973   905.8
0.6320        -3014.452    -3043.899       29.447   889.9
0.6330        -3014.356    -3043.754       29.399   888.4
0.6340        -3014.419    -3043.996       29.576   893.8
0.6350        -3014.046    -3044.486       30.440   919.9
0.6360        -3014.580    -3045.259       30.679   927.1
0.6370        -3013.722    -3046.157       32.435   980.2
0.6380        -3013.485    -3047.123       33.638  1016.5
0.6390        -3013.864    -3047.899       34.035  1028.5
0.6400        -3013.888    -3048.240       34.352  1038.1
0.6410        -3013.609    -3048.082       34.472  1041.8
0.6420        -3013.711    -3047.556       33.845  1022.8
0.6430        -3013.703    -3046.949       33.247  1004.7
0.6440        -3013.363    -3046.467       33.104  1000.4
0.6450        -3013.814    -3046.149       32.336   977.2
0.6460        -3014.318    -3046.130       31.813   961.4
0.6470        -3014.434    -3046.472       32.037   968.2
0.6480        -3014.513    -3047.053       32.540   983.3
0.6490        -3014.199    -3047.753       33.553  1014.0
0.6500        -3013.744    -3048.156       34.411  1039.9
0.6510        -3013.419    -3048.109       34.690  1048.3
0.6520        -3013.198    -3047.464       34.266  1035.5
0.6530        -3012.689    -3046.479       33.789  1021.1
0.6540        -3012.963    -3045.587       32.623   985.9
0.6550        -3012.897    -3045.077       32.180   972.5
0.6560        -3013.154    -3045.044       31.890   963.7
0.6570        -3013.091    -3045.398       32.308   976.3
0.6580        -3013.097    -3045.956       32.860   993.0
0.6590        -3013.324    -3046.490       33.165  1002.3
0.6600        -3012.836    -3046.901       34.065  1029.5
0.6610        -3012.563    -3047.076       34.514  1043.0
0.6620        -3012.988    -3046.849       33.860  1023.3
0.6630        -3012.978    -3046.408       33.430  1010.3
0.6640        -3013.243    -3045.901       32.659   987.0
0.6650        -3012.939    -3045.523       32.584   984.7
0.6660        -3013.259    -3045.345       32.086   969.7
0.6670        -3013.924    -3045.348       31.424   949.6
0.6680        -3014.588    -3045.506       30.918   934.3
0.6690        -3013.799    -3045.847       32.048   968.5
0.6700        -3013.821    -3046.263       32.443   980.4
0.6710        -3013.526    -3046.650       33.124  1001.0
0.6720        -3013.232    -3046.972       33.740  1019.6
0.6730        -3013.380    -3047.166       33.786  1021.0
0.6740        -3013.540    -3047.259       33.719  1019.0
0.6750        -3013.545    -3047.264       33.719  1019.0
0.6760        -3013.387    -3047.146       33.759  1020.2
0.6770        -3013.548    -3047.051       33.503  1012.5
0.6780        -3012.936    -3046.931       33.995  1027.3
0.6790        -3012.975    -3046.956       33.982  1026.9
0.6800        -3012.681    -3046.947       34.266  1035.5
0.6810        -3012.616    -3046.854       34.239  1034.7
0.6820        -3013.079    -3046.704       33.625  1016.2
0.6830        -3013.645    -3046.524       32.879   993.6
0.6840        -3013.756    -3046.286       32.530   983.1
0.6850        -3014.125    -3046.087       31.962   965.9
0.6860        -3013.868    -3046.032       32.164   972.0
0.6870        -3013.662    -3046.069       32.407   979.3
0.6880        -3014.254    -3046.178       31.924   964.7
0.6890        -3014.560    -3046.218       31.658   956.7
0.6900        -3014.393    -3046.208       31.815   961.5
0.6910        -3014.036    -3046.166       32.130   971.0
0.6920        -3013.844    -3046.170       32.326   976.9
0.6930        -3013.822    -3046.274       32.452   980.7
0.6940        -3014.039    -3046.476       32.437   980.2
0.6950        -3013.474    -3046.629       33.154  1001.9
0.6960        -3013.459    -3046.602       33.144  1001.6
0.6970        -3013.391    -3046.355       32.964   996.2
0.6980        -3013.467    -3045.896       32.430   980.0
0.6990        -3012.868    -3045.274       32.406   979.3
0.7000        -3013.315    -3044.570       31.255   944.5
0.7010        -3013.514    -3044.121       30.607   925.0
0.7020        -3013.351    -3043.912       30.561   923.6
0.7030        -3012.790    -3044.058       31.268   944.9
0.7040        -3012.859    -3044.447       31.587   954.6
0.7050        -3012.331    -3044.983       32.652   986.7
0.7060        -3012.479    -3045.583       33.104  1000.4
0.7070        -3012.991    -3046.136       33.145  1001.7
0.7080        -3012.848    -3046.707       33.860  1023.2
0.7090        -3012.558    -3047.135       34.578  1044.9
0.7100        -3012.414    -3047.331       34.917  1055.2
0.7110        -3012.230    -3047.399       35.169  1062.8
0.7120        -3012.074    -3047.206       35.132  1061.7
0.7130        -3012.201    -3046.621       34.420  1040.2
0.7140        -3012.209    -3045.733       33.524  1013.1
0.7150        -3012.200    -3044.901       32.700   988.2
0.7160        -3012.085    -3044.359       32.274   975.3
0.7170        -3012.466    -3044.258       31.792   960.8
0.7180        -3012.736    -3044.529       31.793   960.8
0.7190        -3012.417    -3044.922       32.505   982.3
0.7200        -3012.402    -3045.379       32.977   996.6
0.7210        -3012.635    -3045.779       33.144  1001.6
0.7220        -3013.003    -3045.968       32.965   996.2
0.7230        -3013.105    -3045.899       32.794   991.1
0.7240        -3012.521    -3045.509       32.988   996.9
0.7250        -3012.219    -3044.815       32.596   985.1
0.7260        -3012.195    -3044.094       31.900   964.0
0.7270        -3012.563    -3043.585       31.022   937.5
0.7280        -3012.292    -3043.524       31.232   943.8
0.7290        -3012.513    -3044.013       31.500   951.9
0.7300        -3012.085    -3044.973       32.888   993.9
0.7310        -3012.590    -3046.184       33.594  1015.2
0.7320        -3013.100    -3047.150       34.050  1029.0
0.7330        -3013.111    -3047.778       34.667  1047.6
0.7340        -3013.264    -3047.896       34.632  1046.6
0.7350        -3014.013    -3047.466       33.453  1010.9
0.7360        -3013.808    -3046.756       32.948   995.7
0.7370        -3013.838    -3046.027       32.188   972.7
0.7380        -3013.962    -3045.545       31.583   954.4
0.7390        -3013.477    -3045.455       31.978   966.4
0.7400        -3013.687    -3045.755       32.068   969.1
0.7410        -3013.775    -3046.110       32.335   977.2
0.7420        -3013.729    -3046.268       32.538   983.3
0.7430        -3013.708    -3046.197       32.489   981.8
0.7440        -3013.863    -3046.083       32.220   973.7
0.7450        -3013.162    -3045.972       32.810   991.5
0.7460        -3013.259    -3045.983       32.724   988.9
0.7470        -3013.174    -3046.108       32.934   995.3
0.7480        -3012.558    -3046.181       33.623  1016.1
0.7490        -3012.469    -3046.131       33.662  1017.3
0.7500        -3012.068    -3045.963       33.895  1024.3
0.7510        -3012.104    -3045.805       33.701  1018.5
0.7520        -3011.805    -3045.691       33.886  1024.0
0.7530        -3011.630    -3045.687       34.058  1029.2
0.7540        -3011.758    -3045.592       33.834  1022.5
0.7550        -3012.202    -3045.376       33.174  1002.5
0.7560        -3012.248    -3045.075       32.827   992.0
0.7570        -3012.033    -3044.872       32.839   992.4
0.7580        -3012.030    -3044.800       32.770   990.3
0.7590        -3011.824    -3044.958       33.134  1001.3
0.7600        -3011.774    -3045.407       33.633  1016.4
0.7610        -3011.932    -3046.000       34.069  1029.6
0.7620        -3012.162    -3046.510       34.349  1038.0
0.7630        -3012.066    -3046.608       34.543  1043.9
0.7640        -3012.304    -3046.205       33.901  1024.5
0.7650        -3012.247    -3045.368       33.121  1000.9
0.7660        -3011.842    -3044.378       32.536   983.2
0.7670        -3012.032    -3043.596       31.564   953.9
0.7680        -3012.032    -3043.191       31.158   941.6
0.7690        -3011.873    -3043.166       31.294   945.7
0.7700        -3012.234    -3043.531       31.297   945.8
0.7710        -3012.106    -3044.191       32.085   969.6
0.7720        -3012.432    -3045.052       32.620   985.8
0.7730        -3012.063    -3045.968       33.905  1024.6
0.7740        -3012.343    -3046.638       34.295  1036.4
0.7750        -3012.236    -3046.942       34.705  1048.8
0.7760        -3011.879    -3046.846       34.967  1056.7
0.7770        -3012.095    -3046.621       34.525  1043.4
0.7780        -3012.740    -3046.494       33.754  1020.0
0.7790        -3012.876    -3046.620       33.744  1019.8
0.7800        -3012.019    -3047.018       34.999  1057.7
0.7810        -3011.447    -3047.455       36.008  1088.2
0.7820        -3011.453    -3047.691       36.238  1095.1
0.7830        -3011.352    -3047.546       36.194  1093.8
0.7840        -3012.246    -3047.028       34.781  1051.1
0.7850        -3011.869    -3046.264       34.396  1039.4
0.7860        -3011.905    -3045.427       33.522  1013.1
0.7870        -3011.687    -3044.805       33.118  1000.8
0.7880        -3011.473    -3044.567       33.094  1000.1
0.7890        -3011.373    -3044.554       33.181  1002.7
0.7900        -3011.012    -3044.756       33.744  1019.8
0.7910        -3011.077    -3045.088       34.010  1027.8
0.7920        -3011.018    -3045.301       34.283  1036.0
0.7930        -3011.032    -3045.286       34.254  1035.2
0.7940        -3010.775    -3044.937       34.162  1032.4
0.7950        -3010.427    -3044.262       33.834  1022.5
0.7960        -3010.186    -3043.445       33.259  1005.1
0.7970        -3010.325    -3042.939       32.615   985.6
0.7980        -3009.826    -3042.823       32.997   997.2
0.7990        -3009.627    -3042.946       33.319  1006.9
0.8000        -3009.718    -3043.254       33.536  1013.5
0.8010        -3010.139    -3043.639       33.500  1012.4
0.8020        -3009.958    -3043.920       33.962  1026.3
0.8030        -3010.272    -3044.034       33.763  1020.3
0.8040        -3010.718    -3043.894       33.177  1002.6
0.8050        -3011.107    -3043.633       32.526   982.9
0.8060        -3011.815    -3043.568       31.752   959.6
0.8070        -3012.045    -3043.967       31.921   964.7
0.8080        -3011.904    -3044.674       32.769   990.3
0.8090        -3011.644    -3045.276       33.631  1016.3
0.8100        -3011.933    -3045.660       33.727  1019.2
0.8110        -3011.793    -3045.699       33.906  1024.6
0.8120        -3011.426    -3045.455       34.029  1028.4
0.8130        -3011.713    -3045.203       33.490  1012.1
0.8140        -3011.693    -3044.961       33.268  1005.4
0.8150        -3011.250    -3044.761       33.511  1012.7
0.8160        -3010.785    -3044.614       33.829  1022.3
0.8170        -3010.768    -3044.449       33.681  1017.9
0.8180        -3010.894    -3044.293       33.399  1009.3
0.8190        -3010.983    -3044.396       33.413  1009.7
0.8200        -3011.100    -3044.619       33.519  1012.9
0.8210        -3010.980    -3044.988       34.008  1027.7
0.8220        -3010.887    -3045.565       34.678  1048.0
0.8230        -3011.633    -3046.251       34.618  1046.2
0.8240        -3012.014    -3047.008       34.994  1057.5
0.8250        -3011.745    -3047.606       35.862  1083.7
0.8260        -3011.647    -3048.044       36.397  1099.9
0.8270        -3011.496    -3048.263       36.767  1111.1
0.8280        -3011.223    -3048.060       36.838  1113.2
0.8290        -3011.164    -3047.445       36.281  1096.4
0.8300        -3011.454    -3046.411       34.957  1056.4
0.8310        -3011.319    -3045.170       33.851  1023.0
0.8320        -3011.182    -3044.007       32.825   992.0
0.8330        -3011.132    -3043.158       32.026   967.8
0.8340        -3011.238    -3042.711       31.473   951.1
0.8350        -3011.503    -3042.677       31.175   942.1
0.8360        -3012.007    -3042.897       30.889   933.5
0.8370        -3011.679    -3043.254       31.575   954.2
0.8380        -3011.742    -3043.670       31.928   964.9
0.8390        -3012.061    -3044.085       32.024   967.8
0.8400        -3012.409    -3044.504       32.095   969.9
0.8410        -3012.139    -3044.921       32.781   990.7
0.8420        -3012.111    -3045.390       33.279  1005.7
0.8430        -3012.201    -3045.723       33.523  1013.1
0.8440        -3012.339    -3045.969       33.630  1016.3
0.8450        -3012.252    -3046.101       33.849  1022.9
0.8460        -3012.680    -3046.187       33.508  1012.6
0.8470        -3012.745    -3046.247       33.502  1012.4
0.8480        -3012.551    -3046.244       33.693  1018.2
0.8490        -3012.734    -3046.182       33.448  1010.8
0.8500        -3012.532    -3046.019       33.487  1012.0
0.8510        -3012.522    -3045.835       33.313  1006.7
0.8520        -3012.387    -3045.527       33.140  1001.5
0.8530        -3012.699    -3045.161       32.462   981.0
0.8540        -3013.040    -3044.830       31.790   960.7
0.8550        -3012.762    -3044.672       31.910   964.3
0.8560        -3012.636    -3044.700       32.065   969.0
0.8570        -3012.755    -3044.770       32.015   967.5
0.8580        -3012.648    -3044.869       32.221   973.7
0.8590        -3012.642    -3044.951       32.309   976.4
0.8600        -3012.486    -3045.167       32.681   987.6
0.8610        -3012.657    -3045.651       32.994   997.1
0.8620        -3012.718    -3046.390       33.672  1017.6
0.8630        -3012.936    -3047.323       34.388  1039.2
0.8640        -3013.205    -3048.165       34.960  1056.5
0.8650        -3012.914    -3048.576       35.662  1077.7
0.8660        -3013.200    -3048.408       35.208  1064.0
0.8670        -3012.725    -3047.599       34.874  1053.9
0.8680        -3013.312    -3046.422       33.110  1000.6
0.8690        -3013.353    -3045.303       31.949   965.5
0.8700        -3013.911    -3044.556       30.646   926.1
0.8710        -3013.837    -3044.422       30.585   924.3
0.8720        -3013.261    -3044.799       31.539   953.1
0.8730        -3013.180    -3045.462       32.282   975.6
0.8740        -3012.517    -3045.981       33.463  1011.3
0.8750        -3012.056    -3046.105       34.048  1028.9
0.8760        -3011.842    -3045.802       33.960  1026.3
0.8770        -3012.325    -3045.281       32.956   995.9
0.8780        -3012.271    -3044.975       32.704   988.3
0.8790        -3011.694    -3045.067       33.372  1008.5
0.8800        -3011.604    -3045.461       33.857  1023.2
0.8810        -3011.797    -3045.953       34.156  1032.2
0.8820        -3012.025    -3046.359       34.334  1037.6
0.8830        -3012.191    -3046.520       34.329  1037.4
0.8840        -3011.677    -3046.537       34.860  1053.5
0.8850        -3010.908    -3046.522       35.614  1076.3
0.8860        -3010.944    -3046.533       35.590  1075.5
0.8870        -3010.470    -3046.608       36.138  1092.1
0.8880        -3010.688    -3046.624       35.936  1086.0
0.8890        -3010.030    -3046.428       36.398  1099.9
0.8900        -3009.929    -3045.784       35.855  1083.5
0.8910        -3009.983    -3044.946       34.963  1056.6
0.8920        -3010.257    -3044.016       33.759  1020.2
0.8930        -3010.299    -3043.203       32.903   994.3
0.8940        -3010.708    -3042.580       31.872   963.2
0.8950        -3010.911    -3042.203       31.292   945.6
0.8960        -3011.424    -3042.072       30.647   926.2
0.8970        -3011.654    -3042.170       30.515   922.2
0.8980        -3011.716    -3042.516       30.800   930.8
0.8990        -3011.847    -3042.938       31.092   939.6
0.9000        -3011.466    -3043.559       32.092   969.8
0.9010        -3011.640    -3044.284       32.644   986.5
0.9020        -3011.609    -3045.093       33.484  1011.9
0.9030        -3011.605    -3045.812       34.207  1033.7
0.9040        -3012.100    -3046.276       34.175  1032.8
0.9050        -3012.590    -3046.560       33.969  1026.6
0.9060        -3012.906    -3046.684       33.778  1020.8
0.9070        -3012.594    -3046.664       34.070  1029.6
0.9080        -3011.775    -3046.639       34.864  1053.6
0.9090        -3011.935    -3046.675       34.741  1049.9
0.9100        -3011.980    -3046.664       34.684  1048.1
0.9110        -3011.960    -3046.360       34.400  1039.6
0.9120        -3012.125    -3045.767       33.642  1016.7
0.9130        -3011.982    -3044.951       32.969   996.3
0.9140        -3011.692    -3044.208       32.516   982.7
0.9150        -3011.391    -3043.769       32.377   978.5
0.9160        -3011.634    -3043.849       32.215   973.5
0.9170        -3011.751    -3044.572       32.821   991.9
0.9180        -3012.214    -3045.661       33.447  1010.8
0.9190        -3012.478    -3046.749       34.271  1035.7
0.9200        -3012.947    -3047.532       34.585  1045.2
0.9210        -3012.661    -3047.871       35.210  1064.1
0.9220        -3012.478    -3047.693       35.215  1064.2
0.9230        -3012.716    -3047.072       34.356  1038.3
0.9240        -3012.709    -3046.334       33.626  1016.2
0.9250        -3012.524    -3045.691       33.166  1002.3
0.9260        -3012.665    -3045.293       32.628   986.0
0.9270        -3012.870    -3045.213       32.344   977.4
0.9280        -3013.068    -3045.442       32.374   978.3
0.9290        -3013.211    -3045.816       32.605   985.3
0.9300        -3012.445    -3046.235       33.790  1021.1
0.9310        -3012.502    -3046.416       33.915  1024.9
0.9320        -3012.816    -3046.201       33.384  1008.9
0.9330        -3013.359    -3045.713       32.354   977.7
0.9340        -3013.224    -3045.145       31.921   964.7
0.9350        -3013.348    -3044.682       31.334   946.9
0.9360        -3013.993    -3044.385       30.392   918.5
0.9370        -3013.317    -3044.365       31.048   938.3
0.9380        -3012.801    -3044.503       31.702   958.0
0.9390        -3012.299    -3044.773       32.474   981.4
0.9400        -3012.504    -3045.072       32.568   984.2
0.9410        -3012.657    -3045.266       32.609   985.5
0.9420        -3012.976    -3045.352       32.377   978.4
0.9430        -3012.933    -3045.319       32.386   978.7
0.9440        -3012.885    -3045.273       32.388   978.8
0.9450        -3012.916    -3045.214       32.298   976.0
0.9460        -3012.594    -3045.244       32.650   986.7
0.9470        -3013.141    -3045.343       32.202   973.2
0.9480        -3013.415    -3045.640       32.224   973.8
0.9490        -3012.969    -3046.054       33.085   999.8
0.9500        -3012.477    -3046.388       33.912  1024.8
0.9510        -3012.566    -3046.424       33.858  1023.2
0.9520        -3012.208    -3046.041       33.833  1022.4
0.9530        -3012.110    -3045.160       33.050   998.8
0.9540        -3012.419    -3044.136       31.717   958.5
0.9550        -3012.459    -3043.280       30.820   931.4
0.9560        -3012.080    -3042.806       30.726   928.6
0.9570        -3012.001    -3042.870       30.868   932.8
0.9580        -3011.249    -3043.435       32.186   972.7
0.9590        -3010.809    -3044.290       33.480  1011.8
0.9600        -3010.887    -3045.202       34.315  1037.0
0.9610        -3010.474    -3046.026       35.552  1074.4
0.9620        -3010.553    -3046.653       36.099  1090.9
0.9630        -3009.969    -3047.131       37.162  1123.0
0.9640        -3010.468    -3047.440       36.972  1117.3
0.9650        -3010.239    -3047.619       37.380  1129.6
0.9660        -3010.604    -3047.531       36.927  1115.9
0.9670        -3011.031    -3046.985       35.953  1086.5
0.9680        -3011.245    -3046.117       34.871  1053.8
0.9690        -3010.967    -3045.127       34.160  1032.3
0.9700        -3010.951    -3044.369       33.419  1009.9
0.9710        -3010.851    -3044.056       33.205  1003.5
0.9720        -3010.566    -3044.155       33.589  1015.1
0.9730        -3011.075    -3044.490       33.415  1009.8
0.9740        -3011.697    -3044.931       33.233  1004.3
0.9750        -3011.574    -3045.448       33.874  1023.7
0.9760        -3011.725    -3045.758       34.033  1028.5
0.9770        -3011.983    -3045.824       33.842  1022.7
0.9780        -3012.205    -3045.619       33.414  1009.8
0.9790        -3012.318    -3045.288       32.970   996.4
0.9800        -3012.364    -3044.950       32.586   984.8
0.9810        -3012.977    -3044.572       31.594   954.8
0.9820        -3013.292    -3044.247       30.955   935.5
0.9830        -3013.791    -3044.015       30.225   913.4
0.9840        -3014.017    -3043.916       29.899   903.6
0.9850        -3013.815    -3044.022       30.207   912.9
0.9860        -3014.293    -3044.318       30.025   907.4
0.9870        -3013.932    -3044.768       30.836   931.9
0.9880        -3014.050    -3045.348       31.299   945.9
0.9890        -3013.930    -3045.808       31.878   963.4
0.9900        -3013.914    -3046.040       32.126   970.9
0.9910        -3013.532    -3046.215       32.683   987.7
0.9920        -3013.640    -3046.339       32.699   988.2
0.9930        -3014.262    -3046.427       32.165   972.0
0.9940        -3014.313    -3046.531       32.218   973.6
0.9950        -3014.318    -3046.646       32.329   977.0
0.9960        -3014.345    -3046.793       32.448   980.6
0.9970        -3014.371    -3046.937       32.566   984.1
0.9980        -3014.448    -3046.959       32.511   982.5
0.9990        -3014.406    -3046.981       32.575   984.4
1.0000        -3014.119    -3047.040       32.921   994.9
