Time[ps]      Etot[eV]     Epot[eV]     Ekin[eV]    T[K]
0.0000        -3047.326    -3067.566       20.240   611.7
0.0010        -3047.249    -3067.015       19.765   597.3
0.0020        -3047.448    -3065.712       18.264   551.9
0.0030        -3047.271    -3064.034       16.763   506.6
0.0040        -3047.385    -3062.518       15.133   457.3
0.0050        -3046.982    -3061.571       14.590   440.9
0.0060        -3046.847    -3061.499       14.652   442.8
0.0070        -3047.076    -3062.170       15.093   456.1
0.0080        -3047.036    -3063.370       16.334   493.6
0.0090        -3046.821    -3064.625       17.804   538.1
0.0100        -3046.809    -3065.514       18.706   565.3
0.0110        -3046.933    -3065.851       18.918   571.7
0.0120        -3046.893    -3065.615       18.722   565.8
0.0130        -3047.020    -3064.937       17.917   541.5
0.0140        -3047.292    -3064.057       16.765   506.6
0.0150        -3047.089    -3063.338       16.249   491.1
0.0160        -3047.249    -3062.937       15.687   474.1
0.0170        -3047.045    -3062.910       15.865   479.4
0.0180        -3046.718    -3063.304       16.586   501.2
0.0190        -3046.659    -3063.889       17.229   520.7
0.0200        -3046.577    -3064.394       17.817   538.4
0.0210        -3046.473    -3064.525       18.052   545.5
0.0220        -3046.479    -3064.093       17.614   532.3
0.0230        -3046.179    -3063.141       16.962   512.6
0.0240        -3046.221    -3061.966       15.745   475.8
0.0250        -3046.274    -3060.875       14.601   441.2
0.0260        -3045.942    -3060.082       14.140   427.3
0.0270        -3045.870    -3059.679       13.809   417.3
0.0280        -3046.034    -3059.669       13.635   412.0
0.0290        -3045.963    -3059.945       13.982   422.5
0.0300        -3045.840    -3060.376       14.537   439.3
0.0310        -3045.640    -3060.854       15.214   459.8
0.0320        -3045.441    -3061.193       15.752   476.0
0.0330        -3045.418    -3061.351       15.933   481.5
0.0340        -3045.193    -3061.369       16.176   488.8
0.0350        -3045.256    -3061.381       16.125   487.3
0.0360        -3045.108    -3061.484       16.376   494.9
0.0370        -3045.000    -3061.849       16.849   509.2
0.0380        -3044.665    -3062.546       17.880   540.3
0.0390        -3045.033    -3063.538       18.505   559.2
0.0400        -3045.248    -3064.628       19.380   585.7
0.0410        -3044.877    -3065.614       20.737   626.7
0.0420        -3044.939    -3066.266       21.327   644.5
0.0430        -3044.801    -3066.379       21.578   652.1
0.0440        -3045.133    -3065.974       20.841   629.8
0.0450        -3045.281    -3065.204       19.923   602.1
0.0460        -3045.212    -3064.235       19.023   574.9
0.0470        -3045.093    -3063.247       18.154   548.6
0.0480        -3044.932    -3062.342       17.410   526.1
0.0490        -3044.733    -3061.665       16.932   511.7
0.0500        -3044.431    -3061.172       16.741   505.9
0.0510        -3044.230    -3060.855       16.625   502.4
0.0520        -3044.097    -3060.594       16.497   498.5
0.0530        -3043.825    -3060.391       16.567   500.6
0.0540        -3043.876    -3060.206       16.330   493.5
0.0550        -3043.836    -3059.986       16.149   488.0
0.0560        -3043.777    -3059.734       15.957   482.2
0.0570        -3043.692    -3059.461       15.768   476.5
0.0580        -3043.523    -3059.278       15.755   476.1
0.0590        -3043.100    -3059.322       16.222   490.2
0.0600        -3042.935    -3059.551       16.616   502.1
0.0610        -3042.788    -3060.005       17.217   520.3
0.0620        -3042.959    -3060.596       17.638   533.0
0.0630        -3042.802    -3061.142       18.341   554.3
0.0640        -3042.674    -3061.524       18.850   569.6
0.0650        -3042.931    -3061.683       18.753   566.7
0.0660        -3042.874    -3061.632       18.759   566.9
0.0670        -3042.525    -3061.421       18.896   571.0
0.0680        -3042.447    -3061.101       18.654   563.7
0.0690        -3042.451    -3060.780       18.329   553.9
0.0700        -3042.791    -3060.656       17.865   539.9
0.0710        -3042.706    -3060.861       18.156   548.7
0.0720        -3042.706    -3061.311       18.605   562.2
0.0730        -3042.590    -3061.932       19.342   584.5
0.0740        -3042.451    -3062.576       20.124   608.2
0.0750        -3042.140    -3062.991       20.851   630.1
0.0760        -3042.020    -3062.979       20.960   633.4
0.0770        -3042.209    -3062.548       20.339   614.7
0.0780        -3041.866    -3061.729       19.863   600.3
0.0790        -3041.812    -3060.794       18.982   573.7
0.0800        -3041.973    -3059.904       17.931   541.9
0.0810        -3041.861    -3059.236       17.376   525.1
0.0820        -3042.182    -3058.830       16.648   503.1
0.0830        -3042.426    -3058.734       16.307   492.8
0.0840        -3042.435    -3058.845       16.410   495.9
0.0850        -3042.519    -3059.024       16.505   498.8
0.0860        -3042.475    -3059.232       16.757   506.4
0.0870        -3042.412    -3059.506       17.094   516.6
0.0880        -3042.377    -3059.815       17.438   527.0
0.0890        -3042.383    -3060.160       17.777   537.2
0.0900        -3042.523    -3060.486       17.962   542.8
0.0910        -3042.500    -3060.816       18.316   553.5
0.0920        -3042.509    -3061.115       18.606   562.3
0.0930        -3042.396    -3061.423       19.028   575.0
0.0940        -3042.356    -3061.707       19.351   584.8
0.0950        -3042.128    -3061.933       19.805   598.5
0.0960        -3042.060    -3062.015       19.954   603.0
0.0970        -3041.627    -3061.784       20.157   609.1
0.0980        -3041.817    -3061.240       19.423   587.0
0.0990        -3041.968    -3060.606       18.637   563.2
0.1000        -3041.864    -3060.138       18.274   552.2
0.1010        -3042.003    -3059.951       17.947   542.4
0.1020        -3042.032    -3060.091       18.059   545.7
0.1030        -3041.726    -3060.530       18.803   568.2
0.1040        -3041.670    -3061.053       19.383   585.8
0.1050        -3042.025    -3061.498       19.473   588.5
0.1060        -3042.133    -3061.773       19.639   593.5
0.1070        -3042.165    -3061.816       19.651   593.9
0.1080        -3042.271    -3061.702       19.431   587.2
0.1090        -3042.001    -3061.498       19.496   589.2
0.1100        -3041.631    -3061.285       19.654   593.9
0.1110        -3041.494    -3061.104       19.610   592.6
0.1120        -3041.556    -3060.923       19.367   585.3
0.1130        -3041.718    -3060.716       18.998   574.1
0.1140        -3041.687    -3060.470       18.782   567.6
0.1150        -3041.768    -3060.096       18.328   553.9
0.1160        -3041.465    -3059.616       18.152   548.5
0.1170        -3041.315    -3059.078       17.763   536.8
0.1180        -3041.343    -3058.687       17.344   524.1
0.1190        -3041.156    -3058.658       17.502   528.9
0.1200        -3041.208    -3058.928       17.720   535.5
0.1210        -3041.007    -3059.327       18.320   553.6
0.1220        -3040.900    -3059.686       18.785   567.7
0.1230        -3040.789    -3059.853       19.065   576.1
0.1240        -3040.943    -3059.884       18.941   572.4
0.1250        -3040.971    -3059.899       18.929   572.0
0.1260        -3041.119    -3059.978       18.859   569.9
0.1270        -3041.117    -3060.285       19.167   579.2
0.1280        -3041.178    -3060.750       19.572   591.5
0.1290        -3041.498    -3061.302       19.804   598.5
0.1300        -3041.492    -3061.807       20.315   613.9
0.1310        -3041.607    -3062.032       20.425   617.2
0.1320        -3042.044    -3062.016       19.971   603.5
0.1330        -3042.084    -3061.699       19.615   592.8
0.1340        -3042.044    -3061.237       19.193   580.0
0.1350        -3041.947    -3060.736       18.789   567.8
0.1360        -3042.186    -3060.385       18.199   550.0
0.1370        -3042.004    -3060.327       18.323   553.7
0.1380        -3042.217    -3060.545       18.329   553.9
0.1390        -3042.201    -3060.840       18.639   563.3
0.1400        -3042.070    -3061.092       19.022   574.8
0.1410        -3042.071    -3061.199       19.128   578.1
0.1420        -3042.018    -3061.212       19.194   580.0
0.1430        -3042.235    -3061.148       18.913   571.6
0.1440        -3042.342    -3061.003       18.660   563.9
0.1450        -3042.604    -3060.774       18.170   549.1
0.1460        -3042.755    -3060.584       17.829   538.8
0.1470        -3042.586    -3060.492       17.906   541.1
0.1480        -3042.208    -3060.476       18.269   552.1
0.1490        -3042.276    -3060.498       18.223   550.7
0.1500        -3042.044    -3060.480       18.436   557.1
0.1510        -3042.261    -3060.432       18.171   549.1
0.1520        -3042.112    -3060.333       18.221   550.6
0.1530        -3042.311    -3060.280       17.969   543.0
0.1540        -3042.034    -3060.410       18.376   555.3
0.1550        -3041.930    -3060.734       18.804   568.3
0.1560        -3042.221    -3061.083       18.862   570.0
0.1570        -3042.141    -3061.378       19.237   581.3
0.1580        -3042.235    -3061.447       19.212   580.6
0.1590        -3042.141    -3061.238       19.097   577.1
0.1600        -3042.034    -3060.775       18.741   566.4
0.1610        -3042.092    -3060.289       18.197   549.9
0.1620        -3042.333    -3059.916       17.582   531.3
0.1630        -3042.205    -3059.781       17.576   531.1
0.1640        -3042.213    -3060.059       17.846   539.3
0.1650        -3042.274    -3060.647       18.374   555.3
0.1660        -3041.937    -3061.286       19.349   584.7
0.1670        -3042.047    -3061.800       19.753   596.9
0.1680        -3042.078    -3062.035       19.957   603.1
0.1690        -3042.502    -3061.961       19.459   588.1
0.1700        -3042.340    -3061.628       19.289   582.9
0.1710        -3042.443    -3061.134       18.691   564.8
0.1720        -3042.453    -3060.620       18.167   549.0
0.1730        -3042.311    -3060.296       17.985   543.5
0.1740        -3042.347    -3060.227       17.880   540.3
0.1750        -3041.905    -3060.425       18.521   559.7
0.1760        -3041.892    -3060.760       18.867   570.2
0.1770        -3041.658    -3061.104       19.446   587.7
0.1780        -3041.672    -3061.450       19.778   597.7
0.1790        -3041.542    -3061.598       20.056   606.1
0.1800        -3041.882    -3061.507       19.625   593.1
0.1810        -3042.266    -3061.271       19.005   574.3
0.1820        -3042.745    -3061.025       18.280   552.4
0.1830        -3042.972    -3060.846       17.874   540.2
0.1840        -3043.174    -3060.703       17.529   529.7
0.1850        -3043.220    -3060.575       17.355   524.5
0.1860        -3043.473    -3060.512       17.039   514.9
0.1870        -3043.479    -3060.520       17.041   515.0
0.1880        -3043.215    -3060.566       17.351   524.3
0.1890        -3043.458    -3060.649       17.191   519.5
0.1900        -3043.377    -3060.845       17.468   527.9
0.1910        -3043.345    -3061.192       17.847   539.4
0.1920        -3043.162    -3061.581       18.419   556.6
0.1930        -3043.247    -3061.931       18.684   564.6
0.1940        -3042.703    -3062.230       19.527   590.1
0.1950        -3042.549    -3062.357       19.808   598.6
0.1960        -3042.121    -3062.270       20.148   608.9
0.1970        -3042.037    -3061.890       19.852   599.9
0.1980        -3042.036    -3061.244       19.208   580.5
0.1990        -3041.894    -3060.493       18.599   562.1
0.2000        -3041.850    -3059.826       17.975   543.2
0.2010        -3042.083    -3059.369       17.286   522.4
0.2020        -3041.770    -3059.211       17.441   527.1
0.2030        -3041.967    -3059.279       17.312   523.2
0.2040        -3041.867    -3059.463       17.597   531.8
0.2050        -3041.893    -3059.707       17.814   538.3
0.2060        -3041.432    -3059.926       18.494   558.9
0.2070        -3041.378    -3060.105       18.726   565.9
0.2080        -3041.546    -3060.257       18.712   565.5
0.2090        -3041.543    -3060.386       18.842   569.4
0.2100        -3041.695    -3060.502       18.808   568.4
0.2110        -3041.758    -3060.659       18.901   571.2
0.2120        -3041.644    -3060.792       19.148   578.7
0.2130        -3041.682    -3060.850       19.168   579.3
0.2140        -3041.929    -3060.837       18.908   571.4
0.2150        -3042.382    -3060.715       18.334   554.0
0.2160        -3042.155    -3060.641       18.486   558.6
0.2170        -3042.087    -3060.597       18.510   559.4
0.2180        -3042.008    -3060.626       18.618   562.6
0.2190        -3041.676    -3060.731       19.055   575.8
0.2200        -3041.782    -3060.777       18.995   574.0
0.2210        -3041.661    -3060.712       19.051   575.7
0.2220        -3041.418    -3060.628       19.210   580.5
0.2230        -3041.665    -3060.543       18.878   570.5
0.2240        -3041.678    -3060.611       18.933   572.2
0.2250        -3041.660    -3060.841       19.180   579.6
0.2260        -3041.578    -3061.124       19.546   590.7
0.2270        -3041.635    -3061.426       19.791   598.1
0.2280        -3041.507    -3061.622       20.115   607.9
0.2290        -3041.675    -3061.688       20.014   604.8
0.2300        -3041.575    -3061.625       20.050   605.9
0.2310        -3041.399    -3061.491       20.092   607.2
0.2320        -3041.553    -3061.334       19.781   597.8
0.2330        -3041.852    -3061.222       19.369   585.3
0.2340        -3041.467    -3061.081       19.614   592.7
0.2350        -3041.426    -3060.906       19.480   588.7
0.2360        -3041.394    -3060.798       19.404   586.4
0.2370        -3041.315    -3060.713       19.398   586.2
0.2380        -3041.121    -3060.589       19.468   588.3
0.2390        -3041.187    -3060.391       19.203   580.3
0.2400        -3041.148    -3060.161       19.013   574.6
0.2410        -3041.284    -3059.927       18.643   563.4
0.2420        -3041.613    -3059.709       18.096   546.9
0.2430        -3041.427    -3059.556       18.130   547.9
0.2440        -3041.081    -3059.520       18.440   557.2
0.2450        -3041.054    -3059.508       18.454   557.7
0.2460        -3041.299    -3059.555       18.255   551.7
0.2470        -3041.209    -3059.716       18.507   559.3
0.2480        -3041.048    -3059.990       18.942   572.4
0.2490        -3041.044    -3060.254       19.210   580.5
0.2500        -3041.144    -3060.400       19.256   581.9
0.2510        -3041.106    -3060.370       19.264   582.2
0.2520        -3041.419    -3060.147       18.728   566.0
0.2530        -3041.210    -3059.814       18.604   562.2
0.2540        -3041.242    -3059.401       18.159   548.8
0.2550        -3041.400    -3059.068       17.668   533.9
0.2560        -3041.156    -3058.933       17.777   537.2
0.2570        -3041.293    -3059.057       17.764   536.8
0.2580        -3041.521    -3059.413       17.892   540.7
0.2590        -3041.548    -3059.959       18.411   556.4
0.2600        -3041.381    -3060.574       19.193   580.0
0.2610        -3041.357    -3061.162       19.805   598.5
0.2620        -3041.620    -3061.526       19.907   601.6
0.2630        -3041.582    -3061.623       20.041   605.6
0.2640        -3041.631    -3061.442       19.811   598.7
0.2650        -3041.434    -3061.150       19.716   595.8
0.2660        -3041.287    -3060.879       19.592   592.1
0.2670        -3041.648    -3060.656       19.008   574.4
0.2680        -3042.078    -3060.586       18.508   559.3
0.2690        -3042.106    -3060.711       18.605   562.3
0.2700        -3042.058    -3060.898       18.840   569.3
0.2710        -3042.185    -3061.080       18.895   571.0
0.2720        -3042.219    -3061.184       18.965   573.1
0.2730        -3042.494    -3061.134       18.640   563.3
0.2740        -3042.636    -3060.975       18.339   554.2
0.2750        -3042.997    -3060.777       17.780   537.3
0.2760        -3042.811    -3060.579       17.769   537.0
0.2770        -3042.303    -3060.447       18.144   548.3
0.2780        -3042.230    -3060.345       18.115   547.4
0.2790        -3042.231    -3060.335       18.104   547.1
0.2800        -3042.357    -3060.419       18.062   545.8
0.2810        -3042.352    -3060.554       18.202   550.1
0.2820        -3042.304    -3060.600       18.296   552.9
0.2830        -3042.353    -3060.586       18.233   551.0
0.2840        -3042.141    -3060.523       18.382   555.5
0.2850        -3042.271    -3060.513       18.242   551.3
0.2860        -3041.961    -3060.607       18.646   563.5
0.2870        -3041.814    -3060.820       19.006   574.4
0.2880        -3041.791    -3061.001       19.210   580.5
0.2890        -3041.727    -3061.187       19.459   588.1
0.2900        -3041.553    -3061.371       19.819   598.9
0.2910        -3042.137    -3061.457       19.320   583.8
0.2920        -3041.860    -3061.530       19.670   594.4
0.2930        -3041.830    -3061.579       19.750   596.8
0.2940        -3042.600    -3061.589       18.988   573.8
0.2950        -3042.614    -3061.581       18.967   573.2
0.2960        -3042.433    -3061.631       19.198   580.2
0.2970        -3042.476    -3061.722       19.246   581.6
0.2980        -3042.229    -3061.866       19.636   593.4
0.2990        -3042.467    -3061.977       19.510   589.6
0.3000        -3042.235    -3062.039       19.804   598.5
0.3010        -3042.379    -3061.917       19.538   590.4
0.3020        -3042.280    -3061.625       19.345   584.6
0.3030        -3042.402    -3061.205       18.803   568.2
0.3040        -3041.958    -3060.725       18.767   567.1
0.3050        -3041.782    -3060.263       18.482   558.5
0.3060        -3041.368    -3059.968       18.600   562.1
0.3070        -3041.338    -3059.935       18.596   562.0
0.3080        -3041.259    -3060.123       18.864   570.1
0.3090        -3041.083    -3060.431       19.348   584.7
0.3100        -3040.787    -3060.701       19.914   601.8
0.3110        -3040.861    -3060.776       19.915   601.8
0.3120        -3040.601    -3060.648       20.047   605.8
0.3130        -3040.734    -3060.419       19.686   594.9
0.3140        -3040.475    -3060.194       19.719   595.9
0.3150        -3040.733    -3059.930       19.197   580.1
0.3160        -3040.896    -3059.825       18.929   572.0
0.3170        -3040.817    -3059.908       19.091   576.9
0.3180        -3040.843    -3060.092       19.250   581.7
0.3190        -3040.889    -3060.199       19.311   583.6
0.3200        -3040.878    -3060.128       19.250   581.7
0.3210        -3040.768    -3059.866       19.098   577.1
0.3220        -3041.080    -3059.443       18.363   554.9
0.3230        -3041.218    -3058.981       17.763   536.8
0.3240        -3041.024    -3058.668       17.644   533.2
0.3250        -3040.834    -3058.544       17.710   535.2
0.3260        -3040.830    -3058.625       17.795   537.8
0.3270        -3040.657    -3058.864       18.206   550.2
0.3280        -3040.742    -3059.220       18.478   558.4
0.3290        -3040.555    -3059.652       19.098   577.1
0.3300        -3040.529    -3060.048       19.518   589.8
0.3310        -3040.401    -3060.325       19.924   602.1
0.3320        -3040.404    -3060.492       20.088   607.1
0.3330        -3040.304    -3060.606       20.302   613.5
0.3340        -3040.196    -3060.699       20.503   619.6
0.3350        -3040.346    -3060.659       20.313   613.9
0.3360        -3040.254    -3060.452       20.198   610.4
0.3370        -3040.649    -3060.167       19.517   589.8
0.3380        -3040.652    -3059.895       19.243   581.5
0.3390        -3040.336    -3059.616       19.281   582.7
0.3400        -3040.569    -3059.419       18.850   569.6
0.3410        -3040.586    -3059.449       18.863   570.0
0.3420        -3040.463    -3059.614       19.151   578.7
0.3430        -3040.260    -3059.801       19.542   590.5
0.3440        -3040.075    -3059.870       19.795   598.2
0.3450        -3039.808    -3059.806       19.998   604.3
0.3460        -3039.756    -3059.540       19.784   597.9
0.3470        -3039.735    -3059.191       19.456   588.0
0.3480        -3039.437    -3058.851       19.415   586.7
0.3490        -3039.322    -3058.640       19.319   583.8
0.3500        -3039.348    -3058.633       19.285   582.8
0.3510        -3039.246    -3058.841       19.595   592.2
0.3520        -3038.963    -3059.214       20.251   612.0
0.3530        -3038.923    -3059.694       20.771   627.7
0.3540        -3038.939    -3060.082       21.142   638.9
0.3550        -3039.423    -3060.280       20.857   630.3
0.3560        -3039.506    -3060.402       20.896   631.5
0.3570        -3039.623    -3060.420       20.797   628.5
0.3580        -3039.487    -3060.335       20.848   630.0
0.3590        -3039.810    -3060.142       20.331   614.4
0.3600        -3039.965    -3059.815       19.850   599.9
0.3610        -3039.660    -3059.459       19.799   598.3
0.3620        -3039.607    -3058.998       19.391   586.0
0.3630        -3039.575    -3058.569       18.994   574.0
0.3640        -3039.685    -3058.317       18.631   563.0
0.3650        -3039.732    -3058.313       18.581   561.5
0.3660        -3039.665    -3058.469       18.804   568.3
0.3670        -3039.642    -3058.656       19.015   574.6
0.3680        -3039.797    -3058.793       18.995   574.0
0.3690        -3039.876    -3058.840       18.964   573.1
0.3700        -3039.760    -3058.777       19.017   574.7
0.3710        -3039.855    -3058.640       18.785   567.7
0.3720        -3039.761    -3058.510       18.749   566.6
0.3730        -3039.841    -3058.404       18.564   561.0
0.3740        -3040.014    -3058.393       18.379   555.4
0.3750        -3040.269    -3058.527       18.258   551.8
0.3760        -3040.378    -3058.891       18.513   559.5
0.3770        -3040.269    -3059.443       19.174   579.4
0.3780        -3040.036    -3060.159       20.123   608.1
0.3790        -3039.985    -3060.810       20.825   629.3
0.3800        -3039.904    -3061.168       21.264   642.6
0.3810        -3040.187    -3061.112       20.925   632.3
0.3820        -3040.356    -3060.694       20.338   614.6
0.3830        -3040.249    -3060.106       19.856   600.1
0.3840        -3040.220    -3059.450       19.230   581.1
0.3850        -3040.196    -3058.947       18.751   566.6
0.3860        -3040.366    -3058.742       18.376   555.3
0.3870        -3040.018    -3058.909       18.891   570.9
0.3880        -3039.799    -3059.281       19.483   588.8
0.3890        -3039.872    -3059.763       19.891   601.1
0.3900        -3040.239    -3060.157       19.918   601.9
0.3910        -3040.212    -3060.422       20.210   610.7
0.3920        -3040.162    -3060.560       20.398   616.4
0.3930        -3040.005    -3060.521       20.516   620.0
0.3940        -3040.016    -3060.330       20.314   613.9
0.3950        -3040.205    -3060.111       19.906   601.5
0.3960        -3040.107    -3059.911       19.804   598.5
0.3970        -3040.249    -3059.717       19.467   588.3
0.3980        -3040.256    -3059.691       19.435   587.3
0.3990        -3040.262    -3059.864       19.602   592.4
0.4000        -3040.308    -3060.186       19.878   600.7
0.4010        -3039.987    -3060.596       20.609   622.8
0.4020        -3040.269    -3060.851       20.583   622.0
0.4030        -3040.137    -3060.776       20.639   623.7
0.4040        -3040.362    -3060.364       20.002   604.5
0.4050        -3040.743    -3059.747       19.003   574.3
0.4060        -3041.008    -3059.147       18.139   548.2
0.4070        -3041.026    -3058.740       17.714   535.3
0.4080        -3040.859    -3058.656       17.797   537.8
0.4090        -3040.467    -3058.967       18.499   559.1
0.4100        -3040.607    -3059.579       18.971   573.3
0.4110        -3040.853    -3060.317       19.464   588.2
0.4120        -3040.753    -3060.995       20.242   611.7
0.4130        -3040.926    -3061.466       20.540   620.7
0.4140        -3040.905    -3061.622       20.717   626.1
0.4150        -3040.848    -3061.540       20.692   625.3
0.4160        -3040.809    -3061.350       20.541   620.8
0.4170        -3041.039    -3061.183       20.144   608.7
0.4180        -3041.151    -3061.060       19.909   601.6
0.4190        -3041.139    -3060.978       19.839   599.5
0.4200        -3041.335    -3060.887       19.552   590.9
0.4210        -3041.518    -3060.796       19.278   582.6
0.4220        -3041.605    -3060.759       19.154   578.8
0.4230        -3041.601    -3060.714       19.113   577.6
0.4240        -3041.808    -3060.576       18.768   567.2
0.4250        -3041.898    -3060.396       18.498   559.0
0.4260        -3041.898    -3060.331       18.433   557.1
0.4270        -3042.079    -3060.414       18.336   554.1
0.4280        -3041.913    -3060.561       18.648   563.5
0.4290        -3042.345    -3060.743       18.399   556.0
0.4300        -3042.467    -3060.895       18.428   556.9
0.4310        -3042.280    -3060.947       18.666   564.1
0.4320        -3042.543    -3060.909       18.366   555.0
0.4330        -3042.780    -3060.853       18.073   546.2
0.4340        -3042.675    -3060.802       18.127   547.8
0.4350        -3042.554    -3060.711       18.157   548.7
0.4360        -3042.761    -3060.544       17.784   537.4
0.4370        -3042.548    -3060.393       17.845   539.3
0.4380        -3042.400    -3060.186       17.786   537.5
0.4390        -3042.295    -3059.992       17.697   534.8
0.4400        -3042.309    -3059.856       17.547   530.3
0.4410        -3042.183    -3059.862       17.679   534.3
0.4420        -3042.215    -3060.044       17.829   538.8
0.4430        -3042.382    -3060.421       18.039   545.1
0.4440        -3042.483    -3060.912       18.429   556.9
0.4450        -3042.235    -3061.395       19.159   579.0
0.4460        -3042.155    -3061.693       19.537   590.4
0.4470        -3042.323    -3061.727       19.404   586.4
0.4480        -3042.464    -3061.494       19.030   575.1
0.4490        -3042.516    -3061.096       18.580   561.5
0.4500        -3042.463    -3060.742       18.280   552.4
0.4510        -3042.458    -3060.529       18.071   546.1
0.4520        -3042.820    -3060.544       17.724   535.6
0.4530        -3043.102    -3060.812       17.710   535.2
0.4540        -3042.888    -3061.197       18.309   553.3
0.4550        -3042.861    -3061.542       18.682   564.6
0.4560        -3042.808    -3061.804       18.995   574.0
0.4570        -3042.753    -3061.849       19.096   577.1
0.4580        -3042.618    -3061.611       18.994   574.0
0.4590        -3042.369    -3061.080       18.710   565.4
0.4600        -3042.255    -3060.334       18.079   546.3
0.4610        -3042.165    -3059.586       17.421   526.5
0.4620        -3042.012    -3059.011       16.999   513.7
0.4630        -3042.134    -3058.884       16.751   506.2
0.4640        -3042.084    -3059.302       17.217   520.3
0.4650        -3042.141    -3060.169       18.028   544.8
0.4660        -3042.062    -3061.234       19.173   579.4
0.4670        -3041.848    -3062.167       20.320   614.1
0.4680        -3041.614    -3062.662       21.048   636.1
0.4690        -3041.670    -3062.536       20.866   630.6
0.4700        -3041.493    -3061.875       20.382   615.9
0.4710        -3041.816    -3060.977       19.161   579.0
0.4720        -3041.637    -3060.100       18.462   557.9
0.4730        -3041.664    -3059.533       17.868   540.0
0.4740        -3041.329    -3059.296       17.967   543.0
0.4750        -3041.338    -3059.382       18.044   545.3
0.4760        -3041.402    -3059.672       18.270   552.1
0.4770        -3041.481    -3059.999       18.518   559.6
0.4780        -3041.730    -3060.220       18.490   558.8
0.4790        -3041.630    -3060.266       18.635   563.2
0.4800        -3041.363    -3060.212       18.849   569.6
0.4810        -3041.413    -3060.148       18.735   566.2
0.4820        -3041.445    -3060.238       18.794   567.9
0.4830        -3041.350    -3060.561       19.211   580.5
0.4840        -3041.184    -3060.939       19.755   597.0
0.4850        -3041.140    -3061.250       20.110   607.7
0.4860        -3041.229    -3061.336       20.106   607.6
0.4870        -3041.328    -3061.066       19.738   596.5
0.4880        -3041.501    -3060.531       19.030   575.1
0.4890        -3041.606    -3059.902       18.296   552.9
0.4900        -3041.734    -3059.387       17.654   533.5
0.4910        -3041.605    -3059.142       17.537   530.0
0.4920        -3041.649    -3059.112       17.463   527.7
0.4930        -3041.873    -3059.304       17.430   526.7
0.4940        -3042.039    -3059.676       17.637   533.0
0.4950        -3042.042    -3060.121       18.079   546.4
0.4960        -3042.104    -3060.563       18.460   557.9
0.4970        -3042.410    -3060.984       18.574   561.3
0.4980        -3042.412    -3061.331       18.919   571.7
0.4990        -3042.227    -3061.577       19.349   584.7
0.5000        -3042.084    -3061.688       19.603   592.4
0.5010        -3042.073    -3061.653       19.580   591.7
0.5020        -3042.091    -3061.522       19.431   587.2
0.5030        -3042.075    -3061.312       19.237   581.3
0.5040        -3042.095    -3061.031       18.936   572.2
0.5050        -3042.251    -3060.756       18.505   559.2
0.5060        -3041.992    -3060.600       18.608   562.3
0.5070        -3042.047    -3060.511       18.464   558.0
0.5080        -3042.154    -3060.537       18.383   555.5
0.5090        -3042.048    -3060.584       18.537   560.2
0.5100        -3041.763    -3060.590       18.827   568.9
0.5110        -3041.828    -3060.544       18.717   565.6
0.5120        -3041.872    -3060.472       18.600   562.1
0.5130        -3041.872    -3060.446       18.574   561.3
0.5140        -3042.070    -3060.453       18.383   555.5
0.5150        -3042.048    -3060.593       18.546   560.5
0.5160        -3042.129    -3060.865       18.736   566.2
0.5170        -3042.091    -3061.148       19.058   575.9
0.5180        -3042.189    -3061.454       19.265   582.2
0.5190        -3042.530    -3061.796       19.266   582.2
0.5200        -3042.490    -3062.020       19.530   590.2
0.5210        -3042.343    -3062.034       19.691   595.1
0.5220        -3042.425    -3061.743       19.318   583.8
0.5230        -3042.241    -3061.186       18.945   572.5
0.5240        -3042.096    -3060.456       18.360   554.8
0.5250        -3042.161    -3059.773       17.611   532.2
0.5260        -3042.218    -3059.369       17.151   518.3
0.5270        -3041.912    -3059.389       17.476   528.1
0.5280        -3042.122    -3059.741       17.619   532.4
0.5290        -3042.238    -3060.278       18.040   545.2
0.5300        -3042.083    -3060.858       18.775   567.4
0.5310        -3042.255    -3061.274       19.018   574.7
0.5320        -3042.758    -3061.523       18.765   567.1
0.5330        -3042.724    -3061.552       18.828   569.0
0.5340        -3042.408    -3061.441       19.032   575.2
0.5350        -3042.367    -3061.272       18.905   571.3
0.5360        -3042.106    -3061.057       18.950   572.7
0.5370        -3042.357    -3060.922       18.565   561.0
0.5380        -3042.346    -3060.931       18.585   561.6
0.5390        -3042.132    -3061.069       18.937   572.3
0.5400        -3042.109    -3061.249       19.141   578.4
0.5410        -3042.159    -3061.432       19.274   582.4
0.5420        -3042.102    -3061.570       19.468   588.3
0.5430        -3042.172    -3061.615       19.443   587.6
0.5440        -3042.450    -3061.570       19.120   577.8
0.5450        -3042.586    -3061.544       18.959   572.9
0.5460        -3042.666    -3061.577       18.911   571.5
0.5470        -3042.899    -3061.751       18.852   569.7
0.5480        -3042.809    -3062.063       19.254   581.9
0.5490        -3042.500    -3062.321       19.821   599.0
0.5500        -3042.536    -3062.332       19.796   598.2
0.5510        -3043.130    -3062.006       18.876   570.4
0.5520        -3043.145    -3061.390       18.246   551.4
0.5530        -3042.952    -3060.601       17.649   533.3
0.5540        -3042.834    -3059.879       17.045   515.1
0.5550        -3042.670    -3059.427       16.756   506.4
0.5560        -3042.675    -3059.325       16.650   503.2
0.5570        -3042.871    -3059.675       16.805   507.8
0.5580        -3042.498    -3060.429       17.932   541.9
0.5590        -3042.586    -3061.306       18.720   565.7
0.5600        -3042.057    -3062.021       19.964   603.3
0.5610        -3041.899    -3062.367       20.468   618.5
0.5620        -3041.819    -3062.203       20.384   616.0
0.5630        -3041.730    -3061.590       19.861   600.2
0.5640        -3041.500    -3060.710       19.210   580.5
0.5650        -3041.600    -3059.784       18.184   549.5
0.5660        -3042.093    -3059.099       17.006   513.9
0.5670        -3041.972    -3058.797       16.824   508.4
0.5680        -3041.965    -3058.925       16.960   512.5
0.5690        -3041.886    -3059.364       17.478   528.2
0.5700        -3041.715    -3059.952       18.237   551.1
0.5710        -3041.602    -3060.564       18.962   573.0
0.5720        -3041.552    -3060.993       19.442   587.5
0.5730        -3041.762    -3061.195       19.432   587.2
0.5740        -3041.915    -3061.094       19.179   579.6
0.5750        -3041.821    -3060.751       18.930   572.1
0.5760        -3042.052    -3060.286       18.234   551.0
0.5770        -3042.394    -3059.901       17.507   529.1
0.5780        -3042.162    -3059.827       17.665   533.8
0.5790        -3042.063    -3060.102       18.039   545.1
0.5800        -3041.870    -3060.693       18.823   568.8
0.5810        -3042.056    -3061.427       19.371   585.4
0.5820        -3042.141    -3062.084       19.943   602.7
0.5830        -3042.151    -3062.562       20.411   616.8
0.5840        -3042.386    -3062.647       20.261   612.3
0.5850        -3042.262    -3062.388       20.126   608.2
0.5860        -3042.549    -3061.942       19.392   586.0
0.5870        -3042.293    -3061.477       19.184   579.7
0.5880        -3042.215    -3061.147       18.932   572.1
0.5890        -3042.216    -3061.043       18.827   569.0
0.5900        -3042.181    -3061.134       18.953   572.8
0.5910        -3042.315    -3061.325       19.010   574.5
0.5920        -3042.168    -3061.543       19.375   585.5
0.5930        -3042.325    -3061.647       19.322   583.9
0.5940        -3042.524    -3061.576       19.053   575.8
0.5950        -3042.600    -3061.319       18.718   565.7
0.5960        -3042.739    -3060.996       18.257   551.7
0.5970        -3042.926    -3060.665       17.739   536.1
0.5980        -3043.135    -3060.499       17.365   524.8
0.5990        -3043.148    -3060.556       17.409   526.1
0.6000        -3042.903    -3060.876       17.972   543.1
0.6010        -3042.936    -3061.336       18.399   556.0
0.6020        -3042.933    -3061.816       18.882   570.6
0.6030        -3042.790    -3062.149       19.359   585.0
0.6040        -3042.568    -3062.267       19.699   595.3
0.6050        -3042.269    -3062.219       19.950   602.9
0.6060        -3042.175    -3061.985       19.810   598.6
0.6070        -3042.131    -3061.683       19.552   590.9
0.6080        -3042.343    -3061.417       19.074   576.4
0.6090        -3042.430    -3061.253       18.823   568.8
0.6100        -3042.436    -3061.249       18.813   568.5
0.6110        -3042.375    -3061.405       19.030   575.1
0.6120        -3042.569    -3061.650       19.081   576.6
0.6130        -3042.272    -3061.840       19.568   591.4
0.6140        -3042.210    -3061.937       19.727   596.2
0.6150        -3042.218    -3061.827       19.609   592.6
0.6160        -3042.308    -3061.494       19.186   579.8
0.6170        -3042.121    -3061.004       18.884   570.7
0.6180        -3042.088    -3060.510       18.422   556.7
0.6190        -3041.960    -3060.124       18.164   548.9
0.6200        -3042.154    -3059.937       17.784   537.4
0.6210        -3042.384    -3059.983       17.599   531.9
0.6220        -3042.127    -3060.300       18.173   549.2
0.6230        -3042.328    -3060.615       18.287   552.6
0.6240        -3042.060    -3060.901       18.841   569.4
0.6250        -3041.763    -3061.076       19.312   583.6
0.6260        -3041.539    -3061.060       19.521   589.9
0.6270        -3041.732    -3060.857       19.125   578.0
0.6280        -3041.736    -3060.455       18.719   565.7
0.6290        -3041.755    -3059.887       18.132   547.9
0.6300        -3041.515    -3059.316       17.801   538.0
0.6310        -3041.169    -3058.886       17.717   535.4
0.6320        -3041.135    -3058.659       17.524   529.6
0.6330        -3040.958    -3058.683       17.725   535.6
0.6340        -3041.043    -3058.897       17.855   539.6
0.6350        -3040.794    -3059.219       18.425   556.8
0.6360        -3041.092    -3059.668       18.577   561.4
0.6370        -3040.585    -3060.142       19.557   591.0
0.6380        -3040.408    -3060.601       20.193   610.2
0.6390        -3040.637    -3060.912       20.274   612.7
0.6400        -3040.665    -3060.978       20.313   613.9
0.6410        -3040.514    -3060.800       20.286   613.0
0.6420        -3040.536    -3060.499       19.963   603.3
0.6430        -3040.553    -3060.237       19.684   594.9
0.6440        -3040.331    -3060.085       19.755   597.0
0.6450        -3040.548    -3060.033       19.486   588.9
0.6460        -3040.832    -3060.113       19.281   582.7
0.6470        -3040.855    -3060.315       19.460   588.1
0.6480        -3040.861    -3060.553       19.692   595.1
0.6490        -3040.685    -3060.783       20.099   607.4
0.6500        -3040.346    -3060.787       20.442   617.8
0.6510        -3040.177    -3060.553       20.375   615.7
0.6520        -3040.149    -3060.063       19.914   601.8
0.6530        -3039.756    -3059.498       19.742   596.6
0.6540        -3039.900    -3059.069       19.169   579.3
0.6550        -3039.864    -3058.897       19.033   575.2
0.6560        -3040.027    -3059.042       19.015   574.6
0.6570        -3040.051    -3059.436       19.385   585.8
0.6580        -3040.135    -3059.938       19.802   598.4
0.6590        -3040.372    -3060.387       20.015   604.9
0.6600        -3040.061    -3060.698       20.637   623.6
0.6610        -3039.929    -3060.793       20.864   630.5
0.6620        -3040.137    -3060.607       20.470   618.6
0.6630        -3040.109    -3060.256       20.147   608.8
0.6640        -3040.235    -3059.854       19.620   592.9
0.6650        -3040.089    -3059.541       19.452   587.8
0.6660        -3040.232    -3059.378       19.146   578.6
0.6670        -3040.716    -3059.376       18.660   563.9
0.6680        -3041.166    -3059.514       18.348   554.5
0.6690        -3040.766    -3059.787       19.021   574.8
0.6700        -3040.789    -3060.097       19.308   583.5
0.6710        -3040.656    -3060.346       19.690   595.0
0.6720        -3040.467    -3060.530       20.063   606.3
0.6730        -3040.545    -3060.611       20.066   606.4
0.6740        -3040.637    -3060.621       19.983   603.9
0.6750        -3040.666    -3060.599       19.933   602.4
0.6760        -3040.602    -3060.557       19.955   603.0
0.6770        -3040.768    -3060.576       19.808   598.6
0.6780        -3040.390    -3060.610       20.220   611.1
0.6790        -3040.441    -3060.701       20.260   612.2
0.6800        -3040.253    -3060.702       20.449   618.0
0.6810        -3040.180    -3060.584       20.404   616.6
0.6820        -3040.397    -3060.389       19.992   604.2
0.6830        -3040.739    -3060.179       19.440   587.5
0.6840        -3040.851    -3059.995       19.144   578.5
0.6850        -3041.037    -3059.919       18.883   570.6
0.6860        -3040.900    -3059.976       19.076   576.5
0.6870        -3040.881    -3060.067       19.185   579.8
0.6880        -3041.229    -3060.148       18.919   571.7
0.6890        -3041.397    -3060.130       18.733   566.1
0.6900        -3041.232    -3060.046       18.813   568.5
0.6910        -3040.997    -3059.936       18.939   572.3
0.6920        -3040.834    -3059.861       19.027   575.0
0.6930        -3040.767    -3059.878       19.111   577.5
0.6940        -3040.878    -3059.972       19.094   577.0
0.6950        -3040.567    -3060.035       19.468   588.3
0.6960        -3040.607    -3060.015       19.408   586.5
0.6970        -3040.568    -3059.899       19.331   584.2
0.6980        -3040.608    -3059.699       19.091   576.9
0.6990        -3040.293    -3059.422       19.130   578.1
0.7000        -3040.576    -3059.113       18.537   560.2
0.7010        -3040.749    -3058.960       18.211   550.3
0.7020        -3040.658    -3058.920       18.262   551.9
0.7030        -3040.303    -3059.061       18.758   566.9
0.7040        -3040.387    -3059.331       18.943   572.5
0.7050        -3040.035    -3059.682       19.647   593.7
0.7060        -3040.073    -3060.048       19.975   603.6
0.7070        -3040.338    -3060.331       19.993   604.2
0.7080        -3040.198    -3060.543       20.344   614.8
0.7090        -3039.996    -3060.560       20.564   621.5
0.7100        -3039.902    -3060.398       20.496   619.4
0.7110        -3039.730    -3060.200       20.470   618.6
0.7120        -3039.694    -3059.956       20.262   612.3
0.7130        -3039.772    -3059.640       19.867   600.4
0.7140        -3039.830    -3059.277       19.446   587.7
0.7150        -3039.789    -3059.027       19.238   581.4
0.7160        -3039.675    -3058.948       19.273   582.4
0.7170        -3039.833    -3059.056       19.223   580.9
0.7180        -3040.018    -3059.301       19.283   582.7
0.7190        -3039.863    -3059.542       19.678   594.7
0.7200        -3039.888    -3059.759       19.871   600.5
0.7210        -3039.999    -3059.890       19.891   601.1
0.7220        -3040.238    -3059.866       19.629   593.2
0.7230        -3040.324    -3059.697       19.372   585.4
0.7240        -3040.051    -3059.388       19.336   584.4
0.7250        -3039.822    -3058.999       19.177   579.5
0.7260        -3039.829    -3058.677       18.848   569.6
0.7270        -3039.987    -3058.528       18.541   560.3
0.7280        -3039.855    -3058.626       18.770   567.2
0.7290        -3040.042    -3058.998       18.956   572.8
0.7300        -3039.742    -3059.548       19.806   598.5
0.7310        -3040.044    -3060.136       20.092   607.2
0.7320        -3040.327    -3060.527       20.200   610.4
0.7330        -3040.247    -3060.726       20.479   618.9
0.7340        -3040.390    -3060.675       20.285   613.0
0.7350        -3040.857    -3060.405       19.548   590.7
0.7360        -3040.744    -3060.066       19.322   583.9
0.7370        -3040.753    -3059.781       19.028   575.0
0.7380        -3040.752    -3059.669       18.916   571.7
0.7390        -3040.444    -3059.733       19.290   582.9
0.7400        -3040.532    -3059.944       19.413   586.6
0.7410        -3040.611    -3060.116       19.505   589.4
0.7420        -3040.622    -3060.129       19.506   589.5
0.7430        -3040.639    -3060.006       19.367   585.3
0.7440        -3040.766    -3059.883       19.118   577.7
0.7450        -3040.351    -3059.791       19.441   587.5
0.7460        -3040.391    -3059.794       19.403   586.4
0.7470        -3040.380    -3059.892       19.512   589.6
0.7480        -3040.015    -3059.999       19.984   603.9
0.7490        -3039.977    -3060.050       20.073   606.6
0.7500        -3039.823    -3060.010       20.187   610.0
0.7510        -3039.877    -3059.940       20.063   606.3
0.7520        -3039.687    -3059.836       20.149   608.9
0.7530        -3039.545    -3059.732       20.187   610.0
0.7540        -3039.602    -3059.557       19.954   603.0
0.7550        -3039.847    -3059.381       19.534   590.3
0.7560        -3039.764    -3059.279       19.515   589.7
0.7570        -3039.597    -3059.365       19.768   597.4
0.7580        -3039.579    -3059.580       20.001   604.4
0.7590        -3039.486    -3059.858       20.371   615.6
0.7600        -3039.472    -3060.134       20.662   624.4
0.7610        -3039.497    -3060.276       20.779   627.9
0.7620        -3039.608    -3060.174       20.566   621.5
0.7630        -3039.651    -3059.750       20.098   607.4
0.7640        -3039.785    -3059.118       19.333   584.2
0.7650        -3039.714    -3058.461       18.747   566.5
0.7660        -3039.412    -3057.975       18.563   561.0
0.7670        -3039.503    -3057.826       18.323   553.7
0.7680        -3039.594    -3057.996       18.401   556.1
0.7690        -3039.514    -3058.394       18.880   570.6
0.7700        -3039.718    -3058.930       19.212   580.6
0.7710        -3039.659    -3059.476       19.816   598.9
0.7720        -3039.783    -3059.957       20.175   609.7
0.7730        -3039.545    -3060.305       20.760   627.4
0.7740        -3039.692    -3060.426       20.734   626.6
0.7750        -3039.698    -3060.348       20.651   624.1
0.7760        -3039.508    -3060.131       20.623   623.2
0.7770        -3039.658    -3059.969       20.311   613.8
0.7780        -3039.937    -3059.985       20.047   605.8
0.7790        -3039.965    -3060.201       20.236   611.5
0.7800        -3039.432    -3060.535       21.103   637.7
0.7810        -3039.119    -3060.806       21.687   655.4
0.7820        -3039.131    -3060.889       21.758   657.5
0.7830        -3039.030    -3060.692       21.662   654.6
0.7840        -3039.573    -3060.266       20.693   625.4
0.7850        -3039.429    -3059.710       20.281   612.9
0.7860        -3039.436    -3059.147       19.711   595.7
0.7870        -3039.293    -3058.762       19.469   588.4
0.7880        -3039.209    -3058.649       19.440   587.5
0.7890        -3039.154    -3058.709       19.554   590.9
0.7900        -3038.944    -3058.904       19.960   603.2
0.7910        -3038.915    -3059.148       20.233   611.4
0.7920        -3038.894    -3059.271       20.377   615.8
0.7930        -3038.871    -3059.219       20.348   614.9
0.7940        -3038.720    -3058.959       20.239   611.6
0.7950        -3038.563    -3058.529       19.966   603.4
0.7960        -3038.372    -3058.067       19.695   595.2
0.7970        -3038.397    -3057.850       19.453   587.9
0.7980        -3038.192    -3057.915       19.723   596.0
0.7990        -3038.092    -3058.137       20.045   605.8
0.8000        -3038.169    -3058.438       20.269   612.5
0.8010        -3038.385    -3058.741       20.356   615.2
0.8020        -3038.279    -3058.925       20.646   623.9
0.8030        -3038.541    -3058.964       20.422   617.2
0.8040        -3038.860    -3058.833       19.972   603.6
0.8050        -3039.087    -3058.614       19.527   590.1
0.8060        -3039.452    -3058.499       19.047   575.6
0.8070        -3039.597    -3058.649       19.053   575.8
0.8080        -3039.493    -3058.974       19.481   588.7
0.8090        -3039.300    -3059.262       19.962   603.3
0.8100        -3039.416    -3059.503       20.088   607.1
0.8110        -3039.456    -3059.617       20.161   609.3
0.8120        -3039.199    -3059.612       20.413   616.9
0.8130        -3039.309    -3059.581       20.272   612.6
0.8140        -3039.400    -3059.488       20.088   607.1
0.8150        -3039.139    -3059.340       20.200   610.5
0.8160        -3038.892    -3059.167       20.275   612.7
0.8170        -3038.950    -3058.990       20.040   605.6
0.8180        -3039.026    -3058.872       19.846   599.7
0.8190        -3039.123    -3058.996       19.873   600.6
0.8200        -3039.275    -3059.269       19.993   604.2
0.8210        -3039.210    -3059.651       20.441   617.7
0.8220        -3039.212    -3060.123       20.911   631.9
0.8230        -3039.609    -3060.547       20.939   632.8
0.8240        -3039.864    -3060.894       21.029   635.5
0.8250        -3039.642    -3061.033       21.391   646.5
0.8260        -3039.474    -3061.023       21.549   651.2
0.8270        -3039.333    -3060.892       21.560   651.5
0.8280        -3039.114    -3060.579       21.464   648.7
0.8290        -3039.111    -3060.124       21.014   635.0
0.8300        -3039.249    -3059.545       20.295   613.3
0.8310        -3039.230    -3058.941       19.711   595.7
0.8320        -3039.131    -3058.423       19.292   583.0
0.8330        -3039.102    -3058.069       18.967   573.2
0.8340        -3039.068    -3057.907       18.839   569.3
0.8350        -3039.262    -3057.933       18.671   564.2
0.8360        -3039.614    -3058.076       18.462   557.9
0.8370        -3039.381    -3058.275       18.894   571.0
0.8380        -3039.375    -3058.510       19.135   578.3
0.8390        -3039.550    -3058.768       19.218   580.8
0.8400        -3039.770    -3059.042       19.272   582.4
0.8410        -3039.642    -3059.312       19.671   594.4
0.8420        -3039.649    -3059.617       19.968   603.4
0.8430        -3039.692    -3059.853       20.161   609.3
0.8440        -3039.787    -3060.045       20.258   612.2
0.8450        -3039.792    -3060.139       20.347   614.9
0.8460        -3040.082    -3060.150       20.069   606.5
0.8470        -3040.125    -3060.077       19.952   603.0
0.8480        -3039.914    -3059.916       20.002   604.5
0.8490        -3040.025    -3059.704       19.679   594.7
0.8500        -3039.867    -3059.458       19.591   592.0
0.8510        -3039.857    -3059.263       19.406   586.4
0.8520        -3039.798    -3059.066       19.268   582.3
0.8530        -3039.909    -3058.901       18.992   573.9
0.8540        -3040.134    -3058.825       18.691   564.8
0.8550        -3039.933    -3058.881       18.948   572.6
0.8560        -3039.916    -3059.040       19.124   577.9
0.8570        -3039.924    -3059.234       19.311   583.6
0.8580        -3039.839    -3059.462       19.623   593.0
0.8590        -3039.819    -3059.689       19.870   600.5
0.8600        -3039.711    -3059.979       20.269   612.5
0.8610        -3039.827    -3060.344       20.517   620.0
0.8620        -3039.893    -3060.715       20.823   629.3
0.8630        -3040.052    -3061.011       20.960   633.4
0.8640        -3040.263    -3061.104       20.841   629.8
0.8650        -3040.171    -3060.890       20.720   626.1
0.8660        -3040.342    -3060.440       20.098   607.4
0.8670        -3040.078    -3059.853       19.775   597.6
0.8680        -3040.338    -3059.325       18.987   573.8
0.8690        -3040.287    -3059.048       18.761   567.0
0.8700        -3040.611    -3059.061       18.450   557.6
0.8710        -3040.570    -3059.327       18.756   566.8
0.8720        -3040.184    -3059.674       19.490   589.0
0.8730        -3040.117    -3059.959       19.842   599.6
0.8740        -3039.756    -3060.007       20.252   612.0
0.8750        -3039.493    -3059.792       20.299   613.4
0.8760        -3039.395    -3059.421       20.026   605.2
0.8770        -3039.706    -3059.059       19.353   584.8
0.8780        -3039.684    -3058.944       19.260   582.0
0.8790        -3039.294    -3059.105       19.811   598.7
0.8800        -3039.263    -3059.457       20.194   610.3
0.8810        -3039.376    -3059.861       20.486   619.1
0.8820        -3039.537    -3060.210       20.672   624.7
0.8830        -3039.606    -3060.407       20.801   628.6
0.8840        -3039.326    -3060.475       21.149   639.1
0.8850        -3038.769    -3060.442       21.673   654.9
0.8860        -3038.823    -3060.317       21.493   649.5
0.8870        -3038.537    -3060.130       21.593   652.5
0.8880        -3038.674    -3059.862       21.188   640.3
0.8890        -3038.247    -3059.493       21.246   642.1
0.8900        -3038.205    -3058.967       20.762   627.4
0.8910        -3038.178    -3058.480       20.302   613.5
0.8920        -3038.291    -3058.066       19.774   597.6
0.8930        -3038.266    -3057.776       19.510   589.6
0.8940        -3038.549    -3057.592       19.043   575.5
0.8950        -3038.614    -3057.516       18.902   571.2
0.8960        -3038.961    -3057.537       18.575   561.3
0.8970        -3039.012    -3057.647       18.634   563.1
0.8980        -3039.104    -3057.905       18.800   568.1
0.8990        -3039.203    -3058.234       19.031   575.1
0.9000        -3039.017    -3058.684       19.667   594.3
0.9010        -3039.116    -3059.159       20.043   605.7
0.9020        -3039.077    -3059.602       20.525   620.3
0.9030        -3039.083    -3059.899       20.816   629.1
0.9040        -3039.414    -3060.009       20.595   622.4
0.9050        -3039.671    -3060.028       20.357   615.2
0.9060        -3039.742    -3060.034       20.292   613.2
0.9070        -3039.538    -3060.012       20.473   618.7
0.9080        -3039.042    -3060.025       20.983   634.1
0.9090        -3039.159    -3060.039       20.880   631.0
0.9100        -3039.144    -3059.953       20.810   628.9
0.9110        -3039.179    -3059.642       20.463   618.4
0.9120        -3039.292    -3059.161       19.869   600.5
0.9130        -3039.181    -3058.646       19.465   588.2
0.9140        -3038.995    -3058.295       19.300   583.2
0.9150        -3038.852    -3058.232       19.379   585.6
0.9160        -3038.998    -3058.509       19.511   589.6
0.9170        -3039.035    -3059.103       20.068   606.5
0.9180        -3039.293    -3059.784       20.491   619.2
0.9190        -3039.505    -3060.349       20.844   629.9
0.9200        -3039.709    -3060.657       20.948   633.0
0.9210        -3039.483    -3060.685       21.202   640.7
0.9220        -3039.421    -3060.443       21.022   635.3
0.9230        -3039.536    -3060.023       20.487   619.1
0.9240        -3039.483    -3059.634       20.151   609.0
0.9250        -3039.409    -3059.366       19.957   603.1
0.9260        -3039.595    -3059.268       19.674   594.5
0.9270        -3039.809    -3059.343       19.534   590.3
0.9280        -3039.998    -3059.533       19.535   590.3
0.9290        -3040.092    -3059.729       19.636   593.4
0.9300        -3039.582    -3059.859       20.277   612.8
0.9310        -3039.608    -3059.795       20.187   610.0
0.9320        -3039.789    -3059.519       19.730   596.3
0.9330        -3040.056    -3059.137       19.080   576.6
0.9340        -3039.957    -3058.796       18.840   569.3
0.9350        -3039.994    -3058.614       18.620   562.7
0.9360        -3040.334    -3058.623       18.288   552.7
0.9370        -3039.970    -3058.819       18.849   569.6
0.9380        -3039.723    -3059.064       19.341   584.5
0.9390        -3039.445    -3059.288       19.843   599.6
0.9400        -3039.546    -3059.427       19.881   600.8
0.9410        -3039.589    -3059.438       19.849   599.8
0.9420        -3039.836    -3059.357       19.521   589.9
0.9430        -3039.731    -3059.230       19.499   589.3
0.9440        -3039.744    -3059.159       19.414   586.7
0.9450        -3039.713    -3059.150       19.437   587.4
0.9460        -3039.497    -3059.230       19.733   596.3
0.9470        -3039.857    -3059.344       19.487   588.9
0.9480        -3039.960    -3059.537       19.577   591.6
0.9490        -3039.719    -3059.748       20.029   605.3
0.9500        -3039.384    -3059.853       20.469   618.6
0.9510        -3039.408    -3059.739       20.330   614.4
0.9520        -3039.210    -3059.388       20.178   609.8
0.9530        -3039.141    -3058.788       19.646   593.7
0.9540        -3039.305    -3058.179       18.874   570.4
0.9550        -3039.369    -3057.754       18.385   555.6
0.9560        -3039.240    -3057.613       18.373   555.2
0.9570        -3039.242    -3057.806       18.564   561.0
0.9580        -3038.910    -3058.290       19.380   585.7
0.9590        -3038.686    -3058.938       20.253   612.0
0.9600        -3038.675    -3059.627       20.953   633.2
0.9610        -3038.437    -3060.254       21.817   659.3
0.9620        -3038.554    -3060.701       22.148   669.3
0.9630        -3038.203    -3060.936       22.733   687.0
0.9640        -3038.489    -3060.912       22.423   677.6
0.9650        -3038.243    -3060.683       22.440   678.1
0.9660        -3038.468    -3060.249       21.781   658.2
0.9670        -3038.724    -3059.630       20.906   631.8
0.9680        -3038.840    -3059.032       20.193   610.2
0.9690        -3038.644    -3058.596       19.952   603.0
0.9700        -3038.636    -3058.460       19.824   599.1
0.9710        -3038.545    -3058.649       20.104   607.5
0.9720        -3038.412    -3059.009       20.598   622.5
0.9730        -3038.734    -3059.342       20.608   622.8
0.9740        -3039.090    -3059.562       20.471   618.6
0.9750        -3039.037    -3059.650       20.613   622.9
0.9760        -3039.174    -3059.508       20.334   614.5
0.9770        -3039.325    -3059.222       19.897   601.3
0.9780        -3039.433    -3058.893       19.460   588.1
0.9790        -3039.475    -3058.674       19.200   580.2
0.9800        -3039.480    -3058.609       19.129   578.1
0.9810        -3039.896    -3058.621       18.724   565.9
0.9820        -3040.086    -3058.689       18.603   562.2
0.9830        -3040.453    -3058.778       18.325   553.8
0.9840        -3040.617    -3058.868       18.251   551.6
0.9850        -3040.452    -3058.995       18.543   560.4
0.9860        -3040.726    -3059.155       18.429   556.9
0.9870        -3040.525    -3059.345       18.820   568.8
0.9880        -3040.555    -3059.571       19.016   574.7
0.9890        -3040.553    -3059.740       19.186   579.8
0.9900        -3040.571    -3059.807       19.237   581.3
0.9910        -3040.260    -3059.879       19.620   592.9
0.9920        -3040.243    -3059.935       19.692   595.1
0.9930        -3040.532    -3059.981       19.449   587.8
0.9940        -3040.486    -3060.028       19.542   590.6
0.9950        -3040.499    -3060.065       19.566   591.3
0.9960        -3040.484    -3060.085       19.601   592.3
0.9970        -3040.551    -3060.104       19.554   590.9
0.9980        -3040.526    -3060.072       19.546   590.7
0.9990        -3040.472    -3060.072       19.600   592.3
1.0000        -3040.298    -3060.109       19.811   598.7
